TN:
SF:/Users/amills001c/WebstormProjects/oresoftware/suman/lib/index.js
FN:79,Runner
FN:168,(anonymous_2)
FN:197,(anonymous_3)
FN:225,(anonymous_4)
FN:230,(anonymous_5)
FN:234,(anonymous_6)
FN:240,(anonymous_7)
FN:256,(anonymous_8)
FN:268,Server
FN:295,(anonymous_10)
FN:305,(anonymous_11)
FN:362,(anonymous_12)
FN:368,(anonymous_13)
FN:372,(anonymous_14)
FN:395,init
FN:418,(anonymous_16)
FN:511,(anonymous_17)
FN:519,(anonymous_18)
FN:531,(anonymous_19)
FN:532,(anonymous_20)
FN:539,(anonymous_21)
FN:544,(anonymous_22)
FN:549,(anonymous_23)
FN:567,(anonymous_24)
FN:580,(anonymous_25)
FN:589,(anonymous_26)
FN:604,(anonymous_27)
FN:605,(anonymous_28)
FN:606,(anonymous_29)
FN:615,start
FN:619,(anonymous_31)
FN:625,(anonymous_32)
FN:639,(anonymous_33)
FN:646,(anonymous_34)
FN:648,(anonymous_35)
FN:651,(anonymous_36)
FN:657,(anonymous_37)
FN:665,(anonymous_38)
FNF:38
FNH:8
FNDA:0,Runner
FNDA:0,(anonymous_2)
FNDA:0,(anonymous_3)
FNDA:0,(anonymous_4)
FNDA:0,(anonymous_5)
FNDA:0,(anonymous_6)
FNDA:0,(anonymous_7)
FNDA:0,(anonymous_8)
FNDA:0,Server
FNDA:0,(anonymous_10)
FNDA:0,(anonymous_11)
FNDA:0,(anonymous_12)
FNDA:0,(anonymous_13)
FNDA:0,(anonymous_14)
FNDA:1,init
FNDA:10,(anonymous_16)
FNDA:0,(anonymous_17)
FNDA:0,(anonymous_18)
FNDA:1,(anonymous_19)
FNDA:1,(anonymous_20)
FNDA:0,(anonymous_21)
FNDA:0,(anonymous_22)
FNDA:0,(anonymous_23)
FNDA:0,(anonymous_24)
FNDA:0,(anonymous_25)
FNDA:0,(anonymous_26)
FNDA:0,(anonymous_27)
FNDA:0,(anonymous_28)
FNDA:0,(anonymous_29)
FNDA:1,start
FNDA:1,(anonymous_31)
FNDA:1,(anonymous_32)
FNDA:0,(anonymous_33)
FNDA:1,(anonymous_34)
FNDA:0,(anonymous_35)
FNDA:0,(anonymous_36)
FNDA:0,(anonymous_37)
FNDA:0,(anonymous_38)
DA:48,1
DA:53,1
DA:54,1
DA:55,1
DA:56,1
DA:57,1
DA:58,1
DA:61,1
DA:62,1
DA:63,1
DA:64,1
DA:65,1
DA:68,1
DA:69,1
DA:70,1
DA:71,1
DA:72,1
DA:73,1
DA:74,1
DA:75,1
DA:76,1
DA:79,1
DA:81,0
DA:83,0
DA:84,0
DA:85,0
DA:86,0
DA:87,0
DA:88,0
DA:89,0
DA:91,0
DA:92,0
DA:95,0
DA:96,0
DA:99,0
DA:101,0
DA:102,0
DA:103,0
DA:104,0
DA:108,0
DA:109,0
DA:110,0
DA:111,0
DA:115,0
DA:119,0
DA:122,0
DA:124,0
DA:125,0
DA:127,0
DA:128,0
DA:129,0
DA:131,0
DA:132,0
DA:133,0
DA:137,0
DA:138,0
DA:139,0
DA:142,0
DA:146,0
DA:152,0
DA:154,0
DA:156,0
DA:157,0
DA:158,0
DA:159,0
DA:162,0
DA:163,0
DA:164,0
DA:168,0
DA:169,0
DA:175,0
DA:177,0
DA:179,0
DA:180,0
DA:181,0
DA:182,0
DA:186,0
DA:187,0
DA:191,0
DA:192,0
DA:197,0
DA:199,0
DA:200,0
DA:203,0
DA:206,0
DA:215,0
DA:225,0
DA:226,0
DA:227,0
DA:230,0
DA:231,0
DA:234,0
DA:235,0
DA:236,0
DA:240,0
DA:241,0
DA:244,0
DA:245,0
DA:248,0
DA:249,0
DA:255,0
DA:256,0
DA:257,0
DA:263,0
DA:268,1
DA:270,0
DA:271,0
DA:272,0
DA:273,0
DA:274,0
DA:275,0
DA:278,0
DA:281,0
DA:282,0
DA:285,0
DA:286,0
DA:287,0
DA:290,0
DA:291,0
DA:293,0
DA:295,0
DA:296,0
DA:297,0
DA:298,0
DA:302,0
DA:303,0
DA:305,0
DA:306,0
DA:307,0
DA:308,0
DA:310,0
DA:311,0
DA:312,0
DA:313,0
DA:316,0
DA:317,0
DA:318,0
DA:319,0
DA:320,0
DA:339,0
DA:350,0
DA:360,0
DA:362,0
DA:363,0
DA:364,0
DA:365,0
DA:368,0
DA:369,0
DA:372,0
DA:373,0
DA:374,0
DA:375,0
DA:380,0
DA:381,0
DA:386,0
DA:391,1
DA:395,1
DA:399,1
DA:404,1
DA:405,0
DA:406,0
DA:409,1
DA:410,0
DA:413,1
DA:416,1
DA:417,1
DA:418,1
DA:419,10
DA:420,6
DA:422,6
DA:423,1
DA:432,1
DA:434,1
DA:435,1
DA:436,1
DA:437,1
DA:438,1
DA:439,1
DA:443,1
DA:446,1
DA:448,0
DA:453,1
DA:454,1
DA:459,1
DA:461,1
DA:462,1
DA:463,1
DA:464,1
DA:467,1
DA:468,1
DA:469,1
DA:470,1
DA:473,0
DA:474,0
DA:475,0
DA:477,0
DA:478,0
DA:479,0
DA:485,0
DA:486,0
DA:493,1
DA:494,1
DA:495,1
DA:496,1
DA:497,1
DA:498,1
DA:503,1
DA:504,1
DA:509,1
DA:511,1
DA:515,1
DA:517,1
DA:518,0
DA:519,0
DA:520,0
DA:521,0
DA:522,0
DA:527,1
DA:528,1
DA:530,1
DA:531,1
DA:532,1
DA:533,1
DA:537,0
DA:539,0
DA:541,0
DA:543,0
DA:544,0
DA:545,0
DA:549,0
DA:550,0
DA:551,0
DA:552,0
DA:553,0
DA:554,0
DA:557,0
DA:558,0
DA:562,0
DA:567,0
DA:572,0
DA:573,0
DA:575,0
DA:576,0
DA:579,0
DA:580,0
DA:581,0
DA:585,0
DA:587,0
DA:589,0
DA:590,0
DA:591,0
DA:592,0
DA:601,0
DA:604,0
DA:605,0
DA:606,0
DA:607,0
DA:615,1
DA:617,1
DA:619,1
DA:620,1
DA:621,0
DA:625,1
DA:627,1
DA:628,0
DA:631,1
DA:632,0
DA:633,0
DA:636,0
DA:639,0
DA:640,0
DA:644,1
DA:646,1
DA:647,1
DA:648,0
DA:649,0
DA:651,0
DA:652,0
DA:653,0
DA:654,0
DA:657,0
DA:658,0
DA:660,0
DA:661,0
DA:664,1
DA:665,0
DA:666,0
DA:670,1
DA:681,1
DA:682,1
DA:683,1
DA:687,1
LF:292
LH:90
BRDA:91,1,0,0
BRDA:91,1,1,0
BRDA:91,2,0,0
BRDA:91,2,1,0
BRDA:95,3,0,0
BRDA:95,3,1,0
BRDA:95,4,0,0
BRDA:95,4,1,0
BRDA:102,5,0,0
BRDA:102,5,1,0
BRDA:103,6,0,0
BRDA:103,6,1,0
BRDA:109,7,0,0
BRDA:109,7,1,0
BRDA:127,8,0,0
BRDA:127,8,1,0
BRDA:131,9,0,0
BRDA:131,9,1,0
BRDA:133,10,0,0
BRDA:133,10,1,0
BRDA:158,11,0,0
BRDA:158,11,1,0
BRDA:162,12,0,0
BRDA:162,12,1,0
BRDA:168,13,0,0
BRDA:168,13,1,0
BRDA:181,14,0,0
BRDA:181,14,1,0
BRDA:186,15,0,0
BRDA:186,15,1,0
BRDA:191,16,0,0
BRDA:191,16,1,0
BRDA:199,17,0,0
BRDA:199,17,1,0
BRDA:203,18,0,0
BRDA:203,18,1,0
BRDA:270,19,0,0
BRDA:270,19,1,0
BRDA:274,20,0,0
BRDA:274,20,1,0
BRDA:278,21,0,0
BRDA:278,21,1,0
BRDA:285,22,0,0
BRDA:285,22,1,0
BRDA:296,23,0,0
BRDA:296,23,1,0
BRDA:306,24,0,0
BRDA:306,24,1,0
BRDA:310,25,0,0
BRDA:310,25,1,0
BRDA:318,26,0,0
BRDA:318,26,1,0
BRDA:323,27,0,0
BRDA:323,27,1,0
BRDA:404,28,0,0
BRDA:404,28,1,1
BRDA:409,29,0,0
BRDA:409,29,1,1
BRDA:413,30,0,0
BRDA:413,30,1,1
BRDA:414,31,0,1
BRDA:414,31,1,1
BRDA:419,32,0,6
BRDA:419,32,1,4
BRDA:422,33,0,1
BRDA:422,33,1,5
BRDA:434,34,0,1
BRDA:434,34,1,0
BRDA:436,35,0,1
BRDA:436,35,1,1
BRDA:437,36,0,1
BRDA:437,36,1,0
BRDA:438,37,0,1
BRDA:438,37,1,1
BRDA:439,38,0,1
BRDA:439,38,1,1
BRDA:443,39,0,1
BRDA:443,39,1,1
BRDA:446,40,0,0
BRDA:446,40,1,1
BRDA:453,41,0,1
BRDA:453,41,1,0
BRDA:454,42,0,1
BRDA:454,42,1,1
BRDA:461,43,0,1
BRDA:461,43,1,0
BRDA:497,44,0,1
BRDA:497,44,1,0
BRDA:497,45,0,1
BRDA:497,45,1,1
BRDA:498,46,0,1
BRDA:498,46,1,1
BRDA:517,47,0,0
BRDA:517,47,1,1
BRDA:520,48,0,0
BRDA:520,48,1,0
BRDA:530,49,0,1
BRDA:530,49,1,0
BRDA:537,50,0,0
BRDA:537,50,1,0
BRDA:543,51,0,0
BRDA:543,51,1,0
BRDA:550,52,0,0
BRDA:550,52,1,0
BRDA:552,53,0,0
BRDA:552,53,1,0
BRDA:557,54,0,0
BRDA:557,54,1,0
BRDA:591,55,0,0
BRDA:591,55,1,0
BRDA:620,56,0,0
BRDA:620,56,1,1
BRDA:627,57,0,0
BRDA:627,57,1,1
BRDA:631,58,0,0
BRDA:631,58,1,1
BRDA:631,59,0,1
BRDA:631,59,1,0
BRDA:632,60,0,0
BRDA:632,60,1,0
BRDA:647,61,0,0
BRDA:647,61,1,1
BRDA:660,62,0,0
BRDA:660,62,1,0
BRDA:664,63,0,0
BRDA:664,63,1,1
BRDA:682,64,0,1
BRDA:682,64,1,0
BRF:128
BRH:38
end_of_record
TN:
SF:/Users/amills001c/WebstormProjects/oresoftware/suman/lib/debugging-helper/we-are-debugging.js
FNF:0
FNH:0
DA:6,1
DA:7,1
DA:11,1
DA:12,1
DA:13,0
DA:16,1
DA:18,1
DA:19,0
DA:23,1
LF:9
LH:7
BRDA:12,1,0,0
BRDA:12,1,1,1
BRDA:18,2,0,0
BRDA:18,2,1,1
BRDA:23,3,0,1
BRDA:23,3,1,1
BRF:6
BRH:4
end_of_record
TN:
SF:/Users/amills001c/WebstormProjects/oresoftware/suman/lib/suman.js
FN:53,Suman
FN:74,(anonymous_2)
FN:79,(anonymous_3)
FN:108,(anonymous_4)
FN:123,(anonymous_5)
FN:127,(anonymous_6)
FN:129,(anonymous_7)
FN:132,(anonymous_8)
FN:143,(anonymous_9)
FN:153,(anonymous_10)
FN:155,(anonymous_11)
FN:164,(anonymous_12)
FN:166,(anonymous_13)
FN:172,(anonymous_14)
FN:179,(anonymous_15)
FN:185,(anonymous_16)
FN:187,(anonymous_17)
FN:195,(anonymous_18)
FN:199,(anonymous_19)
FN:200,(anonymous_20)
FN:207,(anonymous_21)
FN:217,complete
FN:225,(anonymous_23)
FN:269,logFatalSuite
FN:309,(anonymous_25)
FN:329,(anonymous_26)
FN:337,(anonymous_27)
FN:342,(anonymous_28)
FN:347,(anonymous_29)
FN:352,(anonymous_30)
FN:354,(anonymous_31)
FN:358,(anonymous_32)
FN:363,(anonymous_33)
FN:368,(anonymous_34)
FN:373,(anonymous_35)
FN:378,(anonymous_36)
FN:383,(anonymous_37)
FN:388,(anonymous_38)
FN:393,(anonymous_39)
FN:397,(anonymous_40)
FN:468,logData
FN:521,(anonymous_42)
FN:598,makeSuman
FN:627,(anonymous_44)
FN:645,(anonymous_45)
FN:706,(anonymous_46)
FN:726,(anonymous_47)
FNF:47
FNH:28
FNDA:1,Suman
FNDA:0,(anonymous_2)
FNDA:0,(anonymous_3)
FNDA:0,(anonymous_4)
FNDA:0,(anonymous_5)
FNDA:0,(anonymous_6)
FNDA:0,(anonymous_7)
FNDA:0,(anonymous_8)
FNDA:0,(anonymous_9)
FNDA:0,(anonymous_10)
FNDA:0,(anonymous_11)
FNDA:0,(anonymous_12)
FNDA:0,(anonymous_13)
FNDA:0,(anonymous_14)
FNDA:1,(anonymous_15)
FNDA:1,(anonymous_16)
FNDA:0,(anonymous_17)
FNDA:0,(anonymous_18)
FNDA:1,(anonymous_19)
FNDA:1,(anonymous_20)
FNDA:1,(anonymous_21)
FNDA:1,complete
FNDA:0,(anonymous_23)
FNDA:0,logFatalSuite
FNDA:1,(anonymous_25)
FNDA:3,(anonymous_26)
FNDA:3,(anonymous_27)
FNDA:1,(anonymous_28)
FNDA:2,(anonymous_29)
FNDA:3,(anonymous_30)
FNDA:7,(anonymous_31)
FNDA:2,(anonymous_32)
FNDA:3,(anonymous_33)
FNDA:1,(anonymous_34)
FNDA:2,(anonymous_35)
FNDA:3,(anonymous_36)
FNDA:1,(anonymous_37)
FNDA:2,(anonymous_38)
FNDA:3,(anonymous_39)
FNDA:2,(anonymous_40)
FNDA:3,logData
FNDA:7,(anonymous_42)
FNDA:1,makeSuman
FNDA:0,(anonymous_44)
FNDA:1,(anonymous_45)
FNDA:1,(anonymous_46)
FNDA:0,(anonymous_47)
DA:7,1
DA:8,1
DA:12,1
DA:13,1
DA:14,0
DA:17,1
DA:18,1
DA:19,0
DA:26,1
DA:29,1
DA:30,1
DA:31,1
DA:35,1
DA:36,1
DA:37,1
DA:38,1
DA:39,1
DA:40,1
DA:41,1
DA:42,1
DA:45,1
DA:46,1
DA:47,1
DA:48,1
DA:49,1
DA:53,1
DA:54,1
DA:55,1
DA:56,1
DA:57,1
DA:58,1
DA:59,1
DA:60,1
DA:61,1
DA:62,1
DA:63,1
DA:64,1
DA:65,1
DA:66,1
DA:67,1
DA:68,1
DA:69,1
DA:70,1
DA:74,1
DA:75,0
DA:79,1
DA:81,0
DA:83,0
DA:89,0
DA:90,0
DA:91,0
DA:94,0
DA:95,0
DA:96,0
DA:98,0
DA:100,0
DA:104,0
DA:106,0
DA:108,0
DA:109,0
DA:113,0
DA:121,0
DA:123,0
DA:124,0
DA:127,0
DA:129,0
DA:131,0
DA:132,0
DA:133,0
DA:136,0
DA:137,0
DA:138,0
DA:139,0
DA:140,0
DA:141,0
DA:143,0
DA:144,0
DA:145,0
DA:148,0
DA:153,0
DA:154,0
DA:156,0
DA:164,0
DA:166,0
DA:167,0
DA:170,0
DA:173,0
DA:179,1
DA:181,1
DA:183,1
DA:186,1
DA:187,0
DA:188,0
DA:193,1
DA:195,1
DA:196,0
DA:199,1
DA:200,1
DA:201,1
DA:208,1
DA:209,0
DA:210,1
DA:219,1
DA:225,1
DA:227,0
DA:229,0
DA:237,0
DA:242,0
DA:243,0
DA:244,0
DA:245,0
DA:248,0
DA:249,0
DA:250,0
DA:254,0
DA:269,1
DA:272,0
DA:280,0
DA:286,0
DA:288,0
DA:290,0
DA:291,0
DA:292,0
DA:295,0
DA:309,1
DA:313,1
DA:314,1
DA:315,1
DA:318,1
DA:319,1
DA:320,1
DA:321,1
DA:322,1
DA:323,1
DA:325,1
DA:327,1
DA:329,1
DA:330,3
DA:331,2
DA:332,2
DA:337,1
DA:338,3
DA:339,2
DA:342,1
DA:343,1
DA:348,2
DA:352,1
DA:354,3
DA:355,7
DA:359,2
DA:363,1
DA:364,3
DA:365,2
DA:368,1
DA:369,1
DA:374,2
DA:378,1
DA:379,3
DA:380,2
DA:383,1
DA:384,1
DA:389,2
DA:393,1
DA:395,3
DA:398,2
DA:401,1
DA:403,1
DA:404,0
DA:407,1
DA:413,1
DA:415,0
DA:428,0
DA:438,1
DA:439,1
DA:440,1
DA:441,1
DA:442,1
DA:443,1
DA:444,1
DA:445,1
DA:446,1
DA:447,1
DA:448,1
DA:449,1
DA:455,1
DA:456,1
DA:457,1
DA:458,1
DA:459,1
DA:462,1
DA:468,1
DA:470,3
DA:472,3
DA:480,3
DA:487,3
DA:490,0
DA:491,0
DA:495,3
DA:498,0
DA:499,0
DA:501,3
DA:502,3
DA:503,3
DA:506,0
DA:521,1
DA:525,7
DA:527,7
DA:529,7
DA:536,7
DA:537,0
DA:538,0
DA:539,0
DA:543,7
DA:546,7
DA:559,0
DA:568,7
DA:570,0
DA:574,7
DA:575,6
DA:577,1
DA:578,0
DA:582,1
DA:583,1
DA:587,0
DA:588,0
DA:598,1
DA:601,1
DA:603,1
DA:604,1
DA:606,1
DA:607,0
DA:610,1
DA:611,0
DA:614,1
DA:615,0
DA:618,1
DA:619,0
DA:620,0
DA:627,0
DA:628,0
DA:630,0
DA:633,1
DA:639,1
DA:640,1
DA:641,1
DA:645,1
DA:647,1
DA:648,0
DA:651,1
DA:653,1
DA:655,1
DA:657,1
DA:658,0
DA:659,0
DA:660,0
DA:664,1
DA:665,1
DA:668,0
DA:673,1
DA:675,1
DA:676,1
DA:683,0
DA:686,1
DA:690,1
DA:705,1
DA:706,1
DA:708,1
DA:709,0
DA:712,1
DA:713,0
DA:715,1
DA:716,1
DA:719,1
DA:724,0
DA:725,0
DA:726,0
DA:727,0
DA:734,1
LF:278
LH:175
BRDA:13,1,0,0
BRDA:13,1,1,1
BRDA:18,2,0,0
BRDA:18,2,1,1
BRDA:89,3,0,0
BRDA:89,3,1,0
BRDA:89,4,0,0
BRDA:89,4,1,0
BRDA:89,5,0,0
BRDA:89,5,1,0
BRDA:94,6,0,0
BRDA:94,6,1,0
BRDA:94,7,0,0
BRDA:94,7,1,0
BRDA:94,8,0,0
BRDA:94,8,1,0
BRDA:98,9,0,0
BRDA:98,9,1,0
BRDA:98,10,0,0
BRDA:98,10,1,0
BRDA:98,11,0,0
BRDA:98,11,1,0
BRDA:106,12,0,0
BRDA:106,12,1,0
BRDA:106,13,0,0
BRDA:106,13,1,0
BRDA:106,13,2,0
BRDA:108,14,0,0
BRDA:108,14,1,0
BRDA:131,15,0,0
BRDA:131,15,1,0
BRDA:136,16,0,0
BRDA:136,16,1,0
BRDA:139,17,0,0
BRDA:139,17,1,0
BRDA:140,18,0,0
BRDA:140,18,1,0
BRDA:144,19,0,0
BRDA:144,19,1,0
BRDA:186,20,0,0
BRDA:186,20,1,1
BRDA:208,21,0,0
BRDA:208,21,1,1
BRDA:237,22,0,0
BRDA:237,22,1,0
BRDA:243,23,0,0
BRDA:243,23,1,0
BRDA:248,24,0,0
BRDA:248,24,1,0
BRDA:280,25,0,0
BRDA:280,25,1,0
BRDA:286,26,0,0
BRDA:286,26,1,0
BRDA:290,27,0,0
BRDA:290,27,1,0
BRDA:313,28,0,1
BRDA:313,28,1,0
BRDA:314,29,0,0
BRDA:314,29,1,1
BRDA:325,30,0,1
BRDA:325,30,1,0
BRDA:330,31,0,2
BRDA:330,31,1,1
BRDA:330,32,0,3
BRDA:330,32,1,1
BRDA:338,33,0,2
BRDA:338,33,1,1
BRDA:338,34,0,3
BRDA:338,34,1,1
BRDA:343,35,0,1
BRDA:343,35,1,1
BRDA:364,36,0,2
BRDA:364,36,1,1
BRDA:364,37,0,3
BRDA:364,37,1,1
BRDA:369,38,0,1
BRDA:369,38,1,1
BRDA:369,38,2,1
BRDA:379,39,0,2
BRDA:379,39,1,1
BRDA:379,40,0,3
BRDA:379,40,1,1
BRDA:384,41,0,1
BRDA:384,41,1,1
BRDA:384,41,2,1
BRDA:403,42,0,0
BRDA:403,42,1,1
BRDA:413,43,0,0
BRDA:413,43,1,1
BRDA:425,44,0,0
BRDA:425,44,1,0
BRDA:470,45,0,3
BRDA:470,45,1,3
BRDA:487,46,0,0
BRDA:487,46,1,3
BRDA:495,47,0,0
BRDA:495,47,1,3
BRDA:501,48,0,3
BRDA:501,48,1,0
BRDA:536,49,0,0
BRDA:536,49,1,7
BRDA:543,50,0,0
BRDA:543,50,1,7
BRDA:546,51,0,7
BRDA:546,51,1,0
BRDA:568,52,0,0
BRDA:568,52,1,7
BRDA:574,53,0,6
BRDA:574,53,1,1
BRDA:577,54,0,0
BRDA:577,54,1,1
BRDA:582,55,0,1
BRDA:582,55,1,0
BRDA:606,56,0,0
BRDA:606,56,1,1
BRDA:610,57,0,0
BRDA:610,57,1,1
BRDA:614,58,0,0
BRDA:614,58,1,1
BRDA:614,59,0,1
BRDA:614,59,1,0
BRDA:618,60,0,0
BRDA:618,60,1,1
BRDA:618,61,0,1
BRDA:618,61,1,0
BRDA:645,62,0,1
BRDA:645,62,1,1
BRDA:647,63,0,0
BRDA:647,63,1,1
BRDA:653,64,0,1
BRDA:653,64,1,0
BRDA:653,65,0,1
BRDA:653,65,1,1
BRDA:657,66,0,0
BRDA:657,66,1,1
BRDA:659,67,0,0
BRDA:659,67,1,0
BRDA:697,68,0,1
BRDA:697,68,1,1
BRDA:705,69,0,1
BRDA:705,69,1,0
BRDA:708,70,0,0
BRDA:708,70,1,1
BRDA:712,71,0,0
BRDA:712,71,1,1
BRDA:715,72,0,1
BRDA:715,72,1,0
BRF:147
BRH:65
end_of_record
TN:
SF:/Users/amills001c/WebstormProjects/oresoftware/suman/config/suman-constants.js
FNF:0
FNH:0
DA:8,1
LF:1
LH:1
BRF:0
BRH:0
end_of_record
TN:
SF:/Users/amills001c/WebstormProjects/oresoftware/suman/lib/utils.js
FN:25,(anonymous_1)
FN:29,(anonymous_2)
FN:39,(anonymous_3)
FN:56,(anonymous_4)
FN:62,(anonymous_5)
FN:67,(anonymous_6)
FN:71,(anonymous_7)
FN:75,(anonymous_8)
FN:81,sumanOnce
FN:85,(anonymous_10)
FN:98,checkForArrayOfStringsEquality
FN:116,isGeneratorFn
FN:126,arrayHasDuplicates
FN:130,isReadableStream
FN:134,(anonymous_15)
FN:137,(anonymous_16)
FN:143,(anonymous_17)
FNF:17
FNH:5
FNDA:0,(anonymous_1)
FNDA:0,(anonymous_2)
FNDA:0,(anonymous_3)
FNDA:0,(anonymous_4)
FNDA:0,(anonymous_5)
FNDA:3,(anonymous_6)
FNDA:0,(anonymous_7)
FNDA:1,(anonymous_8)
FNDA:0,sumanOnce
FNDA:0,(anonymous_10)
FNDA:0,checkForArrayOfStringsEquality
FNDA:5,isGeneratorFn
FNDA:0,arrayHasDuplicates
FNDA:0,isReadableStream
FNDA:1,(anonymous_15)
FNDA:0,(anonymous_16)
FNDA:1,(anonymous_17)
DA:8,1
DA:9,1
DA:12,1
DA:13,1
DA:15,1
DA:16,1
DA:17,1
DA:19,1
DA:23,1
DA:27,0
DA:29,0
DA:32,0
DA:34,0
DA:35,0
DA:37,0
DA:39,0
DA:40,0
DA:41,0
DA:42,0
DA:44,0
DA:47,0
DA:51,0
DA:56,0
DA:57,0
DA:63,0
DA:68,3
DA:76,1
DA:83,0
DA:85,0
DA:86,0
DA:87,0
DA:88,0
DA:91,0
DA:92,0
DA:100,0
DA:101,0
DA:104,0
DA:105,0
DA:107,0
DA:108,0
DA:109,0
DA:113,0
DA:118,5
DA:119,0
DA:121,5
DA:122,5
DA:127,0
DA:131,0
DA:136,1
DA:137,0
DA:138,0
DA:142,1
DA:143,1
DA:144,1
DA:145,0
DA:148,1
LF:56
LH:19
BRDA:34,1,0,0
BRDA:34,1,1,0
BRDA:40,2,0,0
BRDA:40,2,1,0
BRDA:63,3,0,0
BRDA:63,3,1,0
BRDA:76,4,0,0
BRDA:76,4,1,1
BRDA:86,5,0,0
BRDA:86,5,1,0
BRDA:100,6,0,0
BRDA:100,6,1,0
BRDA:108,7,0,0
BRDA:108,7,1,0
BRDA:118,8,0,0
BRDA:118,8,1,5
BRDA:122,9,0,5
BRDA:122,9,1,0
BRDA:122,9,2,5
BRDA:131,10,0,0
BRDA:131,10,1,0
BRDA:131,10,2,0
BRDA:136,11,0,0
BRDA:136,11,1,1
BRDA:144,12,0,0
BRDA:144,12,1,1
BRF:26
BRH:6
end_of_record
TN:
SF:/Users/amills001c/WebstormProjects/oresoftware/suman/lib/make-network-log.js
FN:25,makeSendTestData
FN:36,sendTestData
FN:44,createNewTestRun
FN:55,(anonymous_4)
FN:64,(anonymous_5)
FN:71,(anonymous_6)
FN:86,(anonymous_7)
FN:88,(anonymous_8)
FN:91,(anonymous_9)
FN:94,(anonymous_10)
FN:98,(anonymous_11)
FN:105,(anonymous_12)
FN:109,complete
FN:124,(anonymous_14)
FN:130,(anonymous_15)
FN:140,(anonymous_16)
FN:153,(anonymous_17)
FNF:17
FNH:4
FNDA:1,makeSendTestData
FNDA:0,sendTestData
FNDA:1,createNewTestRun
FNDA:0,(anonymous_4)
FNDA:0,(anonymous_5)
FNDA:1,(anonymous_6)
FNDA:0,(anonymous_7)
FNDA:0,(anonymous_8)
FNDA:0,(anonymous_9)
FNDA:0,(anonymous_10)
FNDA:0,(anonymous_11)
FNDA:0,(anonymous_12)
FNDA:0,complete
FNDA:1,(anonymous_14)
FNDA:0,(anonymous_15)
FNDA:0,(anonymous_16)
FNDA:0,(anonymous_17)
DA:7,1
DA:8,1
DA:9,1
DA:10,1
DA:13,1
DA:14,1
DA:15,1
DA:16,1
DA:17,1
DA:20,1
DA:21,1
DA:22,1
DA:25,1
DA:27,1
DA:28,1
DA:30,1
DA:31,1
DA:34,1
DA:39,0
DA:46,1
DA:48,1
DA:51,1
DA:53,0
DA:54,0
DA:55,0
DA:56,0
DA:62,1
DA:64,1
DA:65,0
DA:66,0
DA:67,0
DA:71,1
DA:73,1
DA:74,1
DA:76,1
DA:77,0
DA:79,1
DA:81,0
DA:83,0
DA:85,0
DA:87,0
DA:88,0
DA:89,0
DA:91,0
DA:92,0
DA:94,0
DA:95,0
DA:99,0
DA:106,0
DA:110,0
DA:119,1
DA:120,1
DA:122,1
DA:123,1
DA:124,1
DA:125,1
DA:129,0
DA:130,0
DA:131,0
DA:136,0
DA:137,0
DA:138,0
DA:139,0
DA:140,0
DA:141,0
DA:145,0
DA:146,0
DA:149,0
DA:150,0
DA:151,0
DA:152,0
DA:153,0
DA:154,0
DA:158,0
DA:159,0
DA:163,0
DA:164,0
LF:77
LH:34
BRDA:51,1,0,0
BRDA:51,1,1,1
BRDA:65,2,0,0
BRDA:65,2,1,0
BRDA:76,3,0,0
BRDA:76,3,1,1
BRDA:79,4,0,0
BRDA:79,4,1,1
BRDA:120,5,0,1
BRDA:120,5,1,0
BRDA:122,6,0,1
BRDA:122,6,1,0
BRDA:136,7,0,0
BRDA:136,7,1,0
BRDA:136,8,0,0
BRDA:136,8,1,0
BRDA:136,8,2,0
BRDA:149,9,0,0
BRDA:149,9,1,0
BRDA:149,10,0,0
BRDA:149,10,1,0
BRDA:149,10,2,0
BRF:22
BRH:5
end_of_record
TN:
SF:/Users/amills001c/WebstormProjects/oresoftware/suman/config/suman-errors.js
FN:8,SumanError
FN:16,control
FN:25,filter
FN:74,(anonymous_4)
FN:78,(anonymous_5)
FN:82,(anonymous_6)
FNF:6
FNH:0
FNDA:0,SumanError
FNDA:0,control
FNDA:0,filter
FNDA:0,(anonymous_4)
FNDA:0,(anonymous_5)
FNDA:0,(anonymous_6)
DA:6,1
DA:8,1
DA:12,1
DA:13,1
DA:16,1
DA:17,0
DA:18,0
DA:21,0
DA:25,1
DA:29,0
DA:31,0
DA:51,0
DA:53,0
DA:54,0
DA:62,0
DA:65,0
DA:66,0
DA:72,1
DA:75,0
DA:79,0
DA:83,0
LF:21
LH:7
BRDA:17,1,0,0
BRDA:17,1,1,0
BRDA:29,2,0,0
BRDA:29,2,1,0
BRDA:51,3,0,0
BRDA:51,3,1,0
BRDA:53,4,0,0
BRDA:53,4,1,0
BRDA:65,5,0,0
BRDA:65,5,1,0
BRF:10
BRH:0
end_of_record
TN:
SF:/Users/amills001c/WebstormProjects/oresoftware/suman/lib/find-suman-server.js
FN:10,findSumanServer
FN:16,badServerName
FNF:2
FNH:1
FNDA:1,findSumanServer
FNDA:0,badServerName
DA:5,1
DA:6,1
DA:7,1
DA:8,1
DA:10,1
DA:12,1
DA:13,1
DA:15,1
DA:16,0
DA:17,0
DA:21,1
DA:22,1
DA:25,0
DA:26,0
DA:30,0
DA:38,1
DA:39,1
DA:41,1
LF:18
LH:13
BRDA:15,1,0,0
BRDA:15,1,1,1
BRDA:15,2,0,1
BRDA:15,2,1,1
BRDA:16,3,0,0
BRDA:16,3,1,0
BRDA:21,4,0,1
BRDA:21,4,1,0
BRDA:21,5,0,1
BRDA:21,5,1,1
BRDA:25,6,0,0
BRDA:25,6,1,0
BRDA:25,7,0,0
BRDA:25,7,1,0
BRDA:38,8,0,0
BRDA:38,8,1,1
BRDA:39,9,0,0
BRDA:39,9,1,1
BRF:18
BRH:8
end_of_record
TN:
SF:/Users/amills001c/WebstormProjects/oresoftware/suman/lib/finalize-output.js
FN:26,makeFinalizeOutput
FN:28,reconcilePath
FN:35,(anonymous_3)
FN:55,makeComplete
FN:103,doBrowserThing
FN:109,(anonymous_6)
FN:115,(anonymous_7)
FN:143,(anonymous_8)
FN:145,(anonymous_9)
FN:158,(anonymous_10)
FN:161,(anonymous_11)
FN:164,(anonymous_12)
FN:177,(anonymous_13)
FN:179,(anonymous_14)
FN:203,complete
FN:207,complete
FN:224,(anonymous_17)
FN:232,openBrowser
FN:247,(anonymous_19)
FN:253,(anonymous_20)
FNF:20
FNH:13
FNDA:1,makeFinalizeOutput
FNDA:0,reconcilePath
FNDA:0,(anonymous_3)
FNDA:1,makeComplete
FNDA:1,doBrowserThing
FNDA:1,(anonymous_6)
FNDA:1,(anonymous_7)
FNDA:0,(anonymous_8)
FNDA:1,(anonymous_9)
FNDA:1,(anonymous_10)
FNDA:1,(anonymous_11)
FNDA:1,(anonymous_12)
FNDA:1,(anonymous_13)
FNDA:1,(anonymous_14)
FNDA:1,complete
FNDA:1,complete
FNDA:0,(anonymous_17)
FNDA:0,openBrowser
FNDA:0,(anonymous_19)
FNDA:0,(anonymous_20)
DA:7,1
DA:8,1
DA:9,1
DA:10,1
DA:11,1
DA:14,1
DA:15,1
DA:16,1
DA:17,1
DA:20,1
DA:21,1
DA:26,1
DA:28,1
DA:30,0
DA:31,0
DA:33,0
DA:35,0
DA:37,0
DA:38,0
DA:39,0
DA:40,0
DA:41,0
DA:45,0
DA:50,0
DA:51,0
DA:55,1
DA:57,1
DA:59,1
DA:61,1
DA:62,1
DA:63,1
DA:64,1
DA:66,1
DA:68,1
DA:69,1
DA:73,1
DA:75,0
DA:76,0
DA:78,0
DA:87,1
DA:89,1
DA:90,1
DA:92,1
DA:96,0
DA:98,0
DA:103,1
DA:106,1
DA:107,1
DA:109,1
DA:110,1
DA:113,1
DA:115,1
DA:117,1
DA:119,1
DA:120,1
DA:121,0
DA:124,1
DA:127,1
DA:129,1
DA:130,0
DA:131,0
DA:134,1
DA:136,1
DA:137,0
DA:138,0
DA:141,1
DA:143,1
DA:144,0
DA:146,1
DA:149,1
DA:150,1
DA:160,1
DA:162,1
DA:163,1
DA:164,1
DA:165,1
DA:166,0
DA:169,1
DA:174,0
DA:179,1
DA:180,1
DA:204,1
DA:209,1
DA:210,0
DA:211,0
DA:214,1
DA:216,0
DA:218,1
DA:221,1
DA:224,0
DA:225,0
DA:232,1
DA:234,0
DA:236,0
DA:237,0
DA:240,0
DA:241,0
DA:245,0
DA:246,0
DA:247,0
DA:249,0
DA:253,0
DA:255,0
DA:265,1
LF:104
LH:63
BRDA:40,1,0,0
BRDA:40,1,1,0
BRDA:73,2,0,0
BRDA:73,2,1,1
BRDA:73,3,0,1
BRDA:73,3,1,0
BRDA:87,4,0,1
BRDA:87,4,1,0
BRDA:120,5,0,0
BRDA:120,5,1,1
BRDA:124,6,0,1
BRDA:124,6,1,0
BRDA:129,7,0,0
BRDA:129,7,1,1
BRDA:129,8,0,1
BRDA:129,8,1,0
BRDA:134,9,0,1
BRDA:134,9,1,0
BRDA:136,10,0,0
BRDA:136,10,1,1
BRDA:136,11,0,1
BRDA:136,11,1,0
BRDA:136,11,2,0
BRDA:141,12,0,0
BRDA:141,12,1,1
BRDA:165,13,0,0
BRDA:165,13,1,1
BRDA:209,14,0,0
BRDA:209,14,1,1
BRDA:214,15,0,0
BRDA:214,15,1,1
BRDA:218,16,0,1
BRDA:218,16,1,0
BRDA:236,17,0,0
BRDA:236,17,1,0
BRDA:240,18,0,0
BRDA:240,18,1,0
BRDA:245,19,0,0
BRDA:245,19,1,0
BRDA:246,20,0,0
BRDA:246,20,1,0
BRF:41
BRH:15
end_of_record
TN:
SF:/Users/amills001c/WebstormProjects/oresoftware/suman/lib/sync-logger.js
FN:21,runnerLog
FN:25,logArray
FN:26,(anonymous_3)
FNF:3
FNH:0
FNDA:0,runnerLog
FNDA:0,logArray
FNDA:0,(anonymous_3)
DA:7,1
DA:14,1
DA:15,1
DA:18,1
DA:22,0
DA:26,0
DA:27,0
LF:7
LH:4
BRF:0
BRH:0
end_of_record
TN:
SF:/Users/amills001c/WebstormProjects/oresoftware/suman/lib/ascii.js
FNF:0
FNH:0
DA:5,1
DA:7,1
LF:2
LH:2
BRF:0
BRH:0
end_of_record
TN:
SF:/Users/amills001c/WebstormProjects/oresoftware/suman/lib/handle-uncaught-exception.js
FN:9,handleUncaughtException
FN:19,(anonymous_2)
FNF:2
FNH:1
FNDA:2,handleUncaughtException
FNDA:0,(anonymous_2)
DA:6,1
DA:9,1
DA:11,2
DA:12,1
DA:15,1
DA:19,1
DA:21,0
DA:47,1
LF:8
LH:7
BRDA:11,1,0,1
BRDA:11,1,1,1
BRF:2
BRH:2
end_of_record
TN:
SF:/Users/amills001c/WebstormProjects/oresoftware/suman/lib/acquire-deps.js
FN:8,acquireDependencies
FN:31,(anonymous_2)
FN:35,(anonymous_3)
FN:37,(anonymous_4)
FN:40,(anonymous_5)
FN:52,(anonymous_6)
FN:62,(anonymous_7)
FN:64,(anonymous_8)
FN:73,(anonymous_9)
FN:75,(anonymous_10)
FN:80,(anonymous_11)
FNF:11
FNH:0
FNDA:0,acquireDependencies
FNDA:0,(anonymous_2)
FNDA:0,(anonymous_3)
FNDA:0,(anonymous_4)
FNDA:0,(anonymous_5)
FNDA:0,(anonymous_6)
FNDA:0,(anonymous_7)
FNDA:0,(anonymous_8)
FNDA:0,(anonymous_9)
FNDA:0,(anonymous_10)
FNDA:0,(anonymous_11)
DA:6,1
DA:8,1
DA:10,0
DA:12,0
DA:13,0
DA:14,0
DA:15,0
DA:18,0
DA:19,0
DA:20,0
DA:25,0
DA:29,0
DA:31,0
DA:32,0
DA:35,0
DA:37,0
DA:39,0
DA:40,0
DA:41,0
DA:42,0
DA:45,0
DA:46,0
DA:47,0
DA:48,0
DA:49,0
DA:50,0
DA:52,0
DA:53,0
DA:54,0
DA:57,0
DA:62,0
DA:63,0
DA:65,0
DA:73,0
DA:75,0
DA:76,0
DA:78,0
DA:81,0
DA:82,0
DA:83,0
LF:40
LH:2
BRDA:14,1,0,0
BRDA:14,1,1,0
BRDA:18,2,0,0
BRDA:18,2,1,0
BRDA:39,3,0,0
BRDA:39,3,1,0
BRDA:39,4,0,0
BRDA:39,4,1,0
BRDA:45,5,0,0
BRDA:45,5,1,0
BRDA:48,6,0,0
BRDA:48,6,1,0
BRDA:49,7,0,0
BRDA:49,7,1,0
BRDA:53,8,0,0
BRDA:53,8,1,0
BRF:16
BRH:0
end_of_record
TN:
SF:/Users/amills001c/WebstormProjects/oresoftware/suman/suman.conf.js
FNF:0
FNH:0
DA:14,1
LF:1
LH:1
BRDA:50,1,0,1
BRDA:50,1,1,0
BRF:2
BRH:1
end_of_record
TN:
SF:/Users/amills001c/WebstormProjects/oresoftware/suman/lib/exec-suite.js
FN:11,(anonymous_1)
FN:62,main
FN:85,(anonymous_3)
FN:98,makeSuite
FN:166,(anonymous_5)
FN:172,(anonymous_6)
FN:178,(anonymous_7)
FN:181,(anonymous_8)
FN:200,(anonymous_9)
FN:211,(anonymous_10)
FN:248,startWholeShebang
FN:254,(anonymous_12)
FN:258,(anonymous_13)
FN:264,(anonymous_14)
FN:266,(anonymous_15)
FN:275,delay
FN:280,(anonymous_17)
FN:306,start
FN:308,(anonymous_19)
FN:315,handleCompleteTest
FN:320,runSuite
FN:324,(anonymous_22)
FN:334,(anonymous_23)
FN:338,(anonymous_24)
FN:346,(anonymous_25)
FN:353,complete
FN:371,(anonymous_27)
FNF:27
FNH:15
FNDA:0,(anonymous_1)
FNDA:1,main
FNDA:17,(anonymous_3)
FNDA:1,makeSuite
FNDA:0,(anonymous_5)
FNDA:0,(anonymous_6)
FNDA:0,(anonymous_7)
FNDA:0,(anonymous_8)
FNDA:0,(anonymous_9)
FNDA:0,(anonymous_10)
FNDA:1,startWholeShebang
FNDA:0,(anonymous_12)
FNDA:0,(anonymous_13)
FNDA:1,(anonymous_14)
FNDA:1,(anonymous_15)
FNDA:0,delay
FNDA:0,(anonymous_17)
FNDA:1,start
FNDA:0,(anonymous_19)
FNDA:3,handleCompleteTest
FNDA:3,runSuite
FNDA:3,(anonymous_22)
FNDA:2,(anonymous_23)
FNDA:2,(anonymous_24)
FNDA:3,(anonymous_25)
FNDA:1,complete
FNDA:1,(anonymous_27)
DA:11,1
DA:12,0
DA:13,0
DA:14,0
DA:16,0
DA:28,1
DA:29,1
DA:30,1
DA:31,1
DA:35,1
DA:36,1
DA:37,1
DA:38,1
DA:42,1
DA:43,1
DA:44,1
DA:45,1
DA:46,1
DA:47,1
DA:48,1
DA:49,1
DA:50,1
DA:51,1
DA:52,1
DA:57,1
DA:60,1
DA:64,1
DA:65,1
DA:67,1
DA:68,1
DA:69,1
DA:71,1
DA:72,1
DA:74,1
DA:75,1
DA:77,1
DA:78,1
DA:80,1
DA:85,1
DA:87,17
DA:88,17
DA:89,1
DA:91,17
DA:92,17
DA:98,1
DA:100,1
DA:102,1
DA:103,1
DA:104,1
DA:106,1
DA:108,1
DA:110,0
DA:112,0
DA:113,0
DA:121,0
DA:122,0
DA:123,0
DA:124,0
DA:127,1
DA:128,0
DA:129,0
DA:130,0
DA:139,0
DA:143,1
DA:145,1
DA:146,1
DA:147,1
DA:151,1
DA:158,1
DA:159,1
DA:161,1
DA:163,0
DA:164,0
DA:166,0
DA:168,0
DA:169,0
DA:170,0
DA:171,0
DA:172,0
DA:173,0
DA:178,0
DA:181,0
DA:183,0
DA:185,0
DA:187,0
DA:190,0
DA:191,0
DA:193,0
DA:194,0
DA:198,0
DA:200,0
DA:202,0
DA:203,0
DA:204,0
DA:210,0
DA:211,0
DA:213,0
DA:215,0
DA:216,0
DA:218,0
DA:219,0
DA:221,0
DA:222,0
DA:224,0
DA:228,0
DA:234,0
DA:243,1
DA:248,1
DA:251,1
DA:252,1
DA:254,1
DA:255,0
DA:256,0
DA:257,0
DA:258,0
DA:259,0
DA:264,1
DA:266,1
DA:268,1
DA:269,0
DA:272,1
DA:274,0
DA:275,0
DA:276,0
DA:277,0
DA:280,0
DA:281,0
DA:282,0
DA:287,0
DA:288,0
DA:289,0
DA:292,0
DA:295,1
DA:296,1
DA:297,1
DA:306,1
DA:308,1
DA:309,0
DA:312,1
DA:313,1
DA:315,1
DA:316,3
DA:320,1
DA:322,3
DA:324,3
DA:326,3
DA:327,0
DA:330,3
DA:331,3
DA:334,3
DA:335,2
DA:338,3
DA:340,2
DA:344,2
DA:347,3
DA:353,1
DA:355,1
DA:356,0
DA:359,1
DA:361,1
DA:362,1
DA:363,1
DA:369,1
DA:371,1
DA:373,1
DA:406,1
LF:166
LH:96
BRDA:12,1,0,0
BRDA:12,1,1,0
BRDA:14,2,0,0
BRDA:14,2,1,0
BRDA:85,3,0,1
BRDA:85,3,1,0
BRDA:88,4,0,1
BRDA:88,4,1,16
BRDA:91,5,0,17
BRDA:91,5,1,0
BRDA:108,6,0,0
BRDA:108,6,1,1
BRDA:112,7,0,0
BRDA:112,7,1,0
BRDA:127,8,0,0
BRDA:127,8,1,1
BRDA:127,9,0,1
BRDA:127,9,1,0
BRDA:129,10,0,0
BRDA:129,10,1,0
BRDA:161,11,0,0
BRDA:161,11,1,1
BRDA:202,12,0,0
BRDA:202,12,1,0
BRDA:215,13,0,0
BRDA:215,13,1,0
BRDA:218,14,0,0
BRDA:218,14,1,0
BRDA:221,15,0,0
BRDA:221,15,1,0
BRDA:222,16,0,0
BRDA:268,17,0,0
BRDA:268,17,1,1
BRDA:272,18,0,0
BRDA:272,18,1,1
BRDA:276,19,0,0
BRDA:276,19,1,0
BRDA:287,20,0,0
BRDA:287,20,1,0
BRDA:310,21,0,0
BRDA:310,21,1,1
BRDA:310,22,0,1
BRDA:310,22,1,0
BRDA:322,23,0,0
BRDA:322,23,1,3
BRDA:326,24,0,0
BRDA:326,24,1,3
BRDA:355,25,0,0
BRDA:355,25,1,1
BRF:49
BRH:15
end_of_record
TN:
SF:/Users/amills001c/WebstormProjects/oresoftware/suman/lib/make-graceful-exit.js
FN:17,(anonymous_1)
FN:19,makeGracefulExitOrNot
FN:25,(anonymous_3)
FN:36,(anonymous_4)
FN:51,(anonymous_5)
FN:67,(anonymous_6)
FN:89,(anonymous_7)
FNF:7
FNH:3
FNDA:1,(anonymous_1)
FNDA:17,makeGracefulExitOrNot
FNDA:16,(anonymous_3)
FNDA:0,(anonymous_4)
FNDA:0,(anonymous_5)
FNDA:0,(anonymous_6)
FNDA:0,(anonymous_7)
DA:7,1
DA:8,1
DA:12,1
DA:17,1
DA:19,1
DA:21,17
DA:22,17
DA:23,17
DA:25,17
DA:26,16
DA:27,0
DA:29,16
DA:30,0
DA:31,0
DA:38,0
DA:39,0
DA:42,0
DA:43,0
DA:45,0
DA:46,0
DA:49,0
DA:51,0
DA:53,0
DA:54,0
DA:57,0
DA:58,0
DA:60,0
DA:61,0
DA:62,0
DA:68,0
DA:69,0
DA:70,0
DA:71,0
DA:72,0
DA:81,0
DA:87,17
DA:88,0
DA:89,0
DA:90,0
DA:94,17
LF:40
LH:13
BRDA:26,1,0,0
BRDA:26,1,1,16
BRDA:29,2,0,0
BRDA:29,2,1,16
BRDA:38,3,0,0
BRDA:38,3,1,0
BRDA:39,4,0,0
BRDA:39,4,1,0
BRDA:45,5,0,0
BRDA:45,5,1,0
BRDA:53,6,0,0
BRDA:53,6,1,0
BRDA:53,7,0,0
BRDA:53,7,1,0
BRDA:57,8,0,0
BRDA:57,8,1,0
BRDA:60,9,0,0
BRDA:60,9,1,0
BRDA:61,10,0,0
BRDA:61,10,1,0
BRDA:71,11,0,0
BRDA:71,11,1,0
BRDA:87,12,0,0
BRDA:87,12,1,17
BRDA:88,13,0,0
BRDA:88,13,1,0
BRDA:90,14,0,0
BRDA:90,14,1,0
BRF:28
BRH:3
end_of_record
TN:
SF:/Users/amills001c/WebstormProjects/oresoftware/suman/lib/handle-exit.js
FN:15,handleExit
FN:32,(anonymous_2)
FNF:2
FNH:1
FNDA:1,handleExit
FNDA:0,(anonymous_2)
DA:6,1
DA:9,1
DA:12,1
DA:15,1
DA:32,1
DA:35,0
DA:37,0
DA:38,0
DA:39,0
DA:41,0
DA:42,0
DA:43,0
DA:46,0
DA:51,0
DA:52,0
DA:53,0
DA:58,0
DA:67,0
DA:68,0
DA:69,0
DA:71,0
DA:74,0
DA:77,0
DA:85,1
LF:24
LH:6
BRDA:37,1,0,0
BRDA:37,1,1,0
BRDA:38,2,0,0
BRDA:38,2,1,0
BRDA:41,3,0,0
BRDA:41,3,1,0
BRDA:42,4,0,0
BRDA:42,4,1,0
BRDA:51,5,0,0
BRDA:51,5,1,0
BRDA:51,6,0,0
BRDA:51,6,1,0
BRDA:52,7,0,0
BRDA:52,7,1,0
BRDA:67,8,0,0
BRDA:67,8,1,0
BRDA:68,9,0,0
BRDA:68,9,1,0
BRF:18
BRH:0
end_of_record
TN:
SF:/Users/amills001c/WebstormProjects/oresoftware/suman/lib/handle-args.js
FN:8,handleArgs
FNF:1
FNH:1
FNDA:1,handleArgs
DA:8,1
DA:10,1
DA:11,0
DA:12,0
DA:13,0
DA:16,0
DA:17,0
DA:18,0
DA:22,1
DA:23,0
DA:27,1
LF:11
LH:4
BRDA:10,1,0,0
BRDA:10,1,1,1
BRDA:12,2,0,0
BRDA:12,2,1,0
BRDA:12,3,0,0
BRDA:12,3,1,0
BRDA:22,4,0,0
BRDA:22,4,1,1
BRF:8
BRH:2
end_of_record
TN:
SF:/Users/amills001c/WebstormProjects/oresoftware/suman/lib/incrementer.js
FN:8,getNext
FNF:1
FNH:1
FNDA:10,getNext
DA:6,1
DA:8,1
DA:9,10
DA:10,10
DA:14,1
LF:5
LH:5
BRF:0
BRH:0
end_of_record
TN:
SF:/Users/amills001c/WebstormProjects/oresoftware/suman/lib/make-suite-lite.js
FNF:0
FNH:0
LF:0
LH:0
BRF:0
BRH:0
end_of_record
TN:
SF:/Users/amills001c/WebstormProjects/oresoftware/suman/lib/handle-extra-opts.js
FN:8,(anonymous_1)
FN:13,handleExtraOpts
FN:64,handleExtraOpts
FN:118,handleOptsWithDeps
FNF:4
FNH:3
FNDA:3,(anonymous_1)
FNDA:7,handleExtraOpts
FNDA:4,handleExtraOpts
FNDA:0,handleOptsWithDeps
DA:5,1
DA:8,1
DA:11,3
DA:15,7
DA:16,0
DA:17,0
DA:20,0
DA:21,0
DA:22,0
DA:25,7
DA:26,6
DA:27,0
DA:30,6
DA:32,6
DA:33,0
DA:34,0
DA:36,6
DA:37,6
DA:40,0
DA:46,1
DA:47,0
DA:50,1
DA:54,7
DA:66,4
DA:67,1
DA:68,0
DA:71,1
DA:72,1
DA:73,1
DA:76,3
DA:77,0
DA:78,0
DA:81,0
DA:83,0
DA:84,0
DA:85,0
DA:87,0
DA:88,0
DA:91,0
DA:97,3
DA:98,0
DA:100,3
DA:101,0
DA:103,3
DA:104,0
DA:109,4
DA:120,0
DA:121,0
DA:123,0
DA:125,0
DA:126,0
DA:129,0
DA:130,0
DA:131,0
DA:134,0
DA:136,0
DA:137,0
DA:139,0
DA:140,0
DA:141,0
DA:142,0
DA:144,0
DA:145,0
DA:146,0
DA:149,0
DA:153,0
DA:154,0
DA:156,0
DA:157,0
DA:159,0
DA:160,0
DA:162,0
DA:163,0
DA:167,0
LF:74
LH:23
BRDA:15,1,0,0
BRDA:15,1,1,7
BRDA:16,2,0,0
BRDA:16,2,1,0
BRDA:16,3,0,0
BRDA:16,3,1,0
BRDA:25,4,0,6
BRDA:25,4,1,1
BRDA:26,5,0,0
BRDA:26,5,1,6
BRDA:32,6,0,0
BRDA:32,6,1,6
BRDA:36,7,0,6
BRDA:36,7,1,0
BRDA:46,8,0,0
BRDA:46,8,1,1
BRDA:50,9,0,1
BRDA:50,9,1,1
BRDA:66,10,0,1
BRDA:66,10,1,3
BRDA:67,11,0,0
BRDA:67,11,1,1
BRDA:67,12,0,1
BRDA:67,12,1,1
BRDA:76,13,0,0
BRDA:76,13,1,3
BRDA:77,14,0,0
BRDA:77,14,1,0
BRDA:83,15,0,0
BRDA:83,15,1,0
BRDA:87,16,0,0
BRDA:87,16,1,0
BRDA:97,17,0,0
BRDA:97,17,1,3
BRDA:100,18,0,0
BRDA:100,18,1,3
BRDA:103,19,0,0
BRDA:103,19,1,3
BRDA:120,20,0,0
BRDA:120,20,1,0
BRDA:123,21,0,0
BRDA:123,21,1,0
BRDA:125,22,0,0
BRDA:125,22,1,0
BRDA:125,23,0,0
BRDA:125,23,1,0
BRDA:134,24,0,0
BRDA:134,24,1,0
BRDA:136,25,0,0
BRDA:136,25,1,0
BRDA:139,26,0,0
BRDA:139,26,1,0
BRDA:139,27,0,0
BRDA:139,27,1,0
BRDA:144,28,0,0
BRDA:144,28,1,0
BRDA:153,29,0,0
BRDA:153,29,1,0
BRDA:156,30,0,0
BRDA:156,30,1,0
BRDA:159,31,0,0
BRDA:159,31,1,0
BRDA:162,32,0,0
BRDA:162,32,1,0
BRF:64
BRH:18
end_of_record
TN:
SF:/Users/amills001c/WebstormProjects/oresoftware/suman/lib/TestSuite.js
FN:28,makeTestSuite
FN:39,TestSuiteBase
FN:60,(anonymous_3)
FN:64,(anonymous_4)
FN:68,(anonymous_5)
FN:72,(anonymous_6)
FN:76,(anonymous_7)
FN:80,(anonymous_8)
FN:84,(anonymous_9)
FN:88,(anonymous_10)
FN:92,(anonymous_11)
FN:99,(anonymous_12)
FN:103,TestSuite
FN:109,(anonymous_14)
FN:124,(anonymous_15)
FN:139,(anonymous_16)
FN:154,(anonymous_17)
FN:169,(anonymous_18)
FN:233,(anonymous_19)
FN:290,run
FN:294,(anonymous_21)
FN:296,(anonymous_22)
FN:303,(anonymous_23)
FN:319,delay
FN:320,(anonymous_25)
FN:337,bindExtras
FN:339,(anonymous_27)
FN:345,(anonymous_28)
FN:352,(anonymous_29)
FN:358,(anonymous_30)
FN:367,(anonymous_31)
FN:372,(anonymous_32)
FN:376,(anonymous_33)
FN:378,(anonymous_34)
FN:382,complete
FN:389,handleSetupComplete
FN:399,handleOptionalDesc
FN:419,(anonymous_38)
FN:424,(anonymous_39)
FN:460,startSuite
FN:481,notifyParentThatChildIsComplete
FN:499,complete
FN:500,(anonymous_43)
FN:516,runBefores
FN:519,(anonymous_45)
FN:525,complete
FN:526,(anonymous_47)
FN:533,runTests
FN:538,runPotentiallySerialTests
FN:539,(anonymous_50)
FN:546,complete
FN:550,runParallelTests
FN:558,(anonymous_53)
FN:560,(anonymous_54)
FN:567,done
FN:570,done
FN:574,doneWithallDescribeBlocks
FN:579,runAfters
FN:582,complete
FN:583,(anonymous_60)
FN:588,(anonymous_61)
FN:594,allDone
FN:596,(anonymous_63)
FNF:63
FNH:49
FNDA:1,makeTestSuite
FNDA:3,TestSuiteBase
FNDA:21,(anonymous_3)
FNDA:24,(anonymous_4)
FNDA:17,(anonymous_5)
FNDA:0,(anonymous_6)
FNDA:0,(anonymous_7)
FNDA:2,(anonymous_8)
FNDA:16,(anonymous_9)
FNDA:3,(anonymous_10)
FNDA:16,(anonymous_11)
FNDA:3,(anonymous_12)
FNDA:3,TestSuite
FNDA:1,(anonymous_14)
FNDA:1,(anonymous_15)
FNDA:1,(anonymous_16)
FNDA:1,(anonymous_17)
FNDA:7,(anonymous_18)
FNDA:2,(anonymous_19)
FNDA:2,run
FNDA:0,(anonymous_21)
FNDA:0,(anonymous_22)
FNDA:2,(anonymous_23)
FNDA:0,delay
FNDA:0,(anonymous_25)
FNDA:5,bindExtras
FNDA:1,(anonymous_27)
FNDA:0,(anonymous_28)
FNDA:0,(anonymous_29)
FNDA:0,(anonymous_30)
FNDA:3,(anonymous_31)
FNDA:8,(anonymous_32)
FNDA:2,(anonymous_33)
FNDA:2,(anonymous_34)
FNDA:3,complete
FNDA:13,handleSetupComplete
FNDA:4,handleOptionalDesc
FNDA:0,(anonymous_38)
FNDA:0,(anonymous_39)
FNDA:3,startSuite
FNDA:2,notifyParentThatChildIsComplete
FNDA:2,complete
FNDA:2,(anonymous_43)
FNDA:3,runBefores
FNDA:2,(anonymous_45)
FNDA:1,complete
FNDA:1,(anonymous_47)
FNDA:3,runTests
FNDA:3,runPotentiallySerialTests
FNDA:7,(anonymous_50)
FNDA:3,complete
FNDA:3,runParallelTests
FNDA:3,(anonymous_53)
FNDA:0,(anonymous_54)
FNDA:3,done
FNDA:3,done
FNDA:3,doneWithallDescribeBlocks
FNDA:3,runAfters
FNDA:0,complete
FNDA:0,(anonymous_60)
FNDA:3,(anonymous_61)
FNDA:3,allDone
FNDA:1,(anonymous_63)
DA:9,1
DA:10,1
DA:11,1
DA:14,1
DA:15,1
DA:18,1
DA:19,1
DA:20,1
DA:21,1
DA:22,1
DA:23,1
DA:24,1
DA:28,1
DA:30,1
DA:31,1
DA:32,1
DA:33,1
DA:34,1
DA:35,1
DA:37,1
DA:39,1
DA:41,3
DA:42,3
DA:43,3
DA:44,3
DA:45,3
DA:46,3
DA:47,3
DA:48,3
DA:50,3
DA:51,3
DA:52,3
DA:53,3
DA:54,3
DA:55,3
DA:56,3
DA:57,3
DA:58,3
DA:60,3
DA:61,21
DA:64,3
DA:65,24
DA:68,3
DA:69,17
DA:72,3
DA:73,0
DA:76,3
DA:77,0
DA:80,3
DA:81,2
DA:84,3
DA:85,16
DA:88,3
DA:89,3
DA:92,3
DA:93,16
DA:97,1
DA:99,1
DA:101,3
DA:103,1
DA:105,3
DA:106,3
DA:109,3
DA:110,1
DA:111,1
DA:113,1
DA:114,1
DA:115,1
DA:116,1
DA:117,1
DA:118,1
DA:119,1
DA:122,3
DA:124,3
DA:125,1
DA:126,1
DA:127,1
DA:128,1
DA:130,1
DA:131,1
DA:132,1
DA:133,1
DA:134,1
DA:137,3
DA:139,3
DA:140,1
DA:141,1
DA:142,1
DA:143,1
DA:145,1
DA:146,1
DA:147,1
DA:148,1
DA:149,1
DA:152,3
DA:154,3
DA:155,1
DA:156,1
DA:157,1
DA:158,1
DA:160,1
DA:161,1
DA:162,1
DA:163,1
DA:164,1
DA:167,3
DA:169,3
DA:171,7
DA:173,7
DA:175,7
DA:176,7
DA:177,7
DA:180,7
DA:182,7
DA:183,0
DA:184,0
DA:185,0
DA:188,7
DA:190,0
DA:191,0
DA:192,0
DA:195,7
DA:197,7
DA:198,1
DA:201,6
DA:202,6
DA:205,7
DA:220,7
DA:221,0
DA:224,7
DA:227,7
DA:230,3
DA:233,3
DA:235,2
DA:236,2
DA:238,2
DA:239,2
DA:240,2
DA:242,2
DA:243,0
DA:247,2
DA:270,2
DA:271,0
DA:272,0
DA:275,2
DA:282,2
DA:283,2
DA:284,2
DA:285,2
DA:288,2
DA:290,2
DA:292,2
DA:294,2
DA:295,0
DA:296,0
DA:297,0
DA:298,0
DA:299,0
DA:303,2
DA:307,2
DA:309,2
DA:311,2
DA:312,2
DA:313,2
DA:314,2
DA:318,0
DA:319,0
DA:320,0
DA:321,0
DA:322,0
DA:323,0
DA:331,3
DA:335,3
DA:337,3
DA:339,5
DA:340,1
DA:341,1
DA:342,1
DA:345,5
DA:346,0
DA:347,0
DA:348,0
DA:349,0
DA:352,5
DA:353,0
DA:354,0
DA:355,0
DA:358,5
DA:359,0
DA:360,0
DA:361,0
DA:362,0
DA:367,3
DA:369,3
DA:370,3
DA:372,3
DA:373,8
DA:376,3
DA:378,2
DA:379,2
DA:383,3
DA:389,1
DA:390,13
DA:391,0
DA:394,0
DA:395,0
DA:399,1
DA:400,4
DA:401,4
DA:402,4
DA:403,4
DA:405,0
DA:406,0
DA:407,0
DA:409,0
DA:410,0
DA:413,0
DA:416,4
DA:419,3
DA:420,0
DA:424,3
DA:425,0
DA:460,3
DA:462,3
DA:468,3
DA:475,3
DA:476,0
DA:481,1
DA:483,2
DA:485,2
DA:486,3
DA:487,3
DA:488,2
DA:489,2
DA:493,2
DA:494,0
DA:497,2
DA:498,2
DA:499,2
DA:500,2
DA:501,2
DA:502,1
DA:504,1
DA:509,0
DA:515,3
DA:518,3
DA:519,2
DA:520,2
DA:525,1
DA:526,1
DA:527,1
DA:535,3
DA:536,3
DA:538,3
DA:539,3
DA:540,7
DA:541,6
DA:543,7
DA:547,3
DA:556,3
DA:558,3
DA:560,3
DA:561,0
DA:562,0
DA:564,0
DA:568,3
DA:571,3
DA:575,3
DA:581,3
DA:582,0
DA:583,0
DA:584,0
DA:588,3
DA:589,3
DA:595,3
DA:596,1
DA:597,1
DA:600,2
DA:606,3
DA:610,1
DA:617,1
LF:281
LH:227
BRDA:37,1,0,1
BRDA:37,1,1,0
BRDA:43,2,0,3
BRDA:43,2,1,2
BRDA:44,3,0,3
BRDA:44,3,1,1
BRDA:45,4,0,3
BRDA:45,4,1,3
BRDA:46,5,0,3
BRDA:46,5,1,2
BRDA:47,6,0,3
BRDA:47,6,1,3
BRDA:122,7,0,3
BRDA:122,7,1,0
BRDA:137,8,0,3
BRDA:137,8,1,0
BRDA:152,9,0,3
BRDA:152,9,1,0
BRDA:167,10,0,3
BRDA:167,10,1,0
BRDA:182,11,0,0
BRDA:182,11,1,7
BRDA:188,12,0,0
BRDA:188,12,1,7
BRDA:188,13,0,7
BRDA:188,13,1,0
BRDA:197,14,0,1
BRDA:197,14,1,6
BRDA:211,15,0,7
BRDA:211,15,1,7
BRDA:220,16,0,0
BRDA:220,16,1,7
BRDA:220,17,0,7
BRDA:220,17,1,7
BRDA:220,17,2,0
BRDA:230,18,0,3
BRDA:230,18,1,0
BRDA:242,19,0,0
BRDA:242,19,1,2
BRDA:270,20,0,0
BRDA:270,20,1,2
BRDA:270,21,0,2
BRDA:270,21,1,0
BRDA:282,22,0,2
BRDA:282,22,1,1
BRDA:309,23,0,2
BRDA:309,23,1,0
BRDA:331,24,0,3
BRDA:331,24,1,0
BRDA:390,25,0,0
BRDA:390,25,1,13
BRDA:401,26,0,4
BRDA:401,26,1,0
BRDA:405,27,0,0
BRDA:405,27,1,0
BRDA:406,28,0,0
BRDA:406,28,1,0
BRDA:468,29,0,2
BRDA:468,29,1,1
BRDA:475,30,0,0
BRDA:475,30,1,3
BRDA:475,31,0,3
BRDA:475,31,1,0
BRDA:487,32,0,2
BRDA:487,32,1,1
BRDA:493,33,0,0
BRDA:493,33,1,2
BRDA:498,34,0,2
BRDA:498,34,1,0
BRDA:501,35,0,1
BRDA:501,35,1,1
BRDA:518,36,0,2
BRDA:518,36,1,1
BRDA:518,37,0,3
BRDA:518,37,1,1
BRDA:535,38,0,0
BRDA:535,38,1,3
BRDA:536,39,0,0
BRDA:536,39,1,3
BRDA:540,40,0,6
BRDA:540,40,1,1
BRDA:540,41,0,7
BRDA:540,41,1,7
BRDA:561,42,0,0
BRDA:561,42,1,0
BRDA:561,43,0,0
BRDA:561,43,1,0
BRDA:581,44,0,0
BRDA:581,44,1,3
BRDA:581,45,0,3
BRDA:581,45,1,1
BRDA:581,45,2,0
BRDA:595,46,0,1
BRDA:595,46,1,2
BRDA:595,47,0,3
BRDA:595,47,1,1
BRF:96
BRH:62
end_of_record
TN:
SF:/Users/amills001c/WebstormProjects/oresoftware/suman/lib/test-suite-helpers/make-the-trap.js
FN:21,makeTheTrap
FN:29,runTheTrap
FN:40,(anonymous_3)
FN:43,doneWithBeforeEaches
FN:45,(anonymous_5)
FN:54,(anonymous_6)
FN:58,(anonymous_7)
FN:62,(anonymous_8)
FN:64,handleTestContainer
FN:65,(anonymous_10)
FN:82,(anonymous_11)
FN:84,(anonymous_12)
FN:86,done
FN:87,(anonymous_14)
FN:94,doneWithTests
FNF:15
FNH:14
FNDA:1,makeTheTrap
FNDA:7,runTheTrap
FNDA:7,(anonymous_3)
FNDA:7,doneWithBeforeEaches
FNDA:7,(anonymous_5)
FNDA:7,(anonymous_6)
FNDA:0,(anonymous_7)
FNDA:7,(anonymous_8)
FNDA:7,handleTestContainer
FNDA:7,(anonymous_10)
FNDA:7,(anonymous_11)
FNDA:7,(anonymous_12)
FNDA:7,done
FNDA:7,(anonymous_14)
FNDA:7,doneWithTests
DA:7,1
DA:10,1
DA:11,1
DA:12,1
DA:15,1
DA:16,1
DA:17,1
DA:18,1
DA:21,1
DA:23,1
DA:24,1
DA:25,1
DA:26,1
DA:27,1
DA:29,1
DA:31,7
DA:34,7
DA:35,0
DA:38,7
DA:40,7
DA:41,7
DA:45,7
DA:47,7
DA:48,0
DA:50,7
DA:53,7
DA:56,7
DA:57,7
DA:58,7
DA:59,0
DA:62,7
DA:64,1
DA:65,7
DA:66,7
DA:67,7
DA:71,7
DA:72,0
DA:75,7
DA:84,7
DA:85,7
DA:87,7
DA:88,7
DA:95,7
LF:43
LH:39
BRDA:34,1,0,0
BRDA:34,1,1,7
BRDA:34,2,0,7
BRDA:34,2,1,0
BRDA:47,3,0,0
BRDA:47,3,1,7
BRDA:48,4,0,0
BRDA:48,4,1,0
BRDA:71,5,0,0
BRDA:71,5,1,7
BRF:10
BRH:4
end_of_record
TN:
SF:/Users/amills001c/WebstormProjects/oresoftware/suman/lib/test-suite-helpers/handle-test-result.js
FN:6,makeHandleTestError
FN:10,handleTestError
FN:22,(anonymous_3)
FN:36,(anonymous_4)
FN:48,(anonymous_5)
FN:62,(anonymous_6)
FNF:6
FNH:2
FNDA:1,makeHandleTestError
FNDA:7,handleTestError
FNDA:0,(anonymous_3)
FNDA:0,(anonymous_4)
FNDA:0,(anonymous_5)
FNDA:0,(anonymous_6)
DA:6,1
DA:8,1
DA:10,1
DA:12,7
DA:14,7
DA:16,0
DA:18,0
DA:20,0
DA:21,0
DA:22,0
DA:24,0
DA:25,0
DA:27,0
DA:28,0
DA:29,0
DA:31,0
DA:32,0
DA:38,0
DA:47,0
DA:48,0
DA:50,0
DA:51,0
DA:53,0
DA:54,0
DA:55,0
DA:57,0
DA:58,0
DA:64,0
DA:69,0
DA:72,7
LF:30
LH:6
BRDA:14,1,0,0
BRDA:14,1,1,7
BRDA:18,2,0,0
BRDA:18,2,1,0
BRDA:24,3,0,0
BRDA:24,3,1,0
BRDA:24,4,0,0
BRDA:24,4,1,0
BRDA:27,5,0,0
BRDA:27,5,1,0
BRDA:28,6,0,0
BRDA:28,6,1,0
BRDA:31,7,0,0
BRDA:31,7,1,0
BRDA:50,8,0,0
BRDA:50,8,1,0
BRDA:50,9,0,0
BRDA:50,9,1,0
BRDA:53,10,0,0
BRDA:53,10,1,0
BRDA:54,11,0,0
BRDA:54,11,1,0
BRDA:57,12,0,0
BRDA:57,12,1,0
BRF:24
BRH:1
end_of_record
TN:
SF:/Users/amills001c/WebstormProjects/oresoftware/suman/lib/test-suite-helpers/handle-test.js
FN:17,init
FN:19,handleTest
FN:22,(anonymous_3)
FN:30,(anonymous_4)
FN:43,(anonymous_5)
FN:49,(anonymous_6)
FN:55,(anonymous_7)
FN:57,(anonymous_8)
FN:101,done
FN:107,pass
FN:113,fail
FN:119,fatal
FNF:12
FNH:5
FNDA:1,init
FNDA:7,handleTest
FNDA:6,(anonymous_3)
FNDA:0,(anonymous_4)
FNDA:0,(anonymous_5)
FNDA:0,(anonymous_6)
FNDA:1,(anonymous_7)
FNDA:1,(anonymous_8)
FNDA:0,done
FNDA:0,pass
FNDA:0,fail
FNDA:0,fatal
DA:7,1
DA:10,1
DA:11,1
DA:14,1
DA:15,1
DA:17,1
DA:19,1
DA:21,7
DA:22,6
DA:23,6
DA:28,1
DA:30,1
DA:31,0
DA:32,0
DA:35,1
DA:36,1
DA:38,1
DA:40,1
DA:41,1
DA:43,1
DA:47,0
DA:49,0
DA:50,0
DA:55,1
DA:57,1
DA:59,1
DA:61,1
DA:63,1
DA:65,1
DA:66,0
DA:69,1
DA:70,1
DA:71,1
DA:72,1
DA:73,1
DA:74,1
DA:75,1
DA:76,1
DA:80,1
DA:81,1
DA:90,1
DA:91,0
DA:92,0
DA:95,0
DA:98,1
DA:100,0
DA:101,0
DA:102,0
DA:106,0
DA:107,0
DA:108,0
DA:112,0
DA:113,0
DA:114,0
DA:118,0
DA:119,0
DA:120,0
DA:121,0
DA:122,0
DA:139,0
DA:142,1
LF:61
LH:37
BRDA:21,1,0,6
BRDA:21,1,1,1
BRDA:21,2,0,7
BRDA:21,2,1,6
BRDA:28,3,0,0
BRDA:28,3,1,1
BRDA:65,4,0,0
BRDA:65,4,1,1
BRDA:65,5,0,1
BRDA:65,5,1,1
BRDA:80,6,0,1
BRDA:80,6,1,0
BRDA:90,7,0,0
BRDA:90,7,1,1
BRDA:91,8,0,0
BRDA:91,8,1,0
BRDA:98,9,0,0
BRDA:98,9,1,1
BRDA:98,10,0,1
BRDA:98,10,1,1
BRDA:98,10,2,1
BRDA:98,10,3,1
BRDA:100,11,0,0
BRDA:100,11,1,0
BRDA:106,12,0,0
BRDA:106,12,1,0
BRDA:112,13,0,0
BRDA:112,13,1,0
BRDA:114,14,0,0
BRDA:114,14,1,0
BRDA:118,15,0,0
BRDA:118,15,1,0
BRDA:120,16,0,0
BRDA:120,16,1,0
BRF:34
BRH:15
end_of_record
TN:
SF:/Users/amills001c/WebstormProjects/oresoftware/suman/lib/test-suite-helpers/handle-callback-helpers.js
FN:9,makeCallback
FN:13,(anonymous_2)
FN:53,(anonymous_3)
FN:68,handlePotentialPromise
FN:70,handle
FN:76,(anonymous_6)
FN:78,(anonymous_7)
FN:85,makeHandleGenerator
FN:87,async
FN:89,(anonymous_10)
FN:93,handle
FN:100,(anonymous_12)
FN:102,(anonymous_13)
FN:116,(anonymous_14)
FN:120,(anonymous_15)
FN:122,(anonymous_16)
FNF:16
FNH:6
FNDA:5,makeCallback
FNDA:5,(anonymous_2)
FNDA:0,(anonymous_3)
FNDA:5,handlePotentialPromise
FNDA:5,handle
FNDA:5,(anonymous_6)
FNDA:0,(anonymous_7)
FNDA:5,makeHandleGenerator
FNDA:0,async
FNDA:0,(anonymous_10)
FNDA:0,handle
FNDA:0,(anonymous_12)
FNDA:0,(anonymous_13)
FNDA:0,(anonymous_14)
FNDA:0,(anonymous_15)
FNDA:0,(anonymous_16)
DA:7,1
DA:11,5
DA:13,5
DA:15,5
DA:16,5
DA:18,5
DA:20,5
DA:21,5
DA:22,0
DA:23,0
DA:25,0
DA:26,0
DA:30,5
DA:31,1
DA:32,1
DA:41,5
DA:45,0
DA:46,0
DA:57,0
DA:70,5
DA:72,5
DA:73,0
DA:76,5
DA:77,5
DA:79,0
DA:80,0
DA:87,1
DA:89,0
DA:91,0
DA:93,1
DA:96,0
DA:97,0
DA:100,0
DA:101,0
DA:103,0
DA:108,0
DA:109,0
DA:111,0
DA:116,5
DA:118,0
DA:120,0
DA:121,0
DA:123,0
LF:43
LH:19
BRDA:15,1,0,5
BRDA:15,1,1,0
BRDA:21,2,0,0
BRDA:21,2,1,5
BRDA:22,3,0,0
BRDA:22,3,1,0
BRDA:25,4,0,0
BRDA:25,4,1,0
BRDA:30,5,0,1
BRDA:30,5,1,4
BRDA:72,6,0,0
BRDA:72,6,1,5
BRDA:72,7,0,5
BRDA:72,7,1,1
BRDA:72,7,2,4
BRDA:96,8,0,0
BRDA:96,8,1,0
BRF:17
BRH:8
end_of_record
TN:
SF:/Users/amills001c/WebstormProjects/oresoftware/suman/lib/get-all-eaches.js
FN:9,makeGetAllEaches
FN:11,getAllBeforesEaches
FN:16,getParentBefores
FN:47,getAllAfterEaches
FN:52,getParentAfters
FNF:5
FNH:5
FNDA:1,makeGetAllEaches
FNDA:7,getAllBeforesEaches
FNDA:8,getParentBefores
FNDA:7,getAllAfterEaches
FNDA:8,getParentAfters
DA:6,1
DA:9,1
DA:11,1
DA:13,7
DA:14,7
DA:16,1
DA:18,8
DA:20,8
DA:21,10
DA:22,10
DA:23,8
DA:24,8
DA:28,8
DA:29,8
DA:30,8
DA:31,2
DA:35,0
DA:40,7
DA:41,6
DA:44,7
DA:47,1
DA:49,7
DA:50,7
DA:52,1
DA:54,8
DA:56,8
DA:57,10
DA:58,10
DA:59,8
DA:60,8
DA:64,8
DA:65,8
DA:66,8
DA:67,2
DA:71,0
DA:76,7
DA:77,6
DA:80,7
DA:83,1
DA:90,1
LF:40
LH:38
BRDA:22,1,0,8
BRDA:22,1,1,2
BRDA:28,2,0,8
BRDA:28,2,1,0
BRDA:30,3,0,2
BRDA:30,3,1,6
BRDA:40,4,0,6
BRDA:40,4,1,1
BRDA:58,5,0,8
BRDA:58,5,1,2
BRDA:64,6,0,8
BRDA:64,6,1,0
BRDA:66,7,0,2
BRDA:66,7,1,6
BRDA:76,8,0,6
BRDA:76,8,1,1
BRF:16
BRH:14
end_of_record
TN:
SF:/Users/amills001c/WebstormProjects/oresoftware/suman/lib/test-suite-helpers/make-handle-each.js
FN:17,(anonymous_1)
FN:19,handleBeforeOrAfterEach
FN:22,(anonymous_3)
FN:29,(anonymous_4)
FN:41,(anonymous_5)
FN:46,(anonymous_6)
FN:58,(anonymous_7)
FN:60,(anonymous_8)
FN:113,done
FN:119,ctn
FN:125,fatal
FNF:11
FNH:5
FNDA:1,(anonymous_1)
FNDA:14,handleBeforeOrAfterEach
FNDA:12,(anonymous_3)
FNDA:0,(anonymous_4)
FNDA:0,(anonymous_5)
FNDA:0,(anonymous_6)
FNDA:2,(anonymous_7)
FNDA:2,(anonymous_8)
FNDA:0,done
FNDA:0,ctn
FNDA:0,fatal
DA:6,1
DA:9,1
DA:10,1
DA:11,1
DA:14,1
DA:15,1
DA:17,1
DA:19,1
DA:21,14
DA:22,12
DA:23,12
DA:27,2
DA:29,2
DA:30,0
DA:33,2
DA:34,2
DA:36,2
DA:37,2
DA:38,2
DA:40,2
DA:41,2
DA:42,0
DA:43,0
DA:45,0
DA:46,0
DA:47,0
DA:48,0
DA:49,0
DA:50,0
DA:54,0
DA:58,2
DA:60,2
DA:63,2
DA:65,2
DA:67,2
DA:68,0
DA:71,2
DA:72,0
DA:75,2
DA:77,2
DA:78,2
DA:79,2
DA:80,2
DA:81,2
DA:82,2
DA:85,2
DA:86,0
DA:94,2
DA:95,0
DA:103,2
DA:104,0
DA:105,0
DA:108,0
DA:110,2
DA:112,0
DA:113,0
DA:114,0
DA:118,0
DA:119,0
DA:120,0
DA:124,0
DA:125,0
DA:126,0
DA:134,0
DA:139,2
LF:65
LH:38
BRDA:21,1,0,12
BRDA:21,1,1,2
BRDA:21,2,0,14
BRDA:21,2,1,2
BRDA:27,3,0,0
BRDA:27,3,1,2
BRDA:42,4,0,0
BRDA:42,4,1,0
BRDA:54,5,0,0
BRDA:54,5,1,0
BRDA:67,6,0,0
BRDA:67,6,1,2
BRDA:67,7,0,2
BRDA:67,7,1,2
BRDA:71,8,0,0
BRDA:71,8,1,2
BRDA:85,9,0,0
BRDA:85,9,1,2
BRDA:94,10,0,0
BRDA:94,10,1,2
BRDA:103,11,0,0
BRDA:103,11,1,2
BRDA:104,12,0,0
BRDA:104,12,1,0
BRDA:104,13,0,0
BRDA:104,13,1,0
BRDA:110,14,0,0
BRDA:110,14,1,2
BRDA:110,15,0,2
BRDA:110,15,1,2
BRDA:110,15,2,2
BRDA:110,15,3,2
BRDA:112,16,0,0
BRDA:112,16,1,0
BRDA:118,17,0,0
BRDA:118,17,1,0
BRDA:124,18,0,0
BRDA:124,18,1,0
BRDA:126,19,0,0
BRDA:126,19,1,0
BRF:40
BRH:17
end_of_record
TN:
SF:/Users/amills001c/WebstormProjects/oresoftware/suman/lib/test-suite-helpers/make-handle-befores-afters.js
FN:20,(anonymous_1)
FN:22,(anonymous_2)
FN:24,handleBeforesAndAfters
FN:28,(anonymous_4)
FN:40,(anonymous_5)
FN:43,(anonymous_6)
FN:55,(anonymous_7)
FN:57,(anonymous_8)
FN:89,done
FN:95,ctn
FN:101,fatal
FNF:11
FNH:5
FNDA:1,(anonymous_1)
FNDA:3,(anonymous_2)
FNDA:2,handleBeforesAndAfters
FNDA:0,(anonymous_4)
FNDA:0,(anonymous_5)
FNDA:0,(anonymous_6)
FNDA:2,(anonymous_7)
FNDA:2,(anonymous_8)
FNDA:0,done
FNDA:0,ctn
FNDA:0,fatal
DA:7,1
DA:10,1
DA:13,1
DA:14,1
DA:15,1
DA:16,1
DA:17,1
DA:18,1
DA:20,1
DA:22,1
DA:24,3
DA:26,2
DA:27,2
DA:28,2
DA:29,0
DA:32,2
DA:33,2
DA:35,2
DA:36,2
DA:37,2
DA:39,2
DA:40,2
DA:41,0
DA:42,0
DA:43,0
DA:44,0
DA:45,0
DA:46,0
DA:47,0
DA:50,0
DA:55,2
DA:57,2
DA:59,2
DA:60,2
DA:61,2
DA:62,0
DA:65,2
DA:67,2
DA:68,2
DA:70,2
DA:71,2
DA:72,2
DA:75,2
DA:77,0
DA:78,0
DA:81,0
DA:84,2
DA:88,0
DA:89,0
DA:90,0
DA:94,0
DA:95,0
DA:96,0
DA:100,0
DA:101,0
DA:102,0
DA:111,0
DA:116,2
LF:58
LH:35
BRDA:26,1,0,0
BRDA:26,1,1,2
BRDA:27,2,0,0
BRDA:27,2,1,2
BRDA:41,3,0,0
BRDA:41,3,1,0
BRDA:61,4,0,0
BRDA:61,4,1,2
BRDA:61,5,0,2
BRDA:61,5,1,2
BRDA:75,6,0,0
BRDA:75,6,1,2
BRDA:77,7,0,0
BRDA:77,7,1,0
BRDA:77,8,0,0
BRDA:77,8,1,0
BRDA:84,9,0,0
BRDA:84,9,1,2
BRDA:84,10,0,2
BRDA:84,10,1,2
BRDA:88,11,0,0
BRDA:88,11,1,0
BRDA:94,12,0,0
BRDA:94,12,1,0
BRDA:100,13,0,0
BRDA:100,13,1,0
BRDA:102,14,0,0
BRDA:102,14,1,0
BRF:28
BRH:9
end_of_record
TN:
SF:/Users/amills001c/WebstormProjects/oresoftware/suman/lib/ParallelTestSet.js
FN:8,makeParallelTestSet
FN:10,ParallelTestSet
FN:18,(anonymous_3)
FN:45,(anonymous_4)
FNF:4
FNH:1
FNDA:1,makeParallelTestSet
FNDA:0,ParallelTestSet
FNDA:0,(anonymous_3)
FNDA:0,(anonymous_4)
DA:6,1
DA:8,1
DA:10,1
DA:11,0
DA:12,0
DA:13,0
DA:14,0
DA:18,1
DA:20,0
DA:21,0
DA:24,0
DA:25,0
DA:26,0
DA:28,0
DA:29,0
DA:32,0
DA:42,0
DA:45,1
DA:46,0
DA:50,1
DA:56,1
LF:21
LH:7
BRDA:20,1,0,0
BRDA:20,1,1,0
BRDA:24,2,0,0
BRDA:24,2,1,0
BRDA:28,3,0,0
BRDA:28,3,1,0
BRF:6
BRH:0
end_of_record
TN:
SF:/Users/amills001c/WebstormProjects/oresoftware/suman/lib/LoopTestSet.js
FN:17,makeLoopTestSet
FN:21,LoopTestSet
FN:28,handleSetupComplete
FN:38,(anonymous_4)
FN:70,(anonymous_5)
FNF:5
FNH:1
FNDA:1,makeLoopTestSet
FNDA:0,LoopTestSet
FNDA:0,handleSetupComplete
FNDA:0,(anonymous_4)
FNDA:0,(anonymous_5)
DA:10,1
DA:13,1
DA:14,1
DA:17,1
DA:19,1
DA:21,1
DA:22,0
DA:23,0
DA:24,0
DA:25,0
DA:28,1
DA:29,0
DA:30,0
DA:33,0
DA:34,0
DA:38,1
DA:40,0
DA:42,0
DA:44,0
DA:45,0
DA:46,0
DA:48,0
DA:49,0
DA:52,0
DA:54,0
DA:66,0
DA:67,0
DA:70,1
DA:71,0
DA:74,1
DA:79,1
LF:31
LH:11
BRDA:29,1,0,0
BRDA:29,1,1,0
BRDA:48,2,0,0
BRDA:48,2,1,0
BRF:4
BRH:0
end_of_record
