{"/Users/amills001c/WebstormProjects/oresoftware/suman/lib/index.js":{"path":"/Users/amills001c/WebstormProjects/oresoftware/suman/lib/index.js","s":{"1":1,"2":1,"3":1,"4":1,"5":1,"6":1,"7":1,"8":1,"9":1,"10":1,"11":1,"12":1,"13":1,"14":1,"15":1,"16":1,"17":1,"18":1,"19":1,"20":1,"21":1,"22":1,"23":0,"24":0,"25":0,"26":0,"27":0,"28":0,"29":0,"30":0,"31":0,"32":0,"33":0,"34":0,"35":0,"36":0,"37":0,"38":0,"39":0,"40":0,"41":0,"42":0,"43":0,"44":0,"45":0,"46":0,"47":0,"48":0,"49":0,"50":0,"51":0,"52":0,"53":0,"54":0,"55":0,"56":0,"57":0,"58":0,"59":0,"60":0,"61":0,"62":0,"63":0,"64":0,"65":0,"66":0,"67":0,"68":0,"69":0,"70":0,"71":0,"72":0,"73":0,"74":0,"75":0,"76":0,"77":0,"78":0,"79":0,"80":0,"81":0,"82":0,"83":0,"84":0,"85":0,"86":0,"87":0,"88":0,"89":0,"90":0,"91":0,"92":0,"93":0,"94":0,"95":0,"96":0,"97":0,"98":0,"99":0,"100":0,"101":0,"102":0,"103":0,"104":0,"105":1,"106":0,"107":0,"108":0,"109":0,"110":0,"111":0,"112":0,"113":0,"114":0,"115":0,"116":0,"117":0,"118":0,"119":0,"120":0,"121":0,"122":0,"123":0,"124":0,"125":0,"126":0,"127":0,"128":0,"129":0,"130":0,"131":0,"132":0,"133":0,"134":0,"135":0,"136":0,"137":0,"138":0,"139":0,"140":0,"141":0,"142":0,"143":0,"144":0,"145":0,"146":0,"147":0,"148":0,"149":0,"150":0,"151":0,"152":0,"153":0,"154":0,"155":0,"156":1,"157":1,"158":1,"159":1,"160":0,"161":0,"162":1,"163":0,"164":1,"165":1,"166":1,"167":1,"168":10,"169":6,"170":6,"171":1,"172":1,"173":1,"174":1,"175":1,"176":1,"177":1,"178":1,"179":1,"180":1,"181":0,"182":1,"183":1,"184":1,"185":1,"186":1,"187":1,"188":1,"189":1,"190":1,"191":1,"192":1,"193":0,"194":0,"195":0,"196":0,"197":0,"198":0,"199":0,"200":0,"201":1,"202":1,"203":1,"204":1,"205":1,"206":1,"207":1,"208":1,"209":1,"210":1,"211":1,"212":1,"213":0,"214":0,"215":0,"216":0,"217":0,"218":1,"219":1,"220":1,"221":1,"222":1,"223":1,"224":0,"225":0,"226":0,"227":0,"228":0,"229":0,"230":0,"231":0,"232":0,"233":0,"234":0,"235":0,"236":0,"237":0,"238":0,"239":0,"240":0,"241":0,"242":0,"243":0,"244":0,"245":0,"246":0,"247":0,"248":0,"249":0,"250":0,"251":0,"252":0,"253":0,"254":0,"255":0,"256":0,"257":0,"258":1,"259":1,"260":1,"261":1,"262":0,"263":1,"264":1,"265":0,"266":1,"267":0,"268":0,"269":0,"270":0,"271":0,"272":1,"273":1,"274":1,"275":0,"276":0,"277":0,"278":0,"279":0,"280":0,"281":0,"282":0,"283":0,"284":0,"285":1,"286":0,"287":0,"288":1,"289":1,"290":1,"291":1,"292":1},"b":{"1":[0,0],"2":[0,0],"3":[0,0],"4":[0,0],"5":[0,0],"6":[0,0],"7":[0,0],"8":[0,0],"9":[0,0],"10":[0,0],"11":[0,0],"12":[0,0],"13":[0,0],"14":[0,0],"15":[0,0],"16":[0,0],"17":[0,0],"18":[0,0],"19":[0,0],"20":[0,0],"21":[0,0],"22":[0,0],"23":[0,0],"24":[0,0],"25":[0,0],"26":[0,0],"27":[0,0],"28":[0,1],"29":[0,1],"30":[0,1],"31":[1,1],"32":[6,4],"33":[1,5],"34":[1,0],"35":[1,1],"36":[1,0],"37":[1,1],"38":[1,1],"39":[1,1],"40":[0,1],"41":[1,0],"42":[1,1],"43":[1,0],"44":[1,0],"45":[1,1],"46":[1,1],"47":[0,1],"48":[0,0],"49":[1,0],"50":[0,0],"51":[0,0],"52":[0,0],"53":[0,0],"54":[0,0],"55":[0,0],"56":[0,1],"57":[0,1],"58":[0,1],"59":[1,0],"60":[0,0],"61":[0,1],"62":[0,0],"63":[0,1],"64":[1,0]},"f":{"1":0,"2":0,"3":0,"4":0,"5":0,"6":0,"7":0,"8":0,"9":0,"10":0,"11":0,"12":0,"13":0,"14":0,"15":1,"16":10,"17":0,"18":0,"19":1,"20":1,"21":0,"22":0,"23":0,"24":0,"25":0,"26":0,"27":0,"28":0,"29":0,"30":1,"31":1,"32":1,"33":0,"34":1,"35":0,"36":0,"37":0,"38":0},"fnMap":{"1":{"name":"Runner","line":79,"loc":{"start":{"line":79,"column":0},"end":{"line":79,"column":21}}},"2":{"name":"(anonymous_2)","line":168,"loc":{"start":{"line":168,"column":25},"end":{"line":168,"column":37}}},"3":{"name":"(anonymous_3)","line":197,"loc":{"start":{"line":197,"column":44},"end":{"line":197,"column":59}}},"4":{"name":"(anonymous_4)","line":225,"loc":{"start":{"line":225,"column":26},"end":{"line":225,"column":41}}},"5":{"name":"(anonymous_5)","line":230,"loc":{"start":{"line":230,"column":28},"end":{"line":230,"column":43}}},"6":{"name":"(anonymous_6)","line":234,"loc":{"start":{"line":234,"column":38},"end":{"line":234,"column":53}}},"7":{"name":"(anonymous_7)","line":240,"loc":{"start":{"line":240,"column":25},"end":{"line":240,"column":40}}},"8":{"name":"(anonymous_8)","line":256,"loc":{"start":{"line":256,"column":25},"end":{"line":256,"column":37}}},"9":{"name":"Server","line":268,"loc":{"start":{"line":268,"column":0},"end":{"line":268,"column":21}}},"10":{"name":"(anonymous_10)","line":295,"loc":{"start":{"line":295,"column":24},"end":{"line":295,"column":36}}},"11":{"name":"(anonymous_11)","line":305,"loc":{"start":{"line":305,"column":41},"end":{"line":305,"column":67}}},"12":{"name":"(anonymous_12)","line":362,"loc":{"start":{"line":362,"column":37},"end":{"line":362,"column":52}}},"13":{"name":"(anonymous_13)","line":368,"loc":{"start":{"line":368,"column":30},"end":{"line":368,"column":45}}},"14":{"name":"(anonymous_14)","line":372,"loc":{"start":{"line":372,"column":32},"end":{"line":372,"column":47}}},"15":{"name":"init","line":395,"loc":{"start":{"line":395,"column":0},"end":{"line":395,"column":30}}},"16":{"name":"(anonymous_16)","line":418,"loc":{"start":{"line":418,"column":20},"end":{"line":418,"column":43}}},"17":{"name":"(anonymous_17)","line":511,"loc":{"start":{"line":511,"column":15},"end":{"line":511,"column":27}}},"18":{"name":"(anonymous_18)","line":519,"loc":{"start":{"line":519,"column":30},"end":{"line":519,"column":46}}},"19":{"name":"(anonymous_19)","line":531,"loc":{"start":{"line":531,"column":23},"end":{"line":531,"column":37}}},"20":{"name":"(anonymous_20)","line":532,"loc":{"start":{"line":532,"column":29},"end":{"line":532,"column":41}}},"21":{"name":"(anonymous_21)","line":539,"loc":{"start":{"line":539,"column":23},"end":{"line":539,"column":37}}},"22":{"name":"(anonymous_22)","line":544,"loc":{"start":{"line":544,"column":33},"end":{"line":544,"column":45}}},"23":{"name":"(anonymous_23)","line":549,"loc":{"start":{"line":549,"column":38},"end":{"line":549,"column":53}}},"24":{"name":"(anonymous_24)","line":567,"loc":{"start":{"line":567,"column":23},"end":{"line":567,"column":37}}},"25":{"name":"(anonymous_25)","line":580,"loc":{"start":{"line":580,"column":40},"end":{"line":580,"column":52}}},"26":{"name":"(anonymous_26)","line":589,"loc":{"start":{"line":589,"column":28},"end":{"line":589,"column":43}}},"27":{"name":"(anonymous_27)","line":604,"loc":{"start":{"line":604,"column":18},"end":{"line":604,"column":30}}},"28":{"name":"(anonymous_28)","line":605,"loc":{"start":{"line":605,"column":33},"end":{"line":605,"column":45}}},"29":{"name":"(anonymous_29)","line":606,"loc":{"start":{"line":606,"column":85},"end":{"line":606,"column":108}}},"30":{"name":"start","line":615,"loc":{"start":{"line":615,"column":4},"end":{"line":615,"column":21}}},"31":{"name":"(anonymous_31)","line":619,"loc":{"start":{"line":619,"column":21},"end":{"line":619,"column":36}}},"32":{"name":"(anonymous_32)","line":625,"loc":{"start":{"line":625,"column":61},"end":{"line":625,"column":83}}},"33":{"name":"(anonymous_33)","line":639,"loc":{"start":{"line":639,"column":37},"end":{"line":639,"column":49}}},"34":{"name":"(anonymous_34)","line":646,"loc":{"start":{"line":646,"column":37},"end":{"line":646,"column":49}}},"35":{"name":"(anonymous_35)","line":648,"loc":{"start":{"line":648,"column":59},"end":{"line":648,"column":76}}},"36":{"name":"(anonymous_36)","line":651,"loc":{"start":{"line":651,"column":57},"end":{"line":651,"column":69}}},"37":{"name":"(anonymous_37)","line":657,"loc":{"start":{"line":657,"column":57},"end":{"line":657,"column":69}}},"38":{"name":"(anonymous_38)","line":665,"loc":{"start":{"line":665,"column":39},"end":{"line":665,"column":51}}}},"statementMap":{"1":{"start":{"line":48,"column":0},"end":{"line":48,"column":70}},"2":{"start":{"line":53,"column":0},"end":{"line":53,"column":33}},"3":{"start":{"line":54,"column":0},"end":{"line":54,"column":25}},"4":{"start":{"line":55,"column":0},"end":{"line":55,"column":33}},"5":{"start":{"line":56,"column":0},"end":{"line":56,"column":29}},"6":{"start":{"line":57,"column":0},"end":{"line":57,"column":36}},"7":{"start":{"line":58,"column":0},"end":{"line":58,"column":29}},"8":{"start":{"line":61,"column":0},"end":{"line":61,"column":34}},"9":{"start":{"line":62,"column":0},"end":{"line":62,"column":32}},"10":{"start":{"line":63,"column":0},"end":{"line":63,"column":33}},"11":{"start":{"line":64,"column":0},"end":{"line":64,"column":45}},"12":{"start":{"line":65,"column":0},"end":{"line":65,"column":38}},"13":{"start":{"line":68,"column":0},"end":{"line":68,"column":37}},"14":{"start":{"line":69,"column":0},"end":{"line":69,"column":54}},"15":{"start":{"line":70,"column":0},"end":{"line":70,"column":74}},"16":{"start":{"line":71,"column":0},"end":{"line":71,"column":55}},"17":{"start":{"line":72,"column":0},"end":{"line":72,"column":33}},"18":{"start":{"line":73,"column":0},"end":{"line":73,"column":36}},"19":{"start":{"line":74,"column":0},"end":{"line":74,"column":38}},"20":{"start":{"line":75,"column":0},"end":{"line":75,"column":55}},"21":{"start":{"line":76,"column":0},"end":{"line":76,"column":46}},"22":{"start":{"line":79,"column":0},"end":{"line":265,"column":1}},"23":{"start":{"line":81,"column":4},"end":{"line":81,"column":28}},"24":{"start":{"line":83,"column":4},"end":{"line":83,"column":34}},"25":{"start":{"line":84,"column":4},"end":{"line":84,"column":32}},"26":{"start":{"line":85,"column":4},"end":{"line":85,"column":34}},"27":{"start":{"line":86,"column":4},"end":{"line":86,"column":28}},"28":{"start":{"line":87,"column":4},"end":{"line":87,"column":37}},"29":{"start":{"line":88,"column":4},"end":{"line":88,"column":36}},"30":{"start":{"line":89,"column":4},"end":{"line":89,"column":72}},"31":{"start":{"line":91,"column":4},"end":{"line":93,"column":5}},"32":{"start":{"line":92,"column":8},"end":{"line":92,"column":88}},"33":{"start":{"line":95,"column":4},"end":{"line":97,"column":5}},"34":{"start":{"line":96,"column":8},"end":{"line":96,"column":106}},"35":{"start":{"line":99,"column":4},"end":{"line":99,"column":19}},"36":{"start":{"line":101,"column":4},"end":{"line":117,"column":5}},"37":{"start":{"line":102,"column":8},"end":{"line":105,"column":9}},"38":{"start":{"line":103,"column":12},"end":{"line":103,"column":77}},"39":{"start":{"line":104,"column":12},"end":{"line":104,"column":55}},"40":{"start":{"line":108,"column":8},"end":{"line":116,"column":9}},"41":{"start":{"line":109,"column":12},"end":{"line":112,"column":13}},"42":{"start":{"line":110,"column":16},"end":{"line":110,"column":94}},"43":{"start":{"line":111,"column":16},"end":{"line":111,"column":59}},"44":{"start":{"line":115,"column":12},"end":{"line":115,"column":116}},"45":{"start":{"line":119,"column":4},"end":{"line":119,"column":22}},"46":{"start":{"line":122,"column":4},"end":{"line":122,"column":57}},"47":{"start":{"line":124,"column":4},"end":{"line":124,"column":41}},"48":{"start":{"line":125,"column":4},"end":{"line":125,"column":34}},"49":{"start":{"line":127,"column":4},"end":{"line":147,"column":5}},"50":{"start":{"line":128,"column":8},"end":{"line":128,"column":27}},"51":{"start":{"line":129,"column":8},"end":{"line":129,"column":29}},"52":{"start":{"line":131,"column":9},"end":{"line":147,"column":5}},"53":{"start":{"line":132,"column":8},"end":{"line":143,"column":9}},"54":{"start":{"line":133,"column":12},"end":{"line":135,"column":13}},"55":{"start":{"line":137,"column":12},"end":{"line":137,"column":52}},"56":{"start":{"line":138,"column":12},"end":{"line":138,"column":30}},"57":{"start":{"line":139,"column":12},"end":{"line":139,"column":34}},"58":{"start":{"line":142,"column":12},"end":{"line":142,"column":22}},"59":{"start":{"line":146,"column":8},"end":{"line":146,"column":106}},"60":{"start":{"line":152,"column":4},"end":{"line":152,"column":87}},"61":{"start":{"line":154,"column":4},"end":{"line":154,"column":23}},"62":{"start":{"line":156,"column":4},"end":{"line":166,"column":5}},"63":{"start":{"line":157,"column":8},"end":{"line":157,"column":36}},"64":{"start":{"line":158,"column":8},"end":{"line":158,"column":34}},"65":{"start":{"line":159,"column":8},"end":{"line":159,"column":76}},"66":{"start":{"line":162,"column":8},"end":{"line":165,"column":9}},"67":{"start":{"line":163,"column":12},"end":{"line":163,"column":173}},"68":{"start":{"line":164,"column":12},"end":{"line":164,"column":19}},"69":{"start":{"line":168,"column":4},"end":{"line":170,"column":10}},"70":{"start":{"line":169,"column":12},"end":{"line":169,"column":22}},"71":{"start":{"line":175,"column":4},"end":{"line":175,"column":88}},"72":{"start":{"line":177,"column":4},"end":{"line":177,"column":25}},"73":{"start":{"line":179,"column":4},"end":{"line":189,"column":5}},"74":{"start":{"line":180,"column":8},"end":{"line":180,"column":32}},"75":{"start":{"line":181,"column":8},"end":{"line":183,"column":9}},"76":{"start":{"line":182,"column":12},"end":{"line":182,"column":25}},"77":{"start":{"line":186,"column":8},"end":{"line":188,"column":9}},"78":{"start":{"line":187,"column":12},"end":{"line":187,"column":83}},"79":{"start":{"line":191,"column":4},"end":{"line":193,"column":5}},"80":{"start":{"line":192,"column":8},"end":{"line":192,"column":66}},"81":{"start":{"line":197,"column":4},"end":{"line":261,"column":7}},"82":{"start":{"line":199,"column":8},"end":{"line":201,"column":9}},"83":{"start":{"line":200,"column":12},"end":{"line":200,"column":31}},"84":{"start":{"line":203,"column":8},"end":{"line":259,"column":9}},"85":{"start":{"line":206,"column":12},"end":{"line":213,"column":15}},"86":{"start":{"line":215,"column":12},"end":{"line":215,"column":41}},"87":{"start":{"line":225,"column":12},"end":{"line":228,"column":15}},"88":{"start":{"line":226,"column":16},"end":{"line":226,"column":41}},"89":{"start":{"line":227,"column":16},"end":{"line":227,"column":38}},"90":{"start":{"line":230,"column":12},"end":{"line":232,"column":15}},"91":{"start":{"line":231,"column":16},"end":{"line":231,"column":40}},"92":{"start":{"line":234,"column":12},"end":{"line":237,"column":15}},"93":{"start":{"line":235,"column":16},"end":{"line":235,"column":41}},"94":{"start":{"line":236,"column":16},"end":{"line":236,"column":38}},"95":{"start":{"line":240,"column":12},"end":{"line":242,"column":15}},"96":{"start":{"line":241,"column":16},"end":{"line":241,"column":37}},"97":{"start":{"line":244,"column":12},"end":{"line":246,"column":15}},"98":{"start":{"line":245,"column":16},"end":{"line":245,"column":39}},"99":{"start":{"line":248,"column":12},"end":{"line":250,"column":15}},"100":{"start":{"line":249,"column":16},"end":{"line":249,"column":38}},"101":{"start":{"line":255,"column":12},"end":{"line":255,"column":94}},"102":{"start":{"line":256,"column":12},"end":{"line":258,"column":15}},"103":{"start":{"line":257,"column":16},"end":{"line":257,"column":32}},"104":{"start":{"line":263,"column":4},"end":{"line":263,"column":14}},"105":{"start":{"line":268,"column":0},"end":{"line":387,"column":1}},"106":{"start":{"line":270,"column":4},"end":{"line":270,"column":20}},"107":{"start":{"line":271,"column":4},"end":{"line":271,"column":28}},"108":{"start":{"line":272,"column":4},"end":{"line":272,"column":34}},"109":{"start":{"line":273,"column":4},"end":{"line":273,"column":20}},"110":{"start":{"line":274,"column":4},"end":{"line":279,"column":5}},"111":{"start":{"line":275,"column":8},"end":{"line":275,"column":33}},"112":{"start":{"line":278,"column":8},"end":{"line":278,"column":124}},"113":{"start":{"line":281,"column":4},"end":{"line":281,"column":36}},"114":{"start":{"line":282,"column":4},"end":{"line":282,"column":58}},"115":{"start":{"line":285,"column":4},"end":{"line":288,"column":5}},"116":{"start":{"line":286,"column":8},"end":{"line":286,"column":110}},"117":{"start":{"line":287,"column":8},"end":{"line":287,"column":51}},"118":{"start":{"line":290,"column":4},"end":{"line":290,"column":43}},"119":{"start":{"line":291,"column":4},"end":{"line":291,"column":43}},"120":{"start":{"line":293,"column":4},"end":{"line":293,"column":24}},"121":{"start":{"line":295,"column":4},"end":{"line":300,"column":13}},"122":{"start":{"line":296,"column":8},"end":{"line":299,"column":9}},"123":{"start":{"line":297,"column":12},"end":{"line":297,"column":28}},"124":{"start":{"line":298,"column":12},"end":{"line":298,"column":38}},"125":{"start":{"line":302,"column":4},"end":{"line":302,"column":15}},"126":{"start":{"line":303,"column":4},"end":{"line":303,"column":22}},"127":{"start":{"line":305,"column":4},"end":{"line":384,"column":7}},"128":{"start":{"line":306,"column":8},"end":{"line":383,"column":9}},"129":{"start":{"line":307,"column":12},"end":{"line":307,"column":37}},"130":{"start":{"line":308,"column":12},"end":{"line":308,"column":34}},"131":{"start":{"line":310,"column":13},"end":{"line":383,"column":9}},"132":{"start":{"line":311,"column":12},"end":{"line":311,"column":29}},"133":{"start":{"line":312,"column":12},"end":{"line":312,"column":29}},"134":{"start":{"line":313,"column":12},"end":{"line":313,"column":74}},"135":{"start":{"line":316,"column":12},"end":{"line":382,"column":13}},"136":{"start":{"line":317,"column":16},"end":{"line":317,"column":28}},"137":{"start":{"line":318,"column":16},"end":{"line":353,"column":17}},"138":{"start":{"line":319,"column":20},"end":{"line":319,"column":83}},"139":{"start":{"line":320,"column":20},"end":{"line":325,"column":23}},"140":{"start":{"line":339,"column":20},"end":{"line":339,"column":74}},"141":{"start":{"line":350,"column":20},"end":{"line":352,"column":23}},"142":{"start":{"line":360,"column":16},"end":{"line":360,"column":79}},"143":{"start":{"line":362,"column":16},"end":{"line":366,"column":19}},"144":{"start":{"line":363,"column":20},"end":{"line":363,"column":37}},"145":{"start":{"line":364,"column":20},"end":{"line":364,"column":37}},"146":{"start":{"line":365,"column":20},"end":{"line":365,"column":53}},"147":{"start":{"line":368,"column":16},"end":{"line":370,"column":19}},"148":{"start":{"line":369,"column":20},"end":{"line":369,"column":42}},"149":{"start":{"line":372,"column":16},"end":{"line":376,"column":19}},"150":{"start":{"line":373,"column":20},"end":{"line":373,"column":37}},"151":{"start":{"line":374,"column":20},"end":{"line":374,"column":37}},"152":{"start":{"line":375,"column":20},"end":{"line":375,"column":53}},"153":{"start":{"line":380,"column":16},"end":{"line":380,"column":41}},"154":{"start":{"line":381,"column":16},"end":{"line":381,"column":38}},"155":{"start":{"line":386,"column":4},"end":{"line":386,"column":14}},"156":{"start":{"line":391,"column":0},"end":{"line":391,"column":21}},"157":{"start":{"line":395,"column":0},"end":{"line":684,"column":1}},"158":{"start":{"line":399,"column":4},"end":{"line":399,"column":13}},"159":{"start":{"line":404,"column":4},"end":{"line":407,"column":5}},"160":{"start":{"line":405,"column":8},"end":{"line":405,"column":145}},"161":{"start":{"line":406,"column":8},"end":{"line":406,"column":43}},"162":{"start":{"line":409,"column":4},"end":{"line":411,"column":5}},"163":{"start":{"line":410,"column":8},"end":{"line":410,"column":25}},"164":{"start":{"line":413,"column":4},"end":{"line":414,"column":86}},"165":{"start":{"line":416,"column":4},"end":{"line":416,"column":39}},"166":{"start":{"line":417,"column":4},"end":{"line":417,"column":24}},"167":{"start":{"line":418,"column":4},"end":{"line":426,"column":7}},"168":{"start":{"line":419,"column":8},"end":{"line":425,"column":9}},"169":{"start":{"line":420,"column":12},"end":{"line":420,"column":48}},"170":{"start":{"line":422,"column":12},"end":{"line":424,"column":13}},"171":{"start":{"line":423,"column":16},"end":{"line":423,"column":31}},"172":{"start":{"line":432,"column":4},"end":{"line":432,"column":30}},"173":{"start":{"line":434,"column":4},"end":{"line":434,"column":29}},"174":{"start":{"line":435,"column":4},"end":{"line":435,"column":39}},"175":{"start":{"line":436,"column":4},"end":{"line":436,"column":45}},"176":{"start":{"line":437,"column":4},"end":{"line":437,"column":86}},"177":{"start":{"line":438,"column":4},"end":{"line":438,"column":45}},"178":{"start":{"line":439,"column":4},"end":{"line":439,"column":43}},"179":{"start":{"line":443,"column":4},"end":{"line":443,"column":63}},"180":{"start":{"line":446,"column":4},"end":{"line":449,"column":5}},"181":{"start":{"line":448,"column":8},"end":{"line":448,"column":87}},"182":{"start":{"line":453,"column":4},"end":{"line":453,"column":59}},"183":{"start":{"line":454,"column":4},"end":{"line":454,"column":56}},"184":{"start":{"line":459,"column":4},"end":{"line":459,"column":27}},"185":{"start":{"line":461,"column":4},"end":{"line":500,"column":5}},"186":{"start":{"line":462,"column":8},"end":{"line":490,"column":9}},"187":{"start":{"line":463,"column":12},"end":{"line":463,"column":72}},"188":{"start":{"line":464,"column":12},"end":{"line":464,"column":35}},"189":{"start":{"line":467,"column":12},"end":{"line":488,"column":13}},"190":{"start":{"line":468,"column":16},"end":{"line":468,"column":28}},"191":{"start":{"line":469,"column":16},"end":{"line":469,"column":104}},"192":{"start":{"line":470,"column":16},"end":{"line":470,"column":39}},"193":{"start":{"line":473,"column":16},"end":{"line":473,"column":28}},"194":{"start":{"line":474,"column":16},"end":{"line":474,"column":159}},"195":{"start":{"line":475,"column":16},"end":{"line":475,"column":104}},"196":{"start":{"line":477,"column":16},"end":{"line":487,"column":17}},"197":{"start":{"line":478,"column":20},"end":{"line":478,"column":103}},"198":{"start":{"line":479,"column":20},"end":{"line":479,"column":42}},"199":{"start":{"line":485,"column":20},"end":{"line":485,"column":57}},"200":{"start":{"line":486,"column":20},"end":{"line":486,"column":27}},"201":{"start":{"line":493,"column":8},"end":{"line":493,"column":51}},"202":{"start":{"line":494,"column":8},"end":{"line":494,"column":34}},"203":{"start":{"line":495,"column":8},"end":{"line":495,"column":97}},"204":{"start":{"line":496,"column":8},"end":{"line":496,"column":39}},"205":{"start":{"line":497,"column":8},"end":{"line":499,"column":9}},"206":{"start":{"line":498,"column":12},"end":{"line":498,"column":74}},"207":{"start":{"line":503,"column":4},"end":{"line":503,"column":35}},"208":{"start":{"line":504,"column":4},"end":{"line":504,"column":31}},"209":{"start":{"line":509,"column":4},"end":{"line":509,"column":59}},"210":{"start":{"line":511,"column":4},"end":{"line":513,"column":6}},"211":{"start":{"line":515,"column":4},"end":{"line":515,"column":25}},"212":{"start":{"line":517,"column":4},"end":{"line":525,"column":5}},"213":{"start":{"line":518,"column":8},"end":{"line":518,"column":26}},"214":{"start":{"line":519,"column":8},"end":{"line":524,"column":11}},"215":{"start":{"line":520,"column":12},"end":{"line":523,"column":13}},"216":{"start":{"line":521,"column":16},"end":{"line":521,"column":33}},"217":{"start":{"line":522,"column":16},"end":{"line":522,"column":23}},"218":{"start":{"line":527,"column":4},"end":{"line":527,"column":28}},"219":{"start":{"line":528,"column":4},"end":{"line":528,"column":32}},"220":{"start":{"line":530,"column":4},"end":{"line":613,"column":5}},"221":{"start":{"line":531,"column":8},"end":{"line":535,"column":9}},"222":{"start":{"line":532,"column":12},"end":{"line":534,"column":15}},"223":{"start":{"line":533,"column":16},"end":{"line":533,"column":25}},"224":{"start":{"line":537,"column":9},"end":{"line":613,"column":5}},"225":{"start":{"line":539,"column":8},"end":{"line":564,"column":9}},"226":{"start":{"line":541,"column":12},"end":{"line":541,"column":49}},"227":{"start":{"line":543,"column":12},"end":{"line":563,"column":13}},"228":{"start":{"line":544,"column":16},"end":{"line":546,"column":19}},"229":{"start":{"line":545,"column":20},"end":{"line":545,"column":29}},"230":{"start":{"line":549,"column":16},"end":{"line":560,"column":19}},"231":{"start":{"line":550,"column":20},"end":{"line":559,"column":21}},"232":{"start":{"line":551,"column":24},"end":{"line":551,"column":67}},"233":{"start":{"line":552,"column":24},"end":{"line":555,"column":25}},"234":{"start":{"line":553,"column":28},"end":{"line":553,"column":51}},"235":{"start":{"line":554,"column":28},"end":{"line":554,"column":37}},"236":{"start":{"line":557,"column":25},"end":{"line":559,"column":21}},"237":{"start":{"line":558,"column":24},"end":{"line":558,"column":39}},"238":{"start":{"line":562,"column":16},"end":{"line":562,"column":72}},"239":{"start":{"line":567,"column":8},"end":{"line":612,"column":9}},"240":{"start":{"line":572,"column":12},"end":{"line":572,"column":26}},"241":{"start":{"line":573,"column":12},"end":{"line":583,"column":13}},"242":{"start":{"line":575,"column":16},"end":{"line":575,"column":103}},"243":{"start":{"line":576,"column":16},"end":{"line":576,"column":111}},"244":{"start":{"line":579,"column":16},"end":{"line":579,"column":99}},"245":{"start":{"line":580,"column":16},"end":{"line":582,"column":19}},"246":{"start":{"line":581,"column":20},"end":{"line":581,"column":28}},"247":{"start":{"line":585,"column":12},"end":{"line":585,"column":48}},"248":{"start":{"line":587,"column":12},"end":{"line":587,"column":38}},"249":{"start":{"line":589,"column":12},"end":{"line":602,"column":15}},"250":{"start":{"line":590,"column":16},"end":{"line":590,"column":166}},"251":{"start":{"line":591,"column":16},"end":{"line":599,"column":17}},"252":{"start":{"line":592,"column":20},"end":{"line":598,"column":23}},"253":{"start":{"line":601,"column":16},"end":{"line":601,"column":82}},"254":{"start":{"line":604,"column":12},"end":{"line":610,"column":15}},"255":{"start":{"line":605,"column":16},"end":{"line":609,"column":19}},"256":{"start":{"line":606,"column":20},"end":{"line":608,"column":24}},"257":{"start":{"line":607,"column":24},"end":{"line":607,"column":40}},"258":{"start":{"line":615,"column":4},"end":{"line":679,"column":5}},"259":{"start":{"line":617,"column":8},"end":{"line":617,"column":59}},"260":{"start":{"line":619,"column":8},"end":{"line":678,"column":11}},"261":{"start":{"line":620,"column":12},"end":{"line":676,"column":13}},"262":{"start":{"line":621,"column":16},"end":{"line":621,"column":41}},"263":{"start":{"line":625,"column":16},"end":{"line":675,"column":19}},"264":{"start":{"line":627,"column":20},"end":{"line":629,"column":21}},"265":{"start":{"line":628,"column":24},"end":{"line":628,"column":49}},"266":{"start":{"line":631,"column":20},"end":{"line":673,"column":21}},"267":{"start":{"line":632,"column":24},"end":{"line":637,"column":25}},"268":{"start":{"line":633,"column":28},"end":{"line":633,"column":107}},"269":{"start":{"line":636,"column":28},"end":{"line":636,"column":146}},"270":{"start":{"line":639,"column":24},"end":{"line":641,"column":27}},"271":{"start":{"line":640,"column":28},"end":{"line":640,"column":102}},"272":{"start":{"line":644,"column":24},"end":{"line":644,"column":70}},"273":{"start":{"line":646,"column":24},"end":{"line":672,"column":27}},"274":{"start":{"line":647,"column":28},"end":{"line":671,"column":29}},"275":{"start":{"line":648,"column":32},"end":{"line":650,"column":35}},"276":{"start":{"line":649,"column":36},"end":{"line":649,"column":74}},"277":{"start":{"line":651,"column":32},"end":{"line":655,"column":35}},"278":{"start":{"line":652,"column":36},"end":{"line":652,"column":87}},"279":{"start":{"line":653,"column":36},"end":{"line":653,"column":52}},"280":{"start":{"line":654,"column":36},"end":{"line":654,"column":60}},"281":{"start":{"line":657,"column":32},"end":{"line":659,"column":35}},"282":{"start":{"line":658,"column":36},"end":{"line":658,"column":60}},"283":{"start":{"line":660,"column":32},"end":{"line":662,"column":33}},"284":{"start":{"line":661,"column":36},"end":{"line":661,"column":60}},"285":{"start":{"line":664,"column":33},"end":{"line":671,"column":29}},"286":{"start":{"line":665,"column":32},"end":{"line":667,"column":34}},"287":{"start":{"line":666,"column":36},"end":{"line":666,"column":60}},"288":{"start":{"line":670,"column":32},"end":{"line":670,"column":56}},"289":{"start":{"line":681,"column":4},"end":{"line":681,"column":19}},"290":{"start":{"line":682,"column":4},"end":{"line":682,"column":80}},"291":{"start":{"line":683,"column":4},"end":{"line":683,"column":21}},"292":{"start":{"line":687,"column":0},"end":{"line":692,"column":2}}},"branchMap":{"1":{"line":91,"type":"if","locations":[{"start":{"line":91,"column":4},"end":{"line":91,"column":4}},{"start":{"line":91,"column":4},"end":{"line":91,"column":4}}]},"2":{"line":91,"type":"binary-expr","locations":[{"start":{"line":91,"column":8},"end":{"line":91,"column":18}},{"start":{"line":91,"column":22},"end":{"line":91,"column":33}}]},"3":{"line":95,"type":"if","locations":[{"start":{"line":95,"column":4},"end":{"line":95,"column":4}},{"start":{"line":95,"column":4},"end":{"line":95,"column":4}}]},"4":{"line":95,"type":"binary-expr","locations":[{"start":{"line":95,"column":8},"end":{"line":95,"column":17}},{"start":{"line":95,"column":21},"end":{"line":95,"column":31}}]},"5":{"line":102,"type":"if","locations":[{"start":{"line":102,"column":8},"end":{"line":102,"column":8}},{"start":{"line":102,"column":8},"end":{"line":102,"column":8}}]},"6":{"line":103,"type":"binary-expr","locations":[{"start":{"line":103,"column":25},"end":{"line":103,"column":36}},{"start":{"line":103,"column":40},"end":{"line":103,"column":76}}]},"7":{"line":109,"type":"if","locations":[{"start":{"line":109,"column":12},"end":{"line":109,"column":12}},{"start":{"line":109,"column":12},"end":{"line":109,"column":12}}]},"8":{"line":127,"type":"if","locations":[{"start":{"line":127,"column":4},"end":{"line":127,"column":4}},{"start":{"line":127,"column":4},"end":{"line":127,"column":4}}]},"9":{"line":131,"type":"if","locations":[{"start":{"line":131,"column":9},"end":{"line":131,"column":9}},{"start":{"line":131,"column":9},"end":{"line":131,"column":9}}]},"10":{"line":133,"type":"if","locations":[{"start":{"line":133,"column":12},"end":{"line":133,"column":12}},{"start":{"line":133,"column":12},"end":{"line":133,"column":12}}]},"11":{"line":158,"type":"binary-expr","locations":[{"start":{"line":158,"column":18},"end":{"line":158,"column":25}},{"start":{"line":158,"column":29},"end":{"line":158,"column":33}}]},"12":{"line":162,"type":"if","locations":[{"start":{"line":162,"column":8},"end":{"line":162,"column":8}},{"start":{"line":162,"column":8},"end":{"line":162,"column":8}}]},"13":{"line":168,"type":"binary-expr","locations":[{"start":{"line":168,"column":14},"end":{"line":168,"column":21}},{"start":{"line":168,"column":25},"end":{"line":170,"column":9}}]},"14":{"line":181,"type":"if","locations":[{"start":{"line":181,"column":8},"end":{"line":181,"column":8}},{"start":{"line":181,"column":8},"end":{"line":181,"column":8}}]},"15":{"line":186,"type":"if","locations":[{"start":{"line":186,"column":8},"end":{"line":186,"column":8}},{"start":{"line":186,"column":8},"end":{"line":186,"column":8}}]},"16":{"line":191,"type":"if","locations":[{"start":{"line":191,"column":4},"end":{"line":191,"column":4}},{"start":{"line":191,"column":4},"end":{"line":191,"column":4}}]},"17":{"line":199,"type":"if","locations":[{"start":{"line":199,"column":8},"end":{"line":199,"column":8}},{"start":{"line":199,"column":8},"end":{"line":199,"column":8}}]},"18":{"line":203,"type":"if","locations":[{"start":{"line":203,"column":8},"end":{"line":203,"column":8}},{"start":{"line":203,"column":8},"end":{"line":203,"column":8}}]},"19":{"line":270,"type":"binary-expr","locations":[{"start":{"line":270,"column":10},"end":{"line":270,"column":13}},{"start":{"line":270,"column":17},"end":{"line":270,"column":19}}]},"20":{"line":274,"type":"if","locations":[{"start":{"line":274,"column":4},"end":{"line":274,"column":4}},{"start":{"line":274,"column":4},"end":{"line":274,"column":4}}]},"21":{"line":278,"type":"cond-expr","locations":[{"start":{"line":278,"column":39},"end":{"line":278,"column":116}},{"start":{"line":278,"column":119},"end":{"line":278,"column":123}}]},"22":{"line":285,"type":"if","locations":[{"start":{"line":285,"column":4},"end":{"line":285,"column":4}},{"start":{"line":285,"column":4},"end":{"line":285,"column":4}}]},"23":{"line":296,"type":"if","locations":[{"start":{"line":296,"column":8},"end":{"line":296,"column":8}},{"start":{"line":296,"column":8},"end":{"line":296,"column":8}}]},"24":{"line":306,"type":"if","locations":[{"start":{"line":306,"column":8},"end":{"line":306,"column":8}},{"start":{"line":306,"column":8},"end":{"line":306,"column":8}}]},"25":{"line":310,"type":"if","locations":[{"start":{"line":310,"column":13},"end":{"line":310,"column":13}},{"start":{"line":310,"column":13},"end":{"line":310,"column":13}}]},"26":{"line":318,"type":"if","locations":[{"start":{"line":318,"column":16},"end":{"line":318,"column":16}},{"start":{"line":318,"column":16},"end":{"line":318,"column":16}}]},"27":{"line":323,"type":"binary-expr","locations":[{"start":{"line":323,"column":38},"end":{"line":323,"column":47}},{"start":{"line":323,"column":51},"end":{"line":323,"column":71}}]},"28":{"line":404,"type":"if","locations":[{"start":{"line":404,"column":4},"end":{"line":404,"column":4}},{"start":{"line":404,"column":4},"end":{"line":404,"column":4}}]},"29":{"line":409,"type":"if","locations":[{"start":{"line":409,"column":4},"end":{"line":409,"column":4}},{"start":{"line":409,"column":4},"end":{"line":409,"column":4}}]},"30":{"line":413,"type":"cond-expr","locations":[{"start":{"line":413,"column":43},"end":{"line":413,"column":66}},{"start":{"line":414,"column":9},"end":{"line":414,"column":84}}]},"31":{"line":414,"type":"binary-expr","locations":[{"start":{"line":414,"column":9},"end":{"line":414,"column":46}},{"start":{"line":414,"column":50},"end":{"line":414,"column":84}}]},"32":{"line":419,"type":"if","locations":[{"start":{"line":419,"column":8},"end":{"line":419,"column":8}},{"start":{"line":419,"column":8},"end":{"line":419,"column":8}}]},"33":{"line":422,"type":"if","locations":[{"start":{"line":422,"column":12},"end":{"line":422,"column":12}},{"start":{"line":422,"column":12},"end":{"line":422,"column":12}}]},"34":{"line":434,"type":"binary-expr","locations":[{"start":{"line":434,"column":17},"end":{"line":434,"column":22}},{"start":{"line":434,"column":26},"end":{"line":434,"column":28}}]},"35":{"line":436,"type":"binary-expr","locations":[{"start":{"line":436,"column":23},"end":{"line":436,"column":38}},{"start":{"line":436,"column":42},"end":{"line":436,"column":44}}]},"36":{"line":437,"type":"cond-expr","locations":[{"start":{"line":437,"column":72},"end":{"line":437,"column":77}},{"start":{"line":437,"column":80},"end":{"line":437,"column":85}}]},"37":{"line":438,"type":"binary-expr","locations":[{"start":{"line":438,"column":24},"end":{"line":438,"column":35}},{"start":{"line":438,"column":39},"end":{"line":438,"column":44}}]},"38":{"line":439,"type":"binary-expr","locations":[{"start":{"line":439,"column":21},"end":{"line":439,"column":34}},{"start":{"line":439,"column":38},"end":{"line":439,"column":42}}]},"39":{"line":443,"type":"binary-expr","locations":[{"start":{"line":443,"column":42},"end":{"line":443,"column":50}},{"start":{"line":443,"column":54},"end":{"line":443,"column":62}}]},"40":{"line":446,"type":"if","locations":[{"start":{"line":446,"column":4},"end":{"line":446,"column":4}},{"start":{"line":446,"column":4},"end":{"line":446,"column":4}}]},"41":{"line":453,"type":"binary-expr","locations":[{"start":{"line":453,"column":21},"end":{"line":453,"column":35}},{"start":{"line":453,"column":39},"end":{"line":453,"column":58}}]},"42":{"line":454,"type":"binary-expr","locations":[{"start":{"line":454,"column":28},"end":{"line":454,"column":49}},{"start":{"line":454,"column":53},"end":{"line":454,"column":55}}]},"43":{"line":461,"type":"if","locations":[{"start":{"line":461,"column":4},"end":{"line":461,"column":4}},{"start":{"line":461,"column":4},"end":{"line":461,"column":4}}]},"44":{"line":497,"type":"if","locations":[{"start":{"line":497,"column":8},"end":{"line":497,"column":8}},{"start":{"line":497,"column":8},"end":{"line":497,"column":8}}]},"45":{"line":497,"type":"binary-expr","locations":[{"start":{"line":497,"column":12},"end":{"line":497,"column":16}},{"start":{"line":497,"column":20},"end":{"line":497,"column":24}}]},"46":{"line":498,"type":"binary-expr","locations":[{"start":{"line":498,"column":53},"end":{"line":498,"column":57}},{"start":{"line":498,"column":61},"end":{"line":498,"column":65}}]},"47":{"line":517,"type":"if","locations":[{"start":{"line":517,"column":4},"end":{"line":517,"column":4}},{"start":{"line":517,"column":4},"end":{"line":517,"column":4}}]},"48":{"line":520,"type":"if","locations":[{"start":{"line":520,"column":12},"end":{"line":520,"column":12}},{"start":{"line":520,"column":12},"end":{"line":520,"column":12}}]},"49":{"line":530,"type":"if","locations":[{"start":{"line":530,"column":4},"end":{"line":530,"column":4}},{"start":{"line":530,"column":4},"end":{"line":530,"column":4}}]},"50":{"line":537,"type":"if","locations":[{"start":{"line":537,"column":9},"end":{"line":537,"column":9}},{"start":{"line":537,"column":9},"end":{"line":537,"column":9}}]},"51":{"line":543,"type":"if","locations":[{"start":{"line":543,"column":12},"end":{"line":543,"column":12}},{"start":{"line":543,"column":12},"end":{"line":543,"column":12}}]},"52":{"line":550,"type":"if","locations":[{"start":{"line":550,"column":20},"end":{"line":550,"column":20}},{"start":{"line":550,"column":20},"end":{"line":550,"column":20}}]},"53":{"line":552,"type":"if","locations":[{"start":{"line":552,"column":24},"end":{"line":552,"column":24}},{"start":{"line":552,"column":24},"end":{"line":552,"column":24}}]},"54":{"line":557,"type":"if","locations":[{"start":{"line":557,"column":25},"end":{"line":557,"column":25}},{"start":{"line":557,"column":25},"end":{"line":557,"column":25}}]},"55":{"line":591,"type":"if","locations":[{"start":{"line":591,"column":16},"end":{"line":591,"column":16}},{"start":{"line":591,"column":16},"end":{"line":591,"column":16}}]},"56":{"line":620,"type":"if","locations":[{"start":{"line":620,"column":12},"end":{"line":620,"column":12}},{"start":{"line":620,"column":12},"end":{"line":620,"column":12}}]},"57":{"line":627,"type":"if","locations":[{"start":{"line":627,"column":20},"end":{"line":627,"column":20}},{"start":{"line":627,"column":20},"end":{"line":627,"column":20}}]},"58":{"line":631,"type":"if","locations":[{"start":{"line":631,"column":20},"end":{"line":631,"column":20}},{"start":{"line":631,"column":20},"end":{"line":631,"column":20}}]},"59":{"line":631,"type":"binary-expr","locations":[{"start":{"line":631,"column":24},"end":{"line":631,"column":35}},{"start":{"line":631,"column":39},"end":{"line":631,"column":46}}]},"60":{"line":632,"type":"if","locations":[{"start":{"line":632,"column":24},"end":{"line":632,"column":24}},{"start":{"line":632,"column":24},"end":{"line":632,"column":24}}]},"61":{"line":647,"type":"if","locations":[{"start":{"line":647,"column":28},"end":{"line":647,"column":28}},{"start":{"line":647,"column":28},"end":{"line":647,"column":28}}]},"62":{"line":660,"type":"if","locations":[{"start":{"line":660,"column":32},"end":{"line":660,"column":32}},{"start":{"line":660,"column":32},"end":{"line":660,"column":32}}]},"63":{"line":664,"type":"if","locations":[{"start":{"line":664,"column":33},"end":{"line":664,"column":33}},{"start":{"line":664,"column":33},"end":{"line":664,"column":33}}]},"64":{"line":682,"type":"cond-expr","locations":[{"start":{"line":682,"column":27},"end":{"line":682,"column":50}},{"start":{"line":682,"column":53},"end":{"line":682,"column":79}}]}}},"/Users/amills001c/WebstormProjects/oresoftware/suman/lib/debugging-helper/we-are-debugging.js":{"path":"/Users/amills001c/WebstormProjects/oresoftware/suman/lib/debugging-helper/we-are-debugging.js","s":{"1":1,"2":1,"3":1,"4":1,"5":0,"6":1,"7":1,"8":0,"9":1},"b":{"1":[0,1],"2":[0,1],"3":[1,1]},"f":{},"fnMap":{},"statementMap":{"1":{"start":{"line":6,"column":0},"end":{"line":6,"column":41}},"2":{"start":{"line":7,"column":0},"end":{"line":7,"column":43}},"3":{"start":{"line":11,"column":0},"end":{"line":11,"column":48}},"4":{"start":{"line":12,"column":0},"end":{"line":14,"column":1}},"5":{"start":{"line":13,"column":4},"end":{"line":13,"column":61}},"6":{"start":{"line":16,"column":0},"end":{"line":16,"column":55}},"7":{"start":{"line":18,"column":0},"end":{"line":20,"column":1}},"8":{"start":{"line":19,"column":4},"end":{"line":19,"column":62}},"9":{"start":{"line":23,"column":0},"end":{"line":23,"column":64}}},"branchMap":{"1":{"line":12,"type":"if","locations":[{"start":{"line":12,"column":0},"end":{"line":12,"column":0}},{"start":{"line":12,"column":0},"end":{"line":12,"column":0}}]},"2":{"line":18,"type":"if","locations":[{"start":{"line":18,"column":0},"end":{"line":18,"column":0}},{"start":{"line":18,"column":0},"end":{"line":18,"column":0}}]},"3":{"line":23,"type":"binary-expr","locations":[{"start":{"line":23,"column":41},"end":{"line":23,"column":48}},{"start":{"line":23,"column":52},"end":{"line":23,"column":63}}]}}},"/Users/amills001c/WebstormProjects/oresoftware/suman/lib/suman.js":{"path":"/Users/amills001c/WebstormProjects/oresoftware/suman/lib/suman.js","s":{"1":1,"2":1,"3":1,"4":1,"5":0,"6":1,"7":1,"8":0,"9":1,"10":1,"11":1,"12":1,"13":1,"14":1,"15":1,"16":1,"17":1,"18":1,"19":1,"20":1,"21":1,"22":1,"23":1,"24":1,"25":1,"26":1,"27":1,"28":1,"29":1,"30":1,"31":1,"32":1,"33":1,"34":1,"35":1,"36":1,"37":1,"38":1,"39":1,"40":1,"41":1,"42":1,"43":1,"44":1,"45":0,"46":1,"47":0,"48":0,"49":0,"50":0,"51":0,"52":0,"53":0,"54":0,"55":0,"56":0,"57":0,"58":0,"59":0,"60":0,"61":0,"62":0,"63":0,"64":0,"65":0,"66":0,"67":0,"68":0,"69":0,"70":0,"71":0,"72":0,"73":0,"74":0,"75":0,"76":0,"77":0,"78":0,"79":0,"80":0,"81":0,"82":0,"83":0,"84":0,"85":0,"86":0,"87":0,"88":1,"89":1,"90":1,"91":1,"92":0,"93":0,"94":1,"95":1,"96":0,"97":1,"98":1,"99":1,"100":1,"101":0,"102":1,"103":1,"104":1,"105":0,"106":0,"107":0,"108":0,"109":0,"110":0,"111":0,"112":0,"113":0,"114":0,"115":0,"116":1,"117":0,"118":0,"119":0,"120":0,"121":0,"122":0,"123":0,"124":0,"125":1,"126":1,"127":1,"128":1,"129":1,"130":1,"131":1,"132":1,"133":1,"134":1,"135":1,"136":1,"137":1,"138":1,"139":0,"140":0,"141":1,"142":1,"143":0,"144":1,"145":0,"146":0,"147":1,"148":1,"149":0,"150":0,"151":1,"152":1,"153":0,"154":1,"155":0,"156":0,"157":1,"158":1,"159":0,"160":1,"161":0,"162":0,"163":1,"164":1,"165":0,"166":1,"167":1,"168":0,"169":1,"170":1,"171":0,"172":0,"173":1,"174":1,"175":1,"176":1,"177":1,"178":1,"179":1,"180":1,"181":1,"182":1,"183":1,"184":1,"185":1,"186":1,"187":1,"188":1,"189":1,"190":1,"191":1,"192":1,"193":1,"194":1,"195":1,"196":0,"197":0,"198":1,"199":0,"200":0,"201":1,"202":1,"203":1,"204":0,"205":1,"206":0,"207":0,"208":0,"209":0,"210":0,"211":0,"212":0,"213":0,"214":0,"215":0,"216":0,"217":0,"218":0,"219":0,"220":0,"221":0,"222":0,"223":0,"224":0,"225":0,"226":1,"227":1,"228":1,"229":1,"230":1,"231":0,"232":1,"233":0,"234":1,"235":0,"236":1,"237":0,"238":0,"239":0,"240":0,"241":0,"242":1,"243":1,"244":1,"245":1,"246":1,"247":1,"248":0,"249":1,"250":1,"251":1,"252":1,"253":0,"254":0,"255":0,"256":1,"257":1,"258":0,"259":1,"260":1,"261":1,"262":0,"263":1,"264":1,"265":1,"266":1,"267":1,"268":0,"269":1,"270":0,"271":1,"272":1,"273":1,"274":0,"275":0,"276":0,"277":0,"278":1},"b":{"1":[0,1],"2":[0,1],"3":[0,0],"4":[0,0],"5":[0,0],"6":[0,0],"7":[0,0],"8":[0,0],"9":[0,0],"10":[0,0],"11":[0,0],"12":[0,0],"13":[0,0,0],"14":[0,0],"15":[0,0],"16":[0,0],"17":[0,0],"18":[0,0],"19":[0,0],"20":[0,1],"21":[0,1],"22":[0,0],"23":[0,0],"24":[0,0],"25":[0,0],"26":[0,0],"27":[0,0],"28":[1,0],"29":[0,1],"30":[1,0],"31":[0,1],"32":[1,1],"33":[0,1],"34":[1,1],"35":[0,0],"36":[0,1],"37":[1,1],"38":[0,0,0],"39":[0,1],"40":[1,1],"41":[0,0,0],"42":[0,1],"43":[0,1],"44":[0,0],"45":[1,1],"46":[0,1],"47":[0,1],"48":[1,0],"49":[0,0],"50":[0,0],"51":[0,0],"52":[0,0],"53":[0,0],"54":[0,0],"55":[0,0],"56":[0,1],"57":[0,1],"58":[0,1],"59":[1,0],"60":[0,1],"61":[1,0],"62":[1,1],"63":[0,1],"64":[1,0],"65":[1,1],"66":[0,1],"67":[0,0],"68":[1,1],"69":[1,0],"70":[0,1],"71":[0,1],"72":[1,0]},"f":{"1":1,"2":0,"3":0,"4":0,"5":0,"6":0,"7":0,"8":0,"9":0,"10":0,"11":0,"12":0,"13":0,"14":0,"15":1,"16":1,"17":0,"18":0,"19":1,"20":1,"21":1,"22":1,"23":0,"24":0,"25":1,"26":1,"27":1,"28":0,"29":0,"30":1,"31":0,"32":0,"33":1,"34":0,"35":0,"36":1,"37":0,"38":0,"39":1,"40":0,"41":1,"42":0,"43":1,"44":0,"45":1,"46":1,"47":0},"fnMap":{"1":{"name":"Suman","line":53,"loc":{"start":{"line":53,"column":0},"end":{"line":53,"column":20}}},"2":{"name":"(anonymous_2)","line":74,"loc":{"start":{"line":74,"column":28},"end":{"line":74,"column":43}}},"3":{"name":"(anonymous_3)","line":79,"loc":{"start":{"line":79,"column":26},"end":{"line":79,"column":40}}},"4":{"name":"(anonymous_4)","line":108,"loc":{"start":{"line":108,"column":72},"end":{"line":108,"column":88}}},"5":{"name":"(anonymous_5)","line":123,"loc":{"start":{"line":123,"column":29},"end":{"line":123,"column":44}}},"6":{"name":"(anonymous_6)","line":127,"loc":{"start":{"line":127,"column":20},"end":{"line":127,"column":34}}},"7":{"name":"(anonymous_7)","line":129,"loc":{"start":{"line":129,"column":27},"end":{"line":129,"column":54}}},"8":{"name":"(anonymous_8)","line":132,"loc":{"start":{"line":132,"column":33},"end":{"line":132,"column":45}}},"9":{"name":"(anonymous_9)","line":143,"loc":{"start":{"line":143,"column":34},"end":{"line":143,"column":54}}},"10":{"name":"(anonymous_10)","line":153,"loc":{"start":{"line":153,"column":59},"end":{"line":153,"column":74}}},"11":{"name":"(anonymous_11)","line":155,"loc":{"start":{"line":155,"column":25},"end":{"line":155,"column":40}}},"12":{"name":"(anonymous_12)","line":164,"loc":{"start":{"line":164,"column":27},"end":{"line":164,"column":43}}},"13":{"name":"(anonymous_13)","line":166,"loc":{"start":{"line":166,"column":33},"end":{"line":166,"column":55}}},"14":{"name":"(anonymous_14)","line":172,"loc":{"start":{"line":172,"column":13},"end":{"line":172,"column":28}}},"15":{"name":"(anonymous_15)","line":179,"loc":{"start":{"line":179,"column":27},"end":{"line":179,"column":47}}},"16":{"name":"(anonymous_16)","line":185,"loc":{"start":{"line":185,"column":12},"end":{"line":185,"column":26}}},"17":{"name":"(anonymous_17)","line":187,"loc":{"start":{"line":187,"column":37},"end":{"line":187,"column":49}}},"18":{"name":"(anonymous_18)","line":195,"loc":{"start":{"line":195,"column":36},"end":{"line":195,"column":51}}},"19":{"name":"(anonymous_19)","line":199,"loc":{"start":{"line":199,"column":26},"end":{"line":199,"column":38}}},"20":{"name":"(anonymous_20)","line":200,"loc":{"start":{"line":200,"column":41},"end":{"line":200,"column":53}}},"21":{"name":"(anonymous_21)","line":207,"loc":{"start":{"line":207,"column":31},"end":{"line":207,"column":46}}},"22":{"name":"complete","line":217,"loc":{"start":{"line":217,"column":8},"end":{"line":217,"column":40}}},"23":{"name":"(anonymous_23)","line":225,"loc":{"start":{"line":225,"column":22},"end":{"line":225,"column":49}}},"24":{"name":"logFatalSuite","line":269,"loc":{"start":{"line":269,"column":32},"end":{"line":269,"column":61}}},"25":{"name":"(anonymous_25)","line":309,"loc":{"start":{"line":309,"column":30},"end":{"line":309,"column":51}}},"26":{"name":"(anonymous_26)","line":329,"loc":{"start":{"line":329,"column":48},"end":{"line":329,"column":65}}},"27":{"name":"(anonymous_27)","line":337,"loc":{"start":{"line":337,"column":50},"end":{"line":337,"column":67}}},"28":{"name":"(anonymous_28)","line":342,"loc":{"start":{"line":342,"column":80},"end":{"line":342,"column":96}}},"29":{"name":"(anonymous_29)","line":347,"loc":{"start":{"line":347,"column":18},"end":{"line":347,"column":43}}},"30":{"name":"(anonymous_30)","line":352,"loc":{"start":{"line":352,"column":50},"end":{"line":352,"column":67}}},"31":{"name":"(anonymous_31)","line":354,"loc":{"start":{"line":354,"column":76},"end":{"line":354,"column":92}}},"32":{"name":"(anonymous_32)","line":358,"loc":{"start":{"line":358,"column":18},"end":{"line":358,"column":43}}},"33":{"name":"(anonymous_33)","line":363,"loc":{"start":{"line":363,"column":49},"end":{"line":363,"column":66}}},"34":{"name":"(anonymous_34)","line":368,"loc":{"start":{"line":368,"column":80},"end":{"line":368,"column":96}}},"35":{"name":"(anonymous_35)","line":373,"loc":{"start":{"line":373,"column":18},"end":{"line":373,"column":43}}},"36":{"name":"(anonymous_36)","line":378,"loc":{"start":{"line":378,"column":49},"end":{"line":378,"column":66}}},"37":{"name":"(anonymous_37)","line":383,"loc":{"start":{"line":383,"column":80},"end":{"line":383,"column":96}}},"38":{"name":"(anonymous_38)","line":388,"loc":{"start":{"line":388,"column":18},"end":{"line":388,"column":43}}},"39":{"name":"(anonymous_39)","line":393,"loc":{"start":{"line":393,"column":48},"end":{"line":393,"column":65}}},"40":{"name":"(anonymous_40)","line":397,"loc":{"start":{"line":397,"column":18},"end":{"line":397,"column":43}}},"41":{"name":"logData","line":468,"loc":{"start":{"line":468,"column":26},"end":{"line":468,"column":49}}},"42":{"name":"(anonymous_42)","line":521,"loc":{"start":{"line":521,"column":28},"end":{"line":521,"column":44}}},"43":{"name":"makeSuman","line":598,"loc":{"start":{"line":598,"column":0},"end":{"line":598,"column":76}}},"44":{"name":"(anonymous_44)","line":627,"loc":{"start":{"line":627,"column":25},"end":{"line":627,"column":37}}},"45":{"name":"(anonymous_45)","line":645,"loc":{"start":{"line":645,"column":78},"end":{"line":645,"column":93}}},"46":{"name":"(anonymous_46)","line":706,"loc":{"start":{"line":706,"column":56},"end":{"line":706,"column":105}}},"47":{"name":"(anonymous_47)","line":726,"loc":{"start":{"line":726,"column":34},"end":{"line":726,"column":49}}}},"statementMap":{"1":{"start":{"line":7,"column":0},"end":{"line":7,"column":52}},"2":{"start":{"line":8,"column":0},"end":{"line":8,"column":60}},"3":{"start":{"line":12,"column":0},"end":{"line":12,"column":48}},"4":{"start":{"line":13,"column":0},"end":{"line":15,"column":1}},"5":{"start":{"line":14,"column":4},"end":{"line":14,"column":61}},"6":{"start":{"line":17,"column":0},"end":{"line":17,"column":55}},"7":{"start":{"line":18,"column":0},"end":{"line":20,"column":1}},"8":{"start":{"line":19,"column":4},"end":{"line":19,"column":62}},"9":{"start":{"line":26,"column":0},"end":{"line":26,"column":55}},"10":{"start":{"line":29,"column":0},"end":{"line":29,"column":25}},"11":{"start":{"line":30,"column":0},"end":{"line":30,"column":29}},"12":{"start":{"line":31,"column":0},"end":{"line":31,"column":33}},"13":{"start":{"line":35,"column":0},"end":{"line":35,"column":28}},"14":{"start":{"line":36,"column":0},"end":{"line":36,"column":37}},"15":{"start":{"line":37,"column":0},"end":{"line":37,"column":38}},"16":{"start":{"line":38,"column":0},"end":{"line":38,"column":31}},"17":{"start":{"line":39,"column":0},"end":{"line":39,"column":42}},"18":{"start":{"line":40,"column":0},"end":{"line":40,"column":31}},"19":{"start":{"line":41,"column":0},"end":{"line":41,"column":45}},"20":{"start":{"line":42,"column":0},"end":{"line":42,"column":65}},"21":{"start":{"line":45,"column":0},"end":{"line":45,"column":38}},"22":{"start":{"line":46,"column":0},"end":{"line":46,"column":53}},"23":{"start":{"line":47,"column":0},"end":{"line":47,"column":54}},"24":{"start":{"line":48,"column":0},"end":{"line":48,"column":55}},"25":{"start":{"line":49,"column":0},"end":{"line":49,"column":33}},"26":{"start":{"line":53,"column":0},"end":{"line":71,"column":1}},"27":{"start":{"line":54,"column":4},"end":{"line":54,"column":32}},"28":{"start":{"line":55,"column":4},"end":{"line":55,"column":35}},"29":{"start":{"line":56,"column":4},"end":{"line":56,"column":33}},"30":{"start":{"line":57,"column":4},"end":{"line":57,"column":33}},"31":{"start":{"line":58,"column":4},"end":{"line":58,"column":29}},"32":{"start":{"line":59,"column":4},"end":{"line":59,"column":57}},"33":{"start":{"line":60,"column":4},"end":{"line":60,"column":37}},"34":{"start":{"line":61,"column":4},"end":{"line":61,"column":37}},"35":{"start":{"line":62,"column":4},"end":{"line":62,"column":27}},"36":{"start":{"line":63,"column":4},"end":{"line":63,"column":39}},"37":{"start":{"line":64,"column":4},"end":{"line":64,"column":29}},"38":{"start":{"line":65,"column":4},"end":{"line":65,"column":35}},"39":{"start":{"line":66,"column":4},"end":{"line":66,"column":18}},"40":{"start":{"line":67,"column":4},"end":{"line":67,"column":38}},"41":{"start":{"line":68,"column":4},"end":{"line":68,"column":41}},"42":{"start":{"line":69,"column":4},"end":{"line":69,"column":33}},"43":{"start":{"line":70,"column":4},"end":{"line":70,"column":21}},"44":{"start":{"line":74,"column":0},"end":{"line":76,"column":2}},"45":{"start":{"line":75,"column":4},"end":{"line":75,"column":32}},"46":{"start":{"line":79,"column":0},"end":{"line":176,"column":2}},"47":{"start":{"line":81,"column":4},"end":{"line":81,"column":17}},"48":{"start":{"line":83,"column":4},"end":{"line":118,"column":7}},"49":{"start":{"line":89,"column":8},"end":{"line":116,"column":9}},"50":{"start":{"line":90,"column":12},"end":{"line":90,"column":147}},"51":{"start":{"line":91,"column":12},"end":{"line":91,"column":151}},"52":{"start":{"line":94,"column":13},"end":{"line":116,"column":9}},"53":{"start":{"line":95,"column":12},"end":{"line":95,"column":152}},"54":{"start":{"line":96,"column":12},"end":{"line":96,"column":156}},"55":{"start":{"line":98,"column":13},"end":{"line":116,"column":9}},"56":{"start":{"line":100,"column":12},"end":{"line":100,"column":28}},"57":{"start":{"line":104,"column":12},"end":{"line":104,"column":50}},"58":{"start":{"line":106,"column":12},"end":{"line":115,"column":13}},"59":{"start":{"line":108,"column":16},"end":{"line":110,"column":19}},"60":{"start":{"line":109,"column":20},"end":{"line":109,"column":46}},"61":{"start":{"line":113,"column":16},"end":{"line":114,"column":78}},"62":{"start":{"line":121,"column":4},"end":{"line":121,"column":18}},"63":{"start":{"line":123,"column":4},"end":{"line":125,"column":7}},"64":{"start":{"line":124,"column":8},"end":{"line":124,"column":28}},"65":{"start":{"line":127,"column":4},"end":{"line":162,"column":7}},"66":{"start":{"line":129,"column":8},"end":{"line":160,"column":11}},"67":{"start":{"line":131,"column":12},"end":{"line":158,"column":13}},"68":{"start":{"line":132,"column":16},"end":{"line":134,"column":19}},"69":{"start":{"line":133,"column":20},"end":{"line":133,"column":34}},"70":{"start":{"line":136,"column":17},"end":{"line":158,"column":13}},"71":{"start":{"line":137,"column":16},"end":{"line":137,"column":38}},"72":{"start":{"line":138,"column":16},"end":{"line":138,"column":40}},"73":{"start":{"line":139,"column":16},"end":{"line":139,"column":72}},"74":{"start":{"line":140,"column":16},"end":{"line":142,"column":17}},"75":{"start":{"line":141,"column":20},"end":{"line":141,"column":92}},"76":{"start":{"line":143,"column":16},"end":{"line":150,"column":20}},"77":{"start":{"line":144,"column":20},"end":{"line":149,"column":21}},"78":{"start":{"line":145,"column":24},"end":{"line":145,"column":36}},"79":{"start":{"line":148,"column":24},"end":{"line":148,"column":37}},"80":{"start":{"line":153,"column":16},"end":{"line":157,"column":19}},"81":{"start":{"line":154,"column":20},"end":{"line":154,"column":33}},"82":{"start":{"line":156,"column":20},"end":{"line":156,"column":32}},"83":{"start":{"line":164,"column":4},"end":{"line":174,"column":7}},"84":{"start":{"line":166,"column":8},"end":{"line":168,"column":11}},"85":{"start":{"line":167,"column":12},"end":{"line":167,"column":35}},"86":{"start":{"line":170,"column":8},"end":{"line":170,"column":22}},"87":{"start":{"line":173,"column":8},"end":{"line":173,"column":20}},"88":{"start":{"line":179,"column":0},"end":{"line":222,"column":2}},"89":{"start":{"line":181,"column":4},"end":{"line":181,"column":20}},"90":{"start":{"line":183,"column":4},"end":{"line":220,"column":11}},"91":{"start":{"line":186,"column":16},"end":{"line":214,"column":17}},"92":{"start":{"line":187,"column":20},"end":{"line":189,"column":23}},"93":{"start":{"line":188,"column":24},"end":{"line":188,"column":33}},"94":{"start":{"line":193,"column":20},"end":{"line":193,"column":46}},"95":{"start":{"line":195,"column":20},"end":{"line":197,"column":23}},"96":{"start":{"line":196,"column":24},"end":{"line":196,"column":49}},"97":{"start":{"line":199,"column":20},"end":{"line":213,"column":23}},"98":{"start":{"line":200,"column":24},"end":{"line":212,"column":27}},"99":{"start":{"line":201,"column":28},"end":{"line":211,"column":31}},"100":{"start":{"line":208,"column":32},"end":{"line":209,"column":68}},"101":{"start":{"line":209,"column":36},"end":{"line":209,"column":68}},"102":{"start":{"line":210,"column":32},"end":{"line":210,"column":41}},"103":{"start":{"line":219,"column":12},"end":{"line":219,"column":35}},"104":{"start":{"line":225,"column":0},"end":{"line":266,"column":2}},"105":{"start":{"line":227,"column":4},"end":{"line":227,"column":20}},"106":{"start":{"line":229,"column":4},"end":{"line":235,"column":6}},"107":{"start":{"line":237,"column":4},"end":{"line":265,"column":5}},"108":{"start":{"line":242,"column":8},"end":{"line":242,"column":17}},"109":{"start":{"line":243,"column":8},"end":{"line":264,"column":9}},"110":{"start":{"line":244,"column":12},"end":{"line":244,"column":40}},"111":{"start":{"line":245,"column":12},"end":{"line":245,"column":60}},"112":{"start":{"line":248,"column":13},"end":{"line":264,"column":9}},"113":{"start":{"line":249,"column":12},"end":{"line":249,"column":40}},"114":{"start":{"line":250,"column":12},"end":{"line":250,"column":60}},"115":{"start":{"line":254,"column":12},"end":{"line":254,"column":88}},"116":{"start":{"line":269,"column":0},"end":{"line":307,"column":2}},"117":{"start":{"line":272,"column":4},"end":{"line":277,"column":6}},"118":{"start":{"line":280,"column":4},"end":{"line":306,"column":5}},"119":{"start":{"line":286,"column":8},"end":{"line":305,"column":9}},"120":{"start":{"line":288,"column":12},"end":{"line":288,"column":47}},"121":{"start":{"line":290,"column":13},"end":{"line":305,"column":9}},"122":{"start":{"line":291,"column":12},"end":{"line":291,"column":49}},"123":{"start":{"line":292,"column":12},"end":{"line":292,"column":50}},"124":{"start":{"line":295,"column":12},"end":{"line":295,"column":88}},"125":{"start":{"line":309,"column":0},"end":{"line":465,"column":2}},"126":{"start":{"line":313,"column":4},"end":{"line":313,"column":94}},"127":{"start":{"line":314,"column":4},"end":{"line":314,"column":78}},"128":{"start":{"line":315,"column":4},"end":{"line":315,"column":65}},"129":{"start":{"line":318,"column":4},"end":{"line":318,"column":22}},"130":{"start":{"line":319,"column":4},"end":{"line":319,"column":27}},"131":{"start":{"line":320,"column":4},"end":{"line":320,"column":27}},"132":{"start":{"line":321,"column":4},"end":{"line":321,"column":26}},"133":{"start":{"line":322,"column":4},"end":{"line":322,"column":26}},"134":{"start":{"line":323,"column":4},"end":{"line":323,"column":25}},"135":{"start":{"line":325,"column":4},"end":{"line":410,"column":5}},"136":{"start":{"line":327,"column":8},"end":{"line":327,"column":37}},"137":{"start":{"line":329,"column":8},"end":{"line":334,"column":18}},"138":{"start":{"line":330,"column":12},"end":{"line":333,"column":13}},"139":{"start":{"line":331,"column":16},"end":{"line":331,"column":51}},"140":{"start":{"line":332,"column":16},"end":{"line":332,"column":28}},"141":{"start":{"line":337,"column":8},"end":{"line":349,"column":11}},"142":{"start":{"line":338,"column":12},"end":{"line":345,"column":13}},"143":{"start":{"line":339,"column":16},"end":{"line":339,"column":80}},"144":{"start":{"line":342,"column":16},"end":{"line":344,"column":26}},"145":{"start":{"line":343,"column":20},"end":{"line":343,"column":65}},"146":{"start":{"line":348,"column":12},"end":{"line":348,"column":34}},"147":{"start":{"line":352,"column":8},"end":{"line":360,"column":11}},"148":{"start":{"line":354,"column":12},"end":{"line":356,"column":22}},"149":{"start":{"line":355,"column":16},"end":{"line":355,"column":36}},"150":{"start":{"line":359,"column":12},"end":{"line":359,"column":34}},"151":{"start":{"line":363,"column":8},"end":{"line":375,"column":11}},"152":{"start":{"line":364,"column":12},"end":{"line":371,"column":13}},"153":{"start":{"line":365,"column":16},"end":{"line":365,"column":25}},"154":{"start":{"line":368,"column":16},"end":{"line":370,"column":26}},"155":{"start":{"line":369,"column":20},"end":{"line":369,"column":89}},"156":{"start":{"line":374,"column":12},"end":{"line":374,"column":34}},"157":{"start":{"line":378,"column":8},"end":{"line":390,"column":11}},"158":{"start":{"line":379,"column":12},"end":{"line":386,"column":13}},"159":{"start":{"line":380,"column":16},"end":{"line":380,"column":25}},"160":{"start":{"line":383,"column":16},"end":{"line":385,"column":26}},"161":{"start":{"line":384,"column":20},"end":{"line":384,"column":89}},"162":{"start":{"line":389,"column":12},"end":{"line":389,"column":34}},"163":{"start":{"line":393,"column":8},"end":{"line":399,"column":11}},"164":{"start":{"line":395,"column":12},"end":{"line":395,"column":76}},"165":{"start":{"line":398,"column":12},"end":{"line":398,"column":34}},"166":{"start":{"line":401,"column":8},"end":{"line":401,"column":26}},"167":{"start":{"line":403,"column":8},"end":{"line":408,"column":9}},"168":{"start":{"line":404,"column":12},"end":{"line":404,"column":59}},"169":{"start":{"line":407,"column":12},"end":{"line":407,"column":59}},"170":{"start":{"line":413,"column":4},"end":{"line":460,"column":5}},"171":{"start":{"line":415,"column":8},"end":{"line":426,"column":10}},"172":{"start":{"line":428,"column":8},"end":{"line":431,"column":11}},"173":{"start":{"line":438,"column":8},"end":{"line":438,"column":59}},"174":{"start":{"line":439,"column":8},"end":{"line":439,"column":67}},"175":{"start":{"line":440,"column":8},"end":{"line":440,"column":50}},"176":{"start":{"line":441,"column":8},"end":{"line":441,"column":51}},"177":{"start":{"line":442,"column":8},"end":{"line":442,"column":100}},"178":{"start":{"line":443,"column":8},"end":{"line":443,"column":52}},"179":{"start":{"line":444,"column":8},"end":{"line":444,"column":52}},"180":{"start":{"line":445,"column":8},"end":{"line":445,"column":50}},"181":{"start":{"line":446,"column":8},"end":{"line":446,"column":50}},"182":{"start":{"line":447,"column":8},"end":{"line":447,"column":48}},"183":{"start":{"line":448,"column":8},"end":{"line":448,"column":57}},"184":{"start":{"line":449,"column":8},"end":{"line":449,"column":91}},"185":{"start":{"line":455,"column":8},"end":{"line":455,"column":28}},"186":{"start":{"line":456,"column":8},"end":{"line":456,"column":35}},"187":{"start":{"line":457,"column":8},"end":{"line":457,"column":25}},"188":{"start":{"line":458,"column":8},"end":{"line":458,"column":48}},"189":{"start":{"line":459,"column":8},"end":{"line":459,"column":26}},"190":{"start":{"line":462,"column":4},"end":{"line":462,"column":20}},"191":{"start":{"line":468,"column":0},"end":{"line":518,"column":2}},"192":{"start":{"line":470,"column":4},"end":{"line":470,"column":36}},"193":{"start":{"line":472,"column":4},"end":{"line":478,"column":6}},"194":{"start":{"line":480,"column":4},"end":{"line":484,"column":6}},"195":{"start":{"line":487,"column":4},"end":{"line":517,"column":5}},"196":{"start":{"line":490,"column":8},"end":{"line":490,"column":45}},"197":{"start":{"line":491,"column":8},"end":{"line":491,"column":56}},"198":{"start":{"line":495,"column":8},"end":{"line":516,"column":9}},"199":{"start":{"line":498,"column":12},"end":{"line":498,"column":49}},"200":{"start":{"line":499,"column":12},"end":{"line":499,"column":60}},"201":{"start":{"line":501,"column":13},"end":{"line":516,"column":9}},"202":{"start":{"line":502,"column":12},"end":{"line":502,"column":49}},"203":{"start":{"line":503,"column":12},"end":{"line":503,"column":60}},"204":{"start":{"line":506,"column":12},"end":{"line":506,"column":88}},"205":{"start":{"line":521,"column":0},"end":{"line":595,"column":2}},"206":{"start":{"line":525,"column":4},"end":{"line":525,"column":20}},"207":{"start":{"line":527,"column":4},"end":{"line":527,"column":29}},"208":{"start":{"line":529,"column":4},"end":{"line":533,"column":6}},"209":{"start":{"line":536,"column":4},"end":{"line":594,"column":5}},"210":{"start":{"line":537,"column":8},"end":{"line":537,"column":39}},"211":{"start":{"line":538,"column":8},"end":{"line":538,"column":48}},"212":{"start":{"line":539,"column":8},"end":{"line":539,"column":38}},"213":{"start":{"line":543,"column":8},"end":{"line":560,"column":9}},"214":{"start":{"line":546,"column":13},"end":{"line":560,"column":9}},"215":{"start":{"line":559,"column":12},"end":{"line":559,"column":88}},"216":{"start":{"line":568,"column":8},"end":{"line":593,"column":9}},"217":{"start":{"line":570,"column":12},"end":{"line":570,"column":173}},"218":{"start":{"line":574,"column":12},"end":{"line":591,"column":13}},"219":{"start":{"line":575,"column":16},"end":{"line":575,"column":114}},"220":{"start":{"line":577,"column":17},"end":{"line":591,"column":13}},"221":{"start":{"line":578,"column":16},"end":{"line":578,"column":114}},"222":{"start":{"line":582,"column":16},"end":{"line":590,"column":17}},"223":{"start":{"line":583,"column":20},"end":{"line":583,"column":107}},"224":{"start":{"line":587,"column":20},"end":{"line":587,"column":58}},"225":{"start":{"line":588,"column":20},"end":{"line":588,"column":92}},"226":{"start":{"line":598,"column":0},"end":{"line":731,"column":1}},"227":{"start":{"line":601,"column":4},"end":{"line":601,"column":28}},"228":{"start":{"line":603,"column":4},"end":{"line":603,"column":28}},"229":{"start":{"line":604,"column":4},"end":{"line":604,"column":32}},"230":{"start":{"line":606,"column":4},"end":{"line":608,"column":5}},"231":{"start":{"line":607,"column":8},"end":{"line":607,"column":27}},"232":{"start":{"line":610,"column":4},"end":{"line":612,"column":5}},"233":{"start":{"line":611,"column":8},"end":{"line":611,"column":31}},"234":{"start":{"line":614,"column":4},"end":{"line":616,"column":5}},"235":{"start":{"line":615,"column":8},"end":{"line":615,"column":123}},"236":{"start":{"line":618,"column":4},"end":{"line":631,"column":5}},"237":{"start":{"line":619,"column":8},"end":{"line":619,"column":129}},"238":{"start":{"line":620,"column":8},"end":{"line":626,"column":11}},"239":{"start":{"line":627,"column":8},"end":{"line":629,"column":11}},"240":{"start":{"line":628,"column":12},"end":{"line":628,"column":82}},"241":{"start":{"line":630,"column":8},"end":{"line":630,"column":15}},"242":{"start":{"line":633,"column":4},"end":{"line":636,"column":6}},"243":{"start":{"line":639,"column":4},"end":{"line":639,"column":31}},"244":{"start":{"line":640,"column":4},"end":{"line":640,"column":26}},"245":{"start":{"line":641,"column":4},"end":{"line":641,"column":26}},"246":{"start":{"line":645,"column":4},"end":{"line":730,"column":7}},"247":{"start":{"line":647,"column":8},"end":{"line":649,"column":9}},"248":{"start":{"line":648,"column":12},"end":{"line":648,"column":37}},"249":{"start":{"line":651,"column":8},"end":{"line":651,"column":53}},"250":{"start":{"line":653,"column":8},"end":{"line":684,"column":9}},"251":{"start":{"line":655,"column":12},"end":{"line":655,"column":45}},"252":{"start":{"line":657,"column":12},"end":{"line":670,"column":13}},"253":{"start":{"line":658,"column":16},"end":{"line":658,"column":75}},"254":{"start":{"line":659,"column":16},"end":{"line":661,"column":17}},"255":{"start":{"line":660,"column":20},"end":{"line":660,"column":82}},"256":{"start":{"line":664,"column":16},"end":{"line":669,"column":17}},"257":{"start":{"line":665,"column":20},"end":{"line":665,"column":74}},"258":{"start":{"line":668,"column":20},"end":{"line":668,"column":30}},"259":{"start":{"line":673,"column":12},"end":{"line":673,"column":125}},"260":{"start":{"line":675,"column":12},"end":{"line":680,"column":13}},"261":{"start":{"line":676,"column":16},"end":{"line":676,"column":42}},"262":{"start":{"line":683,"column":12},"end":{"line":683,"column":153}},"263":{"start":{"line":686,"column":8},"end":{"line":686,"column":42}},"264":{"start":{"line":690,"column":8},"end":{"line":702,"column":11}},"265":{"start":{"line":705,"column":8},"end":{"line":729,"column":9}},"266":{"start":{"line":706,"column":12},"end":{"line":721,"column":15}},"267":{"start":{"line":708,"column":16},"end":{"line":710,"column":17}},"268":{"start":{"line":709,"column":20},"end":{"line":709,"column":45}},"269":{"start":{"line":712,"column":16},"end":{"line":717,"column":17}},"270":{"start":{"line":713,"column":20},"end":{"line":713,"column":70}},"271":{"start":{"line":715,"column":21},"end":{"line":717,"column":17}},"272":{"start":{"line":716,"column":20},"end":{"line":716,"column":120}},"273":{"start":{"line":719,"column":16},"end":{"line":719,"column":32}},"274":{"start":{"line":724,"column":12},"end":{"line":724,"column":46}},"275":{"start":{"line":725,"column":12},"end":{"line":725,"column":80}},"276":{"start":{"line":726,"column":12},"end":{"line":728,"column":15}},"277":{"start":{"line":727,"column":16},"end":{"line":727,"column":31}},"278":{"start":{"line":734,"column":0},"end":{"line":734,"column":27}}},"branchMap":{"1":{"line":13,"type":"if","locations":[{"start":{"line":13,"column":0},"end":{"line":13,"column":0}},{"start":{"line":13,"column":0},"end":{"line":13,"column":0}}]},"2":{"line":18,"type":"if","locations":[{"start":{"line":18,"column":0},"end":{"line":18,"column":0}},{"start":{"line":18,"column":0},"end":{"line":18,"column":0}}]},"3":{"line":89,"type":"if","locations":[{"start":{"line":89,"column":8},"end":{"line":89,"column":8}},{"start":{"line":89,"column":8},"end":{"line":89,"column":8}}]},"4":{"line":89,"type":"binary-expr","locations":[{"start":{"line":89,"column":12},"end":{"line":89,"column":69}},{"start":{"line":89,"column":73},"end":{"line":89,"column":109}}]},"5":{"line":89,"type":"binary-expr","locations":[{"start":{"line":89,"column":50},"end":{"line":89,"column":53}},{"start":{"line":89,"column":57},"end":{"line":89,"column":68}}]},"6":{"line":94,"type":"if","locations":[{"start":{"line":94,"column":13},"end":{"line":94,"column":13}},{"start":{"line":94,"column":13},"end":{"line":94,"column":13}}]},"7":{"line":94,"type":"binary-expr","locations":[{"start":{"line":94,"column":17},"end":{"line":94,"column":75}},{"start":{"line":94,"column":79},"end":{"line":94,"column":115}}]},"8":{"line":94,"type":"binary-expr","locations":[{"start":{"line":94,"column":56},"end":{"line":94,"column":59}},{"start":{"line":94,"column":63},"end":{"line":94,"column":74}}]},"9":{"line":98,"type":"if","locations":[{"start":{"line":98,"column":13},"end":{"line":98,"column":13}},{"start":{"line":98,"column":13},"end":{"line":98,"column":13}}]},"10":{"line":98,"type":"binary-expr","locations":[{"start":{"line":98,"column":17},"end":{"line":98,"column":75}},{"start":{"line":98,"column":79},"end":{"line":98,"column":129}}]},"11":{"line":98,"type":"binary-expr","locations":[{"start":{"line":98,"column":56},"end":{"line":98,"column":59}},{"start":{"line":98,"column":63},"end":{"line":98,"column":74}}]},"12":{"line":106,"type":"if","locations":[{"start":{"line":106,"column":12},"end":{"line":106,"column":12}},{"start":{"line":106,"column":12},"end":{"line":106,"column":12}}]},"13":{"line":106,"type":"binary-expr","locations":[{"start":{"line":106,"column":16},"end":{"line":106,"column":25}},{"start":{"line":106,"column":29},"end":{"line":106,"column":81}},{"start":{"line":106,"column":85},"end":{"line":106,"column":136}}]},"14":{"line":108,"type":"binary-expr","locations":[{"start":{"line":108,"column":39},"end":{"line":108,"column":60}},{"start":{"line":108,"column":64},"end":{"line":108,"column":66}}]},"15":{"line":131,"type":"if","locations":[{"start":{"line":131,"column":12},"end":{"line":131,"column":12}},{"start":{"line":131,"column":12},"end":{"line":131,"column":12}}]},"16":{"line":136,"type":"if","locations":[{"start":{"line":136,"column":17},"end":{"line":136,"column":17}},{"start":{"line":136,"column":17},"end":{"line":136,"column":17}}]},"17":{"line":139,"type":"binary-expr","locations":[{"start":{"line":139,"column":30},"end":{"line":139,"column":65}},{"start":{"line":139,"column":69},"end":{"line":139,"column":71}}]},"18":{"line":140,"type":"if","locations":[{"start":{"line":140,"column":16},"end":{"line":140,"column":16}},{"start":{"line":140,"column":16},"end":{"line":140,"column":16}}]},"19":{"line":144,"type":"if","locations":[{"start":{"line":144,"column":20},"end":{"line":144,"column":20}},{"start":{"line":144,"column":20},"end":{"line":144,"column":20}}]},"20":{"line":186,"type":"if","locations":[{"start":{"line":186,"column":16},"end":{"line":186,"column":16}},{"start":{"line":186,"column":16},"end":{"line":186,"column":16}}]},"21":{"line":208,"type":"if","locations":[{"start":{"line":208,"column":32},"end":{"line":208,"column":32}},{"start":{"line":208,"column":32},"end":{"line":208,"column":32}}]},"22":{"line":237,"type":"if","locations":[{"start":{"line":237,"column":4},"end":{"line":237,"column":4}},{"start":{"line":237,"column":4},"end":{"line":237,"column":4}}]},"23":{"line":243,"type":"if","locations":[{"start":{"line":243,"column":8},"end":{"line":243,"column":8}},{"start":{"line":243,"column":8},"end":{"line":243,"column":8}}]},"24":{"line":248,"type":"if","locations":[{"start":{"line":248,"column":13},"end":{"line":248,"column":13}},{"start":{"line":248,"column":13},"end":{"line":248,"column":13}}]},"25":{"line":280,"type":"if","locations":[{"start":{"line":280,"column":4},"end":{"line":280,"column":4}},{"start":{"line":280,"column":4},"end":{"line":280,"column":4}}]},"26":{"line":286,"type":"if","locations":[{"start":{"line":286,"column":8},"end":{"line":286,"column":8}},{"start":{"line":286,"column":8},"end":{"line":286,"column":8}}]},"27":{"line":290,"type":"if","locations":[{"start":{"line":290,"column":13},"end":{"line":290,"column":13}},{"start":{"line":290,"column":13},"end":{"line":290,"column":13}}]},"28":{"line":313,"type":"cond-expr","locations":[{"start":{"line":313,"column":45},"end":{"line":313,"column":75}},{"start":{"line":313,"column":78},"end":{"line":313,"column":93}}]},"29":{"line":314,"type":"cond-expr","locations":[{"start":{"line":314,"column":41},"end":{"line":314,"column":70}},{"start":{"line":314,"column":73},"end":{"line":314,"column":77}}]},"30":{"line":325,"type":"if","locations":[{"start":{"line":325,"column":4},"end":{"line":325,"column":4}},{"start":{"line":325,"column":4},"end":{"line":325,"column":4}}]},"31":{"line":330,"type":"if","locations":[{"start":{"line":330,"column":12},"end":{"line":330,"column":12}},{"start":{"line":330,"column":12},"end":{"line":330,"column":12}}]},"32":{"line":330,"type":"binary-expr","locations":[{"start":{"line":330,"column":16},"end":{"line":330,"column":29}},{"start":{"line":330,"column":33},"end":{"line":330,"column":55}}]},"33":{"line":338,"type":"if","locations":[{"start":{"line":338,"column":12},"end":{"line":338,"column":12}},{"start":{"line":338,"column":12},"end":{"line":338,"column":12}}]},"34":{"line":338,"type":"binary-expr","locations":[{"start":{"line":338,"column":16},"end":{"line":338,"column":29}},{"start":{"line":338,"column":33},"end":{"line":338,"column":55}}]},"35":{"line":343,"type":"binary-expr","locations":[{"start":{"line":343,"column":27},"end":{"line":343,"column":39}},{"start":{"line":343,"column":43},"end":{"line":343,"column":64}}]},"36":{"line":364,"type":"if","locations":[{"start":{"line":364,"column":12},"end":{"line":364,"column":12}},{"start":{"line":364,"column":12},"end":{"line":364,"column":12}}]},"37":{"line":364,"type":"binary-expr","locations":[{"start":{"line":364,"column":16},"end":{"line":364,"column":29}},{"start":{"line":364,"column":33},"end":{"line":364,"column":55}}]},"38":{"line":369,"type":"binary-expr","locations":[{"start":{"line":369,"column":27},"end":{"line":369,"column":40}},{"start":{"line":369,"column":44},"end":{"line":369,"column":66}},{"start":{"line":369,"column":70},"end":{"line":369,"column":88}}]},"39":{"line":379,"type":"if","locations":[{"start":{"line":379,"column":12},"end":{"line":379,"column":12}},{"start":{"line":379,"column":12},"end":{"line":379,"column":12}}]},"40":{"line":379,"type":"binary-expr","locations":[{"start":{"line":379,"column":16},"end":{"line":379,"column":29}},{"start":{"line":379,"column":33},"end":{"line":379,"column":55}}]},"41":{"line":384,"type":"binary-expr","locations":[{"start":{"line":384,"column":27},"end":{"line":384,"column":40}},{"start":{"line":384,"column":44},"end":{"line":384,"column":66}},{"start":{"line":384,"column":70},"end":{"line":384,"column":88}}]},"42":{"line":403,"type":"if","locations":[{"start":{"line":403,"column":8},"end":{"line":403,"column":8}},{"start":{"line":403,"column":8},"end":{"line":403,"column":8}}]},"43":{"line":413,"type":"if","locations":[{"start":{"line":413,"column":4},"end":{"line":413,"column":4}},{"start":{"line":413,"column":4},"end":{"line":413,"column":4}}]},"44":{"line":425,"type":"binary-expr","locations":[{"start":{"line":425,"column":25},"end":{"line":425,"column":34}},{"start":{"line":425,"column":38},"end":{"line":425,"column":46}}]},"45":{"line":470,"type":"binary-expr","locations":[{"start":{"line":470,"column":17},"end":{"line":470,"column":27}},{"start":{"line":470,"column":31},"end":{"line":470,"column":35}}]},"46":{"line":487,"type":"if","locations":[{"start":{"line":487,"column":4},"end":{"line":487,"column":4}},{"start":{"line":487,"column":4},"end":{"line":487,"column":4}}]},"47":{"line":495,"type":"if","locations":[{"start":{"line":495,"column":8},"end":{"line":495,"column":8}},{"start":{"line":495,"column":8},"end":{"line":495,"column":8}}]},"48":{"line":501,"type":"if","locations":[{"start":{"line":501,"column":13},"end":{"line":501,"column":13}},{"start":{"line":501,"column":13},"end":{"line":501,"column":13}}]},"49":{"line":536,"type":"if","locations":[{"start":{"line":536,"column":4},"end":{"line":536,"column":4}},{"start":{"line":536,"column":4},"end":{"line":536,"column":4}}]},"50":{"line":543,"type":"if","locations":[{"start":{"line":543,"column":8},"end":{"line":543,"column":8}},{"start":{"line":543,"column":8},"end":{"line":543,"column":8}}]},"51":{"line":546,"type":"if","locations":[{"start":{"line":546,"column":13},"end":{"line":546,"column":13}},{"start":{"line":546,"column":13},"end":{"line":546,"column":13}}]},"52":{"line":568,"type":"if","locations":[{"start":{"line":568,"column":8},"end":{"line":568,"column":8}},{"start":{"line":568,"column":8},"end":{"line":568,"column":8}}]},"53":{"line":574,"type":"if","locations":[{"start":{"line":574,"column":12},"end":{"line":574,"column":12}},{"start":{"line":574,"column":12},"end":{"line":574,"column":12}}]},"54":{"line":577,"type":"if","locations":[{"start":{"line":577,"column":17},"end":{"line":577,"column":17}},{"start":{"line":577,"column":17},"end":{"line":577,"column":17}}]},"55":{"line":582,"type":"if","locations":[{"start":{"line":582,"column":16},"end":{"line":582,"column":16}},{"start":{"line":582,"column":16},"end":{"line":582,"column":16}}]},"56":{"line":606,"type":"if","locations":[{"start":{"line":606,"column":4},"end":{"line":606,"column":4}},{"start":{"line":606,"column":4},"end":{"line":606,"column":4}}]},"57":{"line":610,"type":"if","locations":[{"start":{"line":610,"column":4},"end":{"line":610,"column":4}},{"start":{"line":610,"column":4},"end":{"line":610,"column":4}}]},"58":{"line":614,"type":"if","locations":[{"start":{"line":614,"column":4},"end":{"line":614,"column":4}},{"start":{"line":614,"column":4},"end":{"line":614,"column":4}}]},"59":{"line":614,"type":"binary-expr","locations":[{"start":{"line":614,"column":8},"end":{"line
[...]
1":{"start":{"line":78,"column":20},"end":{"line":78,"column":87}},"42":{"start":{"line":79,"column":20},"end":{"line":79,"column":72}},"43":{"start":{"line":80,"column":20},"end":{"line":80,"column":81}},"44":{"start":{"line":81,"column":20},"end":{"line":81,"column":78}},"45":{"start":{"line":82,"column":20},"end":{"line":82,"column":84}},"46":{"start":{"line":85,"column":20},"end":{"line":92,"column":21}},"47":{"start":{"line":86,"column":24},"end":{"line":91,"column":27}},"48":{"start":{"line":94,"column":20},"end":{"line":101,"column":21}},"49":{"start":{"line":95,"column":24},"end":{"line":100,"column":27}},"50":{"start":{"line":103,"column":20},"end":{"line":141,"column":21}},"51":{"start":{"line":104,"column":24},"end":{"line":106,"column":25}},"52":{"start":{"line":105,"column":28},"end":{"line":105,"column":119}},"53":{"start":{"line":108,"column":24},"end":{"line":108,"column":72}},"54":{"start":{"line":110,"column":25},"end":{"line":141,"column":21}},"55":{"start":{"line":112,"column":24},"end":{"line":116,"column":25}},"56":{"start":{"line":113,"column":28},"end":{"line":115,"column":31}},"57":{"start":{"line":114,"column":32},"end":{"line":114,"column":42}},"58":{"start":{"line":118,"column":24},"end":{"line":122,"column":25}},"59":{"start":{"line":119,"column":28},"end":{"line":121,"column":31}},"60":{"start":{"line":120,"column":32},"end":{"line":120,"column":43}},"61":{"start":{"line":124,"column":24},"end":{"line":128,"column":25}},"62":{"start":{"line":125,"column":28},"end":{"line":127,"column":31}},"63":{"start":{"line":126,"column":32},"end":{"line":126,"column":118}},"64":{"start":{"line":134,"column":24},"end":{"line":134,"column":79}},"65":{"start":{"line":139,"column":24},"end":{"line":139,"column":109}}},"branchMap":{"1":{"line":21,"type":"if","locations":[{"start":{"line":21,"column":8},"end":{"line":21,"column":8}},{"start":{"line":21,"column":8},"end":{"line":21,"column":8}}]},"2":{"line":21,"type":"binary-expr","locations":[{"start":{"line":21,"column":12},"end":{"line":21,"column":24}},{"start":{"line":21,"column":28},"end":{"line":21,"column":40}}]},"3":{"line":27,"type":"cond-expr","locations":[{"start":{"line":27,"column":51},"end":{"line":27,"column":57}},{"start":{"line":27,"column":60},"end":{"line":27,"column":64}}]},"4":{"line":42,"type":"if","locations":[{"start":{"line":42,"column":16},"end":{"line":42,"column":16}},{"start":{"line":42,"column":16},"end":{"line":42,"column":16}}]},"5":{"line":54,"type":"binary-expr","locations":[{"start":{"line":54,"column":34},"end":{"line":54,"column":43}},{"start":{"line":54,"column":47},"end":{"line":54,"column":50}}]},"6":{"line":67,"type":"if","locations":[{"start":{"line":67,"column":20},"end":{"line":67,"column":20}},{"start":{"line":67,"column":20},"end":{"line":67,"column":20}}]},"7":{"line":67,"type":"binary-expr","locations":[{"start":{"line":67,"column":24},"end":{"line":67,"column":50}},{"start":{"line":67,"column":54},"end":{"line":67,"column":80}}]},"8":{"line":71,"type":"if","locations":[{"start":{"line":71,"column":20},"end":{"line":71,"column":20}},{"start":{"line":71,"column":20},"end":{"line":71,"column":20}}]},"9":{"line":85,"type":"if","locations":[{"start":{"line":85,"column":20},"end":{"line":85,"column":20}},{"start":{"line":85,"column":20},"end":{"line":85,"column":20}}]},"10":{"line":94,"type":"if","locations":[{"start":{"line":94,"column":20},"end":{"line":94,"column":20}},{"start":{"line":94,"column":20},"end":{"line":94,"column":20}}]},"11":{"line":103,"type":"if","locations":[{"start":{"line":103,"column":20},"end":{"line":103,"column":20}},{"start":{"line":103,"column":20},"end":{"line":103,"column":20}}]},"12":{"line":104,"type":"if","locations":[{"start":{"line":104,"column":24},"end":{"line":104,"column":24}},{"start":{"line":104,"column":24},"end":{"line":104,"column":24}}]},"13":{"line":104,"type":"binary-expr","locations":[{"start":{"line":104,"column":28},"end":{"line":104,"column":40}},{"start":{"line":104,"column":44},"end":{"line":104,"column":55}}]},"14":{"line":110,"type":"if","locations":[{"start":{"line":110,"column":25},"end":{"line":110,"column":25}},{"start":{"line":110,"column":25},"end":{"line":110,"column":25}}]},"15":{"line":110,"type":"binary-expr","locations":[{"start":{"line":110,"column":29},"end":{"line":110,"column":42}},{"start":{"line":110,"column":47},"end":{"line":110,"column":59}},{"start":{"line":110,"column":63},"end":{"line":110,"column":74}},{"start":{"line":110,"column":78},"end":{"line":110,"column":91}}]},"16":{"line":112,"type":"if","locations":[{"start":{"line":112,"column":24},"end":{"line":112,"column":24}},{"start":{"line":112,"column":24},"end":{"line":112,"column":24}}]},"17":{"line":118,"type":"if","locations":[{"start":{"line":118,"column":24},"end":{"line":118,"column":24}},{"start":{"line":118,"column":24},"end":{"line":118,"column":24}}]},"18":{"line":124,"type":"if","locations":[{"start":{"line":124,"column":24},"end":{"line":124,"column":24}},{"start":{"line":124,"column":24},"end":{"line":124,"column":24}}]},"19":{"line":126,"type":"binary-expr","locations":[{"start":{"line":126,"column":37},"end":{"line":126,"column":40}},{"start":{"line":126,"column":44},"end":{"line":126,"column":116}}]}}},"/Users/amills001c/WebstormProjects/oresoftware/suman/lib/test-suite-helpers/make-handle-befores-afters.js":{"path":"/Users/amills001c/WebstormProjects/oresoftware/suman/lib/test-suite-helpers/make-handle-befores-afters.js","s":{"1":1,"2":1,"3":1,"4":1,"5":1,"6":1,"7":1,"8":1,"9":1,"10":1,"11":2,"12":0,"13":0,"14":0,"15":0,"16":0,"17":0,"18":0,"19":0,"20":0,"21":0,"22":0,"23":0,"24":0,"25":0,"26":0,"27":0,"28":0,"29":0,"30":0,"31":0,"32":0,"33":0,"34":0,"35":0,"36":0,"37":0,"38":0,"39":0,"40":0,"41":0,"42":0,"43":0,"44":0,"45":0,"46":0,"47":0,"48":0,"49":0,"50":0,"51":0,"52":0,"53":0,"54":0,"55":0,"56":0,"57":0,"58":0},"b":{"1":[0,0],"2":[0,0],"3":[0,0],"4":[0,0],"5":[0,0],"6":[0,0],"7":[0,0],"8":[0,0],"9":[0,0],"10":[0,0],"11":[0,0],"12":[0,0],"13":[0,0],"14":[0,0]},"f":{"1":1,"2":2,"3":0,"4":0,"5":0,"6":0,"7":0,"8":0,"9":0,"10":0,"11":0},"fnMap":{"1":{"name":"(anonymous_1)","line":20,"loc":{"start":{"line":20,"column":17},"end":{"line":20,"column":48}}},"2":{"name":"(anonymous_2)","line":22,"loc":{"start":{"line":22,"column":11},"end":{"line":22,"column":27}}},"3":{"name":"handleBeforesAndAfters","line":24,"loc":{"start":{"line":24,"column":15},"end":{"line":24,"column":67}}},"4":{"name":"(anonymous_4)","line":28,"loc":{"start":{"line":28,"column":37},"end":{"line":28,"column":49}}},"5":{"name":"(anonymous_5)","line":40,"loc":{"start":{"line":40,"column":26},"end":{"line":40,"column":41}}},"6":{"name":"(anonymous_6)","line":43,"loc":{"start":{"line":43,"column":37},"end":{"line":43,"column":49}}},"7":{"name":"(anonymous_7)","line":55,"loc":{"start":{"line":55,"column":18},"end":{"line":55,"column":30}}},"8":{"name":"(anonymous_8)","line":57,"loc":{"start":{"line":57,"column":33},"end":{"line":57,"column":45}}},"9":{"name":"done","line":89,"loc":{"start":{"line":89,"column":54},"end":{"line":89,"column":73}}},"10":{"name":"ctn","line":95,"loc":{"start":{"line":95,"column":53},"end":{"line":95,"column":68}}},"11":{"name":"fatal","line":101,"loc":{"start":{"line":101,"column":55},"end":{"line":101,"column":75}}}},"statementMap":{"1":{"start":{"line":7,"column":0},"end":{"line":7,"column":33}},"2":{"start":{"line":10,"column":0},"end":{"line":10,"column":28}},"3":{"start":{"line":13,"column":0},"end":{"line":13,"column":39}},"4":{"start":{"line":14,"column":0},"end":{"line":14,"column":45}},"5":{"start":{"line":15,"column":0},"end":{"line":15,"column":50}},"6":{"start":{"line":16,"column":0},"end":{"line":16,"column":54}},"7":{"start":{"line":17,"column":0},"end":{"line":17,"column":53}},"8":{"start":{"line":18,"column":0},"end":{"line":18,"column":58}},"9":{"start":{"line":20,"column":0},"end":{"line":125,"column":2}},"10":{"start":{"line":22,"column":4},"end":{"line":124,"column":5}},"11":{"start":{"line":24,"column":8},"end":{"line":123,"column":9}},"12":{"start":{"line":26,"column":12},"end":{"line":26,"column":105}},"13":{"start":{"line":27,"column":12},"end":{"line":27,"column":65}},"14":{"start":{"line":28,"column":12},"end":{"line":30,"column":24}},"15":{"start":{"line":29,"column":16},"end":{"line":29,"column":50}},"16":{"start":{"line":32,"column":12},"end":{"line":32,"column":38}},"17":{"start":{"line":33,"column":12},"end":{"line":33,"column":39}},"18":{"start":{"line":35,"column":12},"end":{"line":35,"column":72}},"19":{"start":{"line":36,"column":12},"end":{"line":36,"column":80}},"20":{"start":{"line":37,"column":12},"end":{"line":37,"column":70}},"21":{"start":{"line":39,"column":12},"end":{"line":39,"column":31}},"22":{"start":{"line":40,"column":12},"end":{"line":53,"column":15}},"23":{"start":{"line":41,"column":16},"end":{"line":51,"column":17}},"24":{"start":{"line":42,"column":20},"end":{"line":42,"column":34}},"25":{"start":{"line":43,"column":20},"end":{"line":48,"column":23}},"26":{"start":{"line":44,"column":24},"end":{"line":44,"column":147}},"27":{"start":{"line":45,"column":24},"end":{"line":45,"column":46}},"28":{"start":{"line":46,"column":24},"end":{"line":46,"column":82}},"29":{"start":{"line":47,"column":24},"end":{"line":47,"column":44}},"30":{"start":{"line":50,"column":20},"end":{"line":50,"column":88}},"31":{"start":{"line":55,"column":12},"end":{"line":122,"column":15}},"32":{"start":{"line":57,"column":16},"end":{"line":120,"column":19}},"33":{"start":{"line":59,"column":20},"end":{"line":59,"column":37}},"34":{"start":{"line":60,"column":20},"end":{"line":60,"column":58}},"35":{"start":{"line":61,"column":20},"end":{"line":63,"column":21}},"36":{"start":{"line":62,"column":24},"end":{"line":62,"column":36}},"37":{"start":{"line":65,"column":20},"end":{"line":65,"column":56}},"38":{"start":{"line":67,"column":20},"end":{"line":67,"column":56}},"39":{"start":{"line":68,"column":20},"end":{"line":68,"column":83}},"40":{"start":{"line":70,"column":20},"end":{"line":70,"column":81}},"41":{"start":{"line":71,"column":20},"end":{"line":71,"column":78}},"42":{"start":{"line":72,"column":20},"end":{"line":72,"column":84}},"43":{"start":{"line":75,"column":20},"end":{"line":118,"column":21}},"44":{"start":{"line":77,"column":24},"end":{"line":79,"column":25}},"45":{"start":{"line":78,"column":28},"end":{"line":78,"column":119}},"46":{"start":{"line":81,"column":24},"end":{"line":81,"column":68}},"47":{"start":{"line":84,"column":25},"end":{"line":118,"column":21}},"48":{"start":{"line":88,"column":24},"end":{"line":92,"column":25}},"49":{"start":{"line":89,"column":28},"end":{"line":91,"column":31}},"50":{"start":{"line":90,"column":32},"end":{"line":90,"column":42}},"51":{"start":{"line":94,"column":24},"end":{"line":98,"column":25}},"52":{"start":{"line":95,"column":28},"end":{"line":97,"column":31}},"53":{"start":{"line":96,"column":32},"end":{"line":96,"column":43}},"54":{"start":{"line":100,"column":24},"end":{"line":104,"column":25}},"55":{"start":{"line":101,"column":28},"end":{"line":103,"column":31}},"56":{"start":{"line":102,"column":32},"end":{"line":102,"column":118}},"57":{"start":{"line":111,"column":24},"end":{"line":111,"column":71}},"58":{"start":{"line":116,"column":24},"end":{"line":116,"column":101}}},"branchMap":{"1":{"line":26,"type":"cond-expr","locations":[{"start":{"line":26,"column":72},"end":{"line":26,"column":97}},{"start":{"line":26,"column":100},"end":{"line":26,"column":102}}]},"2":{"line":27,"type":"cond-expr","locations":[{"start":{"line":27,"column":51},"end":{"line":27,"column":57}},{"start":{"line":27,"column":60},"end":{"line":27,"column":64}}]},"3":{"line":41,"type":"if","locations":[{"start":{"line":41,"column":16},"end":{"line":41,"column":16}},{"start":{"line":41,"column":16},"end":{"line":41,"column":16}}]},"4":{"line":61,"type":"if","locations":[{"start":{"line":61,"column":20},"end":{"line":61,"column":20}},{"start":{"line":61,"column":20},"end":{"line":61,"column":20}}]},"5":{"line":61,"type":"binary-expr","locations":[{"start":{"line":61,"column":24},"end":{"line":61,"column":50}},{"start":{"line":61,"column":54},"end":{"line":61,"column":80}}]},"6":{"line":75,"type":"if","locations":[{"start":{"line":75,"column":20},"end":{"line":75,"column":20}},{"start":{"line":75,"column":20},"end":{"line":75,"column":20}}]},"7":{"line":77,"type":"if","locations":[{"start":{"line":77,"column":24},"end":{"line":77,"column":24}},{"start":{"line":77,"column":24},"end":{"line":77,"column":24}}]},"8":{"line":77,"type":"binary-expr","locations":[{"start":{"line":77,"column":28},"end":{"line":77,"column":40}},{"start":{"line":77,"column":44},"end":{"line":77,"column":55}}]},"9":{"line":84,"type":"if","locations":[{"start":{"line":84,"column":25},"end":{"line":84,"column":25}},{"start":{"line":84,"column":25},"end":{"line":84,"column":25}}]},"10":{"line":84,"type":"binary-expr","locations":[{"start":{"line":84,"column":29},"end":{"line":84,"column":41}},{"start":{"line":84,"column":45},"end":{"line":84,"column":56}}]},"11":{"line":88,"type":"if","locations":[{"start":{"line":88,"column":24},"end":{"line":88,"column":24}},{"start":{"line":88,"column":24},"end":{"line":88,"column":24}}]},"12":{"line":94,"type":"if","locations":[{"start":{"line":94,"column":24},"end":{"line":94,"column":24}},{"start":{"line":94,"column":24},"end":{"line":94,"column":24}}]},"13":{"line":100,"type":"if","locations":[{"start":{"line":100,"column":24},"end":{"line":100,"column":24}},{"start":{"line":100,"column":24},"end":{"line":100,"column":24}}]},"14":{"line":102,"type":"binary-expr","locations":[{"start":{"line":102,"column":37},"end":{"line":102,"column":40}},{"start":{"line":102,"column":44},"end":{"line":102,"column":116}}]}}},"/Users/amills001c/WebstormProjects/oresoftware/suman/lib/ParallelTestSet.js":{"path":"/Users/amills001c/WebstormProjects/oresoftware/suman/lib/ParallelTestSet.js","s":{"1":1,"2":1,"3":1,"4":0,"5":0,"6":0,"7":0,"8":1,"9":0,"10":0,"11":0,"12":0,"13":0,"14":0,"15":0,"16":0,"17":0,"18":1,"19":0,"20":1,"21":1},"b":{"1":[0,0],"2":[0,0],"3":[0,0]},"f":{"1":1,"2":0,"3":0,"4":0},"fnMap":{"1":{"name":"makeParallelTestSet","line":8,"loc":{"start":{"line":8,"column":0},"end":{"line":8,"column":35}}},"2":{"name":"ParallelTestSet","line":10,"loc":{"start":{"line":10,"column":4},"end":{"line":10,"column":31}}},"3":{"name":"(anonymous_3)","line":18,"loc":{"start":{"line":18,"column":35},"end":{"line":18,"column":61}}},"4":{"name":"(anonymous_4)","line":45,"loc":{"start":{"line":45,"column":36},"end":{"line":45,"column":52}}}},"statementMap":{"1":{"start":{"line":6,"column":0},"end":{"line":6,"column":36}},"2":{"start":{"line":8,"column":0},"end":{"line":52,"column":1}},"3":{"start":{"line":10,"column":4},"end":{"line":15,"column":5}},"4":{"start":{"line":11,"column":8},"end":{"line":11,"column":29}},"5":{"start":{"line":12,"column":8},"end":{"line":12,"column":24}},"6":{"start":{"line":13,"column":8},"end":{"line":13,"column":38}},"7":{"start":{"line":14,"column":8},"end":{"line":14,"column":29}},"8":{"start":{"line":18,"column":4},"end":{"line":43,"column":6}},"9":{"start":{"line":20,"column":8},"end":{"line":22,"column":9}},"10":{"start":{"line":21,"column":12},"end":{"line":21,"column":76}},"11":{"start":{"line":24,"column":8},"end":{"line":30,"column":9}},"12":{"start":{"line":25,"column":12},"end":{"line":25,"column":22}},"13":{"start":{"line":26,"column":12},"end":{"line":26,"column":22}},"14":{"start":{"line":28,"column":13},"end":{"line":30,"column":9}},"15":{"start":{"line":29,"column":12},"end":{"line":29,"column":53}},"16":{"start":{"line":32,"column":8},"end":{"line":41,"column":11}},"17":{"start":{"line":42,"column":8},"end":{"line":42,"column":20}},"18":{"start":{"line":45,"column":4},"end":{"line":47,"column":6}},"19":{"start":{"line":46,"column":8},"end":{"line":46,"column":30}},"20":{"start":{"line":50,"column":4},"end":{"line":50,"column":27}},"21":{"start":{"line":56,"column":0},"end":{"line":56,"column":37}}},"branchMap":{"1":{"line":20,"type":"if","locations":[{"start":{"line":20,"column":8},"end":{"line":20,"column":8}},{"start":{"line":20,"column":8},"end":{"line":20,"column":8}}]},"2":{"line":24,"type":"if","locations":[{"start":{"line":24,"column":8},"end":{"line":24,"column":8}},{"start":{"line":24,"column":8},"end":{"line":24,"column":8}}]},"3":{"line":28,"type":"if","locations":[{"start":{"line":28,"column":13},"end":{"line":28,"column":13}},{"start":{"line":28,"column":13},"end":{"line":28,"column":13}}]}}},"/Users/amills001c/WebstormProjects/oresoftware/suman/lib/LoopTestSet.js":{"path":"/Users/amills001c/WebstormProjects/oresoftware/suman/lib/LoopTestSet.js","s":{"1":1,"2":1,"3":1,"4":1,"5":1,"6":1,"7":0,"8":0,"9":0,"10":0,"11":1,"12":0,"13":0,"14":0,"15":0,"16":1,"17":0,"18":0,"19":0,"20":0,"21":0,"22":0,"23":0,"24":0,"25":0,"26":0,"27":0,"28":1,"29":0,"30":1,"31":1},"b":{"1":[0,0],"2":[0,0]},"f":{"1":1,"2":0,"3":0,"4":0,"5":0},"fnMap":{"1":{"name":"makeLoopTestSet","line":17,"loc":{"start":{"line":17,"column":0},"end":{"line":17,"column":32}}},"2":{"name":"LoopTestSet","line":21,"loc":{"start":{"line":21,"column":4},"end":{"line":21,"column":27}}},"3":{"name":"handleSetupComplete","line":28,"loc":{"start":{"line":28,"column":4},"end":{"line":28,"column":39}}},"4":{"name":"(anonymous_4)","line":38,"loc":{"start":{"line":38,"column":31},"end":{"line":38,"column":57}}},"5":{"name":"(anonymous_5)","line":70,"loc":{"start":{"line":70,"column":32},"end":{"line":70,"column":48}}}},"statementMap":{"1":{"start":{"line":10,"column":0},"end":{"line":10,"column":32}},"2":{"start":{"line":13,"column":0},"end":{"line":13,"column":38}},"3":{"start":{"line":14,"column":0},"end":{"line":14,"column":59}},"4":{"start":{"line":17,"column":0},"end":{"line":76,"column":1}},"5":{"start":{"line":19,"column":4},"end":{"line":19,"column":53}},"6":{"start":{"line":21,"column":4},"end":{"line":26,"column":5}},"7":{"start":{"line":22,"column":8},"end":{"line":22,"column":29}},"8":{"start":{"line":23,"column":8},"end":{"line":23,"column":24}},"9":{"start":{"line":24,"column":8},"end":{"line":24,"column":34}},"10":{"start":{"line":25,"column":8},"end":{"line":25,"column":29}},"11":{"start":{"line":28,"column":4},"end":{"line":36,"column":5}},"12":{"start":{"line":29,"column":8},"end":{"line":35,"column":9}},"13":{"start":{"line":30,"column":12},"end":{"line":32,"column":134}},"14":{"start":{"line":33,"column":12},"end":{"line":33,"column":32}},"15":{"start":{"line":34,"column":12},"end":{"line":34,"column":20}},"16":{"start":{"line":38,"column":4},"end":{"line":68,"column":6}},"17":{"start":{"line":40,"column":8},"end":{"line":40,"column":34}},"18":{"start":{"line":42,"column":8},"end":{"line":42,"column":66}},"19":{"start":{"line":44,"column":8},"end":{"line":44,"column":24}},"20":{"start":{"line":45,"column":8},"end":{"line":45,"column":24}},"21":{"start":{"line":46,"column":8},"end":{"line":46,"column":20}},"22":{"start":{"line":48,"column":8},"end":{"line":50,"column":9}},"23":{"start":{"line":49,"column":12},"end":{"line":49,"column":24}},"24":{"start":{"line":52,"column":8},"end":{"line":52,"column":82}},"25":{"start":{"line":54,"column":8},"end":{"line":64,"column":11}},"26":{"start":{"line":66,"column":8},"end":{"line":66,"column":34}},"27":{"start":{"line":67,"column":8},"end":{"line":67,"column":20}},"28":{"start":{"line":70,"column":4},"end":{"line":72,"column":6}},"29":{"start":{"line":71,"column":8},"end":{"line":71,"column":30}},"30":{"start":{"line":74,"column":4},"end":{"line":74,"column":23}},"31":{"start":{"line":79,"column":0},"end":{"line":79,"column":33}}},"branchMap":{"1":{"line":29,"type":"if","locations":[{"start":{"line":29,"column":8},"end":{"line":29,"column":8}},{"start":{"line":29,"column":8},"end":{"line":29,"column":8}}]},"2":{"line":48,"type":"if","locations":[{"start":{"line":48,"column":8},"end":{"line":48,"column":8}},{"start":{"line":48,"column":8},"end":{"line":48,"column":8}}]}}}}