{"/Users/Olegzandr/WebstormProjects/suman/index.js":{"path":"/Users/Olegzandr/WebstormProjects/suman/index.js","s":{"1":1,"2":0,"3":0,"4":1,"5":0,"6":1,"7":1,"8":1,"9":1,"10":1,"11":1,"12":1,"13":1,"14":1,"15":1,"16":1,"17":1,"18":1,"19":1,"20":1,"21":1,"22":1,"23":1,"24":1,"25":1,"26":1,"27":1,"28":1,"29":1,"30":1,"31":0,"32":0,"33":1,"34":0,"35":0,"36":0,"37":0,"38":0,"39":0,"40":1,"41":1,"42":1,"43":1,"44":1,"45":1,"46":1,"47":1,"48":0,"49":0,"50":1,"51":1,"52":1,"53":1,"54":1,"55":1,"56":1,"57":1,"58":1,"59":1,"60":1,"61":1,"62":1,"63":1,"64":1,"65":1,"66":1,"67":1,"68":1,"69":1,"70":1,"71":1,"72":0,"73":0,"74":0,"75":0,"76":0,"77":0,"78":0,"79":0,"80":0,"81":0,"82":0,"83":0,"84":0,"85":0,"86":1,"87":1,"88":5,"89":1,"90":0,"91":0,"92":0,"93":0,"94":1,"95":0,"96":0,"97":0,"98":0,"99":0,"100":0,"101":1,"102":0,"103":1,"104":1,"105":0,"106":0,"107":0,"108":0,"109":0,"110":0,"111":0,"112":0,"113":0,"114":1,"115":1,"116":1,"117":1,"118":1,"119":1,"120":1,"121":1,"122":0,"123":0,"124":1,"125":1,"126":0,"127":1,"128":0,"129":1,"130":0,"131":1,"132":0,"133":0,"134":0,"135":0,"136":0,"137":0,"138":0,"139":1,"140":0,"141":0,"142":0,"143":0,"144":0,"145":0,"146":1,"147":0,"148":0,"149":0,"150":0,"151":0,"152":0,"153":0,"154":0,"155":0,"156":1,"157":1,"158":1,"159":1,"160":1,"161":0,"162":0,"163":1,"164":1,"165":1,"166":1,"167":0,"168":1,"169":0,"170":1,"171":1,"172":1,"173":0,"174":0,"175":1,"176":0,"177":0,"178":1,"179":1,"180":1,"181":1,"182":1,"183":1,"184":1,"185":0,"186":0,"187":0,"188":0},"b":{"1":[0,1],"2":[1,1],"3":[0,1],"4":[1,1],"5":[1,0],"6":[0,0],"7":[1,1],"8":[1,0],"9":[0,0],"10":[0,0],"11":[0,1],"12":[1,1],"13":[0,0],"14":[0,1],"15":[1,0],"16":[1,0],"17":[1,1],"18":[0,0],"19":[0,0],"20":[1,0],"21":[0,1],"22":[0,1],"23":[0,1],"24":[0,1],"25":[0,1],"26":[0,0],"27":[0,1],"28":[0,0],"29":[0,1],"30":[0,0],"31":[0,0],"32":[0,0],"33":[0,1],"34":[0,1],"35":[0,1],"36":[1,1],"37":[0,1],"38":[1,0],"39":[1,1,1]},"f":{"1":0,"2":5,"3":0,"4":0,"5":1,"6":1,"7":0,"8":0,"9":0,"10":1,"11":1,"12":1,"13":0,"14":0,"15":1,"16":0,"17":1,"18":1,"19":1,"20":0,"21":0,"22":0},"fnMap":{"1":{"name":"requireFromString","line":77,"loc":{"start":{"line":77,"column":0},"end":{"line":77,"column":42}}},"2":{"name":"(anonymous_2)","line":174,"loc":{"start":{"line":174,"column":65},"end":{"line":174,"column":81}}},"3":{"name":"(anonymous_3)","line":185,"loc":{"start":{"line":185,"column":66},"end":{"line":185,"column":82}}},"4":{"name":"(anonymous_4)","line":202,"loc":{"start":{"line":202,"column":31},"end":{"line":202,"column":47}}},"5":{"name":"(anonymous_5)","line":229,"loc":{"start":{"line":229,"column":30},"end":{"line":229,"column":50}}},"6":{"name":"(anonymous_6)","line":235,"loc":{"start":{"line":235,"column":57},"end":{"line":235,"column":73}}},"7":{"name":"(anonymous_7)","line":268,"loc":{"start":{"line":268,"column":24},"end":{"line":268,"column":40}}},"8":{"name":"(anonymous_8)","line":297,"loc":{"start":{"line":297,"column":17},"end":{"line":297,"column":32}}},"9":{"name":"(anonymous_9)","line":306,"loc":{"start":{"line":306,"column":30},"end":{"line":306,"column":45}}},"10":{"name":"(anonymous_10)","line":324,"loc":{"start":{"line":324,"column":53},"end":{"line":324,"column":68}}},"11":{"name":"A","line":335,"loc":{"start":{"line":335,"column":20},"end":{"line":335,"column":35}}},"12":{"name":"(anonymous_12)","line":336,"loc":{"start":{"line":336,"column":41},"end":{"line":336,"column":53}}},"13":{"name":"B","line":341,"loc":{"start":{"line":341,"column":20},"end":{"line":341,"column":35}}},"14":{"name":"(anonymous_14)","line":342,"loc":{"start":{"line":342,"column":39},"end":{"line":342,"column":59}}},"15":{"name":"(anonymous_15)","line":347,"loc":{"start":{"line":347,"column":16},"end":{"line":347,"column":40}}},"16":{"name":"(anonymous_16)","line":356,"loc":{"start":{"line":356,"column":36},"end":{"line":356,"column":51}}},"17":{"name":"(anonymous_17)","line":374,"loc":{"start":{"line":374,"column":40},"end":{"line":374,"column":56}}},"18":{"name":"(anonymous_18)","line":380,"loc":{"start":{"line":380,"column":34},"end":{"line":380,"column":46}}},"19":{"name":"(anonymous_19)","line":381,"loc":{"start":{"line":381,"column":49},"end":{"line":381,"column":61}}},"20":{"name":"(anonymous_20)","line":388,"loc":{"start":{"line":388,"column":34},"end":{"line":388,"column":46}}},"21":{"name":"(anonymous_21)","line":389,"loc":{"start":{"line":389,"column":49},"end":{"line":389,"column":61}}},"22":{"name":"(anonymous_22)","line":396,"loc":{"start":{"line":396,"column":53},"end":{"line":396,"column":68}}}},"statementMap":{"1":{"start":{"line":7,"column":0},"end":{"line":12,"column":1}},"2":{"start":{"line":10,"column":4},"end":{"line":10,"column":84}},"3":{"start":{"line":11,"column":4},"end":{"line":11,"column":11}},"4":{"start":{"line":15,"column":0},"end":{"line":17,"column":3}},"5":{"start":{"line":16,"column":4},"end":{"line":16,"column":77}},"6":{"start":{"line":22,"column":0},"end":{"line":22,"column":25}},"7":{"start":{"line":23,"column":0},"end":{"line":23,"column":29}},"8":{"start":{"line":24,"column":0},"end":{"line":24,"column":25}},"9":{"start":{"line":25,"column":0},"end":{"line":25,"column":33}},"10":{"start":{"line":26,"column":0},"end":{"line":26,"column":36}},"11":{"start":{"line":27,"column":0},"end":{"line":27,"column":25}},"12":{"start":{"line":28,"column":0},"end":{"line":28,"column":33}},"13":{"start":{"line":29,"column":0},"end":{"line":29,"column":29}},"14":{"start":{"line":33,"column":0},"end":{"line":33,"column":37}},"15":{"start":{"line":34,"column":0},"end":{"line":34,"column":38}},"16":{"start":{"line":35,"column":0},"end":{"line":35,"column":31}},"17":{"start":{"line":40,"column":0},"end":{"line":40,"column":54}},"18":{"start":{"line":44,"column":0},"end":{"line":44,"column":42}},"19":{"start":{"line":45,"column":0},"end":{"line":45,"column":26}},"20":{"start":{"line":46,"column":0},"end":{"line":46,"column":69}},"21":{"start":{"line":50,"column":0},"end":{"line":50,"column":26}},"22":{"start":{"line":55,"column":0},"end":{"line":55,"column":42}},"23":{"start":{"line":56,"column":0},"end":{"line":56,"column":31}},"24":{"start":{"line":57,"column":0},"end":{"line":57,"column":55}},"25":{"start":{"line":58,"column":0},"end":{"line":58,"column":57}},"26":{"start":{"line":59,"column":0},"end":{"line":59,"column":59}},"27":{"start":{"line":63,"column":0},"end":{"line":63,"column":61}},"28":{"start":{"line":67,"column":0},"end":{"line":67,"column":23}},"29":{"start":{"line":68,"column":0},"end":{"line":68,"column":36}},"30":{"start":{"line":70,"column":0},"end":{"line":73,"column":1}},"31":{"start":{"line":71,"column":4},"end":{"line":71,"column":33}},"32":{"start":{"line":72,"column":4},"end":{"line":72,"column":39}},"33":{"start":{"line":77,"column":0},"end":{"line":84,"column":1}},"34":{"start":{"line":78,"column":4},"end":{"line":78,"column":36}},"35":{"start":{"line":79,"column":4},"end":{"line":79,"column":25}},"36":{"start":{"line":80,"column":4},"end":{"line":80,"column":101}},"37":{"start":{"line":81,"column":4},"end":{"line":81,"column":86}},"38":{"start":{"line":82,"column":4},"end":{"line":82,"column":30}},"39":{"start":{"line":83,"column":4},"end":{"line":83,"column":21}},"40":{"start":{"line":90,"column":0},"end":{"line":90,"column":33}},"41":{"start":{"line":92,"column":0},"end":{"line":92,"column":8}},"42":{"start":{"line":94,"column":0},"end":{"line":109,"column":1}},"43":{"start":{"line":95,"column":4},"end":{"line":95,"column":50}},"44":{"start":{"line":97,"column":4},"end":{"line":97,"column":12}},"45":{"start":{"line":100,"column":4},"end":{"line":108,"column":5}},"46":{"start":{"line":101,"column":8},"end":{"line":101,"column":38}},"47":{"start":{"line":102,"column":8},"end":{"line":102,"column":143}},"48":{"start":{"line":105,"column":8},"end":{"line":107,"column":9}},"49":{"start":{"line":106,"column":12},"end":{"line":106,"column":107}},"50":{"start":{"line":112,"column":0},"end":{"line":112,"column":21}},"51":{"start":{"line":115,"column":0},"end":{"line":115,"column":31}},"52":{"start":{"line":116,"column":0},"end":{"line":116,"column":36}},"53":{"start":{"line":117,"column":0},"end":{"line":117,"column":29}},"54":{"start":{"line":118,"column":0},"end":{"line":118,"column":21}},"55":{"start":{"line":119,"column":0},"end":{"line":119,"column":23}},"56":{"start":{"line":120,"column":0},"end":{"line":120,"column":23}},"57":{"start":{"line":121,"column":0},"end":{"line":121,"column":25}},"58":{"start":{"line":122,"column":0},"end":{"line":122,"column":27}},"59":{"start":{"line":123,"column":0},"end":{"line":123,"column":22}},"60":{"start":{"line":124,"column":0},"end":{"line":124,"column":30}},"61":{"start":{"line":125,"column":0},"end":{"line":125,"column":32}},"62":{"start":{"line":126,"column":0},"end":{"line":126,"column":50}},"63":{"start":{"line":127,"column":0},"end":{"line":127,"column":34}},"64":{"start":{"line":128,"column":0},"end":{"line":128,"column":31}},"65":{"start":{"line":129,"column":0},"end":{"line":129,"column":36}},"66":{"start":{"line":130,"column":0},"end":{"line":130,"column":32}},"67":{"start":{"line":133,"column":0},"end":{"line":170,"column":1}},"68":{"start":{"line":136,"column":4},"end":{"line":136,"column":68}},"69":{"start":{"line":137,"column":4},"end":{"line":137,"column":31}},"70":{"start":{"line":138,"column":4},"end":{"line":140,"column":5}},"71":{"start":{"line":139,"column":8},"end":{"line":139,"column":73}},"72":{"start":{"line":147,"column":4},"end":{"line":150,"column":5}},"73":{"start":{"line":148,"column":8},"end":{"line":148,"column":182}},"74":{"start":{"line":149,"column":8},"end":{"line":149,"column":183}},"75":{"start":{"line":152,"column":4},"end":{"line":169,"column":5}},"76":{"start":{"line":153,"column":8},"end":{"line":153,"column":57}},"77":{"start":{"line":154,"column":8},"end":{"line":154,"column":35}},"78":{"start":{"line":155,"column":8},"end":{"line":157,"column":9}},"79":{"start":{"line":156,"column":12},"end":{"line":156,"column":77}},"80":{"start":{"line":160,"column":8},"end":{"line":160,"column":150}},"81":{"start":{"line":161,"column":8},"end":{"line":168,"column":9}},"82":{"start":{"line":162,"column":12},"end":{"line":162,"column":88}},"83":{"start":{"line":163,"column":12},"end":{"line":163,"column":39}},"84":{"start":{"line":166,"column":12},"end":{"line":166,"column":49}},"85":{"start":{"line":167,"column":12},"end":{"line":167,"column":19}},"86":{"start":{"line":172,"column":0},"end":{"line":172,"column":33}},"87":{"start":{"line":174,"column":0},"end":{"line":176,"column":3}},"88":{"start":{"line":175,"column":4},"end":{"line":175,"column":16}},"89":{"start":{"line":178,"column":0},"end":{"line":183,"column":1}},"90":{"start":{"line":179,"column":4},"end":{"line":179,"column":129}},"91":{"start":{"line":180,"column":4},"end":{"line":180,"column":58}},"92":{"start":{"line":181,"column":4},"end":{"line":181,"column":63}},"93":{"start":{"line":182,"column":4},"end":{"line":182,"column":11}},"94":{"start":{"line":185,"column":0},"end":{"line":193,"column":4}},"95":{"start":{"line":186,"column":4},"end":{"line":188,"column":5}},"96":{"start":{"line":187,"column":8},"end":{"line":187,"column":47}},"97":{"start":{"line":189,"column":4},"end":{"line":189,"column":29}},"98":{"start":{"line":190,"column":4},"end":{"line":190,"column":121}},"99":{"start":{"line":191,"column":4},"end":{"line":191,"column":29}},"100":{"start":{"line":192,"column":4},"end":{"line":192,"column":14}},"101":{"start":{"line":196,"column":0},"end":{"line":198,"column":1}},"102":{"start":{"line":197,"column":4},"end":{"line":197,"column":133}},"103":{"start":{"line":200,"column":0},"end":{"line":200,"column":47}},"104":{"start":{"line":202,"column":0},"end":{"line":219,"column":3}},"105":{"start":{"line":205,"column":4},"end":{"line":205,"column":31}},"106":{"start":{"line":206,"column":4},"end":{"line":217,"column":5}},"107":{"start":{"line":207,"column":8},"end":{"line":207,"column":119}},"108":{"start":{"line":210,"column":8},"end":{"line":212,"column":9}},"109":{"start":{"line":211,"column":12},"end":{"line":211,"column":49}},"110":{"start":{"line":213,"column":8},"end":{"line":213,"column":32}},"111":{"start":{"line":214,"column":8},"end":{"line":214,"column":124}},"112":{"start":{"line":215,"column":8},"end":{"line":215,"column":32}},"113":{"start":{"line":216,"column":8},"end":{"line":216,"column":39}},"114":{"start":{"line":222,"column":0},"end":{"line":226,"column":1}},"115":{"start":{"line":223,"column":4},"end":{"line":223,"column":80}},"116":{"start":{"line":224,"column":4},"end":{"line":224,"column":62}},"117":{"start":{"line":225,"column":4},"end":{"line":225,"column":35}},"118":{"start":{"line":229,"column":0},"end":{"line":231,"column":3}},"119":{"start":{"line":230,"column":4},"end":{"line":230,"column":55}},"120":{"start":{"line":235,"column":0},"end":{"line":241,"column":3}},"121":{"start":{"line":236,"column":4},"end":{"line":239,"column":5}},"122":{"start":{"line":237,"column":8},"end":{"line":237,"column":132}},"123":{"start":{"line":238,"column":8},"end":{"line":238,"column":21}},"124":{"start":{"line":240,"column":4},"end":{"line":240,"column":16}},"125":{"start":{"line":243,"column":0},"end":{"line":410,"column":1}},"126":{"start":{"line":244,"column":4},"end":{"line":244,"column":43}},"127":{"start":{"line":246,"column":5},"end":{"line":410,"column":1}},"128":{"start":{"line":247,"column":4},"end":{"line":247,"column":41}},"129":{"start":{"line":249,"column":5},"end":{"line":410,"column":1}},"130":{"start":{"line":251,"column":4},"end":{"line":254,"column":7}},"131":{"start":{"line":256,"column":7},"end":{"line":410,"column":1}},"132":{"start":{"line":258,"column":4},"end":{"line":274,"column":5}},"133":{"start":{"line":259,"column":8},"end":{"line":259,"column":132}},"134":{"start":{"line":260,"column":8},"end":{"line":260,"column":80}},"135":{"start":{"line":261,"column":8},"end":{"line":261,"column":15}},"136":{"start":{"line":268,"column":8},"end":{"line":270,"column":11}},"137":{"start":{"line":269,"column":12},"end":{"line":269,"column":38}},"138":{"start":{"line":272,"column":8},"end":{"line":272,"column":65}},"139":{"start":{"line":277,"column":5},"end":{"line":410,"column":1}},"140":{"start":{"line":279,"column":4},"end":{"line":284,"column":5}},"141":{"start":{"line":280,"column":8},"end":{"line":280,"column":139}},"142":{"start":{"line":281,"column":8},"end":{"line":281,"column":81}},"143":{"start":{"line":282,"column":8},"end":{"line":282,"column":132}},"144":{"start":{"line":283,"column":8},"end":{"line":283,"column":15}},"145":{"start":{"line":286,"column":4},"end":{"line":289,"column":7}},"146":{"start":{"line":291,"column":7},"end":{"line":410,"column":1}},"147":{"start":{"line":293,"column":4},"end":{"line":315,"column":7}},"148":{"start":{"line":298,"column":8},"end":{"line":305,"column":9}},"149":{"start":{"line":300,"column":16},"end":{"line":300,"column":75}},"150":{"start":{"line":302,"column":16},"end":{"line":302,"column":22}},"151":{"start":{"line":304,"column":16},"end":{"line":304,"column":33}},"152":{"start":{"line":307,"column":8},"end":{"line":314,"column":9}},"153":{"start":{"line":309,"column":16},"end":{"line":309,"column":75}},"154":{"start":{"line":311,"column":16},"end":{"line":311,"column":22}},"155":{"start":{"line":313,"column":16},"end":{"line":313,"column":33}},"156":{"start":{"line":320,"column":4},"end":{"line":320,"column":52}},"157":{"start":{"line":321,"column":4},"end":{"line":321,"column":82}},"158":{"start":{"line":322,"column":4},"end":{"line":322,"column":70}},"159":{"start":{"line":324,"column":4},"end":{"line":408,"column":7}},"160":{"start":{"line":326,"column":8},"end":{"line":406,"column":9}},"161":{"start":{"line":327,"column":12},"end":{"line":327,"column":37}},"162":{"start":{"line":328,"column":12},"end":{"line":328,"column":91}},"163":{"start":{"line":332,"column":12},"end":{"line":332,"column":65}},"164":{"start":{"line":334,"column":12},"end":{"line":405,"column":19}},"165":{"start":{"line":336,"column":24},"end":{"line":339,"column":27}},"166":{"start":{"line":338,"column":28},"end":{"line":338,"column":72}},"167":{"start":{"line":342,"column":24},"end":{"line":344,"column":31}},"168":{"start":{"line":349,"column":20},"end":{"line":351,"column":21}},"169":{"start":{"line":350,"column":24},"end":{"line":350,"column":34}},"170":{"start":{"line":353,"column":20},"end":{"line":353,"column":46}},"171":{"start":{"line":354,"column":20},"end":{"line":354,"column":44}},"172":{"start":{"line":356,"column":20},"end":{"line":362,"column":23}},"173":{"start":{"line":358,"column":24},"end":{"line":360,"column":71}},"174":{"start":{"line":361,"column":24},"end":{"line":361,"column":89}},"175":{"start":{"line":365,"column":20},"end":{"line":403,"column":21}},"176":{"start":{"line":366,"column":24},"end":{"line":366,"column":147}},"177":{"start":{"line":367,"column":24},"end":{"line":367,"column":96}},"178":{"start":{"line":374,"column":24},"end":{"line":376,"column":27}},"179":{"start":{"line":375,"column":28},"end":{"line":375,"column":54}},"180":{"start":{"line":378,"column":24},"end":{"line":402,"column":25}},"181":{"start":{"line":380,"column":28},"end":{"line":385,"column":31}},"182":{"start":{"line":381,"column":32},"end":{"line":384,"column":35}},"183":{"start":{"line":382,"column":36},"end":{"line":382,"column":73}},"184":{"start":{"line":383,"column":36},"end":{"line":383,"column":53}},"185":{"start":{"line":388,"column":28},"end":{"line":401,"column":31}},"186":{"start":{"line":389,"column":32},"end":{"line":400,"column":35}},"187":{"start":{"line":390,"column":36},"end":{"line":399,"column":39}},"188":{"start":{"line":397,"column":40},"end":{"line":397,"column":82}}},"branchMap":{"1":{"line":7,"type":"if","locations":[{"start":{"line":7,"column":0},"end":{"line":7,"column":0}},{"start":{"line":7,"column":0},"end":{"line":7,"column":0}}]},"2":{"line":7,"type":"binary-expr","locations":[{"start":{"line":7,"column":4},"end":{"line":7,"column":27}},{"start":{"line":7,"column":31},"end":{"line":7,"column":67}}]},"3":{"line":70,"type":"if","locations":[{"start":{"line":70,"column":0},"end":{"line":70,"column":0}},{"start":{"line":70,"column":0},"end":{"line":70,"column":0}}]},"4":{"line":70,"type":"binary-expr","locations":[{"start":{"line":70,"column":4},"end":{"line":70,"column":46}},{"start":{"line":70,"column":50},"end":{"line":70,"column":63}}]},"5":{"line":100,"type":"if","locations":[{"start":{"line":100,"column":4},"end":{"line":100,"column":4}},{"start":{"line":100,"column":4},"end":{"line":100,"column":4}}]},"6":{"line":105,"type":"if","locations":[{"start":{"line":105,"column":8},"end":{"line":105,"column":8}},{"start":{"line":105,"column":8},"end":{"line":105,"column":8}}]},"7":{"line":136,"type":"binary-expr","locations":[{"start":{"line":136,"column":23},"end":{"line":136,"column":33}},{"start":{"line":136,"column":38},"end":{"line":136,"column":65}}]},"8":{"line":138,"type":"if","locations":[{"start":{"line":138,"column":4},"end":{"line":138,"column":4}},{"start":{"line":138,"column":4},"end":{"line":138,"column":4}}]},"9":{"line":147,"type":"if","locations":[{"start":{"line":147,"column":4},"end":{"line":147,"column":4}},{"start":{"line":147,"column":4},"end":{"line":147,"column":4}}]},"10":{"line":155,"type":"if","locations":[{"start":{"line":155,"column":8},"end":{"line":155,"column":8}},{"start":{"line":155,"column":8},"end":{"line":155,"column":8}}]},"11":{"line":178,"type":"if","locations":[{"start":{"line":178,"column":0},"end":{"line":178,"column":0}},{"start":{"line":178,"column":0},"end":{"line":178,"column":0}}]},"12":{"line":185,"type":"binary-expr","locations":[{"start":{"line":185,"column":35},"end":{"line":185,"column":54}},{"start":{"line":185,"column":58},"end":{"line":185,"column":60}}]},"13":{"line":186,"type":"if","locations":[{"start":{"line":186,"column":4},"end":{"line":186,"column":4}},{"start":{"line":186,"column":4},"end":{"line":186,"column":4}}]},"14":{"line":196,"type":"if","locations":[{"start":{"line":196,"column":0},"end":{"line":196,"column":0}},{"start":{"line":196,"column":0},"end":{"line":196,"column":0}}]},"15":{"line":196,"type":"binary-expr","locations":[{"start":{"line":196,"column":4},"end":{"line":196,"column":18}},{"start":{"line":196,"column":22},"end":{"line":196,"column":44}}]},"16":{"line":200,"type":"binary-expr","locations":[{"start":{"line":200,"column":19},"end":{"line":200,"column":40}},{"start":{"line":200,"column":44},"end":{"line":200,"column":46}}]},"17":{"line":202,"type":"binary-expr","locations":[{"start":{"line":202,"column":1},"end":{"line":202,"column":15}},{"start":{"line":202,"column":19},"end":{"line":202,"column":21}}]},"18":{"line":206,"type":"if","locations":[{"start":{"line":206,"column":4},"end":{"line":206,"column":4}},{"start":{"line":206,"column":4},"end":{"line":206,"column":4}}]},"19":{"line":210,"type":"if","locations":[{"start":{"line":210,"column":8},"end":{"line":210,"column":8}},{"start":{"line":210,"column":8},"end":{"line":210,"column":8}}]},"20":{"line":222,"type":"if","locations":[{"start":{"line":222,"column":0},"end":{"line":222,"column":0}},{"start":{"line":222,"column":0},"end":{"line":222,"column":0}}]},"21":{"line":236,"type":"if","locations":[{"start":{"line":236,"column":4},"end":{"line":236,"column":4}},{"start":{"line":236,"column":4},"end":{"line":236,"column":4}}]},"22":{"line":243,"type":"if","locations":[{"start":{"line":243,"column":0},"end":{"line":243,"column":0}},{"start":{"line":243,"column":0},"end":{"line":243,"column":0}}]},"23":{"line":246,"type":"if","locations":[{"start":{"line":246,"column":5},"end":{"line":246,"column":5}},{"start":{"line":246,"column":5},"end":{"line":246,"column":5}}]},"24":{"line":249,"type":"if","locations":[{"start":{"line":249,"column":5},"end":{"line":249,"column":5}},{"start":{"line":249,"column":5},"end":{"line":249,"column":5}}]},"25":{"line":256,"type":"if","locations":[{"start":{"line":256,"column":7},"end":{"line":256,"column":7}},{"start":{"line":256,"column":7},"end":{"line":256,"column":7}}]},"26":{"line":258,"type":"if","locations":[{"start":{"line":258,"column":4},"end":{"line":258,"column":4}},{"start":{"line":258,"column":4},"end":{"line":258,"column":4}}]},"27":{"line":277,"type":"if","locations":[{"start":{"line":277,"column":5},"end":{"line":277,"column":5}},{"start":{"line":277,"column":5},"end":{"line":277,"column":5}}]},"28":{"line":279,"type":"if","locations":[{"start":{"line":279,"column":4},"end":{"line":279,"column":4}},{"start":{"line":279,"column":4},"end":{"line":279,"column":4}}]},"29":{"line":291,"type":"if","locations":[{"start":{"line":291,"column":7},"end":{"line":291,"column":7}},{"start":{"line":291,"column":7},"end":{"line":291,"column":7}}]},"30":{"line":296,"type":"binary-expr","locations":[{"start":{"line":296,"column":20},"end":{"line":296,"column":30}},{"start":{"line":296,"column":34},"end":{"line":296,"column":47}}]},"31":{"line":298,"type":"switch","locations":[{"start":{"line":299,"column":12},"end":{"line":302,"column":22}},{"start":{"line":303,"column":12},"end":{"line":304,"column":33}}]},"32":{"line":307,"type":"switch","locations":[{"start":{"line":308,"column":12},"end":{"line":311,"column":22}},{"start":{"line":312,"column":12},"end":{"line":313,"column":33}}]},"33":{"line":326,"type":"if","locations":[{"start":{"line":326,"column":8},"end":{"line":326,"column":8}},{"start":{"line":326,"column":8},"end":{"line":326,"column":8}}]},"34":{"line":338,"type":"cond-expr","locations":[{"start":{"line":338,"column":55},"end":{"line":338,"column":59}},{"start":{"line":338,"column":62},"end":{"line":338,"column":70}}]},"35":{"line":349,"type":"if","locations":[{"start":{"line":349,"column":20},"end":{"line":349,"column":20}},{"start":{"line":349,"column":20},"end":{"line":349,"column":20}}]},"36":{"line":349,"type":"binary-expr","locations":[{"start":{"line":349,"column":24},"end":{"line":349,"column":27}},{"start":{"line":349,"column":31},"end":{"line":349,"column":47}}]},"37":{"line":365,"type":"if","locations":[{"start":{"line":365,"column":20},"end":{"line":365,"column":20}},{"start":{"line":365,"column":20},"end":{"line":365,"column":20}}]},"38":{"line":378,"type":"if","locations":[{"start":{"line":378,"column":24},"end":{"line":378,"column":24}},{"start":{"line":378,"column":24},"end":{"line":378,"column":24}}]},"39":{"line":378,"type":"binary-expr","locations":[{"start":{"line":378,"column":28},"end":{"line":378,"column":38}},{"start":{"line":378,"column":42},"end":{"line":378,"column":59}},{"start":{"line":378,"column":63},"end":{"line":378,"column":92}}]}}},"/Users/Olegzandr/WebstormProjects/suman/config/suman-constants.js":{"path":"/Users/Olegzandr/WebstormProjects/suman/config/suman-constants.js","s":{"1":1},"b":{},"f":{},"fnMap":{},"statementMap":{"1":{"start":{"line":8,"column":0},"end":{"line":95,"column":3}}},"branchMap":{}},"/Users/Olegzandr/WebstormProjects/suman/lib/utils.js":{"path":"/Users/Olegzandr/WebstormProjects/suman/lib/utils.js","s":{"1":1,"2":1,"3":1,"4":1,"5":1,"6":1,"7":1,"8":1,"9":1,"10":1,"11":0,"12":0,"13":0,"14":0,"15":0,"16":0,"17":0,"18":0,"19":0,"20":0,"21":0,"22":0,"23":0,"24":0,"25":0,"26":0,"27":0,"28":0,"29":0,"30":0,"31":2,"32":0,"33":0,"34":2,"35":3,"36":1,"37":3,"38":0,"39":0,"40":0,"41":0,"42":0,"43":0,"44":0,"45":0,"46":0,"47":0,"48":0,"49":0,"50":0,"51":0,"52":0,"53":5,"54":1,"55":4,"56":4,"57":0,"58":0,"59":1,"60":0,"61":1,"62":1},"b":{"1":[0,0],"2":[0,0],"3":[0,0],"4":[0,0],"5":[0,0],"6":[0,2],"7":[1,2],"8":[0,0],"9":[0,0],"10":[0,0],"11":[1,4],"12":[4,0,4,4,4],"13":[0,0,0],"14":[0,1]},"f":{"1":0,"2":0,"3":0,"4":0,"5":0,"6":0,"7":0,"8":2,"9":0,"10":0,"11":0,"12":2,"13":3,"14":0,"15":0,"16":0,"17":5,"18":0,"19":0,"20":1,"21":1},"fnMap":{"1":{"name":"(anonymous_1)","line":26,"loc":{"start":{"line":26,"column":23},"end":{"line":26,"column":35}}},"2":{"name":"(anonymous_2)","line":30,"loc":{"start":{"line":30,"column":26},"end":{"line":30,"column":43}}},"3":{"name":"(anonymous_3)","line":33,"loc":{"start":{"line":33,"column":29},"end":{"line":33,"column":40}}},"4":{"name":"(anonymous_4)","line":40,"loc":{"start":{"line":40,"column":22},"end":{"line":40,"column":35}}},"5":{"name":"(anonymous_5)","line":50,"loc":{"start":{"line":50,"column":26},"end":{"line":50,"column":49}}},"6":{"name":"(anonymous_6)","line":67,"loc":{"start":{"line":67,"column":25},"end":{"line":67,"column":38}}},"7":{"name":"(anonymous_7)","line":73,"loc":{"start":{"line":73,"column":22},"end":{"line":73,"column":44}}},"8":{"name":"(anonymous_8)","line":78,"loc":{"start":{"line":78,"column":21},"end":{"line":78,"column":35}}},"9":{"name":"(anonymous_9)","line":82,"loc":{"start":{"line":82,"column":33},"end":{"line":82,"column":47}}},"10":{"name":"(anonymous_10)","line":86,"loc":{"start":{"line":86,"column":25},"end":{"line":86,"column":37}}},"11":{"name":"(anonymous_11)","line":90,"loc":{"start":{"line":90,"column":28},"end":{"line":90,"column":40}}},"12":{"name":"(anonymous_12)","line":94,"loc":{"start":{"line":94,"column":16},"end":{"line":94,"column":28}}},"13":{"name":"findProjRoot","line":98,"loc":{"start":{"line":98,"column":21},"end":{"line":98,"column":45}}},"14":{"name":"sumanOnce","line":105,"loc":{"start":{"line":105,"column":10},"end":{"line":105,"column":38}}},"15":{"name":"(anonymous_15)","line":109,"loc":{"start":{"line":109,"column":15},"end":{"line":109,"column":27}}},"16":{"name":"checkForArrayOfStringsEquality","line":122,"loc":{"start":{"line":122,"column":22},"end":{"line":122,"column":74}}},"17":{"name":"isGeneratorFn","line":140,"loc":{"start":{"line":140,"column":19},"end":{"line":140,"column":46}}},"18":{"name":"arrayHasDuplicates","line":151,"loc":{"start":{"line":151,"column":24},"end":{"line":151,"column":55}}},"19":{"name":"isReadableStream","line":155,"loc":{"start":{"line":155,"column":22},"end":{"line":155,"column":53}}},"20":{"name":"(anonymous_20)","line":159,"loc":{"start":{"line":159,"column":20},"end":{"line":159,"column":40}}},"21":{"name":"(anonymous_21)","line":200,"loc":{"start":{"line":200,"column":29},"end":{"line":200,"column":41}}}},"statementMap":{"1":{"start":{"line":8,"column":0},"end":{"line":8,"column":25}},"2":{"start":{"line":9,"column":0},"end":{"line":9,"column":29}},"3":{"start":{"line":12,"column":0},"end":{"line":12,"column":31}},"4":{"start":{"line":13,"column":0},"end":{"line":13,"column":39}},"5":{"start":{"line":14,"column":0},"end":{"line":14,"column":28}},"6":{"start":{"line":16,"column":0},"end":{"line":16,"column":40}},"7":{"start":{"line":17,"column":0},"end":{"line":17,"column":44}},"8":{"start":{"line":18,"column":0},"end":{"line":18,"column":40}},"9":{"start":{"line":20,"column":0},"end":{"line":20,"column":33}},"10":{"start":{"line":24,"column":0},"end":{"line":208,"column":2}},"11":{"start":{"line":27,"column":8},"end":{"line":27,"column":38}},"12":{"start":{"line":32,"column":8},"end":{"line":36,"column":9}},"13":{"start":{"line":33,"column":12},"end":{"line":35,"column":15}},"14":{"start":{"line":34,"column":16},"end":{"line":34,"column":45}},"15":{"start":{"line":38,"column":8},"end":{"line":38,"column":26}},"16":{"start":{"line":40,"column":8},"end":{"line":65,"column":11}},"17":{"start":{"line":43,"column":12},"end":{"line":43,"column":34}},"18":{"start":{"line":45,"column":12},"end":{"line":63,"column":13}},"19":{"start":{"line":46,"column":16},"end":{"line":46,"column":48}},"20":{"start":{"line":48,"column":16},"end":{"line":48,"column":26}},"21":{"start":{"line":50,"column":16},"end":{"line":56,"column":19}},"22":{"start":{"line":51,"column":20},"end":{"line":54,"column":21}},"23":{"start":{"line":52,"column":24},"end":{"line":52,"column":34}},"24":{"start":{"line":53,"column":24},"end":{"line":53,"column":37}},"25":{"start":{"line":55,"column":20},"end":{"line":55,"column":32}},"26":{"start":{"line":58,"column":16},"end":{"line":58,"column":44}},"27":{"start":{"line":62,"column":16},"end":{"line":62,"column":45}},"28":{"start":{"line":67,"column":8},"end":{"line":69,"column":11}},"29":{"start":{"line":68,"column":12},"end":{"line":68,"column":61}},"30":{"start":{"line":74,"column":8},"end":{"line":74,"column":61}},"31":{"start":{"line":79,"column":8},"end":{"line":79,"column":55}},"32":{"start":{"line":87,"column":8},"end":{"line":87,"column":117}},"33":{"start":{"line":91,"column":8},"end":{"line":91,"column":92}},"34":{"start":{"line":95,"column":8},"end":{"line":95,"column":84}},"35":{"start":{"line":99,"column":8},"end":{"line":101,"column":9}},"36":{"start":{"line":100,"column":12},"end":{"line":100,"column":83}},"37":{"start":{"line":102,"column":8},"end":{"line":102,"column":33}},"38":{"start":{"line":107,"column":8},"end":{"line":107,"column":28}},"39":{"start":{"line":109,"column":8},"end":{"line":119,"column":9}},"40":{"start":{"line":110,"column":12},"end":{"line":117,"column":13}},"41":{"start":{"line":111,"column":16},"end":{"line":111,"column":33}},"42":{"start":{"line":112,"column":16},"end":{"line":112,"column":41}},"43":{"start":{"line":115,"column":16},"end":{"line":115,"column":105}},"44":{"start":{"line":116,"column":16},"end":{"line":116,"column":62}},"45":{"start":{"line":124,"column":8},"end":{"line":126,"column":9}},"46":{"start":{"line":125,"column":12},"end":{"line":125,"column":25}},"47":{"start":{"line":128,"column":8},"end":{"line":128,"column":27}},"48":{"start":{"line":129,"column":8},"end":{"line":129,"column":27}},"49":{"start":{"line":131,"column":8},"end":{"line":135,"column":9}},"50":{"start":{"line":132,"column":12},"end":{"line":134,"column":13}},"51":{"start":{"line":133,"column":16},"end":{"line":133,"column":29}},"52":{"start":{"line":137,"column":8},"end":{"line":137,"column":20}},"53":{"start":{"line":142,"column":8},"end":{"line":144,"column":9}},"54":{"start":{"line":143,"column":12},"end":{"line":143,"column":25}},"55":{"start":{"line":145,"column":8},"end":{"line":145,"column":35}},"56":{"start":{"line":146,"column":8},"end":{"line":147,"column":112}},"57":{"start":{"line":152,"column":8},"end":{"line":152,"column":45}},"58":{"start":{"line":156,"column":8},"end":{"line":156,"column":121}},"59":{"start":{"line":161,"column":8},"end":{"line":205,"column":9}},"60":{"start":{"line":162,"column":12},"end":{"line":162,"column":33}},"61":{"start":{"line":200,"column":12},"end":{"line":202,"column":15}},"62":{"start":{"line":201,"column":16},"end":{"line":201,"column":25}}},"branchMap":{"1":{"line":32,"type":"if","locations":[{"start":{"line":32,"column":8},"end":{"line":32,"column":8}},{"start":{"line":32,"column":8},"end":{"line":32,"column":8}}]},"2":{"line":45,"type":"if","locations":[{"start":{"line":45,"column":12},"end":{"line":45,"column":12}},{"start":{"line":45,"column":12},"end":{"line":45,"column":12}}]},"3":{"line":51,"type":"if","locations":[{"start":{"line":51,"column":20},"end":{"line":51,"column":20}},{"start":{"line":51,"column":20},"end":{"line":51,"column":20}}]},"4":{"line":74,"type":"binary-expr","locations":[{"start":{"line":74,"column":17},"end":{"line":74,"column":41}},{"start":{"line":74,"column":45},"end":{"line":74,"column":47}}]},"5":{"line":87,"type":"binary-expr","locations":[{"start":{"line":87,"column":44},"end":{"line":87,"column":60}},{"start":{"line":87,"column":64},"end":{"line":87,"column":87}}]},"6":{"line":95,"type":"cond-expr","locations":[{"start":{"line":95,"column":59},"end":{"line":95,"column":72}},{"start":{"line":95,"column":75},"end":{"line":95,"column":81}}]},"7":{"line":99,"type":"if","locations":[{"start":{"line":99,"column":8},"end":{"line":99,"column":8}},{"start":{"line":99,"column":8},"end":{"line":99,"column":8}}]},"8":{"line":110,"type":"if","locations":[{"start":{"line":110,"column":12},"end":{"line":110,"column":12}},{"start":{"line":110,"column":12},"end":{"line":110,"column":12}}]},"9":{"line":124,"type":"if","locations":[{"start":{"line":124,"column":8},"end":{"line":124,"column":8}},{"start":{"line":124,"column":8},"end":{"line":124,"column":8}}]},"10":{"line":132,"type":"if","locations":[{"start":{"line":132,"column":12},"end":{"line":132,"column":12}},{"start":{"line":132,"column":12},"end":{"line":132,"column":12}}]},"11":{"line":142,"type":"if","locations":[{"start":{"line":142,"column":8},"end":{"line":142,"column":8}},{"start":{"line":142,"column":8},"end":{"line":142,"column":8}}]},"12":{"line":146,"type":"binary-expr","locations":[{"start":{"line":146,"column":17},"end":{"line":146,"column":46}},{"start":{"line":146,"column":50},"end":{"line":146,"column":88}},{"start":{"line":146,"column":93},"end":{"line":146,"column":125}},{"start":{"line":147,"column":12},"end":{"line":147,"column":55}},{"start":{"line":147,"column":59},"end":{"line":147,"column":109}}]},"13":{"line":156,"type":"binary-expr","locations":[{"start":{"line":156,"column":15},"end":{"line":156,"column":43}},{"start":{"line":156,"column":47},"end":{"line":156,"column":78}},{"start":{"line":156,"column":82},"end":{"line":156,"column":120}}]},"14":{"line":161,"type":"if","locations":[{"start":{"line":161,"column":8},"end":{"line":161,"column":8}},{"start":{"line":161,"column":8},"end":{"line":161,"column":8}}]}}},"/Users/Olegzandr/WebstormProjects/suman/lib/index.js":{"path":"/Users/Olegzandr/WebstormProjects/suman/lib/index.js","s":{"1":1,"2":1,"3":1,"4":1,"5":1,"6":1,"7":1,"8":1,"9":1,"10":1,"11":1,"12":1,"13":1,"14":1,"15":1,"16":1,"17":1,"18":1,"19":1,"20":1,"21":1,"22":1,"23":1,"24":1,"25":1,"26":0,"27":0,"28":0,"29":0,"30":0,"31":0,"32":0,"33":0,"34":0,"35":0,"36":0,"37":0,"38":0,"39":0,"40":0,"41":0,"42":0,"43":0,"44":0,"45":0,"46":0,"47":0,"48":0,"49":0,"50":0,"51":0,"52":0,"53":0,"54":0,"55":0,"56":0,"57":0,"58":0,"59":0,"60":0,"61":0,"62":0,"63":0,"64":0,"65":0,"66":0,"67":0,"68":0,"69":0,"70":0,"71":0,"72":0,"73":0,"74":0,"75":0,"76":0,"77":0,"78":0,"79":0,"80":0,"81":0,"82":0,"83":0,"84":0,"85":0,"86":0,"87":0,"88":0,"89":0,"90":0,"91":0,"92":0,"93":0,"94":0,"95":0,"96":0,"97":0,"98":0,"99":0,"100":0,"101":0,"102":0,"103":0,"104":1,"105":0,"106":0,"107":0,"108":0,"109":0,"110":0,"111":0,"112":0,"113":0,"114":0,"115":0,"116":0,"117":0,"118":0,"119":0,"120":0,"121":0,"122":0,"123":0,"124":0,"125":0,"126":0,"127":0,"128":0,"129":0,"130":0,"131":0,"132":0,"133":0,"134":0,"135":0,"136":0,"137":0,"138":0,"139":0,"140":0,"141":0,"142":0,"143":0,"144":0,"145":0,"146":0,"147":0,"148":0,"149":0,"150":0,"151":0,"152":0,"153":0,"154":0,"155":0,"156":0,"157":0,"158":0,"159":1,"160":1,"161":1,"162":0,"163":0,"164":1,"165":0,"166":1,"167":1,"168":1,"169":1,"170":1,"171":1,"172":1,"173":10,"174":6,"175":6,"176":0,"177":1,"178":1,"179":1,"180":1,"181":1,"182":1,"183":1,"184":1,"185":1,"186":1,"187":0,"188":0,"189":0,"190":0,"191":1,"192":1,"193":1,"194":0,"195":0,"196":0,"197":0,"198":1,"199":1,"200":0,"201":1,"202":1,"203":1,"204":1,"205":0,"206":0,"207":0,"208":0,"209":0,"210":0,"211":0,"212":0,"213":0,"214":0,"215":0,"216":0,"217":0,"218":0,"219":0,"220":0,"221":0,"222":0,"223":0,"224":0,"225":0,"226":0,"227":0,"228":1,"229":0,"230":0,"231":0,"232":1,"233":1,"234":1,"235":0,"236":1,"237":1,"238":1,"239":4,"240":4,"241":1,"242":1,"243":1,"244":1,"245":1,"246":1,"247":1,"248":1,"249":1,"250":0,"251":0,"252":0,"253":0,"254":0,"255":1,"256":1,"257":1,"258":1,"259":1,"260":0,"261":0,"262":0,"263":0,"264":0,"265":0,"266":0,"267":0,"268":0,"269":0,"270":0,"271":0,"272":0,"273":0,"274":0,"275":0,"276":0,"277":0,"278":0,"279":0,"280":0,"281":0,"282":0,"283":0,"284":0,"285":0,"286":0,"287":0,"288":0,"289":0,"290":0,"291":0,"292":0,"293":0,"294":1,"295":1,"296":1,"297":1,"298":0,"299":0,"300":1,"301":1,"302":0,"303":0,"304":1,"305":0,"306":0,"307":0,"308":0,"309":0,"310":0,"311":0,"312":1,"313":1,"314":1,"315":0,"316":0,"317":0,"318":0,"319":0,"320":0,"321":0,"322":0,"323":0,"324":0,"325":1,"326":0,"327":0,"328":1,"329":1,"330":1,"331":1,"332":1,"333":0,"334":1,"335":1,"336":1,"337":1,"338":1,"339":0,"340":0,"341":0,"342":0,"343":0,"344":1,"345":1,"346":1,"347":1,"348":1,"349":1,"350":0,"351":0,"352":0,"353":1,"354":0,"355":0,"356":0,"357":0,"358":1,"359":1,"360":1,"361":0,"362":1},"b":{"1":[0,0],"2":[0,0],"3":[0,0],"4":[0,0],"5":[0,0],"6":[0,0],"7":[0,0],"8":[0,0],"9":[0,0],"10":[0,0],"11":[0,0],"12":[0,0],"13":[0,0],"14":[0,0],"15":[0,0],"16":[0,0],"17":[0,0],"18":[0,0],"19":[0,0],"20":[0,0],"21":[0,0],"22":[0,0],"23":[0,0],"24":[0,0],"25":[0,0],"26":[0,0],"27":[0,0],"28":[0,1],"29":[0,1],"30":[0,1],"31":[1,0],"32":[6,4],"33":[0,6],"34":[1,0],"35":[1,1],"36":[0,1],"37":[1,1],"38":[1,1],"39":[0,1],"40":[0,0],"41":[1,0],"42":[1,0],"43":[0,1],"44":[1,1],"45":[0,1],"46":[1,0],"47":[1,1],"48":[0,1],"49":[0,0],"50":[0,0],"51":[0,0],"52":[0,1],"53":[0,1],"54":[0,0],"55":[1,0],"56":[0,0],"57":[0,0],"58":[0,0],"59":[0,0],"60":[0,0],"61":[0,0],"62":[0,1],"63":[0,1],"64":[0,1],"65":[1,0],"66":[0,0],"67":[0,1],"68":[0,0],"69":[0,1],"70":[1,1],"71":[1,1],"72":[0,1],"73":[0,0],"74":[0,0],"75":[0,0]},"f":{"1":0,"2":0,"3":0,"4":0,"5":0,"6":0,"7":0,"8":0,"9":0,"10":0,"11":0,"12":0,"13":0,"14":0,"15":0,"16":1,"17":10,"18":0,"19":0,"20":0,"21":4,"22":0,"23":0,"24":1,"25":0,"26":0,"27":0,"28":0,"29":0,"30":0,"31":0,"32":0,"33":1,"34":1,"35":1,"36":0,"37":1,"38":0,"39":0,"40":0,"41":0,"42":0,"43":0,"44":1,"45":1,"46":0,"47":0,"48":0,"49":0,"50":0},"fnMap":{"1":{"name":"Runner","line":42,"loc":{"start":{"line":42,"column":0},"end":{"line":42,"column":21}}},"2":{"name":"(anonymous_2)","line":142,"loc":{"start":{"line":142,"column":25},"end":{"line":142,"column":37}}},"3":{"name":"(anonymous_3)","line":172,"loc":{"start":{"line":172,"column":36},"end":{"line":172,"column":51}}},"4":{"name":"(anonymous_4)","line":199,"loc":{"start":{"line":199,"column":26},"end":{"line":199,"column":41}}},"5":{"name":"(anonymous_5)","line":204,"loc":{"start":{"line":204,"column":28},"end":{"line":204,"column":43}}},"6":{"name":"(anonymous_6)","line":208,"loc":{"start":{"line":208,"column":38},"end":{"line":208,"column":53}}},"7":{"name":"(anonymous_7)","line":214,"loc":{"start":{"line":214,"column":25},"end":{"line":214,"column":40}}},"8":{"name":"(anonymous_8)","line":230,"loc":{"start":{"line":230,"column":25},"end":{"line":230,"column":37}}},"9":{"name":"Server","line":242,"loc":{"start":{"line":242,"column":0},"end":{"line":242,"column":21}}},"10":{"name":"(anonymous_10)","line":269,"loc":{"start":{"line":269,"column":24},"end":{"line":269,"column":36}}},"11":{"name":"(anonymous_11)","line":279,"loc":{"start":{"line":279,"column":41},"end":{"line":279,"column":67}}},"12":{"name":"(anonymous_12)","line":319,"loc":{"start":{"line":319,"column":22},"end":{"line":319,"column":53}}},"13":{"name":"(anonymous_13)","line":340,"loc":{"start":{"line":340,"column":37},"end":{"line":340,"column":52}}},"14":{"name":"(anonymous_14)","line":346,"loc":{"start":{"line":346,"column":30},"end":{"line":346,"column":45}}},"15":{"name":"(anonymous_15)","line":350,"loc":{"start":{"line":350,"column":32},"end":{"line":350,"column":47}}},"16":{"name":"init","line":368,"loc":{"start":{"line":368,"column":0},"end":{"line":368,"column":30}}},"17":{"name":"(anonymous_17)","line":390,"loc":{"start":{"line":390,"column":20},"end":{"line":390,"column":43}}},"18":{"name":"(anonymous_18)","line":496,"loc":{"start":{"line":496,"column":29},"end":{"line":496,"column":41}}},"19":{"name":"(anonymous_19)","line":499,"loc":{"start":{"line":499,"column":27},"end":{"line":499,"column":39}}},"20":{"name":"(anonymous_20)","line":508,"loc":{"start":{"line":508,"column":27},"end":{"line":508,"column":39}}},"21":{"name":"(anonymous_21)","line":515,"loc":{"start":{"line":515,"column":29},"end":{"line":515,"column":41}}},"22":{"name":"(anonymous_22)","line":531,"loc":{"start":{"line":531,"column":15},"end":{"line":531,"column":27}}},"23":{"name":"(anonymous_23)","line":539,"loc":{"start":{"line":539,"column":30},"end":{"line":539,"column":46}}},"24":{"name":"(anonymous_24)","line":551,"loc":{"start":{"line":551,"column":23},"end":{"line":551,"column":37}}},"25":{"name":"(anonymous_25)","line":557,"loc":{"start":{"line":557,"column":23},"end":{"line":557,"column":37}}},"26":{"name":"(anonymous_26)","line":565,"loc":{"start":{"line":565,"column":38},"end":{"line":565,"column":53}}},"27":{"name":"(anonymous_27)","line":583,"loc":{"start":{"line":583,"column":23},"end":{"line":583,"column":37}}},"28":{"name":"(anonymous_28)","line":595,"loc":{"start":{"line":595,"column":40},"end":{"line":595,"column":52}}},"29":{"name":"(anonymous_29)","line":603,"loc":{"start":{"line":603,"column":28},"end":{"line":603,"column":43}}},"30":{"name":"(anonymous_30)","line":619,"loc":{"start":{"line":619,"column":18},"end":{"line":619,"column":30}}},"31":{"name":"(anonymous_31)","line":620,"loc":{"start":{"line":620,"column":33},"end":{"line":620,"column":45}}},"32":{"name":"(anonymous_32)","line":621,"loc":{"start":{"line":621,"column":85},"end":{"line":621,"column":108}}},"33":{"name":"start","line":629,"loc":{"start":{"line":629,"column":4},"end":{"line":629,"column":21}}},"34":{"name":"(anonymous_34)","line":633,"loc":{"start":{"line":633,"column":21},"end":{"line":633,"column":36}}},"35":{"name":"(anonymous_35)","line":640,"loc":{"start":{"line":640,"column":61},"end":{"line":640,"column":83}}},"36":{"name":"(anonymous_36)","line":658,"loc":{"start":{"line":658,"column":41},"end":{"line":658,"column":53}}},"37":{"name":"(anonymous_37)","line":667,"loc":{"start":{"line":667,"column":41},"end":{"line":667,"column":53}}},"38":{"name":"(anonymous_38)","line":670,"loc":{"start":{"line":670,"column":63},"end":{"line":670,"column":80}}},"39":{"name":"(anonymous_39)","line":674,"loc":{"start":{"line":674,"column":61},"end":{"line":674,"column":73}}},"40":{"name":"(anonymous_40)","line":696,"loc":{"start":{"line":696,"column":43},"end":{"line":696,"column":55}}},"41":{"name":"(anonymous_41)","line":717,"loc":{"start":{"line":717,"column":30},"end":{"line":717,"column":42}}},"42":{"name":"Writable","line":734,"loc":{"start":{"line":734,"column":0},"end":{"line":734,"column":24}}},"43":{"name":"(anonymous_43)","line":743,"loc":{"start":{"line":743,"column":15},"end":{"line":743,"column":46}}},"44":{"name":"Transform","line":756,"loc":{"start":{"line":756,"column":0},"end":{"line":756,"column":24}}},"45":{"name":"(anonymous_45)","line":780,"loc":{"start":{"line":780,"column":23},"end":{"line":780,"column":35}}},"46":{"name":"(anonymous_46)","line":787,"loc":{"start":{"line":787,"column":40},"end":{"line":787,"column":73}}},"47":{"name":"(anonymous_47)","line":797,"loc":{"start":{"line":797,"column":34},"end":{"line":797,"column":66}}},"48":{"name":"(anonymous_48)","line":799,"loc":{"start":{"line":799,"column":28},"end":{"line":799,"column":41}}},"49":{"name":"autoPass","line":811,"loc":{"start":{"line":811,"column":0},"end":{"line":811,"column":20}}},"50":{"name":"autoFail","line":815,"loc":{"start":{"line":815,"column":0},"end":{"line":815,"column":20}}}},"statementMap":{"1":{"start":{"line":8,"column":0},"end":{"line":8,"column":70}},"2":{"start":{"line":13,"column":0},"end":{"line":13,"column":33}},"3":{"start":{"line":14,"column":0},"end":{"line":14,"column":25}},"4":{"start":{"line":15,"column":0},"end":{"line":15,"column":33}},"5":{"start":{"line":16,"column":0},"end":{"line":16,"column":29}},"6":{"start":{"line":17,"column":0},"end":{"line":17,"column":36}},"7":{"start":{"line":18,"column":0},"end":{"line":18,"column":29}},"8":{"start":{"line":19,"column":0},"end":{"line":19,"column":33}},"9":{"start":{"line":20,"column":0},"end":{"line":20,"column":29}},"10":{"start":{"line":21,"column":0},"end":{"line":21,"column":25}},"11":{"start":{"line":24,"column":0},"end":{"line":24,"column":34}},"12":{"start":{"line":25,"column":0},"end":{"line":25,"column":32}},"13":{"start":{"line":26,"column":0},"end":{"line":26,"column":33}},"14":{"start":{"line":27,"column":0},"end":{"line":27,"column":45}},"15":{"start":{"line":28,"column":0},"end":{"line":28,"column":38}},"16":{"start":{"line":31,"column":0},"end":{"line":31,"column":37}},"17":{"start":{"line":32,"column":0},"end":{"line":32,"column":54}},"18":{"start":{"line":33,"column":0},"end":{"line":33,"column":55}},"19":{"start":{"line":34,"column":0},"end":{"line":34,"column":33}},"20":{"start":{"line":35,"column":0},"end":{"line":35,"column":36}},"21":{"start":{"line":36,"column":0},"end":{"line":36,"column":38}},"22":{"start":{"line":37,"column":0},"end":{"line":37,"column":55}},"23":{"start":{"line":38,"column":0},"end":{"line":38,"column":46}},"24":{"start":{"line":39,"column":0},"end":{"line":39,"column":75}},"25":{"start":{"line":42,"column":0},"end":{"line":239,"column":1}},"26":{"start":{"line":44,"column":4},"end":{"line":44,"column":30}},"27":{"start":{"line":45,"column":4},"end":{"line":45,"column":53}},"28":{"start":{"line":47,"column":4},"end":{"line":47,"column":36}},"29":{"start":{"line":48,"column":4},"end":{"line":48,"column":34}},"30":{"start":{"line":49,"column":4},"end":{"line":49,"column":36}},"31":{"start":{"line":51,"column":4},"end":{"line":51,"column":38}},"32":{"start":{"line":52,"column":4},"end":{"line":52,"column":74}},"33":{"start":{"line":54,"column":4},"end":{"line":56,"column":5}},"34":{"start":{"line":55,"column":8},"end":{"line":55,"column":88}},"35":{"start":{"line":58,"column":4},"end":{"line":60,"column":5}},"36":{"start":{"line":59,"column":8},"end":{"line":59,"column":106}},"37":{"start":{"line":87,"column":4},"end":{"line":87,"column":24}},"38":{"start":{"line":89,"column":4},"end":{"line":89,"column":109}},"39":{"start":{"line":92,"column":4},"end":{"line":92,"column":59}},"40":{"start":{"line":94,"column":4},"end":{"line":94,"column":55}},"41":{"start":{"line":95,"column":4},"end":{"line":95,"column":36}},"42":{"start":{"line":97,"column":4},"end":{"line":117,"column":5}},"43":{"start":{"line":98,"column":8},"end":{"line":98,"column":27}},"44":{"start":{"line":99,"column":8},"end":{"line":99,"column":29}},"45":{"start":{"line":101,"column":9},"end":{"line":117,"column":5}},"46":{"start":{"line":102,"column":8},"end":{"line":113,"column":9}},"47":{"start":{"line":103,"column":12},"end":{"line":105,"column":13}},"48":{"start":{"line":107,"column":12},"end":{"line":107,"column":59}},"49":{"start":{"line":108,"column":12},"end":{"line":108,"column":30}},"50":{"start":{"line":109,"column":12},"end":{"line":109,"column":35}},"51":{"start":{"line":112,"column":12},"end":{"line":112,"column":22}},"52":{"start":{"line":116,"column":8},"end":{"line":116,"column":106}},"53":{"start":{"line":119,"column":4},"end":{"line":119,"column":78}},"54":{"start":{"line":120,"column":4},"end":{"line":120,"column":75}},"55":{"start":{"line":121,"column":4},"end":{"line":121,"column":51}},"56":{"start":{"line":122,"column":4},"end":{"line":122,"column":87}},"57":{"start":{"line":123,"column":4},"end":{"line":123,"column":78}},"58":{"start":{"line":124,"column":4},"end":{"line":124,"column":67}},"59":{"start":{"line":127,"column":4},"end":{"line":127,"column":92}},"60":{"start":{"line":129,"column":4},"end":{"line":129,"column":23}},"61":{"start":{"line":131,"column":4},"end":{"line":140,"column":5}},"62":{"start":{"line":132,"column":8},"end":{"line":132,"column":36}},"63":{"start":{"line":133,"column":8},"end":{"line":133,"column":76}},"64":{"start":{"line":136,"column":8},"end":{"line":139,"column":9}},"65":{"start":{"line":137,"column":12},"end":{"line":137,"column":173}},"66":{"start":{"line":138,"column":12},"end":{"line":138,"column":19}},"67":{"start":{"line":142,"column":4},"end":{"line":144,"column":10}},"68":{"start":{"line":143,"column":12},"end":{"line":143,"column":22}},"69":{"start":{"line":147,"column":4},"end":{"line":147,"column":94}},"70":{"start":{"line":149,"column":4},"end":{"line":149,"column":25}},"71":{"start":{"line":151,"column":4},"end":{"line":164,"column":5}},"72":{"start":{"line":152,"column":8},"end":{"line":152,"column":32}},"73":{"start":{"line":153,"column":8},"end":{"line":155,"column":9}},"74":{"start":{"line":154,"column":12},"end":{"line":154,"column":25}},"75":{"start":{"line":158,"column":8},"end":{"line":163,"column":9}},"76":{"start":{"line":159,"column":12},"end":{"line":159,"column":84}},"77":{"start":{"line":162,"column":12},"end":{"line":162,"column":122}},"78":{"start":{"line":166,"column":4},"end":{"line":168,"column":5}},"79":{"start":{"line":167,"column":8},"end":{"line":167,"column":66}},"80":{"start":{"line":172,"column":4},"end":{"line":235,"column":7}},"81":{"start":{"line":174,"column":8},"end":{"line":176,"column":9}},"82":{"start":{"line":175,"column":12},"end":{"line":175,"column":31}},"83":{"start":{"line":178,"column":8},"end":{"line":233,"column":9}},"84":{"start":{"line":180,"column":12},"end":{"line":187,"column":15}},"85":{"start":{"line":189,"column":12},"end":{"line":189,"column":41}},"86":{"start":{"line":199,"column":12},"end":{"line":202,"column":15}},"87":{"start":{"line":200,"column":16},"end":{"line":200,"column":41}},"88":{"start":{"line":201,"column":16},"end":{"line":201,"column":38}},"89":{"start":{"line":204,"column":12},"end":{"line":206,"column":15}},"90":{"start":{"line":205,"column":16},"end":{"line":205,"column":40}},"91":{"start":{"line":208,"column":12},"end":{"line":211,"column":15}},"92":{"start":{"line":209,"column":16},"end":{"line":209,"column":41}},"93":{"start":{"line":210,"column":16},"end":{"line":210,"column":38}},"94":{"start":{"line":214,"column":12},"end":{"line":216,"column":15}},"95":{"start":{"line":215,"column":16},"end":{"line":215,"column":37}},"96":{"start":{"line":218,"column":12},"end":{"line":220,"column":15}},"97":{"start":{"line":219,"column":16},"end":{"line":219,"column":39}},"98":{"start":{"line":222,"column":12},"end":{"line":224,"column":15}},"99":{"start":{"line":223,"column":16},"end":{"line":223,"column":38}},"100":{"start":{"line":229,"column":12},"end":{"line":229,"column":86}},"101":{"start":{"line":230,"column":12},"end":{"line":232,"column":15}},"102":{"start":{"line":231,"column":16},"end":{"line":231,"column":32}},"103":{"start":{"line":237,"column":4},"end":{"line":237,"column":14}},"104":{"start":{"line":242,"column":0},"end":{"line":365,"column":1}},"105":{"start":{"line":244,"column":4},"end":{"line":244,"column":20}},"106":{"start":{"line":245,"column":4},"end":{"line":245,"column":28}},"107":{"start":{"line":246,"column":4},"end":{"line":246,"column":34}},"108":{"start":{"line":247,"column":4},"end":{"line":247,"column":20}},"109":{"start":{"line":248,"column":4},"end":{"line":253,"column":5}},"110":{"start":{"line":249,"column":8},"end":{"line":249,"column":33}},"111":{"start":{"line":252,"column":8},"end":{"line":252,"column":124}},"112":{"start":{"line":255,"column":4},"end":{"line":255,"column":36}},"113":{"start":{"line":256,"column":4},"end":{"line":256,"column":58}},"114":{"start":{"line":259,"column":4},"end":{"line":262,"column":5}},"115":{"start":{"line":260,"column":8},"end":{"line":260,"column":110}},"116":{"start":{"line":261,"column":8},"end":{"line":261,"column":51}},"117":{"start":{"line":264,"column":4},"end":{"line":264,"column":43}},"118":{"start":{"line":265,"column":4},"end":{"line":265,"column":43}},"119":{"start":{"line":267,"column":4},"end":{"line":267,"column":24}},"120":{"start":{"line":269,"column":4},"end":{"line":274,"column":13}},"121":{"start":{"line":270,"column":8},"end":{"line":273,"column":9}},"122":{"start":{"line":271,"column":12},"end":{"line":271,"column":28}},"123":{"start":{"line":272,"column":12},"end":{"line":272,"column":38}},"124":{"start":{"line":276,"column":4},"end":{"line":276,"column":15}},"125":{"start":{"line":277,"column":4},"end":{"line":277,"column":22}},"126":{"start":{"line":279,"column":4},"end":{"line":362,"column":7}},"127":{"start":{"line":280,"column":8},"end":{"line":361,"column":9}},"128":{"start":{"line":281,"column":12},"end":{"line":281,"column":37}},"129":{"start":{"line":282,"column":12},"end":{"line":282,"column":34}},"130":{"start":{"line":284,"column":13},"end":{"line":361,"column":9}},"131":{"start":{"line":285,"column":12},"end":{"line":285,"column":29}},"132":{"start":{"line":286,"column":12},"end":{"line":286,"column":29}},"133":{"start":{"line":287,"column":12},"end":{"line":287,"column":74}},"134":{"start":{"line":290,"column":12},"end":{"line":360,"column":13}},"135":{"start":{"line":291,"column":16},"end":{"line":291,"column":28}},"136":{"start":{"line":292,"column":16},"end":{"line":331,"column":17}},"137":{"start":{"line":293,"column":20},"end":{"line":293,"column":83}},"138":{"start":{"line":294,"column":20},"end":{"line":299,"column":23}},"139":{"start":{"line":313,"column":20},"end":{"line":313,"column":74}},"140":{"start":{"line":315,"column":20},"end":{"line":326,"column":23}},"141":{"start":{"line":320,"column":24},"end":{"line":322,"column":25}},"142":{"start":{"line":321,"column":28},"end":{"line":321,"column":47}},"143":{"start":{"line":323,"column":24},"end":{"line":325,"column":25}},"144":{"start":{"line":324,"column":28},"end":{"line":324,"column":86}},"145":{"start":{"line":338,"column":16},"end":{"line":338,"column":79}},"146":{"start":{"line":340,"column":16},"end":{"line":344,"column":19}},"147":{"start":{"line":341,"column":20},"end":{"line":341,"column":37}},"148":{"start":{"line":342,"column":20},"end":{"line":342,"column":37}},"149":{"start":{"line":343,"column":20},"end":{"line":343,"column":53}},"150":{"start":{"line":346,"column":16},"end":{"line":348,"column":19}},"151":{"start":{"line":347,"column":20},"end":{"line":347,"column":42}},"152":{"start":{"line":350,"column":16},"end":{"line":354,"column":19}},"153":{"start":{"line":351,"column":20},"end":{"line":351,"column":37}},"154":{"start":{"line":352,"column":20},"end":{"line":352,"column":37}},"155":{"start":{"line":353,"column":20},"end":{"line":353,"column":53}},"156":{"start":{"line":358,"column":16},"end":{"line":358,"column":41}},"157":{"start":{"line":359,"column":16},"end":{"line":359,"column":38}},"158":{"start":{"line":364,"column":4},"end":{"line":364,"column":14}},"159":{"start":{"line":368,"column":0},"end":{"line":731,"column":1}},"160":{"start":{"line":371,"column":4},"end":{"line":371,"column":13}},"161":{"start":{"line":374,"column":4},"end":{"line":377,"column":5}},"162":{"start":{"line":375,"column":8},"end":{"line":375,"column":126}},"163":{"start":{"line":376,"column":8},"end":{"line":376,"column":43}},"164":{"start":{"line":379,"column":4},"end":{"line":381,"column":5}},"165":{"start":{"line":380,"column":8},"end":{"line":380,"column":33}},"166":{"start":{"line":383,"column":4},"end":{"line":383,"column":54}},"167":{"start":{"line":384,"column":4},"end":{"line":384,"column":86}},"168":{"start":{"line":385,"column":4},"end":{"line":385,"column":63}},"169":{"start":{"line":386,"column":4},"end":{"line":386,"column":84}},"170":{"start":{"line":388,"column":4},"end":{"line":388,"column":39}},"171":{"start":{"line":389,"column":4},"end":{"line":389,"column":24}},"172":{"start":{"line":390,"column":4},"end":{"line":398,"column":7}},"173":{"start":{"line":391,"column":8},"end":{"line":397,"column":9}},"174":{"start":{"line":392,"column":12},"end":{"line":392,"column":48}},"175":{"start":{"line":394,"column":12},"end":{"line":396,"column":13}},"176":{"start":{"line":395,"column":16},"end":{"line":395,"column":31}},"177":{"start":{"line":404,"column":4},"end":{"line":404,"column":30}},"178":{"start":{"line":405,"column":4},"end":{"line":405,"column":53}},"179":{"start":{"line":407,"column":4},"end":{"line":407,"column":29}},"180":{"start":{"line":408,"column":4},"end":{"line":408,"column":39}},"181":{"start":{"line":409,"column":4},"end":{"line":409,"column":45}},"182":{"start":{"line":410,"column":4},"end":{"line":410,"column":86}},"183":{"start":{"line":411,"column":4},"end":{"line":411,"column":45}},"184":{"start":{"line":412,"column":4},"end":{"line":412,"column":43}},"185":{"start":{"line":413,"column":4},"end":{"line":413,"column":41}},"186":{"start":{"line":415,"column":4},"end":{"line":423,"column":5}},"187":{"start":{"line":416,"column":8},"end":{"line":422,"column":9}},"188":{"start":{"line":417,"column":12},"end":{"line":417,"column":75}},"189":{"start":{"line":420,"column":12},"end":{"line":420,"column":37}},"190":{"start":{"line":421,"column":12},"end":{"line":421,"column":81}},"191":{"start":{"line":425,"column":4},"end":{"line":425,"column":68}},"192":{"start":{"line":426,"column":4},"end":{"line":426,"column":56}},"193":{"start":{"line":428,"column":4},"end":{"line":433,"column":5}},"194":{"start":{"line":429,"column":8},"end":{"line":429,"column":80}},"195":{"start":{"line":430,"column":8},"end":{"line":430,"column":66}},"196":{"start":{"line":431,"column":8},"end":{"line":431,"column":39}},"197":{"start":{"line":432,"column":8},"end":{"line":432,"column":53}},"198":{"start":{"line":436,"column":4},"end":{"line":436,"column":66}},"199":{"start":{"line":439,"column":4},"end":{"line":442,"column":5}},"200":{"start":{"line":441,"column":8},"end":{"line":441,"column":87}},"201":{"start":{"line":445,"column":4},"end":{"line":445,"column":59}},"202":{"start":{"line":446,"column":4},"end":{"line":446,"column":56}},"203":{"start":{"line":450,"column":4},"end":{"line":450,"column":27}},"204":{"start":{"line":453,"column":4},"end":{"line":493,"column":5}},"205":{"start":{"line":454,"column":8},"end":{"line":482,"column":9}},"206":{"start":{"line":455,"column":12},"end":{"line":455,"column":72}},"207":{"start":{"line":456,"column":12},"end":{"line":456,"column":35}},"208":{"start":{"line":459,"column":12},"end":{"line":481,"column":13}},"209":{"start":{"line":460,"column":16},"end":{"line":460,"column":28}},"210":{"start":{"line":461,"column":16},"end":{"line":461,"column":81}},"211":{"start":{"line":462,"column":16},"end":{"line":462,"column":39}},"212":{"start":{"line":465,"column":16},"end":{"line":465,"column":28}},"213":{"start":{"line":466,"column":16},"end":{"line":466,"column":163}},"214":{"start":{"line":467,"column":16},"end":{"line":467,"column":108}},"215":{"start":{"line":469,"column":16},"end":{"line":480,"column":17}},"216":{"start":{"line":470,"column":20},"end":{"line":470,"column":103}},"217":{"start":{"line":471,"column":20},"end":{"line":471,"column":42}},"218":{"start":{"line":477,"column":20},"end":{"line":477,"column":63}},"219":{"start":{"line":478,"column":20},"end":{"line":478,"column":87}},"220":{"start":{"line":479,"column":20},"end":{"line":479,"column":27}},"221":{"start":{"line":485,"column":8},"end":{"line":485,"column":36}},"222":{"start":{"line":486,"column":8},"end":{"line":486,"column":51}},"223":{"start":{"line":487,"column":8},"end":{"line":487,"column":34}},"224":{"start":{"line":488,"column":8},"end":{"line":488,"column":97}},"225":{"start":{"line":489,"column":8},"end":{"line":489,"column":39}},"226":{"start":{"line":490,"column":8},"end":{"line":492,"column":9}},"227":{"start":{"line":491,"column":12},"end":{"line":491,"column":74}},"228":{"start":{"line":495,"column":4},"end":{"line":522,"column":5}},"229":{"start":{"line":496,"column":8},"end":{"line":498,"column":10}},"230":{"start":{"line":497,"column":12},"end":{"line":497,"column":66}},"231":{"start":{"line":499,"column":8},"end":{"line":501,"column":9}},"232":{"start":{"line":505,"column":8},"end":{"line":505,"column":114}},"233":{"start":{"line":506,"column":8},"end":{"line":506,"column":78}},"234":{"start":{"line":508,"column":8},"end":{"line":510,"column":10}},"235":{"start":{"line":509,"column":12},"end":{"line":509,"column":58}},"236":{"start":{"line":512,"column":8},"end":{"line":512,"column":108}},"237":{"start":{"line":513,"column":8},"end":{"line":513,"column":66}},"238":{"start":{"line":515,"column":8},"end":{"line":518,"column":10}},"239":{"start":{"line":516,"column":12},"end":{"line":516,"column":44}},"240":{"start":{"line":517,"column":12},"end":{"line":517,"column":46}},"241":{"start":{"line":519,"column":8},"end":{"line":519,"column":89}},"242":{"start":{"line":520,"column":8},"end":{"line":520,"column":99}},"243":{"start":{"line":521,"column":8},"end":{"line":521,"column":79}},"244":{"start":{"line":524,"column":4},"end":{"line":524,"column":35}},"245":{"start":{"line":525,"column":4},"end":{"line":525,"column":31}},"246":{"start":{"line":529,"column":4},"end":{"line":529,"column":59}},"247":{"start":{"line":531,"column":4},"end":{"line":533,"column":6}},"248":{"start":{"line":535,"column":4},"end":{"line":535,"column":25}},"249":{"start":{"line":537,"column":4},"end":{"line":545,"column":5}},"250":{"start":{"line":538,"column":8},"end":{"line":538,"column":26}},"251":{"start":{"line":539,"column":8},"end":{"line":544,"column":11}},"252":{"start":{"line":540,"column":12},"end":{"line":543,"column":13}},"253":{"start":{"line":541,"column":16},"end":{"line":541,"column":33}},"254":{"start":{"line":542,"column":16},"end":{"line":542,"column":23}},"255":{"start":{"line":547,"column":4},"end":{"line":547,"column":28}},"256":{"start":{"line":548,"column":4},"end":{"line":548,"column":32}},"257":{"start":{"line":550,"column":4},"end":{"line":627,"column":5}},"258":{"start":{"line":551,"column":8},"end":{"line":553,"column":9}},"259":{"start":{"line":552,"column":12},"end":{"line":552,"column":33}},"260":{"start":{"line":555,"column":9},"end":{"line":627,"column":5}},"261":{"start":{"line":557,"column":8},"end":{"line":580,"column":9}},"262":{"start":{"line":559,"column":12},"end":{"line":559,"column":51}},"263":{"start":{"line":561,"column":12},"end":{"line":579,"column":13}},"264":{"start":{"line":562,"column":16},"end":{"line":562,"column":37}},"265":{"start":{"line":565,"column":16},"end":{"line":576,"column":19}},"266":{"start":{"line":566,"column":20},"end":{"line":575,"column":21}},"267":{"start":{"line":567,"column":24},"end":{"line":567,"column":67}},"268":{"start":{"line":568,"column":24},"end":{"line":571,"column":25}},"269":{"start":{"line":569,"column":28},"end":{"line":569,"column":51}},"270":{"start":{"line":570,"column":28},"end":{"line":570,"column":37}},"271":{"start":{"line":573,"column":25},"end":{"line":575,"column":21}},"272":{"start":{"line":574,"column":24},"end":{"line":574,"column":39}},"273":{"start":{"line":578,"column":16},"end":{"line":578,"column":100}},"274":{"start":{"line":583,"column":8},"end":{"line":626,"column":9}},"275":{"start":{"line":588,"column":12},"end":{"line":588,"column":26}},"276":{"start":{"line":589,"column":12},"end":{"line":598,"column":13}},"277":{"start":{"line":590,"column":16},"end":{"line":590,"column":108}},"278":{"start":{"line":591,"column":16},"end":{"line":591,"column":111}},"279":{"start":{"line":594,"column":16},"end":{"line":594,"column":99}},"280":{"start":{"line":595,"column":16},"end":{"line":597,"column":19}},"281":{"start":{"line":596,"column":20},"end":{"line":596,"column":28}},"282":{"start":{"line":600,"column":12},"end":{"line":600,"column":48}},"283":{"start":{"line":601,"column":12},"end":{"line":601,"column":38}},"284":{"start":{"line":603,"column":12},"end":{"line":617,"column":15}},"285":{"start":{"line":604,"column":16},"end":{"line":604,"column":166}},"286":{"start":{"line":605,"column":16},"end":{"line":613,"column":17}},"287":{"start":{"line":606,"column":20},"end":{"line":612,"column":23}},"288":{"start":{"line":615,"column":16},"end":{"line":615,"column":46}},"289":{"start":{"line":616,"column":16},"end":{"line":616,"column":82}},"290":{"start":{"line":619,"column":12},"end":{"line":625,"column":15}},"291":{"start":{"line":620,"column":16},"end":{"line":624,"column":19}},"292":{"start":{"line":621,"column":20},"end":{"line":623,"column":24}},"293":{"start":{"line":622,"column":24},"end":{"line":622,"column":40}},"294":{"start":{"line":629,"column":4},"end":{"line":715,"column":5}},"295":{"start":{"line":631,"column":8},"end":{"line":631,"column":59}},"296":{"start":{"line":633,"column":8},"end":{"line":714,"column":11}},"297":{"start":{"line":634,"column":12},"end":{"line":712,"column":13}},"298":{"start":{"line":635,"column":16},"end":{"line":635,"column":46}},"299":{"start":{"line":636,"column":16},"end":{"line":636,"column":80}},"300":{"start":{"line":640,"column":16},"end":{"line":711,"column":19}},"301":{"start":{"line":642,"column":20},"end":{"line":709,"column":21}},"302":{"start":{"line":643,"column":24},"end":{"line":643,"column":54}},"303":{"start":{"line":644,"column":24},"end":{"line":644,"column":83}},"304":{"start":{"line":647,"column":24},"end":{"line":707,"column":25}},"305":{"start":{"line":649,"column":28},"end":{"line":649,"column":102}},"306":{"start":{"line":651,"column":28},"end":{"line":656,"column":29}},"307":{"start":{"line":652,"column":32},"end":{"line":652,"column":57}},"308":{"start":{"line":655,"column":32},"end":{"line":655,"column":155}},"309":{"start":{"line":658,"column":28},"end":{"line":661,"column":31}},"310":{"start":{"line":659,"column":32},"end":{"line":659,"column":96}},"311":{"start":{"line":660,"column":32},"end":{"line":660,"column":52}},"312":{"start":{"line":665,"column":28},"end":{"line":665,"column":76}},"313":{"start":{"line":667,"column":28},"end":{"line":706,"column":31}},"314":{"start":{"line":668,"column":32},"end":{"line":705,"column":33}},"315":{"start":{"line":670,"column":36},"end":{"line":672,"column":39}},"316":{"start":{"line":671,"column":40},"end":{"line":671,"column":78}},"317":{"start":{"line":674,"column":36},"end":{"line":678,"column":39}},"318":{"start":{"line":675,"column":40},"end":{"line":675,"column":91}},"319":{"start":{"line":676,"column":40},"end":{"line":676,"column":56}},"320":{"start":{"line":677,"column":40},"end":{"line":677,"column":64}},"321":{"start":{"line":688,"column":36},"end":{"line":692,"column":37}},"322":{"start":{"line":689,"column":40},"end":{"line":689,"column":54}},"323":{"start":{"line":690,"column":40},"end":{"line":690,"column":60}},"324":{"start":{"line":691,"column":40},"end":{"line":691,"column":64}},"325":{"start":{"line":695,"column":37},"end":{"line":705,"column":33}},"326":{"start":{"line":696,"column":36},"end":{"line":698,"column":38}},"327":{"start":{"line":697,"column":40},"end":{"line":697,"column":64}},"328":{"start":{"line":701,"column":36},"end":{"line":701,"column":50}},"329":{"start":{"line":702,"column":36},"end":{"line":702,"column":64}},"330":{"start":{"line":703,"column":36},"end":{"line":703,"column":63}},"331":{"start":{"line":704,"column":36},"end":{"line":704,"column":60}},"332":{"start":{"line":717,"column":4},"end":{"line":720,"column":6}},"333":{"start":{"line":719,"column":8},"end":{"line":719,"column":68}},"334":{"start":{"line":722,"column":4},"end":{"line":722,"column":36}},"335":{"start":{"line":724,"column":4},"end":{"line":727,"column":6}},"336":{"start":{"line":729,"column":4},"end":{"line":729,"column":96}},"337":{"start":{"line":730,"column":4},"end":{"line":730,"column":29}},"338":{"start":{"line":734,"column":0},"end":{"line":751,"column":1}},"339":{"start":{"line":736,"column":4},"end":{"line":738,"column":5}},"340":{"start":{"line":737,"column":8},"end":{"line":737,"column":49}},"341":{"start":{"line":742,"column":4},"end":{"line":746,"column":7}},"342":{"start":{"line":744,"column":12},"end":{"line":744,"column":56}},"343":{"start":{"line":749,"column":4},"end":{"line":749,"column":16}},"344":{"start":{"line":756,"column":0},"end":{"line":809,"column":1}},"345":{"start":{"line":780,"column":4},"end":{"line":783,"column":6}},"346":{"start":{"line":781,"column":8},"end":{"line":781,"column":48}},"347":{"start":{"line":782,"column":8},"end":{"line":782,"column":25}},"348":{"start":{"line":785,"column":4},"end":{"line":785,"column":50}},"349":{"start":{"line":787,"column":4},"end":{"line":795,"column":6}},"350":{"start":{"line":791,"column":8},"end":{"line":791,"column":48}},"351":{"start":{"line":792,"column":8},"end":{"line":792,"column":55}},"352":{"start":{"line":794,"column":8},"end":{"line":794,"column":15}},"353":{"start":{"line":797,"column":4},"end":{"line":803,"column":6}},"354":{"start":{"line":798,"column":8},"end":{"line":798,"column":73}},"355":{"start":{"line":799,"column":8},"end":{"line":801,"column":11}},"356":{"start":{"line":800,"column":12},"end":{"line":800,"column":33}},"357":{"start":{"line":802,"column":8},"end":{"line":802,"column":19}},"358":{"start":{"line":806,"column":4},"end":{"line":806,"column":30}},"359":{"start":{"line":811,"column":0},"end":{"line":813,"column":1}},"360":{"start":{"line":815,"column":0},"end":{"line":817,"column":1}},"361":{"start":{"line":816,"column":4},"end":{"line":816,"column":39}},"362":{"start":{"line":819,"column":0},"end":{"line":828,"column":2}}},"branchMap":{"1":{"line":54,"type":"if","locations":[{"start":{"line":54,"column":4},"end":{"line":54,"column":4}},{"start":{"line":54,"column":4},"end":{"line":54,"column":4}}]},"2":{"line":54,"type":"binary-expr","locations":[{"start":{"line":54,"column":8},"end":{"line":54,"column":18}},{"start":{"line":54,"column":22},"end":{"line":54,"column":33}}]},"3":{"line":58,"type":"if","locations":[{"start":{"line":58,"column":4},"end":{"line":58,"column":4}},{"start":{"line":58,"column":4},"end":{"line":58,"column":4}}]},"4":{"line":58,"type":"binary-expr","locations":[{"start":{"line":58,"column":8},"end":{"line":58,"column":17}},{"start":{"line":58,"column":21},"end":{"line":58,"column":31}}]},"5":{"line":89,"type":"binary-expr","locations":[{"start":{"line":89,"column":46},"end":{"line":89,"column":65}},{"start":{"line":89,"column":69},"end":{"line":89,"column":108}}]},"6":{"line":97,"type":"if","locations":[{"start":{"line":97,"column":4},"end":{"line":97,"column":4}},{"start":{"line":97,"column":4},"end":{"line":97,"column":4}}]},"7":{"line":101,"type":"if","locations":[{"start":{"line":101,"column":9},"end":{"line":101,"column":9}},{"start":{"line":101,"column":9},"end":{"line":101,"column":9}}]},"8":{"line":103,"type":"if","locations":[{"start":{"line":103,"column":12},"end":{"line":103,"column":12}},{"start":{"line":103,"column":12},"end":{"line":103,"column":12}}]},"9":{"line":136,"type":"if","locations":[{"start":{"line":136,"column":8},"end":{"line":136,"column":8}},{"start":{"line":136,"column":8},"end":{"line":136,"column":8}}]},"10":{"line":142,"type":"binary-expr","locations":[{"start":{"line":142,"column":14},"end":{"line":142,"column":21}},{"start":{"line":142,"column":25},"end":{"line":144,"column":9}}]},"11":{"line":153,"type":"if","locations":[{"start":{"line":153,"column":8},"end":{"line":153,"column":8}},{"start":{"line":153,"column":8},"end":{"line":153,"column":8}}]},"12":{"line":158,"type":"if","locations":[{"start":{"line":158,"column":8},"end":{"line":158,"column":8}},{"start":{"line":158,"column":8},"end":{"line":158,"column":8}}]},"13":{"line":166,"type":"if","locations":[{"start":{"line":166,"column":4},"end":{"line":166,"column":4}},{"start":{"line":166,"column":4},"end":{"line":166,"column":4}}]},"14":{"line":174,"type":"if","locations":[{"start":{"line":174,"column":8},"end":{"line":174,"column":8}},{"start":{"line":174,"column":8},"end":{"line":174,"column":8}}]},"15":{"line":178,"type":"if","locations":[{"start":{"line":178,"column":8},"end":{"line":178,"column":8}},{"start":{"line":178,"column":8},"end":{"line":178,"column":8}}]},"16":{"line":244,"type":"binary-expr","locations":[{"start":{"line":244,"column":10},"end":{"line":244,"column":13}},{"start":{"line":244,"column":17},"end":{"line":244,"column":19}}]},"17":{"line":248,"type":"if","locations":[{"start":{"line":248,"column":4},"end":{"line":248,"column":4}},{"start":{"line":248,"column":4},"end":{"line":248,"column":4}}]},"18":{"line":252,"type":"cond-expr","locations":[{"start":{"line":252,"column":39},"end":{"line":252,"column":116}},{"start":{"line":252,"column":119},"end":{"line":252,"column":123}}]},"19":{"line":259,"type":"if","locations":[{"start":{"line":259,"column":4},"end":{"line":259,"column":4}},{"start":{"line":259,"column":4},"end":{"line":259,"column":4}}]},"20":{"line":270,"type":"if","locations":[{"start":{"line":270,"column":8},"end":{"line":270,"column":8}},{"start":{"line":270,"column":8},"end":{"line":270,"column":8}}]},"21":{"line":280,"type":"if","locations":[{"start":{"line":280,"column":8},"end":{"line":280,"column":8}},{"start":{"line":280,"column":8},"end":{"line":280,"column":8}}]},"22":{"line":284,"type":"if","locations":[{"start":{"line":284,"column":13},"end":{"line":284,"column":13}},{"start":{"line":284,"column":13},"end":{"line":284,"column":13}}]},"23":{"line":292,"type":"if","locations":[{"start":{"line":292,"column":16},"end":{"line":292,"column":16}},{"start":{"line":292,"column":16},"end":{"line":292,"column":16}}]},"24":{"line":297,"type":"binary-expr","locations":[{"start":{"line":297,"column":38},"end":{"line":297,"column":47}},{"start":{"line":297,"column":51},"end":{"line":297,"column":71}}]},"25":{"line":320,"type":"if","locations":[{"start":{"line":320,"column":24},"end":{"line":320,"column":24}},{"start":{"line":320,"column":24},"end":{"line":320,"column":24}}]},"26":{"line":323,"type":"if","locations":[{"start":{"line":323,"column":24},"end":{"line":323,"column":24}},{"start":{"line":323,"column":24},"end":{"line":323,"column":24}}]},"27":{"line":323,"type":"binary-expr","locations":[{"start":{"line":323,"column":28},"end":{"line":323,"column":58}},{"start":{"line":323,"column":62},"end":{"line":323,"column":91}}]},"28":{"line":374,"type":"if","locations":[{"start":{"line":374,"column":4},"end":{"line":374,"column":4}},{"start":{"line":374,"column":4},"end":{"line":374,"column":4}}]},"29":{"line":379,"type":"if","locations":[{"start":{"line":379,"column":4},"end":{"line":379,"column":4}},{"start":{"line":379,"column":4},"end":{"line":379,"column":4}}]},"30":{"line":384,"type":"cond-expr","locations":[{"start":{"line":384,"column":45},"end":{"line":384,"column":80}},{"start":{"line":384,"column":83},"end":{"line":384,"column":85}}]},"31":{"line":385,"type":"binary-expr","locations":[{"start":{"line":385,"column":23},"end":{"line":385,"column":39}},{"start":{"line":385,"column":43},"end":{"line":385,"column":62}}]},"32":{"line":391,"type":"if","locations":[{"start":{"line":391,"column":8},"end":{"line":391,"column":8}},{"start":{"line":391,"column":8},"end":{"line":391,"column":8}}]},"33":{"line":394,"type":"if","locations":[{"start":{"line":394,"column":12},"end":{"line":394,"column":12}},{"start":{"line":394,"column":12},"end":{"line":394,"column":12}}]},"34":{"line":407,"type":"binary-expr","locations":[{"start":{"line":407,"column":17},"end":{"line":407,"column":22}},{"start":{"line":407,"column":26},"end":{"line":407,"column":28}}]},"35":{"line":409,"type":"binary-expr","locations":[{"start":{"line":409,"column":23},"end":{"line":409,"column":38}},{"start":{"line":409,"column":42},"end":{"line":409,"column":44}}]},"36":{"line":410,"type":"cond-expr","locations":[{"start":{"line":410,"column":72},"end":{"line":410,"column":77}},{"start":{"line":410,"column":80},"end":{"line":410,"column":85}}]},"37":{"line":412,"type":"binary-expr","locations":[{"start":{"line":412,"column":21},"end":{"line":412,"column":34}},{"start":{"line":412,"column":38},"end":{"line":412,"column":42}}]},"38":{"line":413,"type":"binary-expr","locations":[{"start":{"line":413,"column":20},"end":{"line":413,"column":32}},{"start":{"line":413,"column":36},"end":{"line":413,"column":40}}]},"39":{"line":415,"type":"if","locations":[{"start":{"line":415,"column":4},"end":{"line":415,"column":4}},{"start":{"line":415,"column":4},"end":{"line":415,"column":4}}]},"40":{"line":417,"type":"binary-expr","locations":[{"start":{"line":417,"column":19},"end":{"line":417,"column":46}},{"start":{"line":417,"column":50},"end":{"line":417,"column":73}}]},"41":{"line":425,"type":"binary-expr","locations":[{"start":{"line":425,"column":31},"end":{"line":425,"column":55}},{"start":{"line":425,"column":59},"end":{"line":425,"column":67}}]},"42":{"line":426,"type":"binary-expr","locations":[{"start":{"line":426,"column":28},"end":{"line":426,"column":49}},{"start":{"line":426,"column":53},"end":{"line":426,"column":55}}]},"43":{"line":428,"type":"if","locations":[{"start":{"line":428,"column":4},"end":{"line":428,"column":4}},{"start":{"line":428,"column":4},"end":{"line":428,"column":4}}]},"44":{"line":436,"type":"binary-expr","locations":[{"start":{"line":436,"column":42},"end":{"line":436,"column":50}},{"start":{"line":436,"column":54},"end":{"line":436,"column":65}}]},"45":{"line":439,"type":"if","locations":[{"start":{"line":439,"column":4},"end":{"line":439,"column":4}},{"start":{"line":439,"column":4},"end":{"line":439,"column":4}}]},"46":{"line":445,"type":"binary-expr","locations":[{"start":{"line":445,"column":21},"end":{"line":445,"column":35}},{"start":{"line":445,"column":39},"end":{"line":445,"column":58}}]},"47":{"line":446,"type":"binary-expr","locations":[{"start":{"line":446,"column":28},"end":{"line":446,"column":49}},{"start":{"line":446,"column":53},"end":{"line":446,"column":55}}]},"48":{"line":453,"type":"if","locations":[{"start":{"line":453,"column":4},"end":{"line":453,"column":4}},{"start":{"line":453,"column":4},"end":{"line":453,"column":4}}]},"49":{"line":490,"type":"if","locations":[{"start":{"line":490,"column":8},"end":{"line":490,"column":8}},{"start":{"line":490,"column":8},"end":{"line":490,"column":8}}]},"50":{"line":490,"type":"binary-expr","locations":[{"start":{"line":490,"column":12},"end":{"line":490,"column":16}},{"start":{"line":490,"column":20},"end":{"line":490,"column":24}}]},"51":{"line":491,"type":"binary-expr","locations":[{"start":{"line":491,"column":53},"end":{"line":491,"column":57}},{"start":{"line":491,"column":61},"end":{"line":491,"column":65}}]},"52":{"line":495,"type":"if","locations":[{"start":{"line":495,"column":4},"end":{"line":495,"column":4}},{"start":{"line":495,"column":4},"end":{"line":495,"column":4}}]},"53":{"line":537,"type":"if","locations":[{"start":{"line":537,"column":4},"end":{"line":537,"column":4}},{"start":{"line":537,"column":4},"end":{"line":537,"column":4}}]},"54":{"line":540,"type":"if","locations":[{"start":{"
[...]
],"2":[0,0],"3":[0,0],"4":[0,0],"5":[0,0],"6":[0,0],"7":[0,0],"8":[0,0],"9":[0,0],"10":[0,0],"11":[0,0],"12":[0,0],"13":[0,0],"14":[0,0],"15":[0,0]},"f":{"1":1,"2":0,"3":0,"4":0,"5":0,"6":0,"7":0,"8":0,"9":0,"10":0,"11":0,"12":0},"fnMap":{"1":{"name":"(anonymous_1)","line":18,"loc":{"start":{"line":18,"column":17},"end":{"line":18,"column":48}}},"2":{"name":"handleBeforeOrAfterEach","line":20,"loc":{"start":{"line":20,"column":11},"end":{"line":20,"column":80}}},"3":{"name":"onTimeout","line":36,"loc":{"start":{"line":36,"column":12},"end":{"line":36,"column":33}}},"4":{"name":"(anonymous_4)","line":44,"loc":{"start":{"line":44,"column":26},"end":{"line":44,"column":41}}},"5":{"name":"(anonymous_5)","line":68,"loc":{"start":{"line":68,"column":18},"end":{"line":68,"column":30}}},"6":{"name":"(anonymous_6)","line":70,"loc":{"start":{"line":70,"column":33},"end":{"line":70,"column":45}}},"7":{"name":"log","line":84,"loc":{"start":{"line":84,"column":20},"end":{"line":84,"column":35}}},"8":{"name":"timeout","line":88,"loc":{"start":{"line":88,"column":20},"end":{"line":88,"column":42}}},"9":{"name":"slow","line":92,"loc":{"start":{"line":92,"column":20},"end":{"line":92,"column":36}}},"10":{"name":"done","line":121,"loc":{"start":{"line":121,"column":33},"end":{"line":121,"column":52}}},"11":{"name":"ctn","line":128,"loc":{"start":{"line":128,"column":32},"end":{"line":128,"column":47}}},"12":{"name":"fatal","line":133,"loc":{"start":{"line":133,"column":34},"end":{"line":133,"column":54}}}},"statementMap":{"1":{"start":{"line":6,"column":0},"end":{"line":6,"column":33}},"2":{"start":{"line":7,"column":0},"end":{"line":7,"column":33}},"3":{"start":{"line":10,"column":0},"end":{"line":10,"column":28}},"4":{"start":{"line":11,"column":0},"end":{"line":11,"column":45}},"5":{"start":{"line":12,"column":0},"end":{"line":12,"column":53}},"6":{"start":{"line":15,"column":0},"end":{"line":15,"column":39}},"7":{"start":{"line":16,"column":0},"end":{"line":16,"column":58}},"8":{"start":{"line":18,"column":0},"end":{"line":159,"column":2}},"9":{"start":{"line":20,"column":4},"end":{"line":157,"column":5}},"10":{"start":{"line":22,"column":8},"end":{"line":155,"column":9}},"11":{"start":{"line":23,"column":12},"end":{"line":23,"column":33}},"12":{"start":{"line":27,"column":12},"end":{"line":29,"column":14}},"13":{"start":{"line":31,"column":12},"end":{"line":31,"column":38}},"14":{"start":{"line":32,"column":12},"end":{"line":32,"column":28}},"15":{"start":{"line":34,"column":12},"end":{"line":34,"column":119}},"16":{"start":{"line":36,"column":12},"end":{"line":38,"column":13}},"17":{"start":{"line":37,"column":16},"end":{"line":37,"column":54}},"18":{"start":{"line":40,"column":12},"end":{"line":40,"column":80}},"19":{"start":{"line":41,"column":12},"end":{"line":41,"column":70}},"20":{"start":{"line":43,"column":12},"end":{"line":43,"column":31}},"21":{"start":{"line":44,"column":12},"end":{"line":66,"column":15}},"22":{"start":{"line":46,"column":16},"end":{"line":46,"column":45}},"23":{"start":{"line":48,"column":16},"end":{"line":65,"column":17}},"24":{"start":{"line":49,"column":20},"end":{"line":49,"column":34}},"25":{"start":{"line":51,"column":20},"end":{"line":61,"column":21}},"26":{"start":{"line":52,"column":24},"end":{"line":52,"column":144}},"27":{"start":{"line":56,"column":24},"end":{"line":56,"column":171}},"28":{"start":{"line":57,"column":24},"end":{"line":57,"column":46}},"29":{"start":{"line":58,"column":24},"end":{"line":58,"column":82}},"30":{"start":{"line":59,"column":24},"end":{"line":59,"column":44}},"31":{"start":{"line":64,"column":20},"end":{"line":64,"column":52}},"32":{"start":{"line":68,"column":12},"end":{"line":153,"column":15}},"33":{"start":{"line":70,"column":16},"end":{"line":151,"column":19}},"34":{"start":{"line":72,"column":20},"end":{"line":72,"column":45}},"35":{"start":{"line":74,"column":20},"end":{"line":74,"column":65}},"36":{"start":{"line":75,"column":20},"end":{"line":75,"column":63}},"37":{"start":{"line":76,"column":20},"end":{"line":76,"column":90}},"38":{"start":{"line":78,"column":20},"end":{"line":80,"column":21}},"39":{"start":{"line":79,"column":24},"end":{"line":79,"column":44}},"40":{"start":{"line":84,"column":20},"end":{"line":86,"column":21}},"41":{"start":{"line":85,"column":24},"end":{"line":85,"column":64}},"42":{"start":{"line":88,"column":20},"end":{"line":90,"column":21}},"43":{"start":{"line":89,"column":24},"end":{"line":89,"column":101}},"44":{"start":{"line":92,"column":20},"end":{"line":94,"column":21}},"45":{"start":{"line":96,"column":20},"end":{"line":107,"column":22}},"46":{"start":{"line":110,"column":20},"end":{"line":110,"column":41}},"47":{"start":{"line":112,"column":20},"end":{"line":149,"column":21}},"48":{"start":{"line":113,"column":24},"end":{"line":115,"column":25}},"49":{"start":{"line":114,"column":28},"end":{"line":114,"column":119}},"50":{"start":{"line":117,"column":24},"end":{"line":117,"column":93}},"51":{"start":{"line":119,"column":25},"end":{"line":149,"column":21}},"52":{"start":{"line":121,"column":24},"end":{"line":126,"column":26}},"53":{"start":{"line":122,"column":28},"end":{"line":124,"column":29}},"54":{"start":{"line":123,"column":32},"end":{"line":123,"column":86}},"55":{"start":{"line":125,"column":28},"end":{"line":125,"column":38}},"56":{"start":{"line":128,"column":24},"end":{"line":130,"column":26}},"57":{"start":{"line":129,"column":28},"end":{"line":129,"column":39}},"58":{"start":{"line":133,"column":24},"end":{"line":137,"column":26}},"59":{"start":{"line":134,"column":28},"end":{"line":134,"column":97}},"60":{"start":{"line":135,"column":28},"end":{"line":135,"column":50}},"61":{"start":{"line":136,"column":28},"end":{"line":136,"column":38}},"62":{"start":{"line":143,"column":24},"end":{"line":143,"column":82}},"63":{"start":{"line":148,"column":24},"end":{"line":148,"column":113}}},"branchMap":{"1":{"line":22,"type":"if","locations":[{"start":{"line":22,"column":8},"end":{"line":22,"column":8}},{"start":{"line":22,"column":8},"end":{"line":22,"column":8}}]},"2":{"line":22,"type":"binary-expr","locations":[{"start":{"line":22,"column":12},"end":{"line":22,"column":24}},{"start":{"line":22,"column":28},"end":{"line":22,"column":40}}]},"3":{"line":28,"type":"cond-expr","locations":[{"start":{"line":28,"column":69},"end":{"line":28,"column":75}},{"start":{"line":28,"column":78},"end":{"line":28,"column":82}}]},"4":{"line":46,"type":"binary-expr","locations":[{"start":{"line":46,"column":28},"end":{"line":46,"column":37}},{"start":{"line":46,"column":41},"end":{"line":46,"column":44}}]},"5":{"line":48,"type":"if","locations":[{"start":{"line":48,"column":16},"end":{"line":48,"column":16}},{"start":{"line":48,"column":16},"end":{"line":48,"column":16}}]},"6":{"line":51,"type":"if","locations":[{"start":{"line":51,"column":20},"end":{"line":51,"column":20}},{"start":{"line":51,"column":20},"end":{"line":51,"column":20}}]},"7":{"line":64,"type":"binary-expr","locations":[{"start":{"line":64,"column":34},"end":{"line":64,"column":43}},{"start":{"line":64,"column":47},"end":{"line":64,"column":50}}]},"8":{"line":78,"type":"if","locations":[{"start":{"line":78,"column":20},"end":{"line":78,"column":20}},{"start":{"line":78,"column":20},"end":{"line":78,"column":20}}]},"9":{"line":89,"type":"cond-expr","locations":[{"start":{"line":89,"column":87},"end":{"line":89,"column":93}},{"start":{"line":89,"column":96},"end":{"line":89,"column":99}}]},"10":{"line":112,"type":"if","locations":[{"start":{"line":112,"column":20},"end":{"line":112,"column":20}},{"start":{"line":112,"column":20},"end":{"line":112,"column":20}}]},"11":{"line":113,"type":"if","locations":[{"start":{"line":113,"column":24},"end":{"line":113,"column":24}},{"start":{"line":113,"column":24},"end":{"line":113,"column":24}}]},"12":{"line":119,"type":"if","locations":[{"start":{"line":119,"column":25},"end":{"line":119,"column":25}},{"start":{"line":119,"column":25},"end":{"line":119,"column":25}}]},"13":{"line":122,"type":"if","locations":[{"start":{"line":122,"column":28},"end":{"line":122,"column":28}},{"start":{"line":122,"column":28},"end":{"line":122,"column":28}}]},"14":{"line":123,"type":"cond-expr","locations":[{"start":{"line":123,"column":73},"end":{"line":123,"column":77}},{"start":{"line":123,"column":80},"end":{"line":123,"column":85}}]},"15":{"line":134,"type":"binary-expr","locations":[{"start":{"line":134,"column":34},"end":{"line":134,"column":37}},{"start":{"line":134,"column":41},"end":{"line":134,"column":96}}]}}},"/Users/Olegzandr/WebstormProjects/suman/lib/test-suite-helpers/make-handle-befores-afters.js":{"path":"/Users/Olegzandr/WebstormProjects/suman/lib/test-suite-helpers/make-handle-befores-afters.js","s":{"1":1,"2":1,"3":1,"4":1,"5":1,"6":1,"7":1,"8":1,"9":1,"10":1,"11":1,"12":2,"13":0,"14":0,"15":0,"16":0,"17":0,"18":0,"19":1,"20":0,"21":0,"22":0,"23":0,"24":0,"25":0,"26":0,"27":0,"28":0,"29":0,"30":0,"31":0,"32":0,"33":0,"34":0,"35":0,"36":0,"37":0,"38":0,"39":0,"40":0,"41":1,"42":0,"43":1,"44":0,"45":1,"46":0,"47":0,"48":0,"49":0,"50":0,"51":0,"52":0,"53":0,"54":0,"55":0,"56":0,"57":0,"58":0,"59":0,"60":0,"61":0,"62":0,"63":0,"64":0},"b":{"1":[0,0],"2":[0,0],"3":[0,0],"4":[0,0],"5":[0,0],"6":[0,0],"7":[0,0],"8":[0,0],"9":[0,0],"10":[0,0],"11":[0,0],"12":[0,0],"13":[0,0]},"f":{"1":1,"2":2,"3":0,"4":0,"5":0,"6":0,"7":0,"8":0,"9":0,"10":0,"11":0,"12":0,"13":0},"fnMap":{"1":{"name":"(anonymous_1)","line":21,"loc":{"start":{"line":21,"column":17},"end":{"line":21,"column":48}}},"2":{"name":"(anonymous_2)","line":23,"loc":{"start":{"line":23,"column":11},"end":{"line":23,"column":27}}},"3":{"name":"handleBeforesAndAfters","line":25,"loc":{"start":{"line":25,"column":15},"end":{"line":25,"column":67}}},"4":{"name":"onTimeout","line":38,"loc":{"start":{"line":38,"column":12},"end":{"line":38,"column":33}}},"5":{"name":"(anonymous_5)","line":45,"loc":{"start":{"line":45,"column":26},"end":{"line":45,"column":41}}},"6":{"name":"(anonymous_6)","line":67,"loc":{"start":{"line":67,"column":18},"end":{"line":67,"column":30}}},"7":{"name":"(anonymous_7)","line":69,"loc":{"start":{"line":69,"column":33},"end":{"line":69,"column":45}}},"8":{"name":"timeout","line":82,"loc":{"start":{"line":82,"column":20},"end":{"line":82,"column":42}}},"9":{"name":"log","line":86,"loc":{"start":{"line":86,"column":20},"end":{"line":86,"column":35}}},"10":{"name":"slow","line":90,"loc":{"start":{"line":90,"column":20},"end":{"line":90,"column":36}}},"11":{"name":"done","line":118,"loc":{"start":{"line":118,"column":33},"end":{"line":118,"column":52}}},"12":{"name":"ctn","line":125,"loc":{"start":{"line":125,"column":32},"end":{"line":125,"column":47}}},"13":{"name":"fatal","line":130,"loc":{"start":{"line":130,"column":34},"end":{"line":130,"column":54}}}},"statementMap":{"1":{"start":{"line":7,"column":0},"end":{"line":7,"column":33}},"2":{"start":{"line":8,"column":0},"end":{"line":8,"column":33}},"3":{"start":{"line":11,"column":0},"end":{"line":11,"column":28}},"4":{"start":{"line":14,"column":0},"end":{"line":14,"column":39}},"5":{"start":{"line":15,"column":0},"end":{"line":15,"column":45}},"6":{"start":{"line":16,"column":0},"end":{"line":16,"column":50}},"7":{"start":{"line":17,"column":0},"end":{"line":17,"column":54}},"8":{"start":{"line":18,"column":0},"end":{"line":18,"column":53}},"9":{"start":{"line":19,"column":0},"end":{"line":19,"column":58}},"10":{"start":{"line":21,"column":0},"end":{"line":154,"column":2}},"11":{"start":{"line":23,"column":4},"end":{"line":153,"column":5}},"12":{"start":{"line":25,"column":8},"end":{"line":152,"column":9}},"13":{"start":{"line":27,"column":12},"end":{"line":29,"column":14}},"14":{"start":{"line":31,"column":12},"end":{"line":31,"column":38}},"15":{"start":{"line":32,"column":12},"end":{"line":32,"column":39}},"16":{"start":{"line":34,"column":12},"end":{"line":34,"column":107}},"17":{"start":{"line":35,"column":12},"end":{"line":35,"column":80}},"18":{"start":{"line":36,"column":12},"end":{"line":36,"column":70}},"19":{"start":{"line":38,"column":12},"end":{"line":40,"column":13}},"20":{"start":{"line":39,"column":16},"end":{"line":39,"column":50}},"21":{"start":{"line":42,"column":12},"end":{"line":42,"column":31}},"22":{"start":{"line":45,"column":12},"end":{"line":65,"column":15}},"23":{"start":{"line":47,"column":16},"end":{"line":47,"column":45}},"24":{"start":{"line":49,"column":16},"end":{"line":63,"column":17}},"25":{"start":{"line":50,"column":20},"end":{"line":50,"column":34}},"26":{"start":{"line":51,"column":20},"end":{"line":59,"column":21}},"27":{"start":{"line":52,"column":24},"end":{"line":52,"column":144}},"28":{"start":{"line":55,"column":24},"end":{"line":55,"column":166}},"29":{"start":{"line":56,"column":24},"end":{"line":56,"column":46}},"30":{"start":{"line":57,"column":24},"end":{"line":57,"column":82}},"31":{"start":{"line":58,"column":24},"end":{"line":58,"column":44}},"32":{"start":{"line":62,"column":20},"end":{"line":62,"column":82}},"33":{"start":{"line":67,"column":12},"end":{"line":151,"column":15}},"34":{"start":{"line":69,"column":16},"end":{"line":149,"column":19}},"35":{"start":{"line":71,"column":20},"end":{"line":71,"column":37}},"36":{"start":{"line":72,"column":20},"end":{"line":72,"column":61}},"37":{"start":{"line":74,"column":20},"end":{"line":76,"column":21}},"38":{"start":{"line":75,"column":24},"end":{"line":75,"column":36}},"39":{"start":{"line":78,"column":20},"end":{"line":78,"column":59}},"40":{"start":{"line":79,"column":20},"end":{"line":79,"column":86}},"41":{"start":{"line":82,"column":20},"end":{"line":84,"column":21}},"42":{"start":{"line":83,"column":24},"end":{"line":83,"column":101}},"43":{"start":{"line":86,"column":20},"end":{"line":88,"column":21}},"44":{"start":{"line":87,"column":24},"end":{"line":87,"column":64}},"45":{"start":{"line":90,"column":20},"end":{"line":92,"column":21}},"46":{"start":{"line":94,"column":20},"end":{"line":101,"column":22}},"47":{"start":{"line":103,"column":20},"end":{"line":103,"column":41}},"48":{"start":{"line":105,"column":20},"end":{"line":147,"column":21}},"49":{"start":{"line":107,"column":24},"end":{"line":109,"column":25}},"50":{"start":{"line":108,"column":28},"end":{"line":108,"column":119}},"51":{"start":{"line":111,"column":24},"end":{"line":111,"column":85}},"52":{"start":{"line":113,"column":25},"end":{"line":147,"column":21}},"53":{"start":{"line":118,"column":24},"end":{"line":123,"column":26}},"54":{"start":{"line":119,"column":28},"end":{"line":121,"column":29}},"55":{"start":{"line":120,"column":32},"end":{"line":120,"column":86}},"56":{"start":{"line":122,"column":28},"end":{"line":122,"column":38}},"57":{"start":{"line":125,"column":24},"end":{"line":127,"column":26}},"58":{"start":{"line":126,"column":28},"end":{"line":126,"column":39}},"59":{"start":{"line":130,"column":24},"end":{"line":134,"column":26}},"60":{"start":{"line":131,"column":28},"end":{"line":131,"column":97}},"61":{"start":{"line":132,"column":28},"end":{"line":132,"column":50}},"62":{"start":{"line":133,"column":28},"end":{"line":133,"column":38}},"63":{"start":{"line":140,"column":24},"end":{"line":140,"column":74}},"64":{"start":{"line":145,"column":24},"end":{"line":145,"column":104}}},"branchMap":{"1":{"line":28,"type":"cond-expr","locations":[{"start":{"line":28,"column":69},"end":{"line":28,"column":75}},{"start":{"line":28,"column":78},"end":{"line":28,"column":82}}]},"2":{"line":47,"type":"binary-expr","locations":[{"start":{"line":47,"column":28},"end":{"line":47,"column":37}},{"start":{"line":47,"column":41},"end":{"line":47,"column":44}}]},"3":{"line":49,"type":"if","locations":[{"start":{"line":49,"column":16},"end":{"line":49,"column":16}},{"start":{"line":49,"column":16},"end":{"line":49,"column":16}}]},"4":{"line":51,"type":"if","locations":[{"start":{"line":51,"column":20},"end":{"line":51,"column":20}},{"start":{"line":51,"column":20},"end":{"line":51,"column":20}}]},"5":{"line":74,"type":"if","locations":[{"start":{"line":74,"column":20},"end":{"line":74,"column":20}},{"start":{"line":74,"column":20},"end":{"line":74,"column":20}}]},"6":{"line":74,"type":"binary-expr","locations":[{"start":{"line":74,"column":24},"end":{"line":74,"column":50}},{"start":{"line":74,"column":54},"end":{"line":74,"column":80}}]},"7":{"line":83,"type":"cond-expr","locations":[{"start":{"line":83,"column":87},"end":{"line":83,"column":93}},{"start":{"line":83,"column":96},"end":{"line":83,"column":99}}]},"8":{"line":105,"type":"if","locations":[{"start":{"line":105,"column":20},"end":{"line":105,"column":20}},{"start":{"line":105,"column":20},"end":{"line":105,"column":20}}]},"9":{"line":107,"type":"if","locations":[{"start":{"line":107,"column":24},"end":{"line":107,"column":24}},{"start":{"line":107,"column":24},"end":{"line":107,"column":24}}]},"10":{"line":113,"type":"if","locations":[{"start":{"line":113,"column":25},"end":{"line":113,"column":25}},{"start":{"line":113,"column":25},"end":{"line":113,"column":25}}]},"11":{"line":119,"type":"if","locations":[{"start":{"line":119,"column":28},"end":{"line":119,"column":28}},{"start":{"line":119,"column":28},"end":{"line":119,"column":28}}]},"12":{"line":120,"type":"cond-expr","locations":[{"start":{"line":120,"column":73},"end":{"line":120,"column":77}},{"start":{"line":120,"column":80},"end":{"line":120,"column":85}}]},"13":{"line":131,"type":"binary-expr","locations":[{"start":{"line":131,"column":34},"end":{"line":131,"column":37}},{"start":{"line":131,"column":41},"end":{"line":131,"column":96}}]}}},"/Users/Olegzandr/WebstormProjects/suman/suman/suman.ioc.js":{"path":"/Users/Olegzandr/WebstormProjects/suman/suman/suman.ioc.js","s":{"1":1,"2":1,"3":0,"4":0,"5":0,"6":0,"7":0,"8":0,"9":0,"10":0,"11":0,"12":0,"13":0},"b":{},"f":{"1":0,"2":0,"3":0,"4":0,"5":0,"6":0,"7":0,"8":0,"9":0,"10":0,"11":0},"fnMap":{"1":{"name":"(anonymous_1)","line":7,"loc":{"start":{"line":7,"column":18},"end":{"line":7,"column":28}}},"2":{"name":"(anonymous_2)","line":10,"loc":{"start":{"line":10,"column":19},"end":{"line":10,"column":31}}},"3":{"name":"(anonymous_3)","line":13,"loc":{"start":{"line":13,"column":20},"end":{"line":13,"column":32}}},"4":{"name":"(anonymous_4)","line":16,"loc":{"start":{"line":16,"column":20},"end":{"line":16,"column":40}}},"5":{"name":"(anonymous_5)","line":18,"loc":{"start":{"line":18,"column":23},"end":{"line":18,"column":35}}},"6":{"name":"(anonymous_6)","line":24,"loc":{"start":{"line":24,"column":19},"end":{"line":24,"column":39}}},"7":{"name":"(anonymous_7)","line":26,"loc":{"start":{"line":26,"column":23},"end":{"line":26,"column":35}}},"8":{"name":"(anonymous_8)","line":32,"loc":{"start":{"line":32,"column":16},"end":{"line":32,"column":36}}},"9":{"name":"(anonymous_9)","line":34,"loc":{"start":{"line":34,"column":23},"end":{"line":34,"column":35}}},"10":{"name":"(anonymous_10)","line":42,"loc":{"start":{"line":42,"column":18},"end":{"line":42,"column":38}}},"11":{"name":"(anonymous_11)","line":44,"loc":{"start":{"line":44,"column":23},"end":{"line":44,"column":35}}}},"statementMap":{"1":{"start":{"line":3,"column":0},"end":{"line":54,"column":2}},"2":{"start":{"line":5,"column":4},"end":{"line":52,"column":6}},"3":{"start":{"line":8,"column":12},"end":{"line":8,"column":37}},"4":{"start":{"line":11,"column":12},"end":{"line":11,"column":38}},"5":{"start":{"line":14,"column":12},"end":{"line":14,"column":40}},"6":{"start":{"line":18,"column":12},"end":{"line":22,"column":20}},"7":{"start":{"line":19,"column":16},"end":{"line":21,"column":19}},"8":{"start":{"line":26,"column":12},"end":{"line":30,"column":20}},"9":{"start":{"line":27,"column":16},"end":{"line":29,"column":19}},"10":{"start":{"line":34,"column":12},"end":{"line":40,"column":20}},"11":{"start":{"line":35,"column":16},"end":{"line":39,"column":19}},"12":{"start":{"line":44,"column":12},"end":{"line":50,"column":20}},"13":{"start":{"line":45,"column":16},"end":{"line":49,"column":19}}},"branchMap":{}}}