{"/Users/amills001c/WebstormProjects/oresoftware/suman/lib/index.js":{"path":"/Users/amills001c/WebstormProjects/oresoftware/suman/lib/index.js","s":{"1":1,"2":1,"3":1,"4":1,"5":1,"6":1,"7":1,"8":1,"9":1,"10":1,"11":1,"12":1,"13":1,"14":1,"15":1,"16":1,"17":1,"18":1,"19":1,"20":1,"21":1,"22":0,"23":0,"24":0,"25":0,"26":0,"27":0,"28":0,"29":0,"30":0,"31":0,"32":0,"33":0,"34":0,"35":0,"36":0,"37":0,"38":0,"39":0,"40":0,"41":0,"42":0,"43":0,"44":0,"45":0,"46":0,"47":0,"48":0,"49":0,"50":0,"51":0,"52":0,"53":0,"54":0,"55":0,"56":0,"57":0,"58":0,"59":0,"60":0,"61":0,"62":0,"63":0,"64":0,"65":0,"66":0,"67":0,"68":0,"69":0,"70":0,"71":0,"72":0,"73":0,"74":0,"75":0,"76":0,"77":0,"78":0,"79":0,"80":0,"81":0,"82":0,"83":0,"84":0,"85":0,"86":0,"87":0,"88":0,"89":0,"90":0,"91":0,"92":0,"93":0,"94":0,"95":0,"96":0,"97":0,"98":0,"99":0,"100":0,"101":0,"102":0,"103":0,"104":1,"105":0,"106":0,"107":0,"108":0,"109":0,"110":0,"111":0,"112":0,"113":0,"114":0,"115":0,"116":0,"117":0,"118":0,"119":0,"120":0,"121":0,"122":0,"123":0,"124":0,"125":0,"126":0,"127":0,"128":0,"129":0,"130":0,"131":0,"132":0,"133":0,"134":0,"135":0,"136":0,"137":0,"138":0,"139":0,"140":0,"141":0,"142":0,"143":0,"144":0,"145":0,"146":0,"147":0,"148":0,"149":0,"150":0,"151":0,"152":0,"153":0,"154":0,"155":1,"156":1,"157":1,"158":1,"159":0,"160":0,"161":1,"162":0,"163":1,"164":1,"165":1,"166":1,"167":1,"168":1,"169":1,"170":1,"171":1,"172":1,"173":1,"174":1,"175":1,"176":1,"177":1,"178":1,"179":1,"180":0,"181":0,"182":0,"183":0,"184":0,"185":0,"186":0,"187":0,"188":1,"189":1,"190":1,"191":1,"192":1,"193":1,"194":1,"195":1,"196":1,"197":1,"198":1,"199":1,"200":0,"201":0,"202":0,"203":0,"204":0,"205":1,"206":1,"207":1,"208":1,"209":1,"210":0,"211":0,"212":0,"213":0,"214":0,"215":0,"216":0,"217":0,"218":0,"219":0,"220":0,"221":0,"222":0,"223":0,"224":0,"225":0,"226":0,"227":0,"228":0,"229":0,"230":0,"231":0,"232":0,"233":0,"234":0,"235":0,"236":0,"237":0,"238":0,"239":0,"240":0,"241":1,"242":1,"243":1,"244":1,"245":0,"246":1,"247":1,"248":0,"249":1,"250":1,"251":1,"252":0,"253":0,"254":1,"255":0,"256":0,"257":1,"258":1,"259":1,"260":1,"261":1},"b":{"1":[0,0],"2":[0,0],"3":[0,0],"4":[0,0],"5":[0,0],"6":[0,0],"7":[0,0],"8":[0,0],"9":[0,0],"10":[0,0],"11":[0,0],"12":[0,0],"13":[0,0],"14":[0,0],"15":[0,0],"16":[0,0],"17":[0,0],"18":[0,0],"19":[0,0],"20":[0,0],"21":[0,0],"22":[0,0],"23":[0,0],"24":[0,0],"25":[0,0],"26":[0,0],"27":[0,0],"28":[0,1],"29":[0,1],"30":[1,0],"31":[1,1],"32":[1,0],"33":[1,1],"34":[1,0],"35":[1,1],"36":[1,0],"37":[1,0],"38":[1,1],"39":[1,1],"40":[0,1],"41":[0,0],"42":[1,0],"43":[0,0],"44":[0,0],"45":[0,0],"46":[0,0],"47":[0,0],"48":[0,0],"49":[0,1],"50":[0,1],"51":[0,1],"52":[0,1],"53":[1,0]},"f":{"1":0,"2":0,"3":0,"4":0,"5":0,"6":0,"7":0,"8":0,"9":0,"10":0,"11":0,"12":0,"13":0,"14":0,"15":1,"16":0,"17":0,"18":1,"19":0,"20":0,"21":0,"22":0,"23":0,"24":0,"25":1,"26":1,"27":1,"28":1,"29":0,"30":0},"fnMap":{"1":{"name":"Runner","line":78,"loc":{"start":{"line":78,"column":0},"end":{"line":78,"column":21}}},"2":{"name":"(anonymous_2)","line":167,"loc":{"start":{"line":167,"column":25},"end":{"line":167,"column":37}}},"3":{"name":"(anonymous_3)","line":196,"loc":{"start":{"line":196,"column":44},"end":{"line":196,"column":59}}},"4":{"name":"(anonymous_4)","line":224,"loc":{"start":{"line":224,"column":26},"end":{"line":224,"column":41}}},"5":{"name":"(anonymous_5)","line":229,"loc":{"start":{"line":229,"column":28},"end":{"line":229,"column":43}}},"6":{"name":"(anonymous_6)","line":233,"loc":{"start":{"line":233,"column":38},"end":{"line":233,"column":53}}},"7":{"name":"(anonymous_7)","line":239,"loc":{"start":{"line":239,"column":25},"end":{"line":239,"column":40}}},"8":{"name":"(anonymous_8)","line":255,"loc":{"start":{"line":255,"column":25},"end":{"line":255,"column":37}}},"9":{"name":"Server","line":267,"loc":{"start":{"line":267,"column":0},"end":{"line":267,"column":21}}},"10":{"name":"(anonymous_10)","line":294,"loc":{"start":{"line":294,"column":24},"end":{"line":294,"column":36}}},"11":{"name":"(anonymous_11)","line":304,"loc":{"start":{"line":304,"column":41},"end":{"line":304,"column":67}}},"12":{"name":"(anonymous_12)","line":361,"loc":{"start":{"line":361,"column":37},"end":{"line":361,"column":52}}},"13":{"name":"(anonymous_13)","line":367,"loc":{"start":{"line":367,"column":30},"end":{"line":367,"column":45}}},"14":{"name":"(anonymous_14)","line":371,"loc":{"start":{"line":371,"column":32},"end":{"line":371,"column":47}}},"15":{"name":"init","line":394,"loc":{"start":{"line":394,"column":0},"end":{"line":394,"column":30}}},"16":{"name":"(anonymous_16)","line":483,"loc":{"start":{"line":483,"column":15},"end":{"line":483,"column":27}}},"17":{"name":"(anonymous_17)","line":490,"loc":{"start":{"line":490,"column":30},"end":{"line":490,"column":46}}},"18":{"name":"(anonymous_18)","line":502,"loc":{"start":{"line":502,"column":23},"end":{"line":502,"column":37}}},"19":{"name":"(anonymous_19)","line":508,"loc":{"start":{"line":508,"column":23},"end":{"line":508,"column":37}}},"20":{"name":"(anonymous_20)","line":516,"loc":{"start":{"line":516,"column":38},"end":{"line":516,"column":53}}},"21":{"name":"(anonymous_21)","line":534,"loc":{"start":{"line":534,"column":23},"end":{"line":534,"column":37}}},"22":{"name":"(anonymous_22)","line":554,"loc":{"start":{"line":554,"column":28},"end":{"line":554,"column":43}}},"23":{"name":"(anonymous_23)","line":562,"loc":{"start":{"line":562,"column":18},"end":{"line":562,"column":30}}},"24":{"name":"(anonymous_24)","line":563,"loc":{"start":{"line":563,"column":81},"end":{"line":563,"column":104}}},"25":{"name":"start","line":571,"loc":{"start":{"line":571,"column":4},"end":{"line":571,"column":21}}},"26":{"name":"(anonymous_26)","line":575,"loc":{"start":{"line":575,"column":21},"end":{"line":575,"column":36}}},"27":{"name":"(anonymous_27)","line":581,"loc":{"start":{"line":581,"column":61},"end":{"line":581,"column":83}}},"28":{"name":"(anonymous_28)","line":589,"loc":{"start":{"line":589,"column":33},"end":{"line":589,"column":45}}},"29":{"name":"(anonymous_29)","line":591,"loc":{"start":{"line":591,"column":55},"end":{"line":591,"column":67}}},"30":{"name":"(anonymous_30)","line":596,"loc":{"start":{"line":596,"column":35},"end":{"line":596,"column":47}}}},"statementMap":{"1":{"start":{"line":48,"column":0},"end":{"line":48,"column":70}},"2":{"start":{"line":53,"column":0},"end":{"line":53,"column":33}},"3":{"start":{"line":54,"column":0},"end":{"line":54,"column":25}},"4":{"start":{"line":55,"column":0},"end":{"line":55,"column":33}},"5":{"start":{"line":56,"column":0},"end":{"line":56,"column":29}},"6":{"start":{"line":57,"column":0},"end":{"line":57,"column":36}},"7":{"start":{"line":58,"column":0},"end":{"line":58,"column":29}},"8":{"start":{"line":61,"column":0},"end":{"line":61,"column":32}},"9":{"start":{"line":62,"column":0},"end":{"line":62,"column":33}},"10":{"start":{"line":63,"column":0},"end":{"line":63,"column":45}},"11":{"start":{"line":64,"column":0},"end":{"line":64,"column":38}},"12":{"start":{"line":67,"column":0},"end":{"line":67,"column":37}},"13":{"start":{"line":68,"column":0},"end":{"line":68,"column":54}},"14":{"start":{"line":69,"column":0},"end":{"line":69,"column":74}},"15":{"start":{"line":70,"column":0},"end":{"line":70,"column":55}},"16":{"start":{"line":71,"column":0},"end":{"line":71,"column":33}},"17":{"start":{"line":72,"column":0},"end":{"line":72,"column":36}},"18":{"start":{"line":73,"column":0},"end":{"line":73,"column":38}},"19":{"start":{"line":74,"column":0},"end":{"line":74,"column":55}},"20":{"start":{"line":75,"column":0},"end":{"line":75,"column":46}},"21":{"start":{"line":78,"column":0},"end":{"line":264,"column":1}},"22":{"start":{"line":80,"column":4},"end":{"line":80,"column":28}},"23":{"start":{"line":82,"column":4},"end":{"line":82,"column":34}},"24":{"start":{"line":83,"column":4},"end":{"line":83,"column":32}},"25":{"start":{"line":84,"column":4},"end":{"line":84,"column":34}},"26":{"start":{"line":85,"column":4},"end":{"line":85,"column":28}},"27":{"start":{"line":86,"column":4},"end":{"line":86,"column":37}},"28":{"start":{"line":87,"column":4},"end":{"line":87,"column":36}},"29":{"start":{"line":88,"column":4},"end":{"line":88,"column":72}},"30":{"start":{"line":90,"column":4},"end":{"line":92,"column":5}},"31":{"start":{"line":91,"column":8},"end":{"line":91,"column":88}},"32":{"start":{"line":94,"column":4},"end":{"line":96,"column":5}},"33":{"start":{"line":95,"column":8},"end":{"line":95,"column":106}},"34":{"start":{"line":98,"column":4},"end":{"line":98,"column":19}},"35":{"start":{"line":100,"column":4},"end":{"line":116,"column":5}},"36":{"start":{"line":101,"column":8},"end":{"line":104,"column":9}},"37":{"start":{"line":102,"column":12},"end":{"line":102,"column":77}},"38":{"start":{"line":103,"column":12},"end":{"line":103,"column":55}},"39":{"start":{"line":107,"column":8},"end":{"line":115,"column":9}},"40":{"start":{"line":108,"column":12},"end":{"line":111,"column":13}},"41":{"start":{"line":109,"column":16},"end":{"line":109,"column":94}},"42":{"start":{"line":110,"column":16},"end":{"line":110,"column":59}},"43":{"start":{"line":114,"column":12},"end":{"line":114,"column":116}},"44":{"start":{"line":118,"column":4},"end":{"line":118,"column":22}},"45":{"start":{"line":121,"column":4},"end":{"line":121,"column":57}},"46":{"start":{"line":123,"column":4},"end":{"line":123,"column":41}},"47":{"start":{"line":124,"column":4},"end":{"line":124,"column":34}},"48":{"start":{"line":126,"column":4},"end":{"line":146,"column":5}},"49":{"start":{"line":127,"column":8},"end":{"line":127,"column":27}},"50":{"start":{"line":128,"column":8},"end":{"line":128,"column":29}},"51":{"start":{"line":130,"column":9},"end":{"line":146,"column":5}},"52":{"start":{"line":131,"column":8},"end":{"line":142,"column":9}},"53":{"start":{"line":132,"column":12},"end":{"line":134,"column":13}},"54":{"start":{"line":136,"column":12},"end":{"line":136,"column":52}},"55":{"start":{"line":137,"column":12},"end":{"line":137,"column":30}},"56":{"start":{"line":138,"column":12},"end":{"line":138,"column":34}},"57":{"start":{"line":141,"column":12},"end":{"line":141,"column":22}},"58":{"start":{"line":145,"column":8},"end":{"line":145,"column":106}},"59":{"start":{"line":151,"column":4},"end":{"line":151,"column":87}},"60":{"start":{"line":153,"column":4},"end":{"line":153,"column":23}},"61":{"start":{"line":155,"column":4},"end":{"line":165,"column":5}},"62":{"start":{"line":156,"column":8},"end":{"line":156,"column":36}},"63":{"start":{"line":157,"column":8},"end":{"line":157,"column":34}},"64":{"start":{"line":158,"column":8},"end":{"line":158,"column":76}},"65":{"start":{"line":161,"column":8},"end":{"line":164,"column":9}},"66":{"start":{"line":162,"column":12},"end":{"line":162,"column":173}},"67":{"start":{"line":163,"column":12},"end":{"line":163,"column":19}},"68":{"start":{"line":167,"column":4},"end":{"line":169,"column":10}},"69":{"start":{"line":168,"column":12},"end":{"line":168,"column":22}},"70":{"start":{"line":174,"column":4},"end":{"line":174,"column":88}},"71":{"start":{"line":176,"column":4},"end":{"line":176,"column":25}},"72":{"start":{"line":178,"column":4},"end":{"line":188,"column":5}},"73":{"start":{"line":179,"column":8},"end":{"line":179,"column":32}},"74":{"start":{"line":180,"column":8},"end":{"line":182,"column":9}},"75":{"start":{"line":181,"column":12},"end":{"line":181,"column":25}},"76":{"start":{"line":185,"column":8},"end":{"line":187,"column":9}},"77":{"start":{"line":186,"column":12},"end":{"line":186,"column":83}},"78":{"start":{"line":190,"column":4},"end":{"line":192,"column":5}},"79":{"start":{"line":191,"column":8},"end":{"line":191,"column":66}},"80":{"start":{"line":196,"column":4},"end":{"line":260,"column":7}},"81":{"start":{"line":198,"column":8},"end":{"line":200,"column":9}},"82":{"start":{"line":199,"column":12},"end":{"line":199,"column":31}},"83":{"start":{"line":202,"column":8},"end":{"line":258,"column":9}},"84":{"start":{"line":205,"column":12},"end":{"line":212,"column":15}},"85":{"start":{"line":214,"column":12},"end":{"line":214,"column":41}},"86":{"start":{"line":224,"column":12},"end":{"line":227,"column":15}},"87":{"start":{"line":225,"column":16},"end":{"line":225,"column":41}},"88":{"start":{"line":226,"column":16},"end":{"line":226,"column":38}},"89":{"start":{"line":229,"column":12},"end":{"line":231,"column":15}},"90":{"start":{"line":230,"column":16},"end":{"line":230,"column":40}},"91":{"start":{"line":233,"column":12},"end":{"line":236,"column":15}},"92":{"start":{"line":234,"column":16},"end":{"line":234,"column":41}},"93":{"start":{"line":235,"column":16},"end":{"line":235,"column":38}},"94":{"start":{"line":239,"column":12},"end":{"line":241,"column":15}},"95":{"start":{"line":240,"column":16},"end":{"line":240,"column":37}},"96":{"start":{"line":243,"column":12},"end":{"line":245,"column":15}},"97":{"start":{"line":244,"column":16},"end":{"line":244,"column":39}},"98":{"start":{"line":247,"column":12},"end":{"line":249,"column":15}},"99":{"start":{"line":248,"column":16},"end":{"line":248,"column":38}},"100":{"start":{"line":254,"column":12},"end":{"line":254,"column":94}},"101":{"start":{"line":255,"column":12},"end":{"line":257,"column":15}},"102":{"start":{"line":256,"column":16},"end":{"line":256,"column":32}},"103":{"start":{"line":262,"column":4},"end":{"line":262,"column":14}},"104":{"start":{"line":267,"column":0},"end":{"line":386,"column":1}},"105":{"start":{"line":269,"column":4},"end":{"line":269,"column":20}},"106":{"start":{"line":270,"column":4},"end":{"line":270,"column":28}},"107":{"start":{"line":271,"column":4},"end":{"line":271,"column":34}},"108":{"start":{"line":272,"column":4},"end":{"line":272,"column":20}},"109":{"start":{"line":273,"column":4},"end":{"line":278,"column":5}},"110":{"start":{"line":274,"column":8},"end":{"line":274,"column":33}},"111":{"start":{"line":277,"column":8},"end":{"line":277,"column":124}},"112":{"start":{"line":280,"column":4},"end":{"line":280,"column":36}},"113":{"start":{"line":281,"column":4},"end":{"line":281,"column":58}},"114":{"start":{"line":284,"column":4},"end":{"line":287,"column":5}},"115":{"start":{"line":285,"column":8},"end":{"line":285,"column":91}},"116":{"start":{"line":286,"column":8},"end":{"line":286,"column":51}},"117":{"start":{"line":289,"column":4},"end":{"line":289,"column":43}},"118":{"start":{"line":290,"column":4},"end":{"line":290,"column":43}},"119":{"start":{"line":292,"column":4},"end":{"line":292,"column":24}},"120":{"start":{"line":294,"column":4},"end":{"line":299,"column":13}},"121":{"start":{"line":295,"column":8},"end":{"line":298,"column":9}},"122":{"start":{"line":296,"column":12},"end":{"line":296,"column":28}},"123":{"start":{"line":297,"column":12},"end":{"line":297,"column":38}},"124":{"start":{"line":301,"column":4},"end":{"line":301,"column":15}},"125":{"start":{"line":302,"column":4},"end":{"line":302,"column":22}},"126":{"start":{"line":304,"column":4},"end":{"line":383,"column":7}},"127":{"start":{"line":305,"column":8},"end":{"line":382,"column":9}},"128":{"start":{"line":306,"column":12},"end":{"line":306,"column":37}},"129":{"start":{"line":307,"column":12},"end":{"line":307,"column":34}},"130":{"start":{"line":309,"column":13},"end":{"line":382,"column":9}},"131":{"start":{"line":310,"column":12},"end":{"line":310,"column":29}},"132":{"start":{"line":311,"column":12},"end":{"line":311,"column":29}},"133":{"start":{"line":312,"column":12},"end":{"line":312,"column":74}},"134":{"start":{"line":315,"column":12},"end":{"line":381,"column":13}},"135":{"start":{"line":316,"column":16},"end":{"line":316,"column":28}},"136":{"start":{"line":317,"column":16},"end":{"line":352,"column":17}},"137":{"start":{"line":318,"column":20},"end":{"line":318,"column":83}},"138":{"start":{"line":319,"column":20},"end":{"line":324,"column":23}},"139":{"start":{"line":338,"column":20},"end":{"line":338,"column":74}},"140":{"start":{"line":349,"column":20},"end":{"line":351,"column":23}},"141":{"start":{"line":359,"column":16},"end":{"line":359,"column":79}},"142":{"start":{"line":361,"column":16},"end":{"line":365,"column":19}},"143":{"start":{"line":362,"column":20},"end":{"line":362,"column":37}},"144":{"start":{"line":363,"column":20},"end":{"line":363,"column":37}},"145":{"start":{"line":364,"column":20},"end":{"line":364,"column":53}},"146":{"start":{"line":367,"column":16},"end":{"line":369,"column":19}},"147":{"start":{"line":368,"column":20},"end":{"line":368,"column":42}},"148":{"start":{"line":371,"column":16},"end":{"line":375,"column":19}},"149":{"start":{"line":372,"column":20},"end":{"line":372,"column":37}},"150":{"start":{"line":373,"column":20},"end":{"line":373,"column":37}},"151":{"start":{"line":374,"column":20},"end":{"line":374,"column":53}},"152":{"start":{"line":379,"column":16},"end":{"line":379,"column":41}},"153":{"start":{"line":380,"column":16},"end":{"line":380,"column":38}},"154":{"start":{"line":385,"column":4},"end":{"line":385,"column":14}},"155":{"start":{"line":390,"column":0},"end":{"line":390,"column":21}},"156":{"start":{"line":394,"column":0},"end":{"line":613,"column":1}},"157":{"start":{"line":398,"column":4},"end":{"line":398,"column":13}},"158":{"start":{"line":403,"column":4},"end":{"line":406,"column":5}},"159":{"start":{"line":404,"column":8},"end":{"line":404,"column":145}},"160":{"start":{"line":405,"column":8},"end":{"line":405,"column":43}},"161":{"start":{"line":408,"column":4},"end":{"line":410,"column":5}},"162":{"start":{"line":409,"column":8},"end":{"line":409,"column":25}},"163":{"start":{"line":412,"column":4},"end":{"line":412,"column":30}},"164":{"start":{"line":417,"column":4},"end":{"line":417,"column":29}},"165":{"start":{"line":418,"column":4},"end":{"line":418,"column":39}},"166":{"start":{"line":419,"column":4},"end":{"line":419,"column":45}},"167":{"start":{"line":420,"column":4},"end":{"line":420,"column":86}},"168":{"start":{"line":421,"column":4},"end":{"line":421,"column":45}},"169":{"start":{"line":425,"column":4},"end":{"line":425,"column":59}},"170":{"start":{"line":426,"column":4},"end":{"line":426,"column":56}},"171":{"start":{"line":431,"column":4},"end":{"line":431,"column":27}},"172":{"start":{"line":433,"column":4},"end":{"line":472,"column":5}},"173":{"start":{"line":434,"column":8},"end":{"line":462,"column":9}},"174":{"start":{"line":435,"column":12},"end":{"line":435,"column":72}},"175":{"start":{"line":436,"column":12},"end":{"line":436,"column":35}},"176":{"start":{"line":439,"column":12},"end":{"line":460,"column":13}},"177":{"start":{"line":440,"column":16},"end":{"line":440,"column":28}},"178":{"start":{"line":441,"column":16},"end":{"line":441,"column":104}},"179":{"start":{"line":442,"column":16},"end":{"line":442,"column":39}},"180":{"start":{"line":445,"column":16},"end":{"line":445,"column":28}},"181":{"start":{"line":446,"column":16},"end":{"line":446,"column":159}},"182":{"start":{"line":447,"column":16},"end":{"line":447,"column":104}},"183":{"start":{"line":449,"column":16},"end":{"line":459,"column":17}},"184":{"start":{"line":450,"column":20},"end":{"line":450,"column":84}},"185":{"start":{"line":451,"column":20},"end":{"line":451,"column":42}},"186":{"start":{"line":457,"column":20},"end":{"line":457,"column":57}},"187":{"start":{"line":458,"column":20},"end":{"line":458,"column":27}},"188":{"start":{"line":465,"column":8},"end":{"line":465,"column":51}},"189":{"start":{"line":466,"column":8},"end":{"line":466,"column":34}},"190":{"start":{"line":467,"column":8},"end":{"line":467,"column":97}},"191":{"start":{"line":468,"column":8},"end":{"line":468,"column":39}},"192":{"start":{"line":469,"column":8},"end":{"line":471,"column":9}},"193":{"start":{"line":470,"column":12},"end":{"line":470,"column":74}},"194":{"start":{"line":475,"column":4},"end":{"line":475,"column":35}},"195":{"start":{"line":476,"column":4},"end":{"line":476,"column":31}},"196":{"start":{"line":481,"column":4},"end":{"line":481,"column":59}},"197":{"start":{"line":483,"column":4},"end":{"line":485,"column":6}},"198":{"start":{"line":487,"column":4},"end":{"line":487,"column":25}},"199":{"start":{"line":488,"column":4},"end":{"line":496,"column":5}},"200":{"start":{"line":489,"column":8},"end":{"line":489,"column":26}},"201":{"start":{"line":490,"column":8},"end":{"line":495,"column":11}},"202":{"start":{"line":491,"column":12},"end":{"line":494,"column":13}},"203":{"start":{"line":492,"column":16},"end":{"line":492,"column":33}},"204":{"start":{"line":493,"column":16},"end":{"line":493,"column":23}},"205":{"start":{"line":498,"column":4},"end":{"line":498,"column":28}},"206":{"start":{"line":499,"column":4},"end":{"line":499,"column":32}},"207":{"start":{"line":501,"column":4},"end":{"line":569,"column":5}},"208":{"start":{"line":502,"column":8},"end":{"line":504,"column":9}},"209":{"start":{"line":503,"column":12},"end":{"line":503,"column":21}},"210":{"start":{"line":506,"column":9},"end":{"line":569,"column":5}},"211":{"start":{"line":508,"column":8},"end":{"line":531,"column":9}},"212":{"start":{"line":510,"column":12},"end":{"line":510,"column":49}},"213":{"start":{"line":512,"column":12},"end":{"line":530,"column":13}},"214":{"start":{"line":513,"column":16},"end":{"line":513,"column":25}},"215":{"start":{"line":516,"column":16},"end":{"line":527,"column":19}},"216":{"start":{"line":517,"column":20},"end":{"line":526,"column":21}},"217":{"start":{"line":518,"column":24},"end":{"line":518,"column":67}},"218":{"start":{"line":519,"column":24},"end":{"line":522,"column":25}},"219":{"start":{"line":520,"column":28},"end":{"line":520,"column":51}},"220":{"start":{"line":521,"column":28},"end":{"line":521,"column":37}},"221":{"start":{"line":524,"column":25},"end":{"line":526,"column":21}},"222":{"start":{"line":525,"column":24},"end":{"line":525,"column":39}},"223":{"start":{"line":529,"column":16},"end":{"line":529,"column":72}},"224":{"start":{"line":534,"column":8},"end":{"line":568,"column":9}},"225":{"start":{"line":539,"column":12},"end":{"line":539,"column":26}},"226":{"start":{"line":540,"column":12},"end":{"line":548,"column":13}},"227":{"start":{"line":542,"column":16},"end":{"line":542,"column":103}},"228":{"start":{"line":543,"column":16},"end":{"line":543,"column":111}},"229":{"start":{"line":546,"column":16},"end":{"line":546,"column":99}},"230":{"start":{"line":547,"column":16},"end":{"line":547,"column":31}},"231":{"start":{"line":550,"column":12},"end":{"line":550,"column":48}},"232":{"start":{"line":552,"column":12},"end":{"line":552,"column":38}},"233":{"start":{"line":554,"column":12},"end":{"line":560,"column":15}},"234":{"start":{"line":555,"column":16},"end":{"line":555,"column":165}},"235":{"start":{"line":556,"column":16},"end":{"line":558,"column":17}},"236":{"start":{"line":557,"column":20},"end":{"line":557,"column":85}},"237":{"start":{"line":559,"column":16},"end":{"line":559,"column":26}},"238":{"start":{"line":562,"column":12},"end":{"line":566,"column":15}},"239":{"start":{"line":563,"column":16},"end":{"line":565,"column":20}},"240":{"start":{"line":564,"column":20},"end":{"line":564,"column":36}},"241":{"start":{"line":571,"column":4},"end":{"line":608,"column":5}},"242":{"start":{"line":573,"column":8},"end":{"line":573,"column":29}},"243":{"start":{"line":575,"column":8},"end":{"line":607,"column":11}},"244":{"start":{"line":576,"column":12},"end":{"line":605,"column":13}},"245":{"start":{"line":577,"column":16},"end":{"line":577,"column":41}},"246":{"start":{"line":581,"column":16},"end":{"line":604,"column":19}},"247":{"start":{"line":583,"column":20},"end":{"line":585,"column":21}},"248":{"start":{"line":584,"column":24},"end":{"line":584,"column":49}},"249":{"start":{"line":587,"column":20},"end":{"line":587,"column":66}},"250":{"start":{"line":589,"column":20},"end":{"line":603,"column":23}},"251":{"start":{"line":590,"column":24},"end":{"line":602,"column":25}},"252":{"start":{"line":591,"column":28},"end":{"line":593,"column":31}},"253":{"start":{"line":592,"column":32},"end":{"line":592,"column":56}},"254":{"start":{"line":595,"column":29},"end":{"line":602,"column":25}},"255":{"start":{"line":596,"column":28},"end":{"line":598,"column":30}},"256":{"start":{"line":597,"column":32},"end":{"line":597,"column":56}},"257":{"start":{"line":601,"column":28},"end":{"line":601,"column":52}},"258":{"start":{"line":610,"column":4},"end":{"line":610,"column":19}},"259":{"start":{"line":611,"column":4},"end":{"line":611,"column":80}},"260":{"start":{"line":612,"column":4},"end":{"line":612,"column":21}},"261":{"start":{"line":616,"column":0},"end":{"line":621,"column":2}}},"branchMap":{"1":{"line":90,"type":"if","locations":[{"start":{"line":90,"column":4},"end":{"line":90,"column":4}},{"start":{"line":90,"column":4},"end":{"line":90,"column":4}}]},"2":{"line":90,"type":"binary-expr","locations":[{"start":{"line":90,"column":8},"end":{"line":90,"column":18}},{"start":{"line":90,"column":22},"end":{"line":90,"column":33}}]},"3":{"line":94,"type":"if","locations":[{"start":{"line":94,"column":4},"end":{"line":94,"column":4}},{"start":{"line":94,"column":4},"end":{"line":94,"column":4}}]},"4":{"line":94,"type":"binary-expr","locations":[{"start":{"line":94,"column":8},"end":{"line":94,"column":17}},{"start":{"line":94,"column":21},"end":{"line":94,"column":31}}]},"5":{"line":101,"type":"if","locations":[{"start":{"line":101,"column":8},"end":{"line":101,"column":8}},{"start":{"line":101,"column":8},"end":{"line":101,"column":8}}]},"6":{"line":102,"type":"binary-expr","locations":[{"start":{"line":102,"column":25},"end":{"line":102,"column":36}},{"start":{"line":102,"column":40},"end":{"line":102,"column":76}}]},"7":{"line":108,"type":"if","locations":[{"start":{"line":108,"column":12},"end":{"line":108,"column":12}},{"start":{"line":108,"column":12},"end":{"line":108,"column":12}}]},"8":{"line":126,"type":"if","locations":[{"start":{"line":126,"column":4},"end":{"line":126,"column":4}},{"start":{"line":126,"column":4},"end":{"line":126,"column":4}}]},"9":{"line":130,"type":"if","locations":[{"start":{"line":130,"column":9},"end":{"line":130,"column":9}},{"start":{"line":130,"column":9},"end":{"line":130,"column":9}}]},"10":{"line":132,"type":"if","locations":[{"start":{"line":132,"column":12},"end":{"line":132,"column":12}},{"start":{"line":132,"column":12},"end":{"line":132,"column":12}}]},"11":{"line":157,"type":"binary-expr","locations":[{"start":{"line":157,"column":18},"end":{"line":157,"column":25}},{"start":{"line":157,"column":29},"end":{"line":157,"column":33}}]},"12":{"line":161,"type":"if","locations":[{"start":{"line":161,"column":8},"end":{"line":161,"column":8}},{"start":{"line":161,"column":8},"end":{"line":161,"column":8}}]},"13":{"line":167,"type":"binary-expr","locations":[{"start":{"line":167,"column":14},"end":{"line":167,"column":21}},{"start":{"line":167,"column":25},"end":{"line":169,"column":9}}]},"14":{"line":180,"type":"if","locations":[{"start":{"line":180,"column":8},"end":{"line":180,"column":8}},{"start":{"line":180,"column":8},"end":{"line":180,"column":8}}]},"15":{"line":185,"type":"if","locations":[{"start":{"line":185,"column":8},"end":{"line":185,"column":8}},{"start":{"line":185,"column":8},"end":{"line":185,"column":8}}]},"16":{"line":190,"type":"if","locations":[{"start":{"line":190,"column":4},"end":{"line":190,"column":4}},{"start":{"line":190,"column":4},"end":{"line":190,"column":4}}]},"17":{"line":198,"type":"if","locations":[{"start":{"line":198,"column":8},"end":{"line":198,"column":8}},{"start":{"line":198,"column":8},"end":{"line":198,"column":8}}]},"18":{"line":202,"type":"if","locations":[{"start":{"line":202,"column":8},"end":{"line":202,"column":8}},{"start":{"line":202,"column":8},"end":{"line":202,"column":8}}]},"19":{"line":269,"type":"binary-expr","locations":[{"start":{"line":269,"column":10},"end":{"line":269,"column":13}},{"start":{"line":269,"column":17},"end":{"line":269,"column":19}}]},"20":{"line":273,"type":"if","locations":[{"start":{"line":273,"column":4},"end":{"line":273,"column":4}},{"start":{"line":273,"column":4},"end":{"line":273,"column":4}}]},"21":{"line":277,"type":"cond-expr","locations":[{"start":{"line":277,"column":39},"end":{"line":277,"column":116}},{"start":{"line":277,"column":119},"end":{"line":277,"column":123}}]},"22":{"line":284,"type":"if","locations":[{"start":{"line":284,"column":4},"end":{"line":284,"column":4}},{"start":{"line":284,"column":4},"end":{"line":284,"column":4}}]},"23":{"line":295,"type":"if","locations":[{"start":{"line":295,"column":8},"end":{"line":295,"column":8}},{"start":{"line":295,"column":8},"end":{"line":295,"column":8}}]},"24":{"line":305,"type":"if","locations":[{"start":{"line":305,"column":8},"end":{"line":305,"column":8}},{"start":{"line":305,"column":8},"end":{"line":305,"column":8}}]},"25":{"line":309,"type":"if","locations":[{"start":{"line":309,"column":13},"end":{"line":309,"column":13}},{"start":{"line":309,"column":13},"end":{"line":309,"column":13}}]},"26":{"line":317,"type":"if","locations":[{"start":{"line":317,"column":16},"end":{"line":317,"column":16}},{"start":{"line":317,"column":16},"end":{"line":317,"column":16}}]},"27":{"line":322,"type":"binary-expr","locations":[{"start":{"line":322,"column":38},"end":{"line":322,"column":47}},{"start":{"line":322,"column":51},"end":{"line":322,"column":71}}]},"28":{"line":403,"type":"if","locations":[{"start":{"line":403,"column":4},"end":{"line":403,"column":4}},{"start":{"line":403,"column":4},"end":{"line":403,"column":4}}]},"29":{"line":408,"type":"if","locations":[{"start":{"line":408,"column":4},"end":{"line":408,"column":4}},{"start":{"line":408,"column":4},"end":{"line":408,"column":4}}]},"30":{"line":417,"type":"binary-expr","locations":[{"start":{"line":417,"column":17},"end":{"line":417,"column":22}},{"start":{"line":417,"column":26},"end":{"line":417,"column":28}}]},"31":{"line":419,"type":"binary-expr","locations":[{"start":{"line":419,"column":23},"end":{"line":419,"column":38}},{"start":{"line":419,"column":42},"end":{"line":419,"column":44}}]},"32":{"line":420,"type":"cond-expr","locations":[{"start":{"line":420,"column":72},"end":{"line":420,"column":77}},{"start":{"line":420,"column":80},"end":{"line":420,"column":85}}]},"33":{"line":421,"type":"binary-expr","locations":[{"start":{"line":421,"column":24},"end":{"line":421,"column":35}},{"start":{"line":421,"column":39},"end":{"line":421,"column":44}}]},"34":{"line":425,"type":"binary-expr","locations":[{"start":{"line":425,"column":21},"end":{"line":425,"column":35}},{"start":{"line":425,"column":39},"end":{"line":425,"column":58}}]},"35":{"line":426,"type":"binary-expr","locations":[{"start":{"line":426,"column":28},"end":{"line":426,"column":49}},{"start":{"line":426,"column":53},"end":{"line":426,"column":55}}]},"36":{"line":433,"type":"if","locations":[{"start":{"line":433,"column":4},"end":{"line":433,"column":4}},{"start":{"line":433,"column":4},"end":{"line":433,"column":4}}]},"37":{"line":469,"type":"if","locations":[{"start":{"line":469,"column":8},"end":{"line":469,"column":8}},{"start":{"line":469,"column":8},"end":{"line":469,"column":8}}]},"38":{"line":469,"type":"binary-expr","locations":[{"start":{"line":469,"column":12},"end":{"line":469,"column":16}},{"start":{"line":469,"column":20},"end":{"line":469,"column":24}}]},"39":{"line":470,"type":"binary-expr","locations":[{"start":{"line":470,"column":53},"end":{"line":470,"column":57}},{"start":{"line":470,"column":61},"end":{"line":470,"column":65}}]},"40":{"line":488,"type":"if","locations":[{"start":{"line":488,"column":4},"end":{"line":488,"column":4}},{"start":{"line":488,"column":4},"end":{"line":488,"column":4}}]},"41":{"line":491,"type":"if","locations":[{"start":{"line":491,"column":12},"end":{"line":491,"column":12}},{"start":{"line":491,"column":12},"end":{"line":491,"column":12}}]},"42":{"line":501,"type":"if","locations":[{"start":{"line":501,"column":4},"end":{"line":501,"column":4}},{"start":{"line":501,"column":4},"end":{"line":501,"column":4}}]},"43":{"line":506,"type":"if","locations":[{"start":{"line":506,"column":9},"end":{"line":506,"column":9}},{"start":{"line":506,"column":9},"end":{"line":506,"column":9}}]},"44":{"line":512,"type":"if","locations":[{"start":{"line":512,"column":12},"end":{"line":512,"column":12}},{"start":{"line":512,"column":12},"end":{"line":512,"column":12}}]},"45":{"line":517,"type":"if","locations":[{"start":{"line":517,"column":20},"end":{"line":517,"column":20}},{"start":{"line":517,"column":20},"end":{"line":517,"column":20}}]},"46":{"line":519,"type":"if","locations":[{"start":{"line":519,"column":24},"end":{"line":519,"column":24}},{"start":{"line":519,"column":24},"end":{"line":519,"column":24}}]},"47":{"line":524,"type":"if","locations":[{"start":{"line":524,"column":25},"end":{"line":524,"column":25}},{"start":{"line":524,"column":25},"end":{"line":524,"column":25}}]},"48":{"line":556,"type":"if","locations":[{"start":{"line":556,"column":16},"end":{"line":556,"column":16}},{"start":{"line":556,"column":16},"end":{"line":556,"column":16}}]},"49":{"line":576,"type":"if","locations":[{"start":{"line":576,"column":12},"end":{"line":576,"column":12}},{"start":{"line":576,"column":12},"end":{"line":576,"column":12}}]},"50":{"line":583,"type":"if","locations":[{"start":{"line":583,"column":20},"end":{"line":583,"column":20}},{"start":{"line":583,"column":20},"end":{"line":583,"column":20}}]},"51":{"line":590,"type":"if","locations":[{"start":{"line":590,"column":24},"end":{"line":590,"column":24}},{"start":{"line":590,"column":24},"end":{"line":590,"column":24}}]},"52":{"line":595,"type":"if","locations":[{"start":{"line":595,"column":29},"end":{"line":595,"column":29}},{"start":{"line":595,"column":29},"end":{"line":595,"column":29}}]},"53":{"line":611,"type":"cond-expr","locations":[{"start":{"line":611,"column":27},"end":{"line":611,"column":50}},{"start":{"line":611,"column":53},"end":{"line":611,"column":79}}]}}},"/Users/amills001c/WebstormProjects/oresoftware/suman/lib/debugging-helper/we-are-debugging.js":{"path":"/Users/amills001c/WebstormProjects/oresoftware/suman/lib/debugging-helper/we-are-debugging.js","s":{"1":1,"2":1,"3":1,"4":1,"5":0,"6":1,"7":1,"8":0,"9":1},"b":{"1":[0,1],"2":[0,1],"3":[1,1]},"f":{},"fnMap":{},"statementMap":{"1":{"start":{"line":6,"column":0},"end":{"line":6,"column":41}},"2":{"start":{"line":7,"column":0},"end":{"line":7,"column":43}},"3":{"start":{"line":11,"column":0},"end":{"line":11,"column":48}},"4":{"start":{"line":12,"column":0},"end":{"line":14,"column":1}},"5":{"start":{"line":13,"column":4},"end":{"line":13,"column":61}},"6":{"start":{"line":16,"column":0},"end":{"line":16,"column":55}},"7":{"start":{"line":18,"column":0},"end":{"line":20,"column":1}},"8":{"start":{"line":19,"column":4},"end":{"line":19,"column":62}},"9":{"start":{"line":23,"column":0},"end":{"line":23,"column":64}}},"branchMap":{"1":{"line":12,"type":"if","locations":[{"start":{"line":12,"column":0},"end":{"line":12,"column":0}},{"start":{"line":12,"column":0},"end":{"line":12,"column":0}}]},"2":{"line":18,"type":"if","locations":[{"start":{"line":18,"column":0},"end":{"line":18,"column":0}},{"start":{"line":18,"column":0},"end":{"line":18,"column":0}}]},"3":{"line":23,"type":"binary-expr","locations":[{"start":{"line":23,"column":41},"end":{"line":23,"column":48}},{"start":{"line":23,"column":52},"end":{"line":23,"column":63}}]}}},"/Users/amills001c/WebstormProjects/oresoftware/suman/lib/suman.js":{"path":"/Users/amills001c/WebstormProjects/oresoftware/suman/lib/suman.js","s":{"1":1,"2":1,"3":1,"4":1,"5":0,"6":1,"7":1,"8":0,"9":1,"10":1,"11":1,"12":1,"13":1,"14":1,"15":1,"16":1,"17":1,"18":1,"19":1,"20":1,"21":1,"22":1,"23":1,"24":1,"25":1,"26":1,"27":1,"28":1,"29":1,"30":1,"31":1,"32":1,"33":1,"34":1,"35":1,"36":1,"37":1,"38":1,"39":1,"40":1,"41":1,"42":1,"43":1,"44":1,"45":0,"46":1,"47":0,"48":0,"49":0,"50":0,"51":0,"52":0,"53":0,"54":0,"55":0,"56":0,"57":0,"58":0,"59":0,"60":0,"61":0,"62":0,"63":0,"64":0,"65":0,"66":0,"67":0,"68":0,"69":0,"70":0,"71":0,"72":0,"73":0,"74":0,"75":0,"76":0,"77":0,"78":0,"79":0,"80":0,"81":0,"82":0,"83":0,"84":0,"85":0,"86":0,"87":0,"88":1,"89":1,"90":1,"91":1,"92":0,"93":1,"94":0,"95":1,"96":1,"97":0,"98":1,"99":1,"100":1,"101":0,"102":0,"103":0,"104":0,"105":0,"106":0,"107":0,"108":0,"109":0,"110":0,"111":0,"112":1,"113":0,"114":0,"115":0,"116":0,"117":0,"118":0,"119":0,"120":0,"121":1,"122":1,"123":3,"124":1,"125":3,"126":0,"127":3,"128":7,"129":2,"130":1,"131":3,"132":7,"133":2,"134":1,"135":3,"136":0,"137":3,"138":7,"139":2,"140":1,"141":3,"142":0,"143":3,"144":7,"145":2,"146":1,"147":3,"148":2,"149":1,"150":1,"151":1,"152":1,"153":0,"154":0,"155":1,"156":1,"157":1,"158":1,"159":1,"160":1,"161":1,"162":1,"163":1,"164":1,"165":1,"166":1,"167":1,"168":1,"169":1,"170":1,"171":3,"172":3,"173":3,"174":3,"175":0,"176":0,"177":3,"178":0,"179":0,"180":3,"181":3,"182":3,"183":0,"184":1,"185":7,"186":7,"187":7,"188":7,"189":0,"190":0,"191":0,"192":7,"193":7,"194":0,"195":7,"196":1,"197":6,"198":0,"199":6,"200":1,"201":5,"202":5,"203":0,"204":0,"205":1,"206":1,"207":1,"208":1,"209":1,"210":0,"211":1,"212":0,"213":1,"214":0,"215":1,"216":0,"217":0,"218":0,"219":1,"220":1,"221":1,"222":1,"223":1,"224":1,"225":0,"226":1,"227":1,"228":1,"229":1,"230":0,"231":0,"232":0,"233":1,"234":1,"235":0,"236":1,"237":1,"238":1,"239":0,"240":1,"241":1,"242":1,"243":1,"244":1,"245":0,"246":1,"247":0,"248":1,"249":1,"250":1,"251":0,"252":0,"253":0,"254":0,"255":1},"b":{"1":[0,1],"2":[0,1],"3":[0,0],"4":[0,0],"5":[0,0],"6":[0,0],"7":[0,0],"8":[0,0],"9":[0,0],"10":[0,0],"11":[0,0],"12":[0,0],"13":[0,0,0],"14":[0,0],"15":[0,0],"16":[0,0],"17":[0,0],"18":[0,0],"19":[0,0],"20":[0,1],"21":[0,1],"22":[0,0],"23":[0,0],"24":[0,0],"25":[0,0],"26":[0,0],"27":[0,0],"28":[3,3],"29":[0,3],"30":[3,3],"31":[7,7],"32":[0,3],"33":[3,3],"34":[7,7,7],"35":[0,3],"36":[3,3],"37":[7,7,7],"38":[0,1],"39":[0,1],"40":[3,3],"41":[0,3],"42":[0,3],"43":[3,0],"44":[0,7],"45":[0,7],"46":[7,0],"47":[1,6],"48":[0,6],"49":[1,5],"50":[5,0],"51":[0,1],"52":[0,1],"53":[0,1],"54":[1,0],"55":[0,1],"56":[1,0],"57":[1,1],"58":[0,1],"59":[1,0],"60":[1,1],"61":[0,1],"62":[0,0],"63":[1,1],"64":[1,0],"65":[0,1],"66":[0,1],"67":[1,0]},"f":{"1":1,"2":0,"3":0,"4":0,"5":0,"6":0,"7":0,"8":0,"9":0,"10":0,"11":0,"12":0,"13":0,"14":0,"15":1,"16":1,"17":0,"18":1,"19":1,"20":1,"21":0,"22":0,"23":1,"24":3,"25":3,"26":7,"27":2,"28":3,"29":7,"30":2,"31":3,"32":7,"33":2,"34":3,"35":7,"36":2,"37":3,"38":2,"39":3,"40":7,"41":1,"42":1,"43":1,"44":0},"fnMap":{"1":{"name":"Suman","line":53,"loc":{"start":{"line":53,"column":0},"end":{"line":53,"column":20}}},"2":{"name":"(anonymous_2)","line":74,"loc":{"start":{"line":74,"column":28},"end":{"line":74,"column":43}}},"3":{"name":"(anonymous_3)","line":79,"loc":{"start":{"line":79,"column":26},"end":{"line":79,"column":40}}},"4":{"name":"(anonymous_4)","line":108,"loc":{"start":{"line":108,"column":72},"end":{"line":108,"column":88}}},"5":{"name":"(anonymous_5)","line":123,"loc":{"start":{"line":123,"column":29},"end":{"line":123,"column":44}}},"6":{"name":"(anonymous_6)","line":127,"loc":{"start":{"line":127,"column":20},"end":{"line":127,"column":34}}},"7":{"name":"(anonymous_7)","line":129,"loc":{"start":{"line":129,"column":27},"end":{"line":129,"column":54}}},"8":{"name":"(anonymous_8)","line":132,"loc":{"start":{"line":132,"column":33},"end":{"line":132,"column":45}}},"9":{"name":"(anonymous_9)","line":143,"loc":{"start":{"line":143,"column":34},"end":{"line":143,"column":54}}},"10":{"name":"(anonymous_10)","line":153,"loc":{"start":{"line":153,"column":59},"end":{"line":153,"column":74}}},"11":{"name":"(anonymous_11)","line":155,"loc":{"start":{"line":155,"column":25},"end":{"line":155,"column":40}}},"12":{"name":"(anonymous_12)","line":164,"loc":{"start":{"line":164,"column":27},"end":{"line":164,"column":43}}},"13":{"name":"(anonymous_13)","line":166,"loc":{"start":{"line":166,"column":33},"end":{"line":166,"column":55}}},"14":{"name":"(anonymous_14)","line":172,"loc":{"start":{"line":172,"column":13},"end":{"line":172,"column":28}}},"15":{"name":"(anonymous_15)","line":179,"loc":{"start":{"line":179,"column":27},"end":{"line":179,"column":47}}},"16":{"name":"(anonymous_16)","line":185,"loc":{"start":{"line":185,"column":12},"end":{"line":185,"column":26}}},"17":{"name":"(anonymous_17)","line":190,"loc":{"start":{"line":190,"column":48},"end":{"line":190,"column":63}}},"18":{"name":"(anonymous_18)","line":192,"loc":{"start":{"line":192,"column":27},"end":{"line":192,"column":39}}},"19":{"name":"(anonymous_19)","line":199,"loc":{"start":{"line":199,"column":27},"end":{"line":199,"column":42}}},"20":{"name":"complete","line":208,"loc":{"start":{"line":208,"column":8},"end":{"line":208,"column":40}}},"21":{"name":"(anonymous_21)","line":215,"loc":{"start":{"line":215,"column":22},"end":{"line":215,"column":49}}},"22":{"name":"logFatalSuite","line":259,"loc":{"start":{"line":259,"column":32},"end":{"line":259,"column":61}}},"23":{"name":"(anonymous_23)","line":299,"loc":{"start":{"line":299,"column":30},"end":{"line":299,"column":42}}},"24":{"name":"(anonymous_24)","line":302,"loc":{"start":{"line":302,"column":50},"end":{"line":302,"column":67}}},"25":{"name":"(anonymous_25)","line":307,"loc":{"start":{"line":307,"column":52},"end":{"line":307,"column":69}}},"26":{"name":"(anonymous_26)","line":312,"loc":{"start":{"line":312,"column":76},"end":{"line":312,"column":92}}},"27":{"name":"(anonymous_27)","line":317,"loc":{"start":{"line":317,"column":14},"end":{"line":317,"column":39}}},"28":{"name":"(anonymous_28)","line":322,"loc":{"start":{"line":322,"column":52},"end":{"line":322,"column":69}}},"29":{"name":"(anonymous_29)","line":324,"loc":{"start":{"line":324,"column":72},"end":{"line":324,"column":88}}},"30":{"name":"(anonymous_30)","line":328,"loc":{"start":{"line":328,"column":14},"end":{"line":328,"column":39}}},"31":{"name":"(anonymous_31)","line":333,"loc":{"start":{"line":333,"column":51},"end":{"line":333,"column":68}}},"32":{"name":"(anonymous_32)","line":338,"loc":{"start":{"line":338,"column":76},"end":{"line":338,"column":92}}},"33":{"name":"(anonymous_33)","line":343,"loc":{"start":{"line":343,"column":14},"end":{"line":343,"column":39}}},"34":{"name":"(anonymous_34)","line":348,"loc":{"start":{"line":348,"column":51},"end":{"line":348,"column":68}}},"35":{"name":"(anonymous_35)","line":353,"loc":{"start":{"line":353,"column":76},"end":{"line":353,"column":92}}},"36":{"name":"(anonymous_36)","line":358,"loc":{"start":{"line":358,"column":14},"end":{"line":358,"column":39}}},"37":{"name":"(anonymous_37)","line":363,"loc":{"start":{"line":363,"column":50},"end":{"line":363,"column":67}}},"38":{"name":"(anonymous_38)","line":367,"loc":{"start":{"line":367,"column":14},"end":{"line":367,"column":39}}},"39":{"name":"logData","line":421,"loc":{"start":{"line":421,"column":26},"end":{"line":421,"column":49}}},"40":{"name":"(anonymous_40)","line":474,"loc":{"start":{"line":474,"column":28},"end":{"line":474,"column":44}}},"41":{"name":"makeSuman","line":551,"loc":{"start":{"line":551,"column":0},"end":{"line":551,"column":76}}},"42":{"name":"(anonymous_42)","line":589,"loc":{"start":{"line":589,"column":78},"end":{"line":589,"column":93}}},"43":{"name":"(anonymous_43)","line":650,"loc":{"start":{"line":650,"column":56},"end":{"line":650,"column":105}}},"44":{"name":"(anonymous_44)","line":670,"loc":{"start":{"line":670,"column":34},"end":{"line":670,"column":49}}}},"statementMap":{"1":{"start":{"line":7,"column":0},"end":{"line":7,"column":52}},"2":{"start":{"line":8,"column":0},"end":{"line":8,"column":60}},"3":{"start":{"line":12,"column":0},"end":{"line":12,"column":48}},"4":{"start":{"line":13,"column":0},"end":{"line":15,"column":1}},"5":{"start":{"line":14,"column":4},"end":{"line":14,"column":61}},"6":{"start":{"line":17,"column":0},"end":{"line":17,"column":55}},"7":{"start":{"line":18,"column":0},"end":{"line":20,"column":1}},"8":{"start":{"line":19,"column":4},"end":{"line":19,"column":62}},"9":{"start":{"line":26,"column":0},"end":{"line":26,"column":55}},"10":{"start":{"line":29,"column":0},"end":{"line":29,"column":25}},"11":{"start":{"line":30,"column":0},"end":{"line":30,"column":29}},"12":{"start":{"line":31,"column":0},"end":{"line":31,"column":33}},"13":{"start":{"line":35,"column":0},"end":{"line":35,"column":28}},"14":{"start":{"line":36,"column":0},"end":{"line":36,"column":37}},"15":{"start":{"line":37,"column":0},"end":{"line":37,"column":38}},"16":{"start":{"line":38,"column":0},"end":{"line":38,"column":31}},"17":{"start":{"line":39,"column":0},"end":{"line":39,"column":42}},"18":{"start":{"line":40,"column":0},"end":{"line":40,"column":31}},"19":{"start":{"line":41,"column":0},"end":{"line":41,"column":45}},"20":{"start":{"line":42,"column":0},"end":{"line":42,"column":65}},"21":{"start":{"line":45,"column":0},"end":{"line":45,"column":38}},"22":{"start":{"line":46,"column":0},"end":{"line":46,"column":53}},"23":{"start":{"line":47,"column":0},"end":{"line":47,"column":54}},"24":{"start":{"line":48,"column":0},"end":{"line":48,"column":55}},"25":{"start":{"line":49,"column":0},"end":{"line":49,"column":33}},"26":{"start":{"line":53,"column":0},"end":{"line":71,"column":1}},"27":{"start":{"line":54,"column":4},"end":{"line":54,"column":32}},"28":{"start":{"line":55,"column":4},"end":{"line":55,"column":35}},"29":{"start":{"line":56,"column":4},"end":{"line":56,"column":33}},"30":{"start":{"line":57,"column":4},"end":{"line":57,"column":33}},"31":{"start":{"line":58,"column":4},"end":{"line":58,"column":29}},"32":{"start":{"line":59,"column":4},"end":{"line":59,"column":57}},"33":{"start":{"line":60,"column":4},"end":{"line":60,"column":37}},"34":{"start":{"line":61,"column":4},"end":{"line":61,"column":37}},"35":{"start":{"line":62,"column":4},"end":{"line":62,"column":27}},"36":{"start":{"line":63,"column":4},"end":{"line":63,"column":39}},"37":{"start":{"line":64,"column":4},"end":{"line":64,"column":29}},"38":{"start":{"line":65,"column":4},"end":{"line":65,"column":35}},"39":{"start":{"line":66,"column":4},"end":{"line":66,"column":18}},"40":{"start":{"line":67,"column":4},"end":{"line":67,"column":38}},"41":{"start":{"line":68,"column":4},"end":{"line":68,"column":41}},"42":{"start":{"line":69,"column":4},"end":{"line":69,"column":33}},"43":{"start":{"line":70,"column":4},"end":{"line":70,"column":21}},"44":{"start":{"line":74,"column":0},"end":{"line":76,"column":2}},"45":{"start":{"line":75,"column":4},"end":{"line":75,"column":32}},"46":{"start":{"line":79,"column":0},"end":{"line":176,"column":2}},"47":{"start":{"line":81,"column":4},"end":{"line":81,"column":17}},"48":{"start":{"line":83,"column":4},"end":{"line":118,"column":7}},"49":{"start":{"line":89,"column":8},"end":{"line":116,"column":9}},"50":{"start":{"line":90,"column":12},"end":{"line":90,"column":147}},"51":{"start":{"line":91,"column":12},"end":{"line":91,"column":151}},"52":{"start":{"line":94,"column":13},"end":{"line":116,"column":9}},"53":{"start":{"line":95,"column":12},"end":{"line":95,"column":152}},"54":{"start":{"line":96,"column":12},"end":{"line":96,"column":156}},"55":{"start":{"line":98,"column":13},"end":{"line":116,"column":9}},"56":{"start":{"line":100,"column":12},"end":{"line":100,"column":28}},"57":{"start":{"line":104,"column":12},"end":{"line":104,"column":50}},"58":{"start":{"line":106,"column":12},"end":{"line":115,"column":13}},"59":{"start":{"line":108,"column":16},"end":{"line":110,"column":19}},"60":{"start":{"line":109,"column":20},"end":{"line":109,"column":46}},"61":{"start":{"line":113,"column":16},"end":{"line":114,"column":78}},"62":{"start":{"line":121,"column":4},"end":{"line":121,"column":18}},"63":{"start":{"line":123,"column":4},"end":{"line":125,"column":7}},"64":{"start":{"line":124,"column":8},"end":{"line":124,"column":28}},"65":{"start":{"line":127,"column":4},"end":{"line":162,"column":7}},"66":{"start":{"line":129,"column":8},"end":{"line":160,"column":11}},"67":{"start":{"line":131,"column":12},"end":{"line":158,"column":13}},"68":{"start":{"line":132,"column":16},"end":{"line":134,"column":19}},"69":{"start":{"line":133,"column":20},"end":{"line":133,"column":34}},"70":{"start":{"line":136,"column":17},"end":{"line":158,"column":13}},"71":{"start":{"line":137,"column":16},"end":{"line":137,"column":38}},"72":{"start":{"line":138,"column":16},"end":{"line":138,"column":40}},"73":{"start":{"line":139,"column":16},"end":{"line":139,"column":72}},"74":{"start":{"line":140,"column":16},"end":{"line":142,"column":17}},"75":{"start":{"line":141,"column":20},"end":{"line":141,"column":92}},"76":{"start":{"line":143,"column":16},"end":{"line":150,"column":20}},"77":{"start":{"line":144,"column":20},"end":{"line":149,"column":21}},"78":{"start":{"line":145,"column":24},"end":{"line":145,"column":36}},"79":{"start":{"line":148,"column":24},"end":{"line":148,"column":37}},"80":{"start":{"line":153,"column":16},"end":{"line":157,"column":19}},"81":{"start":{"line":154,"column":20},"end":{"line":154,"column":33}},"82":{"start":{"line":156,"column":20},"end":{"line":156,"column":32}},"83":{"start":{"line":164,"column":4},"end":{"line":174,"column":7}},"84":{"start":{"line":166,"column":8},"end":{"line":168,"column":11}},"85":{"start":{"line":167,"column":12},"end":{"line":167,"column":35}},"86":{"start":{"line":170,"column":8},"end":{"line":170,"column":22}},"87":{"start":{"line":173,"column":8},"end":{"line":173,"column":20}},"88":{"start":{"line":179,"column":0},"end":{"line":212,"column":2}},"89":{"start":{"line":181,"column":4},"end":{"line":181,"column":20}},"90":{"start":{"line":183,"column":4},"end":{"line":210,"column":11}},"91":{"start":{"line":186,"column":16},"end":{"line":205,"column":17}},"92":{"start":{"line":187,"column":20},"end":{"line":187,"column":29}},"93":{"start":{"line":190,"column":20},"end":{"line":204,"column":23}},"94":{"start":{"line":191,"column":24},"end":{"line":191,"column":49}},"95":{"start":{"line":193,"column":24},"end":{"line":203,"column":27}},"96":{"start":{"line":200,"column":28},"end":{"line":201,"column":64}},"97":{"start":{"line":201,"column":32},"end":{"line":201,"column":64}},"98":{"start":{"line":202,"column":28},"end":{"line":202,"column":37}},"99":{"start":{"line":209,"column":12},"end":{"line":209,"column":27}},"100":{"start":{"line":215,"column":0},"end":{"line":256,"column":2}},"101":{"start":{"line":217,"column":4},"end":{"line":217,"column":20}},"102":{"start":{"line":219,"column":4},"end":{"line":225,"column":6}},"103":{"start":{"line":227,"column":4},"end":{"line":255,"column":5}},"104":{"start":{"line":232,"column":8},"end":{"line":232,"column":17}},"105":{"start":{"line":233,"column":8},"end":{"line":254,"column":9}},"106":{"start":{"line":234,"column":12},"end":{"line":234,"column":40}},"107":{"start":{"line":235,"column":12},"end":{"line":235,"column":60}},"108":{"start":{"line":238,"column":13},"end":{"line":254,"column":9}},"109":{"start":{"line":239,"column":12},"end":{"line":239,"column":40}},"110":{"start":{"line":240,"column":12},"end":{"line":240,"column":60}},"111":{"start":{"line":244,"column":12},"end":{"line":244,"column":88}},"112":{"start":{"line":259,"column":0},"end":{"line":297,"column":2}},"113":{"start":{"line":262,"column":4},"end":{"line":267,"column":6}},"114":{"start":{"line":270,"column":4},"end":{"line":296,"column":5}},"115":{"start":{"line":276,"column":8},"end":{"line":295,"column":9}},"116":{"start":{"line":278,"column":12},"end":{"line":278,"column":47}},"117":{"start":{"line":280,"column":13},"end":{"line":295,"column":9}},"118":{"start":{"line":281,"column":12},"end":{"line":281,"column":49}},"119":{"start":{"line":282,"column":12},"end":{"line":282,"column":50}},"120":{"start":{"line":285,"column":12},"end":{"line":285,"column":88}},"121":{"start":{"line":299,"column":0},"end":{"line":418,"column":2}},"122":{"start":{"line":302,"column":4},"end":{"line":304,"column":14}},"123":{"start":{"line":303,"column":8},"end":{"line":303,"column":55}},"124":{"start":{"line":307,"column":4},"end":{"line":319,"column":7}},"125":{"start":{"line":308,"column":8},"end":{"line":315,"column":9}},"126":{"start":{"line":309,"column":12},"end":{"line":309,"column":76}},"127":{"start":{"line":312,"column":12},"end":{"line":314,"column":22}},"128":{"start":{"line":313,"column":16},"end":{"line":313,"column":61}},"129":{"start":{"line":318,"column":8},"end":{"line":318,"column":30}},"130":{"start":{"line":322,"column":4},"end":{"line":330,"column":7}},"131":{"start":{"line":324,"column":8},"end":{"line":326,"column":18}},"132":{"start":{"line":325,"column":12},"end":{"line":325,"column":32}},"133":{"start":{"line":329,"column":8},"end":{"line":329,"column":30}},"134":{"start":{"line":333,"column":4},"end":{"line":345,"column":7}},"135":{"start":{"line":334,"column":8},"end":{"line":341,"column":9}},"136":{"start":{"line":335,"column":12},"end":{"line":335,"column":21}},"137":{"start":{"line":338,"column":12},"end":{"line":340,"column":22}},"138":{"start":{"line":339,"column":16},"end":{"line":339,"column":85}},"139":{"start":{"line":344,"column":8},"end":{"line":344,"column":30}},"140":{"start":{"line":348,"column":4},"end":{"line":360,"column":7}},"141":{"start":{"line":349,"column":8},"end":{"line":356,"column":9}},"142":{"start":{"line":350,"column":12},"end":{"line":350,"column":21}},"143":{"start":{"line":353,"column":12},"end":{"line":355,"column":22}},"144":{"start":{"line":354,"column":16},"end":{"line":354,"column":85}},"145":{"start":{"line":359,"column":8},"end":{"line":359,"column":30}},"146":{"start":{"line":363,"column":4},"end":{"line":369,"column":7}},"147":{"start":{"line":365,"column":8},"end":{"line":365,"column":72}},"148":{"start":{"line":368,"column":8},"end":{"line":368,"column":30}},"149":{"start":{"line":371,"column":4},"end":{"line":371,"column":48}},"150":{"start":{"line":372,"column":4},"end":{"line":372,"column":78}},"151":{"start":{"line":374,"column":4},"end":{"line":374,"column":65}},"152":{"start":{"line":376,"column":4},"end":{"line":415,"column":5}},"153":{"start":{"line":378,"column":8},"end":{"line":388,"column":10}},"154":{"start":{"line":390,"column":8},"end":{"line":393,"column":11}},"155":{"start":{"line":397,"column":8},"end":{"line":397,"column":59}},"156":{"start":{"line":398,"column":8},"end":{"line":398,"column":67}},"157":{"start":{"line":399,"column":8},"end":{"line":399,"column":55}},"158":{"start":{"line":400,"column":8},"end":{"line":400,"column":52}},"159":{"start":{"line":401,"column":8},"end":{"line":401,"column":52}},"160":{"start":{"line":402,"column":8},"end":{"line":402,"column":52}},"161":{"start":{"line":403,"column":8},"end":{"line":403,"column":50}},"162":{"start":{"line":404,"column":8},"end":{"line":404,"column":50}},"163":{"start":{"line":405,"column":8},"end":{"line":405,"column":48}},"164":{"start":{"line":406,"column":8},"end":{"line":406,"column":57}},"165":{"start":{"line":407,"column":8},"end":{"line":407,"column":91}},"166":{"start":{"line":408,"column":8},"end":{"line":408,"column":27}},"167":{"start":{"line":412,"column":8},"end":{"line":412,"column":28}},"168":{"start":{"line":413,"column":8},"end":{"line":413,"column":38}},"169":{"start":{"line":414,"column":8},"end":{"line":414,"column":26}},"170":{"start":{"line":421,"column":0},"end":{"line":471,"column":2}},"171":{"start":{"line":423,"column":4},"end":{"line":423,"column":36}},"172":{"start":{"line":425,"column":4},"end":{"line":431,"column":6}},"173":{"start":{"line":433,"column":4},"end":{"line":437,"column":6}},"174":{"start":{"line":440,"column":4},"end":{"line":470,"column":5}},"175":{"start":{"line":443,"column":8},"end":{"line":443,"column":45}},"176":{"start":{"line":444,"column":8},"end":{"line":444,"column":56}},"177":{"start":{"line":448,"column":8},"end":{"line":469,"column":9}},"178":{"start":{"line":451,"column":12},"end":{"line":451,"column":49}},"179":{"start":{"line":452,"column":12},"end":{"line":452,"column":60}},"180":{"start":{"line":454,"column":13},"end":{"line":469,"column":9}},"181":{"start":{"line":455,"column":12},"end":{"line":455,"column":49}},"182":{"start":{"line":456,"column":12},"end":{"line":456,"column":60}},"183":{"start":{"line":459,"column":12},"end":{"line":459,"column":88}},"184":{"start":{"line":474,"column":0},"end":{"line":548,"column":2}},"185":{"start":{"line":478,"column":4},"end":{"line":478,"column":20}},"186":{"start":{"line":480,"column":4},"end":{"line":480,"column":29}},"187":{"start":{"line":482,"column":4},"end":{"line":486,"column":6}},"188":{"start":{"line":489,"column":4},"end":{"line":547,"column":5}},"189":{"start":{"line":490,"column":8},"end":{"line":490,"column":39}},"190":{"start":{"line":491,"column":8},"end":{"line":491,"column":48}},"191":{"start":{"line":492,"column":8},"end":{"line":492,"column":38}},"192":{"start":{"line":496,"column":8},"end":{"line":513,"column":9}},"193":{"start":{"line":499,"column":13},"end":{"line":513,"column":9}},"194":{"start":{"line":512,"column":12},"end":{"line":512,"column":88}},"195":{"start":{"line":521,"column":8},"end":{"line":546,"column":9}},"196":{"start":{"line":523,"column":12},"end":{"line":523,"column":173}},"197":{"start":{"line":527,"column":12},"end":{"line":544,"column":13}},"198":{"start":{"line":528,"column":16},"end":{"line":528,"column":114}},"199":{"start":{"line":530,"column":17},"end":{"line":544,"column":13}},"200":{"start":{"line":531,"column":16},"end":{"line":531,"column":114}},"201":{"start":{"line":535,"column":16},"end":{"line":543,"column":17}},"202":{"start":{"line":536,"column":20},"end":{"line":536,"column":107}},"203":{"start":{"line":540,"column":20},"end":{"line":540,"column":58}},"204":{"start":{"line":541,"column":20},"end":{"line":541,"column":92}},"205":{"start":{"line":551,"column":0},"end":{"line":675,"column":1}},"206":{"start":{"line":554,"column":4},"end":{"line":554,"column":28}},"207":{"start":{"line":556,"column":4},"end":{"line":556,"column":28}},"208":{"start":{"line":557,"column":4},"end":{"line":557,"column":32}},"209":{"start":{"line":559,"column":4},"end":{"line":561,"column":5}},"210":{"start":{"line":560,"column":8},"end":{"line":560,"column":27}},"211":{"start":{"line":563,"column":4},"end":{"line":565,"column":5}},"212":{"start":{"line":564,"column":8},"end":{"line":564,"column":31}},"213":{"start":{"line":567,"column":4},"end":{"line":569,"column":5}},"214":{"start":{"line":568,"column":8},"end":{"line":568,"column":123}},"215":{"start":{"line":571,"column":4},"end":{"line":575,"column":5}},"216":{"start":{"line":572,"column":8},"end":{"line":572,"column":127}},"217":{"start":{"line":573,"column":8},"end":{"line":573,"column":54}},"218":{"start":{"line":574,"column":8},"end":{"line":574,"column":18}},"219":{"start":{"line":577,"column":4},"end":{"line":580,"column":6}},"220":{"start":{"line":583,"column":4},"end":{"line":583,"column":31}},"221":{"start":{"line":584,"column":4},"end":{"line":584,"column":26}},"222":{"start":{"line":585,"column":4},"end":{"line":585,"column":26}},"223":{"start":{"line":589,"column":4},"end":{"line":674,"column":7}},"224":{"start":{"line":591,"column":8},"end":{"line":593,"column":9}},"225":{"start":{"line":592,"column":12},"end":{"line":592,"column":37}},"226":{"start":{"line":595,"column":8},"end":{"line":595,"column":53}},"227":{"start":{"line":597,"column":8},"end":{"line":628,"column":9}},"228":{"start":{"line":599,"column":12},"end":{"line":599,"column":45}},"229":{"start":{"line":601,"column":12},"end":{"line":614,"column":13}},"230":{"start":{"line":602,"column":16},"end":{"line":602,"column":75}},"231":{"start":{"line":603,"column":16},"end":{"line":605,"column":17}},"232":{"start":{"line":604,"column":20},"end":{"line":604,"column":82}},"233":{"start":{"line":608,"column":16},"end":{"line":613,"column":17}},"234":{"start":{"line":609,"column":20},"end":{"line":609,"column":74}},"235":{"start":{"line":612,"column":20},"end":{"line":612,"column":30}},"236":{"start":{"line":617,"column":12},"end":{"line":617,"column":125}},"237":{"start":{"line":619,"column":12},"end":{"line":624,"column":13}},"238":{"start":{"line":620,"column":16},"end":{"line":620,"column":42}},"239":{"start":{"line":627,"column":12},"end":{"line":627,"column":153}},"240":{"start":{"line":630,"column":8},"end":{"line":630,"column":42}},"241":{"start":{"line":634,"column":8},"end":{"line":646,"column":11}},"242":{"start":{"line":649,"column":8},"end":{"line":673,"column":9}},"243":{"start":{"line":650,"column":12},"end":{"line":665,"column":15}},"244":{"start":{"line":652,"column":16},"end":{"line":654,"column":17}},"245":{"start":{"line":653,"column":20},"end":{"line":653,"column":45}},"246":{"start":{"line":656,"column":16},"end":{"line":661,"column":17}},"247":{"start":{"line":657,"column":20},"end":{"line":657,"column":70}},"248":{"start":{"line":659,"column":21},"end":{"line":661,"column":17}},"249":{"start":{"line":660,"column":20},"end":{"line":660,"column":120}},"250":{"start":{"line":663,"column":16},"end":{"line":663,"column":32}},"251":{"start":{"line":668,"column":12},"end":{"line":668,"column":46}},"252":{"start":{"line":669,"column":12},"end":{"line":669,"column":80}},"253":{"start":{"line":670,"column":12},"end":{"line":672,"column":15}},"254":{"start":{"line":671,"column":16},"end":{"line":671,"column":31}},"255":{"start":{"line":678,"column":0},"end":{"line":678,"column":27}}},"branchMap":{"1":{"line":13,"type":"if","locations":[{"start":{"line":13,"column":0},"end":{"line":13,"column":0}},{"start":{"line":13,"column":0},"end":{"line":13,"column":0}}]},"2":{"line":18,"type":"if","locations":[{"start":{"line":18,"column":0},"end":{"line":18,"column":0}},{"start":{"line":18,"column":0},"end":{"line":18,"column":0}}]},"3":{"line":89,"type":"if","locations":[{"start":{"line":89,"column":8},"end":{"line":89,"column":8}},{"start":{"line":89,"column":8},"end":{"line":89,"column":8}}]},"4":{"line":89,"type":"binary-expr","locations":[{"start":{"line":89,"column":12},"end":{"line":89,"column":69}},{"start":{"line":89,"column":73},"end":{"line":89,"column":109}}]},"5":{"line":89,"type":"binary-expr","locations":[{"start":{"line":89,"column":50},"end":{"line":89,"column":53}},{"start":{"line":89,"column":57},"end":{"line":89,"column":68}}]},"6":{"line":94,"type":"if","locations":[{"start":{"line":94,"column":13},"end":{"line":94,"column":13}},{"start":{"line":94,"column":13},"end":{"line":94,"column":13}}]},"7":{"line":94,"type":"binary-expr","locations":[{"start":{"line":94,"column":17},"end":{"line":94,"column":75}},{"start":{"line":94,"column":79},"end":{"line":94,"column":115}}]},"8":{"line":94,"type":"binary-expr","locations":[{"start":{"line":94,"column":56},"end":{"line":94,"column":59}},{"start":{"line":94,"column":63},"end":{"line":94,"column":74}}]},"9":{"line":98,"type":"if","locations":[{"start":{"line":98,"column":13},"end":{"line":98,"column":13}},{"start":{"line":98,"column":13},"end":{"line":98,"column":13}}]},"10":{"line":98,"type":"binary-expr","locations":[{"start":{"line":98,"column":17},"end":{"line":98,"column":75}},{"start":{"line":98,"column":79},"end":{"line":98,"column":129}}]},"11":{"line":98,"type":"binary-expr","locations":[{"start":{"line":98,"column":56},"end":{"line":98,"column":59}},{"start":{"line":98,"column":63},"end":{"line":98,"column":74}}]},"12":{"line":106,"type":"if","locations":[{"start":{"line":106,"column":12},"end":{"line":106,"column":12}},{"start":{"line":106,"column":12},"end":{"line":106,"column":12}}]},"13":{"line":106,"type":"binary-expr","locations":[{"start":{"line":106,"column":16},"end":{"line":106,"column":25}},{"start":{"line":106,"column":29},"end":{"line":106,"column":81}},{"start":{"line":106,"column":85},"end":{"line":106,"column":136}}]},"14":{"line":108,"type":"binary-expr","locations":[{"start":{"line":108,"column":39},"end":{"line":108,"column":60}},{"start":{"line":108,"column":64},"end":{"line":108,"column":66}}]},"15":{"line":131,"type":"if","locations":[{"start":{"line":131,"column":12},"end":{"line":131,"column":12}},{"start":{"line":131,"column":12},"end":{"line":131,"column":12}}]},"16":{"line":136,"type":"if","locations":[{"start":{"line":136,"column":17},"end":{"line":136,"column":17}},{"start":{"line":136,"column":17},"end":{"line":136,"column":17}}]},"17":{"line":139,"type":"binary-expr","locations":[{"start":{"line":139,"column":30},"end":{"line":139,"column":65}},{"start":{"line":139,"column":69},"end":{"line":139,"column":71}}]},"18":{"line":140,"type":"if","locations":[{"start":{"line":140,"column":16},"end":{"line":140,"column":16}},{"start":{"line":140,"column":16},"end":{"line":140,"column":16}}]},"19":{"line":144,"type":"if","locations":[{"start":{"line":144,"column":20},"end":{"line":144,"column":20}},{"start":{"line":144,"column":20},"end":{"line":144,"column":20}}]},"20":{"line":186,"type":"if","locations":[{"start":{"line":186,"column":16},"end":{"line":186,"column":16}},{"start":{"line":186,"column":16},"end":{"line":186,"column":16}}]},"21":{"line":200,"type":"if","locations":[{"start":{"line":200,"column":28},"end":{"line":200,"column":28}},{"start":{"line":200,"column":28},"end":{"line":200,"column":28}}]},"22":{"line":227,"type":"if","locations":[{"start":{"line":227,"column":4},"end":{"line":227,"column":4}},{"start":{"line":227,"column":4},"end":{"line":227,"column":4}}]},"23":{"line":233,"type":"if","locations":[{"start":{"line":233,"column":8},"end":{"line":233,"column":8}},{"start":{"line":233,"column":8},"end":{"line":233,"column":8}}]},"24":{"line":238,"type":"if","locations":[{"start":{"line":238,"column":13},"end":{"line":238,"column":13}},{"start":{"line":238,"column":13},"end":{"line":238,"column":13}}]},"25":{"line":270,"type":"if","locations":[{"start":{"line":270,"column":4},"end":{"line":270,"column":4}},{"start":{"line":270,"column":4},"end":{"line":270,"column":4}}]},"26":{"line":276,"type":"if","locations":[{"start":{"line":276,"column":8},"end":{"line":276,"column":8}},{"start":{"line":276,"column":8},"end":{"line":276,"column":8}}]},"27":{"line":280,"type":"if","locations":[{"start":{"line":280,"column":13},"end":{"line":280,"column":13}},{"start":{"line":280,"column":13},"end":{"line":280,"column":13}}]},"28":{"line":303,"type":"binary-expr","locations":[{"start":{"line":303,"column":15},"end":{"line":303,"column":28}},{"start":{"line":303,"column":32},"end":{"line":303,"column":54}}]},"29":{"line":308,"type":"if","locations":[{"start":{"line":308,"column":8},"end":{"line":308,"column":8}},{"start":{"line":308,"column":8},"end":{"line":308,"column":8}}]},"30":{"line":308,"type":"binary-expr","locations":[{"start":{"line":308,"column":12},"end":{"line":308,"column":25}},{"start":{"line":308,"column":29},"end":{"line":308,"column":51}}]},"31":{"line":313,"type":"binary-expr","locations":[{"start":{"line":313,"column":23},"end":{"line":313,"column":35}},{"start":{"line":313,"column":39},"end":{"line":313,"column":60}}]},"32":{"line":334,"type":"if","locations":[{"start":{"line":334,"column":8},"end":{"line":334,"column":8}},{"start":{"line":334,"column":8},"end":{"line":334,"column":8}}]},"33":{"line":334,"type":"binary-expr","locations":[{"start":{"line":334,"column":12},"end":{"line":334,"column":25}},{"start":{"line":334,"column":29},"end":{"line":334,"column":51}}]},"34":{"line":339,"type":"binary-expr","locations":[{"start":{"line":339,"column":23},"end":{"line":339,"column":36}},{"start":{"line":339,"column":40},"end":{"line":339,"column":62}},{"start":{"line":339,"column":66},"end":{"line":339,"column":84}}]},"35":{"line":349,"type":"if","locations":[{"start":{"line":349,"column":8},"end":{"line":349,"column":8}},{"start":{"line":349,"column":8},"end":{"line":349,"column":8}}]},"36":{"line":349,"type":"binary-expr","locations":[{"start":{"line":349,"column":12},"end":{"line":349,"column":25}},{"start":{"line":349,"column":29},"end":{"line":349,"column":51}}]},"37":{"line":354,"type":"binary-expr","locations":[{"start":{"line":354,"column":23},"end":{"line":354,"column":36}},{"start":{"line":354,"column":40},"end":{"line":354,"column":62}},{"start":{"line":354,"column":66},"end":{"line":354,"column":84}}]},"38":{"line":372,"type":"cond-expr","locations":[{"start":{"line":372,"column":41},"end":{"line":372,"column":70}},{"start":{"line":372,"column":73},"end":{"line":372,"column":77}}]},"39":{"line":376,"type":"if","locations":[{"start":{"line":376,"column":4},"end":{"line":376,"column":4}},{"start":{"line":376,"column":4},"end":{"line":376,"column":4}}]},"40":{"line":423,"type":"binary-expr","locations":[{"start":{"line":423,"column":17},"end":{"line":423,"column":27}},{"start":{"line":423,"column":31},"end":{"line":423,"column":35}}]},"41":{"line":440,"type":"if","locations":[{"start":{"line":440,"column":4},"end":{"line":440,"column":4}},{"start":{"line":440,"column":4},"end":{"line":440,"column":4}}]},"42":{"line":448,"type":"if","locations":[{"start":{"line":448,"column":8},"end":{"line":448,"column":8}},{"start":{"line":448,"column":8},"end":{"line":448,"column":8}}]},"43":{"line":454,"type":"if","locations":[{"start":{"line":454,"column":13},"end":{"line":454,"column":13}},{"start":{"line":454,"column":13},"end":{"line":454,"column":13}}]},"44":{"line":489,"type":"if","locations":[{"start":{"line":489,"column":4},"end":{"line":489,"column":4}},{"start":{"line":489,"column":4},"end":{"line":489,"column":4}}]},"45":{"line":496,"type":"if","locations":[{"start":{"line":496,"column":8},"end":{"line":496,"column":8}},{"start":{"line":496,"column":8},"end":{"line":496,"column":8}}]},"46":{"line":499,"type":"if","locations":[{"start":{"line":499,"column":13},"end":{"line":499,"column":13}},{"start":{"line":499,"column":13},"end":{"line":499,"column":13}}]},"47":{"line":521,"type":"if","locations":[{"start":{"line":521,"column":8},"end":{"line":521,"column":8}},{"start":{"line":521,"column":8},"end":{"line":521,"column":8}}]},"48":{"line":527,"type":"if","locations":[{"start":{"line":527,"column":12},"end":{"line":527,"column":12}},{"start":{"line":527,"column":12},"end":{"line":527,"column":12}}]},"49":{"line":530,"type":"if","locations":[{"start":{"line":530,"column":17},"end":{"line":530,"column":17}},{"start":{"line":530,"column":17},"end":{"line":530,"column":17}}]},"50":{"line":535,"type":"if","locations":[{"start":{"line":535,"column":16},"end":{"line":535,"column":16}},{"start":{"line":535,"column":16},"end":{"line":535,"column":16}}]},"51":{"line":559,"type":"if","locations":[{"start":{"line":559,"column":4},"end":{"line":559,"column":4}},{"start":{"line":559,"column":4},"end":{"line":559,"column":4}}]},"52":{"line":563,"type":"if","locations":[{"start":{"line":563,"column":4},"end":{"line":563,"column":4}},{"start":{"line":563,"column":4},"end":{"line":563,"column":4}}]},"53":{"line":567,"type":"if","locations":[{"start":{"line":567,"column":4},"end":{"line":567,"column":4}},{"start":{"line":567,"column":4},"end":{"line":567,"column":4}}]},"54":{"line":567,"type":"binary-expr","locations":[{"start":{"line":567,"column":8},"end":{"line":567,"column":19}},{"start":{"line":567,"column":23},"end":{"line":567,"column":57}}]},"55":{"line":571,"type":"if","locations":[{"start":{"line":571,"column":4},"end":{"line":571,"column":4}},{"start":{"line":571,"column":4},"end":{"line":571,"column":4}}]},"56":{"line":571,"type":"binary-expr","locations":[{"start":{"line":571,"column":8},"end":{"line":571,"column":42}},{"start":{"line":571,"column":46},"end":{"line":571,"column":58}}]},"57":{"line":589,"type":"binary-expr","locations":[{"start":{"line":589,"column":30},"end":{"line":589,"column":52}},{"start":{"line":589,"column":56},"end":{"line":589,"column":68}}]},"58":{"line":591,"type":"if","locations":[{"start":{"line":591,"column":8},"end":{"line":591,"column":8}},{"start":{"line":591,"column":8},"end":{"line":591,"column":8}}]},"59":{"line":597,"type":"if","locations":[{"start":{"line":597,"column":8},"end":{"line":597,"column":8}},{"start":{"line":597,"column":8},"end":{"line":597,"column":8}}]},"60":{"line":597,"type":"binary-expr","locations":[{"start":{"line":597,"column":12},"end":{"line":597,"column":18}},{"start":{"line":597,"column":22},"end":{"line":597,"column":38}}]},"61":{"line":601,"type":"if","locations":[{"start":{"line":601,"column":12},"end":{"line":601,"column":12}},{"start":{"line":601,"column":12},"end":{"line":601,"column":12}}]},"62":{"line":603,"type":"if","locations":[{"start":{"line":603,"column":16},"end":{"line":603,"column":16}},{"start":{"line":603,"column":16},"end":{"line":603,"column":16}}]},"63":{"line":641,"type":"binary-expr","locations":[{"start":{"line":641,"column":34},"end":{"line":641,"column":60}},{"start":{"line":641,"column":64},"end":{"line":641,"column":79}}]},"64":{"line":649,"type":"if","locations":[{"start":{"line":649,"column":8},"end":{"line":649,"column":8}},{"start":{"line":649,"column":8},"end":{"line":649,"column":8}}]},"65":{"line":652,"type":"if","locations":[{"start":{"line":652,"column":16},"end":{"line":652,"column":16}},{"start":{"line":652,"column":16},"end":{"line":652,"column":16}}]},"66":{"line":656,"type":"if","locations":[{"start":{"line":656,"column":16},"end":{"line":656,"column":16}},{"start":{"line":656,"column":16},"end":{"line":656,"column":16}}]},"67":{"line":659,"type":"if","locations":[{"start":{"line":659,"column":21},"end":{"line":659,"column":21}},{"start":{"line":659,"column":21},"end":{"line":659,"column":21}}]}}},"/Users/amills001c/WebstormProjects/oresoftware/suman/config/suman-constants.js":{"path":"/Users/amills001c/WebstormProjects/oresoftware/suman/config/suman-constants.js","s":{"1":1},"b":{},"f":{},"fnMap":{},"statementMap":{"1":{"start":{"line":8,"column":0},"end":{"line":26,"column":3}}},"branchMap":{}},"/Users/amills001c/WebstormProjects/oresoftware/suman/lib/utils.js":{"path":"/Users/amills001c/WebstormProjects/oresoftware/suman/lib/utils.js","s":{"1":1,"2":1,"3":1,"4":1,"5":1,"6":1,"7":1,"8":1,"9":1,"10":0,"11":3,"12":1,"13":0,"14":0,"15":0,"16":0,"17":0,"18":0,"19":0,"20":0,"21":0,"22":0,"23":0,"24":0,"25":0,"26":0,"27":0,"28":22,"29":0,"30":22,"31":22,"32":0,"33":0,"34":1,"35":0,"36":0,"37":1,"38":1,"39":1,"40":0,"41":1},"b":{"1":[0,0],"2":[0,1],"3":[0,0],"4":[0,0],"5":[0,0],"6":[0,22],"7":[22,0,22],"8":[0,0,0],"9":[0,1],"10":[0,1]},"f":{"1":0,"2":3,"3":0,"4":1,"5":0,"6":0,"7":0,"8":22,"9":0,"10":0,"11":1,"12":0,"13":1},"fnMap":{"1":{"name":"(anonymous_1)","line":25,"loc":{"start":{"line":25,"column":22},"end":{"line":25,"column":44}}},"2":{"name":"(anonymous_2)","line":30,"loc":{"start":{"line":30,"column":21},"end":{"line":30,"column":35}}},"3":{"name":"(anonymous_3)","line":34,"loc":{"start":{"line":34,"column":33},"end":{"line":34,"column":47}}},"4":{"name":"(anonymous_4)","line":38,"loc":{"start":{"line":38,"column":16},"end":{"line":38,"column":28}}},"5":{"name":"sumanOnce","line":44,"loc":{"start":{"line":44,"column":10},"end":{"line":44,"column":38}}},"6":{"name":"(anonymous_6)","line":48,"loc":{"start":{"line":48,"column":15},"end":{"line":48,"column":27}}},"7":{"name":"checkForArrayOfStringsEquality","line":61,"loc":{"start":{"line":61,"column":22},"end":{"line":61,"column":74}}},"8":{"name":"isGeneratorFn","line":79,"loc":{"start":{"line":79,"column":19},"end":{"line":79,"column":46}}},"9":{"name":"arrayHasDuplicates","line":89,"loc":{"start":{"line":89,"column":24},"end":{"line":89,"column":55}}},"10":{"name":"isReadableStream","line":93,"loc":{"start":{"line":93,"column":22},"end":{"line":93,"column":53}}},"11":{"name":"(anonymous_11)","line":97,"loc":{"start":{"line":97,"column":20},"end":{"line":97,"column":46}}},"12":{"name":"(anonymous_12)","line":100,"loc":{"start":{"line":100,"column":29},"end":{"line":100,"column":39}}},"13":{"name":"(anonymous_13)","line":106,"loc":{"start":{"line":106,"column":26},"end":{"line":106,"column":41}}}},"statementMap":{"1":{"start":{"line":8,"column":0},"end":{"line":8,"column":25}},"2":{"start":{"line":9,"column":0},"end":{"line":9,"column":29}},"3":{"start":{"line":12,"column":0},"end":{"line":12,"column":39}},"4":{"start":{"line":13,"column":0},"end":{"line":13,"column":28}},"5":{"start":{"line":15,"column":0},"end":{"line":15,"column":40}},"6":{"start":{"line":16,"column":0},"end":{"line":16,"column":44}},"7":{"start":{"line":17,"column":0},"end":{"line":17,"column":40}},"8":{"start":{"line":19,"column":0},"end":{"line":19,"column":33}},"9":{"start":{"line":23,"column":0},"end":{"line":118,"column":2}},"10":{"start":{"line":26,"column":8},"end":{"line":26,"column":61}},"11":{"start":{"line":31,"column":8},"end":{"line":31,"column":55}},"12":{"start":{"line":39,"column":8},"end":{"line":39,"column":84}},"13":{"start":{"line":46,"column":8},"end":{"line":46,"column":28}},"14":{"start":{"line":48,"column":8},"end":{"line":58,"column":9}},"15":{"start":{"line":49,"column":12},"end":{"line":56,"column":13}},"16":{"start":{"line":50,"column":16},"end":{"line":50,"column":33}},"17":{"start":{"line":51,"column":16},"end":{"line":51,"column":41}},"18":{"start":{"line":54,"column":16},"end":{"line":54,"column":105}},"19":{"start":{"line":55,"column":16},"end":{"line":55,"column":62}},"20":{"start":{"line":63,"column":8},"end":{"line":65,"column":9}},"21":{"start":{"line":64,"column":12},"end":{"line":64,"column":25}},"22":{"start":{"line":67,"column":8},"end":{"line":67,"column":27}},"23":{"start":{"line":68,"column":8},"end":{"line":68,"column":27}},"24":{"start":{"line":70,"column":8},"end":{"line":74,"column":9}},"25":{"start":{"line":71,"column":12},"end":{"line":73,"column":13}},"26":{"start":{"line":72,"column":16},"end":{"line":72,"column":29}},"27":{"start":{"line":76,"column":8},"end":{"line":76,"column":20}},"28":{"start":{"line":81,"column":8},"end":{"line":83,"column":9}},"29":{"start":{"line":82,"column":12},"end":{"line":82,"column":25}},"30":{"start":{"line":84,"column":8},"end":{"line":84,"column":35}},"31":{"start":{"line":85,"column":8},"end":{"line":85,"column":125}},"32":{"start":{"line":90,"column":8},"end":{"line":90,"column":45}},"33":{"start":{"line":94,"column":8},"end":{"line":94,"column":121}},"34":{"start":{"line":99,"column":8},"end":{"line":115,"column":9}},"35":{"start":{"line":100,"column":12},"end":{"line":102,"column":15}},"36":{"start":{"line":101,"column":16},"end":{"line":101,"column":21}},"37":{"start":{"line":105,"column":12},"end":{"line":105,"column":54}},"38":{"start":{"line":106,"column":12},"end":{"line":114,"column":15}},"39":{"start":{"line":107,"column":16},"end":{"line":112,"column":17}},"40":{"start":{"line":108,"column":20},"end":{"line":108,"column":28}},"41":{"start":{"line":111,"column":20},"end":{"line":111,"column":29}}},"branchMap":{"1":{"line":26,"type":"binary-expr","locations":[{"start":{"line":26,"column":17},"end":{"line":26,"column":41}},{"start":{"line":26,"column":45},"end":{"line":26,"column":47}}]},"2":{"line":39,"type":"cond-expr","locations":[{"start":{"line":39,"column":59},"end":{"line":39,"column":72}},{"start":{"line":39,"column":75},"end":{"line":39,"column":81}}]},"3":{"line":49,"type":"if","locations":[{"start":{"line":49,"column":12},"end":{"line":49,"column":12}},{"start":{"line":49,"column":12},"end":{"line":49,"column":12}}]},"4":{"line":63,"type":"if","locations":[{"start":{"line":63,"column":8},"end":{"line":63,"column":8}},{"start":{"line":63,"column":8},"end":{"line":63,"column":8}}]},"5":{"line":71,"type":"if","locations":[{"start":{"line":71,"column":12},"end":{"line":71,"column":12}},{"start":{"line":71,"column":12},"end":{"line":71,"column":12}}]},"6":{"line":81,"type":"if","locations":[{"start":{"line":81,"column":8},"end":{"line":81,"column":8}},{"start":{"line":81,"column":8},"end":{"line":81,"column":8}}]},"7":{"line":85,"type":"binary-exp
[...]
20},"end":{"line":44,"column":40}},"27":{"start":{"line":48,"column":16},"end":{"line":48,"column":48}},"28":{"start":{"line":52,"column":8},"end":{"line":139,"column":11}},"29":{"start":{"line":54,"column":12},"end":{"line":137,"column":15}},"30":{"start":{"line":57,"column":16},"end":{"line":57,"column":47}},"31":{"start":{"line":59,"column":16},"end":{"line":59,"column":56}},"32":{"start":{"line":61,"column":16},"end":{"line":63,"column":17}},"33":{"start":{"line":62,"column":20},"end":{"line":62,"column":32}},"34":{"start":{"line":65,"column":16},"end":{"line":67,"column":17}},"35":{"start":{"line":66,"column":20},"end":{"line":66,"column":40}},"36":{"start":{"line":69,"column":16},"end":{"line":69,"column":54}},"37":{"start":{"line":71,"column":16},"end":{"line":71,"column":60}},"38":{"start":{"line":72,"column":16},"end":{"line":72,"column":83}},"39":{"start":{"line":73,"column":16},"end":{"line":73,"column":68}},"40":{"start":{"line":74,"column":16},"end":{"line":74,"column":77}},"41":{"start":{"line":75,"column":16},"end":{"line":75,"column":74}},"42":{"start":{"line":76,"column":16},"end":{"line":76,"column":80}},"43":{"start":{"line":79,"column":16},"end":{"line":86,"column":17}},"44":{"start":{"line":80,"column":20},"end":{"line":85,"column":23}},"45":{"start":{"line":88,"column":16},"end":{"line":95,"column":17}},"46":{"start":{"line":89,"column":20},"end":{"line":94,"column":23}},"47":{"start":{"line":97,"column":16},"end":{"line":135,"column":17}},"48":{"start":{"line":98,"column":20},"end":{"line":100,"column":21}},"49":{"start":{"line":99,"column":24},"end":{"line":99,"column":115}},"50":{"start":{"line":102,"column":20},"end":{"line":102,"column":68}},"51":{"start":{"line":104,"column":21},"end":{"line":135,"column":17}},"52":{"start":{"line":106,"column":20},"end":{"line":110,"column":21}},"53":{"start":{"line":107,"column":24},"end":{"line":109,"column":27}},"54":{"start":{"line":108,"column":28},"end":{"line":108,"column":38}},"55":{"start":{"line":112,"column":20},"end":{"line":116,"column":21}},"56":{"start":{"line":113,"column":24},"end":{"line":115,"column":27}},"57":{"start":{"line":114,"column":28},"end":{"line":114,"column":39}},"58":{"start":{"line":118,"column":20},"end":{"line":122,"column":21}},"59":{"start":{"line":119,"column":24},"end":{"line":121,"column":27}},"60":{"start":{"line":120,"column":28},"end":{"line":120,"column":114}},"61":{"start":{"line":128,"column":20},"end":{"line":128,"column":75}},"62":{"start":{"line":133,"column":20},"end":{"line":133,"column":105}}},"branchMap":{"1":{"line":21,"type":"cond-expr","locations":[{"start":{"line":21,"column":47},"end":{"line":21,"column":53}},{"start":{"line":21,"column":56},"end":{"line":21,"column":60}}]},"2":{"line":36,"type":"if","locations":[{"start":{"line":36,"column":12},"end":{"line":36,"column":12}},{"start":{"line":36,"column":12},"end":{"line":36,"column":12}}]},"3":{"line":48,"type":"binary-expr","locations":[{"start":{"line":48,"column":30},"end":{"line":48,"column":39}},{"start":{"line":48,"column":43},"end":{"line":48,"column":46}}]},"4":{"line":61,"type":"if","locations":[{"start":{"line":61,"column":16},"end":{"line":61,"column":16}},{"start":{"line":61,"column":16},"end":{"line":61,"column":16}}]},"5":{"line":61,"type":"binary-expr","locations":[{"start":{"line":61,"column":20},"end":{"line":61,"column":46}},{"start":{"line":61,"column":50},"end":{"line":61,"column":76}}]},"6":{"line":65,"type":"if","locations":[{"start":{"line":65,"column":16},"end":{"line":65,"column":16}},{"start":{"line":65,"column":16},"end":{"line":65,"column":16}}]},"7":{"line":79,"type":"if","locations":[{"start":{"line":79,"column":16},"end":{"line":79,"column":16}},{"start":{"line":79,"column":16},"end":{"line":79,"column":16}}]},"8":{"line":88,"type":"if","locations":[{"start":{"line":88,"column":16},"end":{"line":88,"column":16}},{"start":{"line":88,"column":16},"end":{"line":88,"column":16}}]},"9":{"line":97,"type":"if","locations":[{"start":{"line":97,"column":16},"end":{"line":97,"column":16}},{"start":{"line":97,"column":16},"end":{"line":97,"column":16}}]},"10":{"line":98,"type":"if","locations":[{"start":{"line":98,"column":20},"end":{"line":98,"column":20}},{"start":{"line":98,"column":20},"end":{"line":98,"column":20}}]},"11":{"line":98,"type":"binary-expr","locations":[{"start":{"line":98,"column":24},"end":{"line":98,"column":36}},{"start":{"line":98,"column":40},"end":{"line":98,"column":51}}]},"12":{"line":104,"type":"if","locations":[{"start":{"line":104,"column":21},"end":{"line":104,"column":21}},{"start":{"line":104,"column":21},"end":{"line":104,"column":21}}]},"13":{"line":104,"type":"binary-expr","locations":[{"start":{"line":104,"column":25},"end":{"line":104,"column":38}},{"start":{"line":104,"column":43},"end":{"line":104,"column":55}},{"start":{"line":104,"column":59},"end":{"line":104,"column":70}},{"start":{"line":104,"column":74},"end":{"line":104,"column":87}}]},"14":{"line":106,"type":"if","locations":[{"start":{"line":106,"column":20},"end":{"line":106,"column":20}},{"start":{"line":106,"column":20},"end":{"line":106,"column":20}}]},"15":{"line":112,"type":"if","locations":[{"start":{"line":112,"column":20},"end":{"line":112,"column":20}},{"start":{"line":112,"column":20},"end":{"line":112,"column":20}}]},"16":{"line":118,"type":"if","locations":[{"start":{"line":118,"column":20},"end":{"line":118,"column":20}},{"start":{"line":118,"column":20},"end":{"line":118,"column":20}}]},"17":{"line":120,"type":"binary-expr","locations":[{"start":{"line":120,"column":33},"end":{"line":120,"column":36}},{"start":{"line":120,"column":40},"end":{"line":120,"column":112}}]}}},"/Users/amills001c/WebstormProjects/oresoftware/suman/lib/test-suite-helpers/make-handle-befores-afters.js":{"path":"/Users/amills001c/WebstormProjects/oresoftware/suman/lib/test-suite-helpers/make-handle-befores-afters.js","s":{"1":1,"2":1,"3":1,"4":1,"5":1,"6":1,"7":1,"8":1,"9":1,"10":1,"11":6,"12":2,"13":2,"14":2,"15":0,"16":2,"17":2,"18":2,"19":2,"20":2,"21":2,"22":0,"23":0,"24":0,"25":0,"26":0,"27":0,"28":2,"29":2,"30":2,"31":2,"32":2,"33":0,"34":2,"35":2,"36":2,"37":2,"38":2,"39":2,"40":2,"41":0,"42":0,"43":0,"44":2,"45":0,"46":0,"47":0,"48":0,"49":0,"50":0,"51":0,"52":0,"53":0,"54":0,"55":2},"b":{"1":[0,2],"2":[0,2],"3":[0,2],"4":[2,2],"5":[0,2],"6":[0,0],"7":[0,0],"8":[0,2],"9":[2,2],"10":[0,0],"11":[0,0],"12":[0,0],"13":[0,0]},"f":{"1":1,"2":6,"3":2,"4":0,"5":0,"6":0,"7":2,"8":2,"9":0,"10":0,"11":0},"fnMap":{"1":{"name":"(anonymous_1)","line":20,"loc":{"start":{"line":20,"column":17},"end":{"line":20,"column":48}}},"2":{"name":"(anonymous_2)","line":22,"loc":{"start":{"line":22,"column":11},"end":{"line":22,"column":27}}},"3":{"name":"handleBeforesAndAfters","line":24,"loc":{"start":{"line":24,"column":15},"end":{"line":24,"column":67}}},"4":{"name":"(anonymous_4)","line":28,"loc":{"start":{"line":28,"column":37},"end":{"line":28,"column":49}}},"5":{"name":"(anonymous_5)","line":39,"loc":{"start":{"line":39,"column":26},"end":{"line":39,"column":41}}},"6":{"name":"(anonymous_6)","line":41,"loc":{"start":{"line":41,"column":33},"end":{"line":41,"column":45}}},"7":{"name":"(anonymous_7)","line":49,"loc":{"start":{"line":49,"column":18},"end":{"line":49,"column":30}}},"8":{"name":"(anonymous_8)","line":51,"loc":{"start":{"line":51,"column":33},"end":{"line":51,"column":45}}},"9":{"name":"done","line":83,"loc":{"start":{"line":83,"column":54},"end":{"line":83,"column":73}}},"10":{"name":"ctn","line":89,"loc":{"start":{"line":89,"column":53},"end":{"line":89,"column":68}}},"11":{"name":"fatal","line":95,"loc":{"start":{"line":95,"column":55},"end":{"line":95,"column":75}}}},"statementMap":{"1":{"start":{"line":7,"column":0},"end":{"line":7,"column":33}},"2":{"start":{"line":10,"column":0},"end":{"line":10,"column":28}},"3":{"start":{"line":13,"column":0},"end":{"line":13,"column":39}},"4":{"start":{"line":14,"column":0},"end":{"line":14,"column":45}},"5":{"start":{"line":15,"column":0},"end":{"line":15,"column":50}},"6":{"start":{"line":16,"column":0},"end":{"line":16,"column":54}},"7":{"start":{"line":17,"column":0},"end":{"line":17,"column":53}},"8":{"start":{"line":18,"column":0},"end":{"line":18,"column":58}},"9":{"start":{"line":20,"column":0},"end":{"line":119,"column":2}},"10":{"start":{"line":22,"column":4},"end":{"line":118,"column":5}},"11":{"start":{"line":24,"column":8},"end":{"line":117,"column":9}},"12":{"start":{"line":26,"column":12},"end":{"line":26,"column":105}},"13":{"start":{"line":27,"column":12},"end":{"line":27,"column":65}},"14":{"start":{"line":28,"column":12},"end":{"line":30,"column":24}},"15":{"start":{"line":29,"column":16},"end":{"line":29,"column":50}},"16":{"start":{"line":32,"column":12},"end":{"line":32,"column":38}},"17":{"start":{"line":33,"column":12},"end":{"line":33,"column":39}},"18":{"start":{"line":35,"column":12},"end":{"line":35,"column":72}},"19":{"start":{"line":36,"column":12},"end":{"line":36,"column":80}},"20":{"start":{"line":37,"column":12},"end":{"line":37,"column":70}},"21":{"start":{"line":39,"column":12},"end":{"line":47,"column":15}},"22":{"start":{"line":40,"column":16},"end":{"line":40,"column":28}},"23":{"start":{"line":41,"column":16},"end":{"line":46,"column":19}},"24":{"start":{"line":42,"column":20},"end":{"line":42,"column":143}},"25":{"start":{"line":43,"column":20},"end":{"line":43,"column":42}},"26":{"start":{"line":44,"column":20},"end":{"line":44,"column":78}},"27":{"start":{"line":45,"column":20},"end":{"line":45,"column":40}},"28":{"start":{"line":49,"column":12},"end":{"line":116,"column":15}},"29":{"start":{"line":51,"column":16},"end":{"line":114,"column":19}},"30":{"start":{"line":53,"column":20},"end":{"line":53,"column":37}},"31":{"start":{"line":54,"column":20},"end":{"line":54,"column":58}},"32":{"start":{"line":55,"column":20},"end":{"line":57,"column":21}},"33":{"start":{"line":56,"column":24},"end":{"line":56,"column":36}},"34":{"start":{"line":59,"column":20},"end":{"line":59,"column":56}},"35":{"start":{"line":61,"column":20},"end":{"line":61,"column":56}},"36":{"start":{"line":62,"column":20},"end":{"line":62,"column":83}},"37":{"start":{"line":64,"column":20},"end":{"line":64,"column":81}},"38":{"start":{"line":65,"column":20},"end":{"line":65,"column":78}},"39":{"start":{"line":66,"column":20},"end":{"line":66,"column":84}},"40":{"start":{"line":69,"column":20},"end":{"line":112,"column":21}},"41":{"start":{"line":71,"column":24},"end":{"line":73,"column":25}},"42":{"start":{"line":72,"column":28},"end":{"line":72,"column":119}},"43":{"start":{"line":75,"column":24},"end":{"line":75,"column":68}},"44":{"start":{"line":78,"column":25},"end":{"line":112,"column":21}},"45":{"start":{"line":82,"column":24},"end":{"line":86,"column":25}},"46":{"start":{"line":83,"column":28},"end":{"line":85,"column":31}},"47":{"start":{"line":84,"column":32},"end":{"line":84,"column":42}},"48":{"start":{"line":88,"column":24},"end":{"line":92,"column":25}},"49":{"start":{"line":89,"column":28},"end":{"line":91,"column":31}},"50":{"start":{"line":90,"column":32},"end":{"line":90,"column":43}},"51":{"start":{"line":94,"column":24},"end":{"line":98,"column":25}},"52":{"start":{"line":95,"column":28},"end":{"line":97,"column":31}},"53":{"start":{"line":96,"column":32},"end":{"line":96,"column":118}},"54":{"start":{"line":105,"column":24},"end":{"line":105,"column":71}},"55":{"start":{"line":110,"column":24},"end":{"line":110,"column":101}}},"branchMap":{"1":{"line":26,"type":"cond-expr","locations":[{"start":{"line":26,"column":72},"end":{"line":26,"column":97}},{"start":{"line":26,"column":100},"end":{"line":26,"column":102}}]},"2":{"line":27,"type":"cond-expr","locations":[{"start":{"line":27,"column":51},"end":{"line":27,"column":57}},{"start":{"line":27,"column":60},"end":{"line":27,"column":64}}]},"3":{"line":55,"type":"if","locations":[{"start":{"line":55,"column":20},"end":{"line":55,"column":20}},{"start":{"line":55,"column":20},"end":{"line":55,"column":20}}]},"4":{"line":55,"type":"binary-expr","locations":[{"start":{"line":55,"column":24},"end":{"line":55,"column":50}},{"start":{"line":55,"column":54},"end":{"line":55,"column":80}}]},"5":{"line":69,"type":"if","locations":[{"start":{"line":69,"column":20},"end":{"line":69,"column":20}},{"start":{"line":69,"column":20},"end":{"line":69,"column":20}}]},"6":{"line":71,"type":"if","locations":[{"start":{"line":71,"column":24},"end":{"line":71,"column":24}},{"start":{"line":71,"column":24},"end":{"line":71,"column":24}}]},"7":{"line":71,"type":"binary-expr","locations":[{"start":{"line":71,"column":28},"end":{"line":71,"column":40}},{"start":{"line":71,"column":44},"end":{"line":71,"column":55}}]},"8":{"line":78,"type":"if","locations":[{"start":{"line":78,"column":25},"end":{"line":78,"column":25}},{"start":{"line":78,"column":25},"end":{"line":78,"column":25}}]},"9":{"line":78,"type":"binary-expr","locations":[{"start":{"line":78,"column":29},"end":{"line":78,"column":41}},{"start":{"line":78,"column":45},"end":{"line":78,"column":56}}]},"10":{"line":82,"type":"if","locations":[{"start":{"line":82,"column":24},"end":{"line":82,"column":24}},{"start":{"line":82,"column":24},"end":{"line":82,"column":24}}]},"11":{"line":88,"type":"if","locations":[{"start":{"line":88,"column":24},"end":{"line":88,"column":24}},{"start":{"line":88,"column":24},"end":{"line":88,"column":24}}]},"12":{"line":94,"type":"if","locations":[{"start":{"line":94,"column":24},"end":{"line":94,"column":24}},{"start":{"line":94,"column":24},"end":{"line":94,"column":24}}]},"13":{"line":96,"type":"binary-expr","locations":[{"start":{"line":96,"column":37},"end":{"line":96,"column":40}},{"start":{"line":96,"column":44},"end":{"line":96,"column":116}}]}}},"/Users/amills001c/WebstormProjects/oresoftware/suman/lib/ParallelTestSet.js":{"path":"/Users/amills001c/WebstormProjects/oresoftware/suman/lib/ParallelTestSet.js","s":{"1":1,"2":1,"3":1,"4":0,"5":0,"6":0,"7":0,"8":1,"9":0,"10":0,"11":0,"12":0,"13":0,"14":0,"15":0,"16":0,"17":0,"18":1,"19":0,"20":1,"21":1},"b":{"1":[0,0],"2":[0,0],"3":[0,0]},"f":{"1":1,"2":0,"3":0,"4":0},"fnMap":{"1":{"name":"makeParallelTestSet","line":8,"loc":{"start":{"line":8,"column":0},"end":{"line":8,"column":35}}},"2":{"name":"ParallelTestSet","line":10,"loc":{"start":{"line":10,"column":4},"end":{"line":10,"column":31}}},"3":{"name":"(anonymous_3)","line":18,"loc":{"start":{"line":18,"column":35},"end":{"line":18,"column":61}}},"4":{"name":"(anonymous_4)","line":45,"loc":{"start":{"line":45,"column":36},"end":{"line":45,"column":52}}}},"statementMap":{"1":{"start":{"line":6,"column":0},"end":{"line":6,"column":36}},"2":{"start":{"line":8,"column":0},"end":{"line":52,"column":1}},"3":{"start":{"line":10,"column":4},"end":{"line":15,"column":5}},"4":{"start":{"line":11,"column":8},"end":{"line":11,"column":29}},"5":{"start":{"line":12,"column":8},"end":{"line":12,"column":24}},"6":{"start":{"line":13,"column":8},"end":{"line":13,"column":38}},"7":{"start":{"line":14,"column":8},"end":{"line":14,"column":29}},"8":{"start":{"line":18,"column":4},"end":{"line":43,"column":6}},"9":{"start":{"line":20,"column":8},"end":{"line":22,"column":9}},"10":{"start":{"line":21,"column":12},"end":{"line":21,"column":76}},"11":{"start":{"line":24,"column":8},"end":{"line":30,"column":9}},"12":{"start":{"line":25,"column":12},"end":{"line":25,"column":22}},"13":{"start":{"line":26,"column":12},"end":{"line":26,"column":22}},"14":{"start":{"line":28,"column":13},"end":{"line":30,"column":9}},"15":{"start":{"line":29,"column":12},"end":{"line":29,"column":53}},"16":{"start":{"line":32,"column":8},"end":{"line":41,"column":11}},"17":{"start":{"line":42,"column":8},"end":{"line":42,"column":20}},"18":{"start":{"line":45,"column":4},"end":{"line":47,"column":6}},"19":{"start":{"line":46,"column":8},"end":{"line":46,"column":30}},"20":{"start":{"line":50,"column":4},"end":{"line":50,"column":27}},"21":{"start":{"line":56,"column":0},"end":{"line":56,"column":37}}},"branchMap":{"1":{"line":20,"type":"if","locations":[{"start":{"line":20,"column":8},"end":{"line":20,"column":8}},{"start":{"line":20,"column":8},"end":{"line":20,"column":8}}]},"2":{"line":24,"type":"if","locations":[{"start":{"line":24,"column":8},"end":{"line":24,"column":8}},{"start":{"line":24,"column":8},"end":{"line":24,"column":8}}]},"3":{"line":28,"type":"if","locations":[{"start":{"line":28,"column":13},"end":{"line":28,"column":13}},{"start":{"line":28,"column":13},"end":{"line":28,"column":13}}]}}},"/Users/amills001c/WebstormProjects/oresoftware/suman/lib/LoopTestSet.js":{"path":"/Users/amills001c/WebstormProjects/oresoftware/suman/lib/LoopTestSet.js","s":{"1":1,"2":1,"3":1,"4":1,"5":1,"6":1,"7":0,"8":0,"9":0,"10":0,"11":1,"12":0,"13":0,"14":0,"15":0,"16":1,"17":0,"18":0,"19":0,"20":0,"21":0,"22":0,"23":0,"24":0,"25":0,"26":0,"27":0,"28":1,"29":0,"30":1,"31":1},"b":{"1":[0,0],"2":[0,0]},"f":{"1":1,"2":0,"3":0,"4":0,"5":0},"fnMap":{"1":{"name":"makeLoopTestSet","line":17,"loc":{"start":{"line":17,"column":0},"end":{"line":17,"column":32}}},"2":{"name":"LoopTestSet","line":21,"loc":{"start":{"line":21,"column":4},"end":{"line":21,"column":27}}},"3":{"name":"handleSetupComplete","line":28,"loc":{"start":{"line":28,"column":4},"end":{"line":28,"column":39}}},"4":{"name":"(anonymous_4)","line":38,"loc":{"start":{"line":38,"column":31},"end":{"line":38,"column":57}}},"5":{"name":"(anonymous_5)","line":70,"loc":{"start":{"line":70,"column":32},"end":{"line":70,"column":48}}}},"statementMap":{"1":{"start":{"line":10,"column":0},"end":{"line":10,"column":32}},"2":{"start":{"line":13,"column":0},"end":{"line":13,"column":38}},"3":{"start":{"line":14,"column":0},"end":{"line":14,"column":59}},"4":{"start":{"line":17,"column":0},"end":{"line":76,"column":1}},"5":{"start":{"line":19,"column":4},"end":{"line":19,"column":53}},"6":{"start":{"line":21,"column":4},"end":{"line":26,"column":5}},"7":{"start":{"line":22,"column":8},"end":{"line":22,"column":29}},"8":{"start":{"line":23,"column":8},"end":{"line":23,"column":24}},"9":{"start":{"line":24,"column":8},"end":{"line":24,"column":34}},"10":{"start":{"line":25,"column":8},"end":{"line":25,"column":29}},"11":{"start":{"line":28,"column":4},"end":{"line":36,"column":5}},"12":{"start":{"line":29,"column":8},"end":{"line":35,"column":9}},"13":{"start":{"line":30,"column":12},"end":{"line":32,"column":134}},"14":{"start":{"line":33,"column":12},"end":{"line":33,"column":32}},"15":{"start":{"line":34,"column":12},"end":{"line":34,"column":20}},"16":{"start":{"line":38,"column":4},"end":{"line":68,"column":6}},"17":{"start":{"line":40,"column":8},"end":{"line":40,"column":34}},"18":{"start":{"line":42,"column":8},"end":{"line":42,"column":66}},"19":{"start":{"line":44,"column":8},"end":{"line":44,"column":24}},"20":{"start":{"line":45,"column":8},"end":{"line":45,"column":24}},"21":{"start":{"line":46,"column":8},"end":{"line":46,"column":20}},"22":{"start":{"line":48,"column":8},"end":{"line":50,"column":9}},"23":{"start":{"line":49,"column":12},"end":{"line":49,"column":24}},"24":{"start":{"line":52,"column":8},"end":{"line":52,"column":82}},"25":{"start":{"line":54,"column":8},"end":{"line":64,"column":11}},"26":{"start":{"line":66,"column":8},"end":{"line":66,"column":34}},"27":{"start":{"line":67,"column":8},"end":{"line":67,"column":20}},"28":{"start":{"line":70,"column":4},"end":{"line":72,"column":6}},"29":{"start":{"line":71,"column":8},"end":{"line":71,"column":30}},"30":{"start":{"line":74,"column":4},"end":{"line":74,"column":23}},"31":{"start":{"line":79,"column":0},"end":{"line":79,"column":33}}},"branchMap":{"1":{"line":29,"type":"if","locations":[{"start":{"line":29,"column":8},"end":{"line":29,"column":8}},{"start":{"line":29,"column":8},"end":{"line":29,"column":8}}]},"2":{"line":48,"type":"if","locations":[{"start":{"line":48,"column":8},"end":{"line":48,"column":8}},{"start":{"line":48,"column":8},"end":{"line":48,"column":8}}]}}}}