TN:
SF:C:\Users\denman\WebstormProjects\suman\lib\index.js
FN:54,Runner
FN:147,(anonymous_2)
FN:152,(anonymous_3)
FN:156,(anonymous_4)
FN:162,(anonymous_5)
FN:178,(anonymous_6)
FN:192,Server
FN:219,(anonymous_8)
FN:229,(anonymous_9)
FN:269,(anonymous_10)
FN:275,(anonymous_11)
FN:279,(anonymous_12)
FN:297,Test
FN:308,(anonymous_14)
FN:312,(anonymous_15)
FN:319,(anonymous_16)
FN:321,(anonymous_17)
FN:336,init
FNF:18
FNH:5
FNDA:0,Runner
FNDA:0,(anonymous_2)
FNDA:0,(anonymous_3)
FNDA:0,(anonymous_4)
FNDA:0,(anonymous_5)
FNDA:0,(anonymous_6)
FNDA:0,Server
FNDA:0,(anonymous_8)
FNDA:0,(anonymous_9)
FNDA:0,(anonymous_10)
FNDA:0,(anonymous_11)
FNDA:0,(anonymous_12)
FNDA:1,Test
FNDA:1,(anonymous_14)
FNDA:1,(anonymous_15)
FNDA:1,(anonymous_16)
FNDA:0,(anonymous_17)
FNDA:1,init
DA:31,1
DA:32,1
DA:33,1
DA:34,1
DA:35,1
DA:38,1
DA:39,1
DA:40,1
DA:41,1
DA:42,1
DA:45,1
DA:46,1
DA:47,1
DA:48,1
DA:49,1
DA:50,1
DA:51,1
DA:54,1
DA:56,0
DA:58,0
DA:59,0
DA:60,0
DA:61,0
DA:62,0
DA:63,0
DA:64,0
DA:66,0
DA:67,0
DA:70,0
DA:71,0
DA:74,0
DA:76,0
DA:77,0
DA:78,0
DA:79,0
DA:83,0
DA:84,0
DA:85,0
DA:86,0
DA:90,0
DA:94,0
DA:96,0
DA:98,0
DA:100,0
DA:101,0
DA:103,0
DA:104,0
DA:105,0
DA:107,0
DA:108,0
DA:109,0
DA:110,0
DA:113,0
DA:114,0
DA:115,0
DA:118,0
DA:122,0
DA:125,0
DA:128,0
DA:137,0
DA:147,0
DA:148,0
DA:149,0
DA:152,0
DA:153,0
DA:156,0
DA:157,0
DA:158,0
DA:162,0
DA:163,0
DA:166,0
DA:167,0
DA:170,0
DA:171,0
DA:176,0
DA:177,0
DA:178,0
DA:179,0
DA:184,0
DA:187,0
DA:192,1
DA:194,0
DA:195,0
DA:196,0
DA:197,0
DA:198,0
DA:199,0
DA:202,0
DA:205,0
DA:206,0
DA:209,0
DA:210,0
DA:211,0
DA:214,0
DA:215,0
DA:217,0
DA:219,0
DA:220,0
DA:221,0
DA:222,0
DA:226,0
DA:227,0
DA:229,0
DA:230,0
DA:231,0
DA:232,0
DA:234,0
DA:235,0
DA:236,0
DA:237,0
DA:240,0
DA:241,0
DA:242,0
DA:243,0
DA:244,0
DA:252,0
DA:253,0
DA:267,0
DA:269,0
DA:270,0
DA:271,0
DA:272,0
DA:275,0
DA:276,0
DA:279,0
DA:280,0
DA:281,0
DA:282,0
DA:287,0
DA:288,0
DA:293,0
DA:297,1
DA:299,1
DA:300,0
DA:301,0
DA:304,1
DA:306,1
DA:310,1
DA:312,1
DA:314,1
DA:315,0
DA:318,1
DA:319,1
DA:320,1
DA:321,0
DA:322,0
DA:326,1
DA:336,1
DA:337,1
DA:341,1
DA:343,1
LF:151
LH:34
BRDA:66,1,0,0
BRDA:66,1,1,0
BRDA:66,2,0,0
BRDA:66,2,1,0
BRDA:70,3,0,0
BRDA:70,3,1,0
BRDA:70,4,0,0
BRDA:70,4,1,0
BRDA:77,5,0,0
BRDA:77,5,1,0
BRDA:78,6,0,0
BRDA:78,6,1,0
BRDA:84,7,0,0
BRDA:84,7,1,0
BRDA:103,8,0,0
BRDA:103,8,1,0
BRDA:107,9,0,0
BRDA:107,9,1,0
BRDA:109,10,0,0
BRDA:109,10,1,0
BRDA:125,11,0,0
BRDA:125,11,1,0
BRDA:194,12,0,0
BRDA:194,12,1,0
BRDA:198,13,0,0
BRDA:198,13,1,0
BRDA:202,14,0,0
BRDA:202,14,1,0
BRDA:209,15,0,0
BRDA:209,15,1,0
BRDA:220,16,0,0
BRDA:220,16,1,0
BRDA:230,17,0,0
BRDA:230,17,1,0
BRDA:234,18,0,0
BRDA:234,18,1,0
BRDA:242,19,0,0
BRDA:242,19,1,0
BRDA:247,20,0,0
BRDA:247,20,1,0
BRDA:299,21,0,0
BRDA:299,21,1,1
BRDA:304,22,0,1
BRDA:304,22,1,1
BRDA:314,23,0,0
BRDA:314,23,1,1
BRDA:320,24,0,0
BRDA:320,24,1,1
BRF:48
BRH:5
end_of_record
TN:
SF:C:\Users\denman\WebstormProjects\suman\lib\suman.js
FN:53,Suman
FN:72,(anonymous_2)
FN:77,(anonymous_3)
FN:104,(anonymous_4)
FN:115,(anonymous_5)
FN:119,(anonymous_6)
FN:121,(anonymous_7)
FN:124,(anonymous_8)
FN:135,(anonymous_9)
FN:145,(anonymous_10)
FN:147,(anonymous_11)
FN:156,(anonymous_12)
FN:158,(anonymous_13)
FN:164,(anonymous_14)
FN:171,(anonymous_15)
FN:220,(anonymous_16)
FN:225,(anonymous_17)
FN:227,(anonymous_18)
FN:234,(anonymous_19)
FN:243,complete
FN:253,(anonymous_21)
FN:295,(anonymous_22)
FN:339,(anonymous_23)
FN:400,makeSuman
FN:527,(anonymous_25)
FN:547,(anonymous_26)
FNF:26
FNH:20
FNDA:1,Suman
FNDA:1,(anonymous_2)
FNDA:1,(anonymous_3)
FNDA:0,(anonymous_4)
FNDA:10,(anonymous_5)
FNDA:10,(anonymous_6)
FNDA:10,(anonymous_7)
FNDA:7,(anonymous_8)
FNDA:2,(anonymous_9)
FNDA:1,(anonymous_10)
FNDA:0,(anonymous_11)
FNDA:1,(anonymous_12)
FNDA:10,(anonymous_13)
FNDA:0,(anonymous_14)
FNDA:1,(anonymous_15)
FNDA:1,(anonymous_16)
FNDA:0,(anonymous_17)
FNDA:1,(anonymous_18)
FNDA:1,(anonymous_19)
FNDA:1,complete
FNDA:0,(anonymous_21)
FNDA:6,(anonymous_22)
FNDA:8,(anonymous_23)
FNDA:1,makeSuman
FNDA:1,(anonymous_25)
FNDA:0,(anonymous_26)
DA:7,1
DA:8,1
DA:12,1
DA:13,1
DA:14,0
DA:17,1
DA:18,1
DA:19,0
DA:26,1
DA:29,1
DA:30,1
DA:31,1
DA:34,1
DA:35,1
DA:36,1
DA:37,1
DA:38,1
DA:39,1
DA:40,1
DA:43,1
DA:44,1
DA:45,1
DA:46,1
DA:47,1
DA:48,1
DA:49,1
DA:53,1
DA:54,1
DA:55,1
DA:56,1
DA:57,1
DA:58,1
DA:59,1
DA:60,1
DA:61,1
DA:62,1
DA:63,1
DA:64,1
DA:65,1
DA:66,1
DA:67,1
DA:68,1
DA:72,1
DA:73,1
DA:77,1
DA:79,1
DA:81,1
DA:85,10
DA:86,0
DA:87,0
DA:90,10
DA:91,0
DA:92,0
DA:94,10
DA:96,7
DA:100,3
DA:102,3
DA:103,0
DA:105,0
DA:113,1
DA:115,1
DA:116,10
DA:119,1
DA:121,10
DA:123,10
DA:124,7
DA:125,7
DA:128,3
DA:129,2
DA:130,2
DA:131,2
DA:132,2
DA:133,0
DA:135,2
DA:136,2
DA:137,0
DA:140,2
DA:145,1
DA:146,1
DA:148,0
DA:156,1
DA:158,1
DA:159,10
DA:162,1
DA:165,0
DA:171,1
DA:205,1
DA:207,1
DA:221,1
DA:222,0
DA:225,1
DA:226,0
DA:228,1
DA:235,1
DA:236,0
DA:237,1
DA:244,1
DA:250,1
DA:253,1
DA:255,0
DA:257,0
DA:265,0
DA:270,0
DA:271,0
DA:272,0
DA:274,0
DA:275,0
DA:276,0
DA:280,0
DA:295,1
DA:297,6
DA:299,6
DA:301,6
DA:308,6
DA:313,6
DA:314,0
DA:316,6
DA:317,6
DA:318,6
DA:321,0
DA:336,1
DA:339,1
DA:341,8
DA:343,8
DA:345,8
DA:352,8
DA:354,0
DA:355,0
DA:356,0
DA:360,8
DA:361,0
DA:363,8
DA:364,8
DA:365,8
DA:376,0
DA:379,8
DA:380,0
DA:384,8
DA:386,8
DA:387,8
DA:391,0
DA:392,0
DA:400,1
DA:403,1
DA:405,1
DA:406,1
DA:408,1
DA:409,0
DA:412,1
DA:413,1
DA:416,1
DA:417,0
DA:420,1
DA:421,0
DA:424,1
DA:425,0
DA:426,0
DA:427,0
DA:430,1
DA:435,1
DA:436,1
DA:437,1
DA:438,1
DA:441,0
DA:442,0
DA:443,0
DA:444,0
DA:448,0
DA:449,0
DA:451,0
DA:452,0
DA:453,0
DA:459,0
DA:460,0
DA:466,1
DA:467,1
DA:469,1
DA:470,1
DA:471,1
DA:473,1
DA:475,1
DA:477,1
DA:479,1
DA:480,0
DA:481,0
DA:482,0
DA:486,1
DA:487,1
DA:490,0
DA:495,1
DA:497,1
DA:498,1
DA:505,0
DA:508,1
DA:512,1
DA:526,1
DA:527,1
DA:529,1
DA:530,0
DA:533,1
DA:534,0
DA:536,1
DA:537,1
DA:540,1
DA:545,0
DA:546,0
DA:547,0
DA:548,0
DA:553,1
LF:209
LH:146
BRDA:13,1,0,0
BRDA:13,1,1,1
BRDA:18,2,0,0
BRDA:18,2,1,1
BRDA:85,3,0,0
BRDA:85,3,1,10
BRDA:85,4,0,10
BRDA:85,4,1,2
BRDA:90,5,0,0
BRDA:90,5,1,10
BRDA:90,6,0,10
BRDA:90,6,1,5
BRDA:94,7,0,7
BRDA:94,7,1,3
BRDA:94,8,0,10
BRDA:94,8,1,5
BRDA:102,9,0,0
BRDA:102,9,1,3
BRDA:102,10,0,3
BRDA:102,10,1,0
BRDA:102,10,2,0
BRDA:123,11,0,7
BRDA:123,11,1,3
BRDA:128,12,0,2
BRDA:128,12,1,1
BRDA:131,13,0,2
BRDA:131,13,1,0
BRDA:132,14,0,0
BRDA:132,14,1,2
BRDA:136,15,0,0
BRDA:136,15,1,2
BRDA:221,16,0,0
BRDA:221,16,1,1
BRDA:235,17,0,0
BRDA:235,17,1,1
BRDA:265,18,0,0
BRDA:265,18,1,0
BRDA:271,19,0,0
BRDA:271,19,1,0
BRDA:274,20,0,0
BRDA:274,20,1,0
BRDA:297,21,0,6
BRDA:297,21,1,6
BRDA:308,22,0,0
BRDA:308,22,1,6
BRDA:313,23,0,0
BRDA:313,23,1,6
BRDA:316,24,0,6
BRDA:316,24,1,0
BRDA:352,25,0,0
BRDA:352,25,1,8
BRDA:360,26,0,0
BRDA:360,26,1,8
BRDA:363,27,0,8
BRDA:363,27,1,0
BRDA:379,28,0,0
BRDA:379,28,1,8
BRDA:386,29,0,8
BRDA:386,29,1,0
BRDA:408,30,0,0
BRDA:408,30,1,1
BRDA:416,31,0,0
BRDA:416,31,1,1
BRDA:420,32,0,0
BRDA:420,32,1,1
BRDA:420,33,0,1
BRDA:420,33,1,0
BRDA:424,34,0,0
BRDA:424,34,1,1
BRDA:424,35,0,1
BRDA:424,35,1,0
BRDA:467,36,0,1
BRDA:467,36,1,0
BRDA:475,37,0,1
BRDA:475,37,1,0
BRDA:475,38,0,1
BRDA:475,38,1,1
BRDA:479,39,0,0
BRDA:479,39,1,1
BRDA:481,40,0,0
BRDA:481,40,1,0
BRDA:519,41,0,1
BRDA:519,41,1,1
BRDA:526,42,0,1
BRDA:526,42,1,0
BRDA:529,43,0,0
BRDA:529,43,1,1
BRDA:533,44,0,0
BRDA:533,44,1,1
BRDA:536,45,0,1
BRDA:536,45,1,0
BRF:91
BRH:50
end_of_record
TN:
SF:C:\Users\denman\WebstormProjects\suman\config\suman-constants.js
FNF:0
FNH:0
DA:8,1
LF:1
LH:1
BRF:0
BRH:0
end_of_record
TN:
SF:C:\Users\denman\WebstormProjects\suman\lib\ee.js
FNF:0
FNH:0
DA:6,1
DA:8,1
DA:10,1
LF:3
LH:3
BRF:0
BRH:0
end_of_record
TN:
SF:C:\Users\denman\WebstormProjects\suman\lib\utils.js
FN:18,(anonymous_1)
FN:23,(anonymous_2)
FN:27,(anonymous_3)
FN:31,(anonymous_4)
FNF:4
FNH:2
FNDA:30,(anonymous_1)
FNDA:5,(anonymous_2)
FNDA:0,(anonymous_3)
FNDA:0,(anonymous_4)
DA:8,1
DA:9,1
DA:12,1
DA:16,1
DA:19,30
DA:24,5
DA:32,0
LF:7
LH:6
BRDA:19,1,0,30
BRDA:19,1,1,0
BRDA:32,2,0,0
BRDA:32,2,1,0
BRF:4
BRH:1
end_of_record
TN:
SF:C:\Users\denman\WebstormProjects\suman\lib\suman-once.js
FN:7,sumanOnce
FN:11,(anonymous_2)
FNF:2
FNH:0
FNDA:0,sumanOnce
FNDA:0,(anonymous_2)
DA:7,1
DA:9,0
DA:11,0
DA:12,0
DA:13,0
DA:14,0
DA:17,0
LF:7
LH:1
BRDA:12,1,0,0
BRDA:12,1,1,0
BRF:2
BRH:0
end_of_record
TN:
SF:C:\Users\denman\WebstormProjects\suman\lib\make-network-log.js
FN:27,makeSendTestData
FN:38,sendTestData
FN:46,createNewTestRun
FN:57,(anonymous_4)
FN:66,(anonymous_5)
FN:73,(anonymous_6)
FN:88,(anonymous_7)
FN:90,(anonymous_8)
FN:93,(anonymous_9)
FN:96,(anonymous_10)
FN:100,(anonymous_11)
FN:107,(anonymous_12)
FN:111,complete
FN:126,(anonymous_14)
FN:132,(anonymous_15)
FN:142,(anonymous_16)
FN:155,(anonymous_17)
FNF:17
FNH:4
FNDA:1,makeSendTestData
FNDA:0,sendTestData
FNDA:1,createNewTestRun
FNDA:0,(anonymous_4)
FNDA:0,(anonymous_5)
FNDA:1,(anonymous_6)
FNDA:0,(anonymous_7)
FNDA:0,(anonymous_8)
FNDA:0,(anonymous_9)
FNDA:0,(anonymous_10)
FNDA:0,(anonymous_11)
FNDA:0,(anonymous_12)
FNDA:0,complete
FNDA:1,(anonymous_14)
FNDA:0,(anonymous_15)
FNDA:0,(anonymous_16)
FNDA:0,(anonymous_17)
DA:7,1
DA:8,1
DA:9,1
DA:10,1
DA:13,1
DA:14,1
DA:15,1
DA:16,1
DA:17,1
DA:18,1
DA:21,1
DA:22,1
DA:23,1
DA:24,1
DA:27,1
DA:29,1
DA:30,1
DA:32,1
DA:33,1
DA:36,1
DA:41,0
DA:48,1
DA:50,1
DA:53,1
DA:55,0
DA:56,0
DA:57,0
DA:58,0
DA:64,1
DA:66,1
DA:67,0
DA:68,0
DA:69,0
DA:73,1
DA:75,1
DA:76,1
DA:78,1
DA:79,0
DA:81,1
DA:83,0
DA:85,0
DA:87,0
DA:89,0
DA:90,0
DA:91,0
DA:93,0
DA:94,0
DA:96,0
DA:97,0
DA:101,0
DA:108,0
DA:112,0
DA:121,1
DA:122,1
DA:124,1
DA:125,1
DA:126,1
DA:127,1
DA:131,0
DA:132,0
DA:133,0
DA:138,0
DA:139,0
DA:140,0
DA:141,0
DA:142,0
DA:143,0
DA:147,0
DA:148,0
DA:151,0
DA:152,0
DA:153,0
DA:154,0
DA:155,0
DA:156,0
DA:160,0
DA:161,0
DA:165,0
DA:166,0
LF:79
LH:36
BRDA:53,1,0,0
BRDA:53,1,1,1
BRDA:67,2,0,0
BRDA:67,2,1,0
BRDA:78,3,0,0
BRDA:78,3,1,1
BRDA:81,4,0,0
BRDA:81,4,1,1
BRDA:122,5,0,1
BRDA:122,5,1,0
BRDA:124,6,0,1
BRDA:124,6,1,0
BRDA:138,7,0,0
BRDA:138,7,1,0
BRDA:138,8,0,0
BRDA:138,8,1,0
BRDA:138,8,2,0
BRDA:151,9,0,0
BRDA:151,9,1,0
BRDA:151,10,0,0
BRDA:151,10,1,0
BRDA:151,10,2,0
BRF:22
BRH:5
end_of_record
TN:
SF:C:\Users\denman\WebstormProjects\suman\config\suman-errors.js
FN:7,SumanError
FN:15,control
FN:24,filter
FN:30,(anonymous_4)
FN:44,(anonymous_5)
FN:67,(anonymous_6)
FN:71,(anonymous_7)
FN:75,(anonymous_8)
FNF:8
FNH:0
FNDA:0,SumanError
FNDA:0,control
FNDA:0,filter
FNDA:0,(anonymous_4)
FNDA:0,(anonymous_5)
FNDA:0,(anonymous_6)
FNDA:0,(anonymous_7)
FNDA:0,(anonymous_8)
DA:7,1
DA:11,1
DA:12,1
DA:15,1
DA:16,0
DA:17,0
DA:20,0
DA:24,1
DA:26,0
DA:28,0
DA:30,0
DA:31,0
DA:32,0
DA:35,0
DA:39,0
DA:40,0
DA:41,0
DA:45,0
DA:48,0
DA:50,0
DA:51,0
DA:54,0
DA:57,0
DA:58,0
DA:59,0
DA:65,1
DA:68,0
DA:72,0
DA:76,0
LF:29
LH:6
BRDA:16,1,0,0
BRDA:16,1,1,0
BRDA:31,2,0,0
BRDA:31,2,1,0
BRDA:35,3,0,0
BRDA:35,3,1,0
BRDA:39,4,0,0
BRDA:39,4,1,0
BRDA:39,5,0,0
BRDA:39,5,1,0
BRDA:48,6,0,0
BRDA:48,6,1,0
BRDA:50,7,0,0
BRDA:50,7,1,0
BRDA:57,8,0,0
BRDA:57,8,1,0
BRF:16
BRH:0
end_of_record
TN:
SF:C:\Users\denman\WebstormProjects\suman\lib\find-suman-server.js
FN:10,findSumanServer
FN:16,badServerName
FNF:2
FNH:1
FNDA:1,findSumanServer
FNDA:0,badServerName
DA:5,1
DA:6,1
DA:7,1
DA:8,1
DA:10,1
DA:12,1
DA:13,1
DA:15,1
DA:16,0
DA:17,0
DA:21,1
DA:22,1
DA:25,0
DA:26,0
DA:30,0
DA:38,1
DA:39,1
DA:41,1
LF:18
LH:13
BRDA:15,1,0,0
BRDA:15,1,1,1
BRDA:15,2,0,1
BRDA:15,2,1,1
BRDA:16,3,0,0
BRDA:16,3,1,0
BRDA:21,4,0,1
BRDA:21,4,1,0
BRDA:21,5,0,1
BRDA:21,5,1,1
BRDA:25,6,0,0
BRDA:25,6,1,0
BRDA:25,7,0,0
BRDA:25,7,1,0
BRDA:38,8,0,0
BRDA:38,8,1,1
BRDA:39,9,0,0
BRDA:39,9,1,1
BRF:18
BRH:8
end_of_record
TN:
SF:C:\Users\denman\WebstormProjects\suman\lib\finalize-output.js
FN:29,reconcilePath
FN:36,(anonymous_2)
FN:56,makeComplete
FN:104,doBrowserThing
FN:110,(anonymous_5)
FN:116,(anonymous_6)
FN:144,(anonymous_7)
FN:146,(anonymous_8)
FN:159,(anonymous_9)
FN:162,(anonymous_10)
FN:165,(anonymous_11)
FN:178,(anonymous_12)
FN:188,(anonymous_13)
FN:194,(anonymous_14)
FN:198,complete
FN:202,complete
FN:218,(anonymous_17)
FN:226,openBrowser
FN:241,(anonymous_19)
FN:247,(anonymous_20)
FNF:20
FNH:12
FNDA:0,reconcilePath
FNDA:0,(anonymous_2)
FNDA:1,makeComplete
FNDA:1,doBrowserThing
FNDA:1,(anonymous_5)
FNDA:1,(anonymous_6)
FNDA:0,(anonymous_7)
FNDA:1,(anonymous_8)
FNDA:1,(anonymous_9)
FNDA:1,(anonymous_10)
FNDA:1,(anonymous_11)
FNDA:1,(anonymous_12)
FNDA:0,(anonymous_13)
FNDA:1,(anonymous_14)
FNDA:1,complete
FNDA:1,complete
FNDA:0,(anonymous_17)
FNDA:0,openBrowser
FNDA:0,(anonymous_19)
FNDA:0,(anonymous_20)
DA:7,1
DA:8,1
DA:9,1
DA:10,1
DA:11,1
DA:14,1
DA:15,1
DA:16,1
DA:17,1
DA:18,1
DA:21,1
DA:22,1
DA:23,1
DA:29,1
DA:31,0
DA:32,0
DA:34,0
DA:36,0
DA:38,0
DA:39,0
DA:40,0
DA:41,0
DA:42,0
DA:46,0
DA:51,0
DA:52,0
DA:56,1
DA:58,1
DA:60,1
DA:62,1
DA:63,1
DA:64,1
DA:65,1
DA:67,1
DA:69,1
DA:70,1
DA:74,1
DA:76,0
DA:77,0
DA:79,0
DA:88,1
DA:90,1
DA:91,1
DA:93,1
DA:97,0
DA:99,0
DA:104,1
DA:107,1
DA:108,1
DA:110,1
DA:111,1
DA:114,1
DA:116,1
DA:118,1
DA:120,1
DA:121,1
DA:122,1
DA:125,0
DA:128,1
DA:130,1
DA:131,0
DA:132,0
DA:135,1
DA:137,1
DA:138,0
DA:139,0
DA:142,1
DA:144,1
DA:145,0
DA:147,1
DA:150,1
DA:151,1
DA:161,1
DA:163,1
DA:164,1
DA:165,1
DA:166,1
DA:167,0
DA:170,1
DA:175,0
DA:179,1
DA:180,1
DA:181,0
DA:189,0
DA:193,1
DA:194,1
DA:195,1
DA:199,1
DA:204,1
DA:205,0
DA:206,0
DA:209,1
DA:210,0
DA:211,0
DA:213,1
DA:214,1
DA:215,1
DA:218,0
DA:219,0
DA:226,1
DA:228,0
DA:230,0
DA:231,0
DA:234,0
DA:235,0
DA:239,0
DA:240,0
DA:241,0
DA:243,0
DA:247,0
DA:249,0
DA:259,1
LF:112
LH:68
BRDA:41,1,0,0
BRDA:41,1,1,0
BRDA:74,2,0,0
BRDA:74,2,1,1
BRDA:74,3,0,1
BRDA:74,3,1,0
BRDA:88,4,0,1
BRDA:88,4,1,0
BRDA:121,5,0,1
BRDA:121,5,1,0
BRDA:125,6,0,0
BRDA:125,6,1,0
BRDA:130,7,0,0
BRDA:130,7,1,1
BRDA:130,8,0,1
BRDA:130,8,1,0
BRDA:135,9,0,1
BRDA:135,9,1,0
BRDA:137,10,0,0
BRDA:137,10,1,1
BRDA:137,11,0,1
BRDA:137,11,1,0
BRDA:137,11,2,0
BRDA:142,12,0,0
BRDA:142,12,1,1
BRDA:166,13,0,0
BRDA:166,13,1,1
BRDA:180,14,0,0
BRDA:180,14,1,1
BRDA:204,15,0,0
BRDA:204,15,1,1
BRDA:209,16,0,0
BRDA:209,16,1,1
BRDA:213,17,0,1
BRDA:213,17,1,0
BRDA:230,18,0,0
BRDA:230,18,1,0
BRDA:234,19,0,0
BRDA:234,19,1,0
BRDA:239,20,0,0
BRDA:239,20,1,0
BRDA:240,21,0,0
BRDA:240,21,1,0
BRF:43
BRH:15
end_of_record
TN:
SF:C:\Users\denman\WebstormProjects\suman\lib\sync-logger.js
FN:17,(anonymous_1)
FN:26,runnerLog
FNF:2
FNH:1
FNDA:0,(anonymous_1)
FNDA:1,runnerLog
DA:7,1
DA:14,1
DA:15,1
DA:17,1
DA:19,0
DA:20,0
DA:21,0
DA:26,1
DA:28,1
DA:29,1
DA:30,1
DA:34,0
LF:12
LH:8
BRDA:20,1,0,0
BRDA:20,1,1,0
BRDA:28,2,0,1
BRDA:28,2,1,0
BRF:4
BRH:1
end_of_record
TN:
SF:C:\Users\denman\WebstormProjects\suman\lib\ascii.js
FNF:0
FNH:0
DA:6,1
DA:8,1
LF:2
LH:2
BRF:0
BRH:0
end_of_record
TN:
SF:C:\Users\denman\WebstormProjects\suman\lib\handle-uncaught-exception.js
FN:9,handleUncaughtException
FN:19,(anonymous_2)
FNF:2
FNH:1
FNDA:2,handleUncaughtException
FNDA:0,(anonymous_2)
DA:6,1
DA:9,1
DA:11,2
DA:12,1
DA:15,1
DA:19,1
DA:21,0
DA:47,1
LF:8
LH:7
BRDA:11,1,0,1
BRDA:11,1,1,1
BRF:2
BRH:2
end_of_record
TN:
SF:C:\Users\denman\WebstormProjects\suman\suman.conf.js
FNF:0
FNH:0
DA:13,1
LF:1
LH:1
BRF:0
BRH:0
end_of_record
TN:
SF:C:\Users\denman\WebstormProjects\suman\lib\exec-suite.js
FN:14,(anonymous_1)
FN:60,main
FN:81,(anonymous_3)
FN:94,makeSuite
FN:173,(anonymous_5)
FN:175,(anonymous_6)
FN:190,(anonymous_7)
FN:208,(anonymous_8)
FN:218,(anonymous_9)
FN:253,startWholeShebang
FN:261,(anonymous_11)
FN:285,delay
FN:287,(anonymous_13)
FN:329,start
FN:334,handleCompleteTest
FN:348,(anonymous_16)
FN:350,(anonymous_17)
FN:351,(anonymous_18)
FN:358,complete
FN:367,startSuite
FN:382,notifyParentThatChildIsComplete
FN:398,complete
FN:399,(anonymous_23)
FN:415,handleBeforeOrAfterEach
FN:423,makeCallback
FN:438,handlePotentialPromise
FN:444,(anonymous_27)
FN:446,(anonymous_28)
FN:455,(anonymous_29)
FN:462,(anonymous_30)
FN:464,(anonymous_31)
FN:469,(anonymous_32)
FN:503,(anonymous_33)
FN:522,handleTest
FN:526,makeCallback
FN:538,handlePotentialPromise
FN:544,(anonymous_37)
FN:546,(anonymous_38)
FN:555,(anonymous_39)
FN:564,(anonymous_40)
FN:568,(anonymous_41)
FN:578,(anonymous_42)
FN:599,(anonymous_43)
FN:615,runTheTrap
FN:620,(anonymous_45)
FN:623,doneWithBeforeEaches
FN:625,(anonymous_47)
FN:632,(anonymous_48)
FN:635,(anonymous_49)
FN:640,(anonymous_50)
FN:641,(anonymous_51)
FN:649,(anonymous_52)
FN:651,(anonymous_53)
FN:653,done
FN:654,(anonymous_55)
FN:659,doneWithTests
FN:668,handleBeforesAndAfters
FN:674,makeCallback
FN:688,handlePotentialPromise
FN:694,(anonymous_60)
FN:696,(anonymous_61)
FN:709,(anonymous_62)
FN:720,(anonymous_63)
FN:722,(anonymous_64)
FN:727,(anonymous_65)
FN:741,(anonymous_66)
FN:760,runBefores
FN:761,complete
FN:762,(anonymous_69)
FN:765,(anonymous_70)
FN:773,runTests
FN:778,runPotentiallySerialTests
FN:779,(anonymous_73)
FN:783,complete
FN:787,runParallelTests
FN:791,(anonymous_76)
FN:792,(anonymous_77)
FN:796,done
FN:799,done
FN:803,doneWithAllTests
FN:808,runAfters
FN:810,complete
FN:811,(anonymous_83)
FN:820,allDone
FN:822,(anonymous_85)
FNF:85
FNH:63
FNDA:0,(anonymous_1)
FNDA:1,main
FNDA:187,(anonymous_3)
FNDA:1,makeSuite
FNDA:0,(anonymous_5)
FNDA:0,(anonymous_6)
FNDA:1,(anonymous_7)
FNDA:1,(anonymous_8)
FNDA:10,(anonymous_9)
FNDA:1,startWholeShebang
FNDA:0,(anonymous_11)
FNDA:1,delay
FNDA:1,(anonymous_13)
FNDA:1,start
FNDA:5,handleCompleteTest
FNDA:5,(anonymous_16)
FNDA:5,(anonymous_17)
FNDA:5,(anonymous_18)
FNDA:1,complete
FNDA:5,startSuite
FNDA:4,notifyParentThatChildIsComplete
FNDA:2,complete
FNDA:2,(anonymous_23)
FNDA:18,handleBeforeOrAfterEach
FNDA:18,makeCallback
FNDA:0,handlePotentialPromise
FNDA:0,(anonymous_27)
FNDA:0,(anonymous_28)
FNDA:0,(anonymous_29)
FNDA:0,(anonymous_30)
FNDA:0,(anonymous_31)
FNDA:18,(anonymous_32)
FNDA:18,(anonymous_33)
FNDA:8,handleTest
FNDA:8,makeCallback
FNDA:0,handlePotentialPromise
FNDA:0,(anonymous_37)
FNDA:0,(anonymous_38)
FNDA:0,(anonymous_39)
FNDA:0,(anonymous_40)
FNDA:0,(anonymous_41)
FNDA:8,(anonymous_42)
FNDA:8,(anonymous_43)
FNDA:8,runTheTrap
FNDA:12,(anonymous_45)
FNDA:8,doneWithBeforeEaches
FNDA:8,(anonymous_47)
FNDA:8,(anonymous_48)
FNDA:0,(anonymous_49)
FNDA:8,(anonymous_50)
FNDA:8,(anonymous_51)
FNDA:8,(anonymous_52)
FNDA:6,(anonymous_53)
FNDA:8,done
FNDA:8,(anonymous_55)
FNDA:8,doneWithTests
FNDA:7,handleBeforesAndAfters
FNDA:7,makeCallback
FNDA:4,handlePotentialPromise
FNDA:4,(anonymous_60)
FNDA:0,(anonymous_61)
FNDA:0,(anonymous_62)
FNDA:0,(anonymous_63)
FNDA:0,(anonymous_64)
FNDA:7,(anonymous_65)
FNDA:3,(anonymous_66)
FNDA:5,runBefores
FNDA:5,complete
FNDA:5,(anonymous_69)
FNDA:0,(anonymous_70)
FNDA:5,runTests
FNDA:5,runPotentiallySerialTests
FNDA:5,(anonymous_73)
FNDA:5,complete
FNDA:5,runParallelTests
FNDA:5,(anonymous_76)
FNDA:3,(anonymous_77)
FNDA:5,done
FNDA:5,done
FNDA:5,doneWithAllTests
FNDA:5,runAfters
FNDA:3,complete
FNDA:3,(anonymous_83)
FNDA:5,allDone
FNDA:3,(anonymous_85)
DA:14,1
DA:15,0
DA:16,0
DA:17,0
DA:18,0
DA:29,1
DA:30,1
DA:31,1
DA:35,1
DA:36,1
DA:37,1
DA:38,1
DA:42,1
DA:43,1
DA:44,1
DA:45,1
DA:46,1
DA:47,1
DA:48,1
DA:49,1
DA:50,1
DA:51,1
DA:52,1
DA:53,1
DA:54,1
DA:55,1
DA:58,1
DA:62,1
DA:63,1
DA:64,1
DA:66,1
DA:67,1
DA:69,1
DA:70,1
DA:71,1
DA:72,1
DA:73,1
DA:74,1
DA:76,1
DA:81,1
DA:83,187
DA:84,187
DA:85,1
DA:87,187
DA:88,187
DA:94,1
DA:96,1
DA:98,1
DA:99,1
DA:100,1
DA:101,1
DA:103,1
DA:104,0
DA:108,0
DA:109,0
DA:116,0
DA:117,0
DA:120,1
DA:121,0
DA:122,0
DA:123,0
DA:130,0
DA:133,1
DA:134,1
DA:135,1
DA:137,1
DA:138,0
DA:139,0
DA:140,0
DA:147,0
DA:152,1
DA:154,1
DA:155,10
DA:158,1
DA:161,1
DA:167,1
DA:168,1
DA:170,1
DA:171,1
DA:172,1
DA:173,1
DA:174,0
DA:175,0
DA:176,0
DA:177,0
DA:178,0
DA:185,0
DA:187,0
DA:190,1
DA:194,1
DA:195,1
DA:196,1
DA:198,0
DA:199,0
DA:201,0
DA:202,0
DA:206,1
DA:208,1
DA:209,1
DA:210,0
DA:216,1
DA:218,1
DA:220,10
DA:222,10
DA:223,3
DA:225,7
DA:226,5
DA:228,2
DA:229,2
DA:231,1
DA:236,0
DA:242,1
DA:248,0
DA:253,1
DA:256,1
DA:258,1
DA:259,1
DA:261,1
DA:263,0
DA:264,0
DA:266,0
DA:267,0
DA:274,0
DA:279,1
DA:281,1
DA:283,1
DA:285,1
DA:287,1
DA:288,1
DA:289,1
DA:294,1
DA:295,0
DA:298,1
DA:302,0
DA:303,0
DA:304,0
DA:310,0
DA:311,0
DA:315,1
DA:318,1
DA:319,1
DA:323,1
DA:329,1
DA:331,1
DA:332,1
DA:334,1
DA:335,5
DA:336,5
DA:337,5
DA:338,1
DA:339,1
DA:344,1
DA:348,1
DA:350,5
DA:351,5
DA:352,5
DA:353,5
DA:354,5
DA:359,1
DA:360,1
DA:367,1
DA:369,5
DA:371,5
DA:372,0
DA:373,0
DA:376,5
DA:377,0
DA:379,0
DA:382,1
DA:384,4
DA:386,4
DA:387,7
DA:388,7
DA:389,4
DA:390,4
DA:394,4
DA:396,4
DA:397,4
DA:398,2
DA:399,2
DA:400,2
DA:401,1
DA:403,1
DA:408,2
DA:411,0
DA:415,1
DA:417,18
DA:421,18
DA:423,1
DA:425,18
DA:426,18
DA:427,0
DA:429,18
DA:430,18
DA:434,18
DA:438,1
DA:440,0
DA:441,0
DA:444,0
DA:445,0
DA:447,0
DA:451,18
DA:453,18
DA:455,18
DA:456,0
DA:459,18
DA:460,18
DA:462,18
DA:463,0
DA:464,0
DA:465,0
DA:469,18
DA:471,18
DA:473,18
DA:474,18
DA:475,18
DA:476,0
DA:478,18
DA:479,0
DA:482,18
DA:484,18
DA:485,18
DA:486,18
DA:492,0
DA:493,0
DA:501,18
DA:503,18
DA:504,18
DA:506,18
DA:507,0
DA:509,18
DA:511,0
DA:515,0
DA:522,1
DA:524,8
DA:526,1
DA:527,8
DA:528,8
DA:529,8
DA:533,8
DA:538,1
DA:540,0
DA:541,0
DA:544,0
DA:545,0
DA:547,0
DA:551,8
DA:553,8
DA:555,8
DA:557,0
DA:558,0
DA:561,8
DA:562,8
DA:564,8
DA:566,0
DA:567,0
DA:568,0
DA:569,0
DA:570,0
DA:572,0
DA:578,8
DA:580,8
DA:581,8
DA:582,8
DA:583,0
DA:586,8
DA:588,8
DA:589,8
DA:590,8
DA:598,8
DA:599,8
DA:600,8
DA:602,8
DA:603,0
DA:605,8
DA:607,0
DA:613,5
DA:615,1
DA:617,8
DA:619,8
DA:620,8
DA:621,12
DA:625,8
DA:626,8
DA:627,3
DA:629,5
DA:632,8
DA:633,8
DA:634,8
DA:635,8
DA:636,0
DA:640,8
DA:641,8
DA:642,8
DA:643,8
DA:650,8
DA:651,8
DA:652,6
DA:654,8
DA:655,8
DA:660,8
DA:668,1
DA:670,7
DA:672,7
DA:674,1
DA:675,7
DA:676,7
DA:677,0
DA:679,7
DA:680,7
DA:684,7
DA:688,1
DA:690,4
DA:691,0
DA:694,4
DA:695,4
DA:697,0
DA:702,7
DA:705,7
DA:707,7
DA:709,7
DA:710,0
DA:714,7
DA:717,7
DA:718,7
DA:720,7
DA:721,0
DA:722,0
DA:723,0
DA:727,7
DA:729,7
DA:730,7
DA:731,7
DA:732,0
DA:735,7
DA:737,7
DA:738,7
DA:740,7
DA:741,3
DA:742,3
DA:744,3
DA:745,0
DA:747,3
DA:749,4
DA:752,0
DA:759,5
DA:761,5
DA:762,5
DA:763,5
DA:764,0
DA:765,0
DA:766,0
DA:769,5
DA:775,5
DA:776,5
DA:778,5
DA:779,5
DA:780,5
DA:784,5
DA:788,5
DA:791,5
DA:792,5
DA:793,3
DA:797,5
DA:800,5
DA:804,5
DA:809,5
DA:810,3
DA:811,3
DA:812,3
DA:816,2
DA:821,5
DA:822,3
DA:823,3
DA:824,3
DA:827,2
DA:828,2
DA:835,1
LF:378
LH:284
BRDA:15,1,0,0
BRDA:15,1,1,0
BRDA:17,2,0,0
BRDA:17,2,1,0
BRDA:81,3,0,1
BRDA:81,3,1,0
BRDA:84,4,0,1
BRDA:84,4,1,186
BRDA:87,5,0,187
BRDA:87,5,1,0
BRDA:103,6,0,0
BRDA:103,6,1,1
BRDA:108,7,0,0
BRDA:108,7,1,0
BRDA:120,8,0,0
BRDA:120,8,1,1
BRDA:120,9,0,1
BRDA:120,9,1,0
BRDA:122,10,0,0
BRDA:122,10,1,0
BRDA:137,11,0,0
BRDA:137,11,1,1
BRDA:139,12,0,0
BRDA:139,12,1,0
BRDA:170,13,0,1
BRDA:170,13,1,0
BRDA:176,14,0,0
BRDA:176,14,1,0
BRDA:209,15,0,0
BRDA:209,15,1,1
BRDA:222,16,0,3
BRDA:222,16,1,7
BRDA:225,17,0,5
BRDA:225,17,1,2
BRDA:228,18,0,2
BRDA:228,18,1,0
BRDA:229,19,0,1
BRDA:266,20,0,0
BRDA:266,20,1,0
BRDA:281,21,0,1
BRDA:281,21,1,0
BRDA:294,22,0,0
BRDA:294,22,1,1
BRDA:318,23,0,1
BRDA:318,23,1,0
BRDA:337,24,0,1
BRDA:337,24,1,4
BRDA:371,25,0,0
BRDA:371,25,1,5
BRDA:376,26,0,0
BRDA:376,26,1,5
BRDA:376,27,0,5
BRDA:376,27,1,0
BRDA:388,28,0,4
BRDA:388,28,1,3
BRDA:394,29,0,4
BRDA:394,29,1,0
BRDA:397,30,0,2
BRDA:397,30,1,2
BRDA:400,31,0,1
BRDA:400,31,1,1
BRDA:417,32,0,0
BRDA:417,32,1,18
BRDA:426,33,0,0
BRDA:426,33,1,18
BRDA:440,34,0,0
BRDA:440,34,1,0
BRDA:440,35,0,0
BRDA:440,35,1,0
BRDA:440,35,2,0
BRDA:453,36,0,0
BRDA:453,36,1,18
BRDA:475,37,0,0
BRDA:475,37,1,18
BRDA:475,38,0,18
BRDA:475,38,1,18
BRDA:478,39,0,0
BRDA:478,39,1,18
BRDA:485,40,0,18
BRDA:485,40,1,0
BRDA:492,41,0,0
BRDA:492,41,1,0
BRDA:501,42,0,18
BRDA:501,42,1,0
BRDA:501,43,0,18
BRDA:501,43,1,18
BRDA:506,44,0,0
BRDA:506,44,1,18
BRDA:540,45,0,0
BRDA:540,45,1,0
BRDA:540,46,0,0
BRDA:540,46,1,0
BRDA:540,46,2,0
BRDA:553,47,0,0
BRDA:553,47,1,8
BRDA:569,48,0,0
BRDA:569,48,1,0
BRDA:582,49,0,0
BRDA:582,49,1,8
BRDA:582,50,0,8
BRDA:582,50,1,8
BRDA:589,51,0,8
BRDA:589,51,1,0
BRDA:598,52,0,8
BRDA:598,52,1,0
BRDA:602,53,0,0
BRDA:602,53,1,8
BRDA:626,54,0,3
BRDA:626,54,1,5
BRDA:627,55,0,3
BRDA:627,55,1,3
BRDA:670,56,0,0
BRDA:670,56,1,7
BRDA:676,57,0,0
BRDA:676,57,1,7
BRDA:690,58,0,0
BRDA:690,58,1,4
BRDA:690,59,0,4
BRDA:690,59,1,0
BRDA:690,59,2,4
BRDA:707,60,0,0
BRDA:707,60,1,7
BRDA:731,61,0,0
BRDA:731,61,1,7
BRDA:731,62,0,7
BRDA:731,62,1,7
BRDA:740,63,0,3
BRDA:740,63,1,4
BRDA:744,64,0,0
BRDA:744,64,1,3
BRDA:763,65,0,0
BRDA:763,65,1,5
BRDA:763,66,0,5
BRDA:763,66,1,4
BRDA:775,67,0,1
BRDA:775,67,1,4
BRDA:776,68,0,1
BRDA:776,68,1,4
BRDA:809,69,0,3
BRDA:809,69,1,2
BRDA:821,70,0,3
BRDA:821,70,1,2
BRDA:821,71,0,5
BRDA:821,71,1,3
BRF:144
BRH:79
end_of_record
TN:
SF:C:\Users\denman\WebstormProjects\suman\lib\get-all-eaches.js
FN:9,makeGetAllEaches
FN:11,getAllBeforesEaches
FN:16,getParentBefores
FN:47,getAllAfterEaches
FN:52,getParentAfters
FNF:5
FNH:5
FNDA:1,makeGetAllEaches
FNDA:8,getAllBeforesEaches
FNDA:9,getParentBefores
FNDA:8,getAllAfterEaches
FNDA:9,getParentAfters
DA:6,1
DA:9,1
DA:11,1
DA:13,8
DA:14,8
DA:16,1
DA:18,9
DA:20,9
DA:21,12
DA:22,12
DA:23,9
DA:24,9
DA:28,9
DA:29,9
DA:30,9
DA:31,1
DA:35,0
DA:40,8
DA:41,8
DA:44,8
DA:47,1
DA:49,8
DA:50,8
DA:52,1
DA:54,9
DA:56,9
DA:57,12
DA:58,12
DA:59,9
DA:60,9
DA:64,9
DA:65,9
DA:66,9
DA:67,1
DA:71,0
DA:76,8
DA:77,8
DA:80,8
DA:83,1
DA:90,1
LF:40
LH:38
BRDA:22,1,0,9
BRDA:22,1,1,3
BRDA:28,2,0,9
BRDA:28,2,1,0
BRDA:30,3,0,1
BRDA:30,3,1,8
BRDA:40,4,0,8
BRDA:40,4,1,0
BRDA:58,5,0,9
BRDA:58,5,1,3
BRDA:64,6,0,9
BRDA:64,6,1,0
BRDA:66,7,0,1
BRDA:66,7,1,8
BRDA:76,8,0,8
BRDA:76,8,1,0
BRF:16
BRH:12
end_of_record
TN:
SF:C:\Users\denman\WebstormProjects\suman\lib\make-graceful-exit.js
FN:17,(anonymous_1)
FN:20,makeGracefulExitOrNot
FN:24,(anonymous_3)
FN:35,(anonymous_4)
FN:40,(anonymous_5)
FN:56,(anonymous_6)
FNF:6
FNH:3
FNDA:1,(anonymous_1)
FNDA:26,makeGracefulExitOrNot
FNDA:25,(anonymous_3)
FNDA:0,(anonymous_4)
FNDA:0,(anonymous_5)
FNDA:0,(anonymous_6)
DA:8,1
DA:11,1
DA:17,1
DA:20,1
DA:22,26
DA:24,26
DA:25,25
DA:26,0
DA:28,25
DA:29,0
DA:30,0
DA:37,0
DA:39,0
DA:40,0
DA:42,0
DA:43,0
DA:46,0
DA:47,0
DA:49,0
DA:50,0
DA:51,0
DA:57,0
DA:58,0
DA:59,0
DA:60,0
DA:61,0
DA:69,26
DA:70,0
DA:73,26
LF:29
LH:10
BRDA:25,1,0,0
BRDA:25,1,1,25
BRDA:28,2,0,0
BRDA:28,2,1,25
BRDA:42,3,0,0
BRDA:42,3,1,0
BRDA:42,4,0,0
BRDA:42,4,1,0
BRDA:46,5,0,0
BRDA:46,5,1,0
BRDA:49,6,0,0
BRDA:49,6,1,0
BRDA:50,7,0,0
BRDA:50,7,1,0
BRDA:60,8,0,0
BRDA:60,8,1,0
BRDA:69,9,0,0
BRDA:69,9,1,26
BRF:18
BRH:3
end_of_record
TN:
SF:C:\Users\denman\WebstormProjects\suman\lib\handle-test-result.js
FN:6,makeHandleTestError
FN:10,handleTestError
FN:18,(anonymous_3)
FN:31,(anonymous_4)
FN:41,(anonymous_5)
FN:54,(anonymous_6)
FNF:6
FNH:2
FNDA:1,makeHandleTestError
FNDA:8,handleTestError
FNDA:0,(anonymous_3)
FNDA:0,(anonymous_4)
FNDA:0,(anonymous_5)
FNDA:0,(anonymous_6)
DA:6,1
DA:8,1
DA:10,1
DA:12,8
DA:14,8
DA:15,0
DA:16,0
DA:17,0
DA:18,0
DA:20,0
DA:21,0
DA:23,0
DA:24,0
DA:25,0
DA:27,0
DA:28,0
DA:32,0
DA:41,0
DA:43,0
DA:44,0
DA:46,0
DA:47,0
DA:48,0
DA:50,0
DA:51,0
DA:55,0
DA:59,0
DA:62,8
LF:28
LH:6
BRDA:14,1,0,0
BRDA:14,1,1,8
BRDA:15,2,0,0
BRDA:15,2,1,0
BRDA:20,3,0,0
BRDA:20,3,1,0
BRDA:20,4,0,0
BRDA:20,4,1,0
BRDA:23,5,0,0
BRDA:23,5,1,0
BRDA:24,6,0,0
BRDA:24,6,1,0
BRDA:27,7,0,0
BRDA:27,7,1,0
BRDA:43,8,0,0
BRDA:43,8,1,0
BRDA:43,9,0,0
BRDA:43,9,1,0
BRDA:46,10,0,0
BRDA:46,10,1,0
BRDA:47,11,0,0
BRDA:47,11,1,0
BRDA:50,12,0,0
BRDA:50,12,1,0
BRF:24
BRH:1
end_of_record
TN:
SF:C:\Users\denman\WebstormProjects\suman\lib\handle-exit.js
FN:10,handleExit
FN:24,(anonymous_2)
FNF:2
FNH:1
FNDA:1,handleExit
FNDA:0,(anonymous_2)
DA:6,1
DA:7,1
DA:10,1
DA:24,1
DA:26,0
DA:27,0
DA:28,0
DA:32,0
DA:33,0
DA:35,0
DA:36,0
DA:37,0
DA:40,0
DA:41,0
DA:44,0
DA:49,0
DA:50,0
DA:51,0
DA:53,0
DA:54,0
DA:57,0
DA:58,0
DA:61,0
DA:69,1
LF:24
LH:5
BRDA:26,1,0,0
BRDA:26,1,1,0
BRDA:27,2,0,0
BRDA:27,2,1,0
BRDA:35,3,0,0
BRDA:35,3,1,0
BRDA:35,4,0,0
BRDA:35,4,1,0
BRDA:49,5,0,0
BRDA:49,5,1,0
BRDA:50,6,0,0
BRDA:50,6,1,0
BRDA:57,7,0,0
BRDA:57,7,1,0
BRF:14
BRH:0
end_of_record
TN:
SF:C:\Users\denman\WebstormProjects\suman\lib\handle-args.js
FN:7,handleArgs
FNF:1
FNH:1
FNDA:1,handleArgs
DA:7,1
DA:9,1
DA:10,0
DA:11,0
DA:12,0
DA:15,0
DA:16,0
DA:17,0
DA:21,1
DA:22,0
DA:26,1
LF:11
LH:4
BRDA:9,1,0,0
BRDA:9,1,1,1
BRDA:11,2,0,0
BRDA:11,2,1,0
BRDA:11,3,0,0
BRDA:11,3,1,0
BRDA:21,4,0,0
BRDA:21,4,1,1
BRF:8
BRH:2
end_of_record
TN:
SF:C:\Users\denman\WebstormProjects\suman\lib\incrementer.js
FN:8,getNext
FNF:1
FNH:1
FNDA:13,getNext
DA:6,1
DA:8,1
DA:9,13
DA:10,13
DA:14,1
LF:5
LH:5
BRF:0
BRH:0
end_of_record
TN:
SF:C:\Users\denman\WebstormProjects\suman\lib\make-suite-lite.js
FNF:0
FNH:0
LF:0
LH:0
BRF:0
BRH:0
end_of_record
TN:
SF:C:\Users\denman\WebstormProjects\suman\lib\handle-extra-opts.js
FN:8,(anonymous_1)
FN:14,handleExtraOpts
FN:67,handleOptsWithDeps
FNF:3
FNH:3
FNDA:3,(anonymous_1)
FNDA:12,handleExtraOpts
FNDA:1,handleOptsWithDeps
DA:5,1
DA:8,1
DA:11,3
DA:16,12
DA:17,0
DA:18,0
DA:21,0
DA:22,0
DA:23,0
DA:26,12
DA:27,1
DA:28,0
DA:31,1
DA:33,1
DA:34,0
DA:35,0
DA:37,1
DA:38,1
DA:41,0
DA:47,11
DA:48,0
DA:50,11
DA:51,0
DA:53,11
DA:54,0
DA:59,12
DA:69,1
DA:70,0
DA:72,1
DA:74,0
DA:75,0
DA:78,0
DA:79,0
DA:80,0
DA:83,1
DA:85,1
DA:86,0
DA:88,1
DA:89,0
DA:90,0
DA:91,0
DA:93,1
DA:94,1
DA:95,1
DA:98,0
DA:102,0
DA:103,0
DA:105,0
DA:106,0
DA:108,0
DA:109,0
DA:111,0
DA:112,0
DA:116,1
LF:54
LH:23
BRDA:16,1,0,0
BRDA:16,1,1,12
BRDA:17,2,0,0
BRDA:17,2,1,0
BRDA:17,3,0,0
BRDA:17,3,1,0
BRDA:26,4,0,1
BRDA:26,4,1,11
BRDA:27,5,0,0
BRDA:27,5,1,1
BRDA:33,6,0,0
BRDA:33,6,1,1
BRDA:37,7,0,1
BRDA:37,7,1,0
BRDA:47,8,0,0
BRDA:47,8,1,11
BRDA:50,9,0,0
BRDA:50,9,1,11
BRDA:53,10,0,0
BRDA:53,10,1,11
BRDA:69,11,0,0
BRDA:69,11,1,1
BRDA:72,12,0,0
BRDA:72,12,1,1
BRDA:74,13,0,0
BRDA:74,13,1,0
BRDA:74,14,0,0
BRDA:74,14,1,0
BRDA:83,15,0,1
BRDA:83,15,1,0
BRDA:85,16,0,0
BRDA:85,16,1,1
BRDA:88,17,0,0
BRDA:88,17,1,1
BRDA:88,18,0,1
BRDA:88,18,1,1
BRDA:93,19,0,1
BRDA:93,19,1,0
BRDA:102,20,0,0
BRDA:102,20,1,0
BRDA:105,21,0,0
BRDA:105,21,1,0
BRDA:108,22,0,0
BRDA:108,22,1,0
BRDA:111,23,0,0
BRDA:111,23,1,0
BRF:46
BRH:17
end_of_record
TN:
SF:C:\Users\denman\WebstormProjects\suman\lib\TestSuite.js
FN:23,makeTestSuite
FN:30,TestSuite
FN:64,(anonymous_3)
FN:107,run
FN:109,(anonymous_5)
FN:113,(anonymous_6)
FN:125,delay
FN:126,(anonymous_8)
FN:152,(anonymous_9)
FN:157,(anonymous_10)
FN:163,(anonymous_11)
FN:165,(anonymous_12)
FN:169,complete
FN:176,bindExtras
FN:178,(anonymous_15)
FN:186,(anonymous_16)
FN:195,(anonymous_17)
FN:203,(anonymous_18)
FN:217,handleSetupComplete
FN:227,handleOptionalDesc
FN:247,(anonymous_21)
FN:252,(anonymous_22)
FN:294,(anonymous_23)
FN:298,(anonymous_24)
FN:306,(anonymous_25)
FN:318,(anonymous_26)
FN:330,(anonymous_27)
FN:342,(anonymous_28)
FN:355,(anonymous_29)
FN:364,(anonymous_30)
FN:368,(anonymous_31)
FN:377,(anonymous_32)
FNF:32
FNH:19
FNDA:1,makeTestSuite
FNDA:5,TestSuite
FNDA:4,(anonymous_3)
FNDA:4,run
FNDA:0,(anonymous_5)
FNDA:4,(anonymous_6)
FNDA:0,delay
FNDA:0,(anonymous_8)
FNDA:5,(anonymous_9)
FNDA:22,(anonymous_10)
FNDA:4,(anonymous_11)
FNDA:4,(anonymous_12)
FNDA:5,complete
FNDA:9,bindExtras
FNDA:0,(anonymous_15)
FNDA:0,(anonymous_16)
FNDA:0,(anonymous_17)
FNDA:0,(anonymous_18)
FNDA:25,handleSetupComplete
FNDA:13,handleOptionalDesc
FNDA:0,(anonymous_21)
FNDA:8,(anonymous_22)
FNDA:0,(anonymous_23)
FNDA:0,(anonymous_24)
FNDA:3,(anonymous_25)
FNDA:4,(anonymous_26)
FNDA:4,(anonymous_27)
FNDA:2,(anonymous_28)
FNDA:0,(anonymous_29)
FNDA:0,(anonymous_30)
FNDA:0,(anonymous_31)
FNDA:5,(anonymous_32)
DA:8,1
DA:9,1
DA:10,1
DA:11,1
DA:14,1
DA:15,1
DA:16,1
DA:17,1
DA:18,1
DA:23,1
DA:25,1
DA:26,1
DA:27,1
DA:30,1
DA:31,5
DA:32,5
DA:33,5
DA:34,5
DA:35,5
DA:36,5
DA:37,5
DA:38,5
DA:39,5
DA:40,5
DA:41,5
DA:42,5
DA:43,5
DA:44,5
DA:45,5
DA:46,5
DA:47,5
DA:64,1
DA:66,4
DA:67,4
DA:69,4
DA:70,4
DA:71,4
DA:73,4
DA:74,0
DA:77,4
DA:78,0
DA:79,0
DA:82,4
DA:83,0
DA:84,0
DA:87,4
DA:88,0
DA:89,0
DA:91,0
DA:94,4
DA:99,4
DA:100,4
DA:101,4
DA:103,4
DA:105,4
DA:107,4
DA:109,4
DA:110,0
DA:111,0
DA:112,0
DA:114,4
DA:115,4
DA:116,4
DA:117,4
DA:118,4
DA:119,4
DA:121,4
DA:124,0
DA:125,0
DA:126,0
DA:127,0
DA:128,0
DA:129,0
DA:135,0
DA:136,0
DA:152,1
DA:154,5
DA:155,5
DA:157,5
DA:158,22
DA:159,4
DA:163,5
DA:165,4
DA:166,4
DA:170,5
DA:176,1
DA:178,9
DA:180,0
DA:181,0
DA:182,0
DA:186,9
DA:188,0
DA:189,0
DA:190,0
DA:191,0
DA:195,9
DA:197,0
DA:198,0
DA:199,0
DA:203,9
DA:205,0
DA:206,0
DA:207,0
DA:208,0
DA:212,9
DA:213,9
DA:217,1
DA:218,25
DA:219,0
DA:222,0
DA:223,0
DA:227,1
DA:228,13
DA:229,13
DA:230,13
DA:231,13
DA:233,0
DA:234,0
DA:235,0
DA:237,0
DA:238,0
DA:241,0
DA:244,13
DA:247,1
DA:248,0
DA:252,1
DA:254,8
DA:256,8
DA:258,8
DA:259,8
DA:260,8
DA:262,8
DA:263,0
DA:266,8
DA:268,8
DA:281,8
DA:283,8
DA:284,3
DA:287,5
DA:290,8
DA:294,1
DA:295,0
DA:298,1
DA:299,0
DA:300,0
DA:302,0
DA:306,1
DA:307,3
DA:308,3
DA:310,3
DA:311,3
DA:312,3
DA:313,3
DA:314,3
DA:315,3
DA:318,1
DA:319,4
DA:320,4
DA:321,4
DA:323,4
DA:324,4
DA:325,4
DA:326,4
DA:327,4
DA:330,1
DA:331,4
DA:332,4
DA:333,4
DA:335,4
DA:336,4
DA:337,4
DA:338,4
DA:339,4
DA:342,1
DA:343,2
DA:344,2
DA:345,2
DA:347,2
DA:348,2
DA:349,2
DA:350,2
DA:351,2
DA:355,1
DA:356,0
DA:357,0
DA:358,0
DA:359,0
DA:360,0
DA:364,1
DA:365,0
DA:366,0
DA:368,0
DA:369,0
DA:373,0
DA:374,0
DA:377,1
DA:378,5
DA:382,1
DA:390,1
LF:199
LH:140
BRDA:34,1,0,5
BRDA:34,1,1,4
BRDA:35,2,0,5
BRDA:35,2,1,1
BRDA:36,3,0,5
BRDA:36,3,1,4
BRDA:37,4,0,5
BRDA:37,4,1,5
BRDA:38,5,0,5
BRDA:38,5,1,5
BRDA:73,6,0,0
BRDA:73,6,1,4
BRDA:77,7,0,0
BRDA:77,7,1,4
BRDA:82,8,0,0
BRDA:82,8,1,4
BRDA:82,9,0,4
BRDA:82,9,1,0
BRDA:87,10,0,0
BRDA:87,10,1,4
BRDA:88,11,0,0
BRDA:88,11,1,0
BRDA:116,12,0,4
BRDA:116,12,1,0
BRDA:158,13,0,4
BRDA:158,13,1,18
BRDA:218,14,0,0
BRDA:218,14,1,25
BRDA:229,15,0,13
BRDA:229,15,1,0
BRDA:233,16,0,0
BRDA:233,16,1,0
BRDA:234,17,0,0
BRDA:234,17,1,0
BRDA:262,18,0,0
BRDA:262,18,1,8
BRDA:273,19,0,8
BRDA:273,19,1,8
BRDA:283,20,0,3
BRDA:283,20,1,5
BRDA:283,21,0,8
BRDA:283,21,1,8
BRDA:299,22,0,0
BRDA:299,22,1,0
BRF:44
BRH:27
end_of_record
TN:
SF:C:\Users\denman\WebstormProjects\suman\lib\ParallelTestSet.js
FN:8,makeParallelTestSet
FN:10,ParallelTestSet
FN:18,(anonymous_3)
FN:45,(anonymous_4)
FNF:4
FNH:1
FNDA:1,makeParallelTestSet
FNDA:0,ParallelTestSet
FNDA:0,(anonymous_3)
FNDA:0,(anonymous_4)
DA:6,1
DA:8,1
DA:10,1
DA:11,0
DA:12,0
DA:13,0
DA:14,0
DA:18,1
DA:20,0
DA:21,0
DA:24,0
DA:25,0
DA:26,0
DA:28,0
DA:29,0
DA:32,0
DA:42,0
DA:45,1
DA:46,0
DA:50,1
DA:56,1
LF:21
LH:7
BRDA:20,1,0,0
BRDA:20,1,1,0
BRDA:24,2,0,0
BRDA:24,2,1,0
BRDA:28,3,0,0
BRDA:28,3,1,0
BRF:6
BRH:0
end_of_record
TN:
SF:C:\Users\denman\WebstormProjects\suman\lib\LoopTestSet.js
FN:17,makeLoopTestSet
FN:21,LoopTestSet
FN:28,handleSetupComplete
FN:38,(anonymous_4)
FN:70,(anonymous_5)
FNF:5
FNH:1
FNDA:1,makeLoopTestSet
FNDA:0,LoopTestSet
FNDA:0,handleSetupComplete
FNDA:0,(anonymous_4)
FNDA:0,(anonymous_5)
DA:10,1
DA:13,1
DA:14,1
DA:17,1
DA:19,1
DA:21,1
DA:22,0
DA:23,0
DA:24,0
DA:25,0
DA:28,1
DA:29,0
DA:30,0
DA:33,0
DA:34,0
DA:38,1
DA:40,0
DA:42,0
DA:44,0
DA:45,0
DA:46,0
DA:48,0
DA:49,0
DA:52,0
DA:54,0
DA:66,0
DA:67,0
DA:70,1
DA:71,0
DA:74,1
DA:79,1
LF:31
LH:11
BRDA:29,1,0,0
BRDA:29,1,1,0
BRDA:48,2,0,0
BRDA:48,2,1,0
BRF:4
BRH:0
end_of_record
TN:
SF:C:\Users\denman\WebstormProjects\suman\suman.ioc.js
FN:18,(anonymous_1)
FN:21,(anonymous_2)
FN:24,(anonymous_3)
FN:26,(anonymous_4)
FN:32,(anonymous_5)
FN:34,(anonymous_6)
FN:40,(anonymous_7)
FN:42,(anonymous_8)
FN:50,(anonymous_9)
FN:52,(anonymous_10)
FNF:10
FNH:5
FNDA:0,(anonymous_1)
FNDA:1,(anonymous_2)
FNDA:0,(anonymous_3)
FNDA:0,(anonymous_4)
FNDA:0,(anonymous_5)
FNDA:0,(anonymous_6)
FNDA:1,(anonymous_7)
FNDA:1,(anonymous_8)
FNDA:1,(anonymous_9)
FNDA:1,(anonymous_10)
DA:14,1
DA:16,1
DA:19,0
DA:22,1
DA:26,0
DA:27,0
DA:34,0
DA:35,0
DA:42,1
DA:43,1
DA:52,1
DA:53,1
LF:12
LH:7
BRF:0
BRH:0
end_of_record
