TN:
SF:/Users/Olegzandr/WebstormProjects/suman/index.js
FN:77,requireFromString
FN:174,(anonymous_2)
FN:185,(anonymous_3)
FN:202,(anonymous_4)
FN:229,(anonymous_5)
FN:235,(anonymous_6)
FN:268,(anonymous_7)
FN:297,(anonymous_8)
FN:306,(anonymous_9)
FN:324,(anonymous_10)
FN:335,A
FN:336,(anonymous_12)
FN:341,B
FN:342,(anonymous_14)
FN:347,(anonymous_15)
FN:356,(anonymous_16)
FN:374,(anonymous_17)
FN:380,(anonymous_18)
FN:381,(anonymous_19)
FN:388,(anonymous_20)
FN:389,(anonymous_21)
FN:396,(anonymous_22)
FNF:22
FNH:2
FNDA:0,requireFromString
FNDA:5,(anonymous_2)
FNDA:0,(anonymous_3)
FNDA:0,(anonymous_4)
FNDA:1,(anonymous_5)
FNDA:0,(anonymous_6)
FNDA:0,(anonymous_7)
FNDA:0,(anonymous_8)
FNDA:0,(anonymous_9)
FNDA:0,(anonymous_10)
FNDA:0,A
FNDA:0,(anonymous_12)
FNDA:0,B
FNDA:0,(anonymous_14)
FNDA:0,(anonymous_15)
FNDA:0,(anonymous_16)
FNDA:0,(anonymous_17)
FNDA:0,(anonymous_18)
FNDA:0,(anonymous_19)
FNDA:0,(anonymous_20)
FNDA:0,(anonymous_21)
FNDA:0,(anonymous_22)
DA:7,1
DA:10,0
DA:11,0
DA:15,1
DA:16,0
DA:22,1
DA:23,1
DA:24,1
DA:25,1
DA:26,1
DA:27,1
DA:28,1
DA:29,1
DA:33,1
DA:34,1
DA:35,1
DA:40,1
DA:44,1
DA:45,1
DA:46,1
DA:50,1
DA:55,1
DA:56,1
DA:57,1
DA:58,1
DA:59,1
DA:63,1
DA:67,1
DA:68,1
DA:70,1
DA:71,0
DA:72,0
DA:77,1
DA:78,0
DA:79,0
DA:80,0
DA:81,0
DA:82,0
DA:83,0
DA:90,1
DA:92,1
DA:94,1
DA:95,1
DA:97,1
DA:100,1
DA:101,1
DA:102,1
DA:105,0
DA:106,0
DA:112,1
DA:115,1
DA:116,1
DA:117,1
DA:118,1
DA:119,1
DA:120,1
DA:121,1
DA:122,1
DA:123,1
DA:124,1
DA:125,1
DA:126,1
DA:127,1
DA:128,1
DA:129,1
DA:130,1
DA:133,1
DA:136,1
DA:137,1
DA:138,1
DA:139,1
DA:147,0
DA:148,0
DA:149,0
DA:152,0
DA:153,0
DA:154,0
DA:155,0
DA:156,0
DA:160,0
DA:161,0
DA:162,0
DA:163,0
DA:166,0
DA:167,0
DA:172,1
DA:174,1
DA:175,5
DA:178,1
DA:179,0
DA:180,0
DA:181,0
DA:182,0
DA:185,1
DA:186,0
DA:187,0
DA:189,0
DA:190,0
DA:191,0
DA:192,0
DA:196,1
DA:197,0
DA:200,1
DA:202,1
DA:205,0
DA:206,0
DA:207,0
DA:210,0
DA:211,0
DA:213,0
DA:214,0
DA:215,0
DA:216,0
DA:222,1
DA:223,1
DA:224,1
DA:225,1
DA:229,1
DA:230,1
DA:235,1
DA:236,0
DA:237,0
DA:238,0
DA:240,0
DA:243,1
DA:244,1
DA:246,0
DA:247,0
DA:249,0
DA:251,0
DA:256,0
DA:258,0
DA:259,0
DA:260,0
DA:261,0
DA:268,0
DA:269,0
DA:272,0
DA:277,0
DA:279,0
DA:280,0
DA:281,0
DA:282,0
DA:283,0
DA:286,0
DA:291,0
DA:293,0
DA:298,0
DA:300,0
DA:302,0
DA:304,0
DA:307,0
DA:309,0
DA:311,0
DA:313,0
DA:320,0
DA:321,0
DA:322,0
DA:324,0
DA:326,0
DA:327,0
DA:328,0
DA:332,0
DA:334,0
DA:336,0
DA:338,0
DA:342,0
DA:349,0
DA:350,0
DA:353,0
DA:354,0
DA:356,0
DA:358,0
DA:361,0
DA:365,0
DA:366,0
DA:367,0
DA:374,0
DA:375,0
DA:378,0
DA:380,0
DA:381,0
DA:382,0
DA:383,0
DA:388,0
DA:389,0
DA:390,0
DA:397,0
LF:188
LH:75
BRDA:7,1,0,0
BRDA:7,1,1,1
BRDA:7,2,0,1
BRDA:7,2,1,1
BRDA:70,3,0,0
BRDA:70,3,1,1
BRDA:70,4,0,1
BRDA:70,4,1,1
BRDA:100,5,0,1
BRDA:100,5,1,0
BRDA:105,6,0,0
BRDA:105,6,1,0
BRDA:136,7,0,1
BRDA:136,7,1,1
BRDA:138,8,0,1
BRDA:138,8,1,0
BRDA:147,9,0,0
BRDA:147,9,1,0
BRDA:155,10,0,0
BRDA:155,10,1,0
BRDA:178,11,0,0
BRDA:178,11,1,1
BRDA:185,12,0,1
BRDA:185,12,1,1
BRDA:186,13,0,0
BRDA:186,13,1,0
BRDA:196,14,0,0
BRDA:196,14,1,1
BRDA:196,15,0,1
BRDA:196,15,1,0
BRDA:200,16,0,1
BRDA:200,16,1,0
BRDA:202,17,0,1
BRDA:202,17,1,1
BRDA:206,18,0,0
BRDA:206,18,1,0
BRDA:210,19,0,0
BRDA:210,19,1,0
BRDA:222,20,0,1
BRDA:222,20,1,0
BRDA:236,21,0,0
BRDA:236,21,1,0
BRDA:243,22,0,1
BRDA:243,22,1,0
BRDA:246,23,0,0
BRDA:246,23,1,0
BRDA:249,24,0,0
BRDA:249,24,1,0
BRDA:256,25,0,0
BRDA:256,25,1,0
BRDA:258,26,0,0
BRDA:258,26,1,0
BRDA:277,27,0,0
BRDA:277,27,1,0
BRDA:279,28,0,0
BRDA:279,28,1,0
BRDA:291,29,0,0
BRDA:291,29,1,0
BRDA:296,30,0,0
BRDA:296,30,1,0
BRDA:298,31,0,0
BRDA:298,31,1,0
BRDA:307,32,0,0
BRDA:307,32,1,0
BRDA:326,33,0,0
BRDA:326,33,1,0
BRDA:338,34,0,0
BRDA:338,34,1,0
BRDA:349,35,0,0
BRDA:349,35,1,0
BRDA:349,36,0,0
BRDA:349,36,1,0
BRDA:365,37,0,0
BRDA:365,37,1,0
BRDA:378,38,0,0
BRDA:378,38,1,0
BRDA:378,39,0,0
BRDA:378,39,1,0
BRDA:378,39,2,0
BRF:79
BRH:20
end_of_record
TN:
SF:/Users/Olegzandr/WebstormProjects/suman/config/suman-constants.js
FNF:0
FNH:0
DA:8,1
LF:1
LH:1
BRF:0
BRH:0
end_of_record
TN:
SF:/Users/Olegzandr/WebstormProjects/suman/lib/utils.js
FN:26,(anonymous_1)
FN:30,(anonymous_2)
FN:33,(anonymous_3)
FN:40,(anonymous_4)
FN:50,(anonymous_5)
FN:67,(anonymous_6)
FN:73,(anonymous_7)
FN:78,(anonymous_8)
FN:82,(anonymous_9)
FN:86,(anonymous_10)
FN:90,(anonymous_11)
FN:94,(anonymous_12)
FN:98,findProjRoot
FN:105,sumanOnce
FN:109,(anonymous_15)
FN:122,checkForArrayOfStringsEquality
FN:140,isGeneratorFn
FN:151,arrayHasDuplicates
FN:155,isReadableStream
FN:159,(anonymous_20)
FN:200,(anonymous_21)
FNF:21
FNH:1
FNDA:0,(anonymous_1)
FNDA:0,(anonymous_2)
FNDA:0,(anonymous_3)
FNDA:0,(anonymous_4)
FNDA:0,(anonymous_5)
FNDA:0,(anonymous_6)
FNDA:0,(anonymous_7)
FNDA:0,(anonymous_8)
FNDA:0,(anonymous_9)
FNDA:0,(anonymous_10)
FNDA:0,(anonymous_11)
FNDA:0,(anonymous_12)
FNDA:2,findProjRoot
FNDA:0,sumanOnce
FNDA:0,(anonymous_15)
FNDA:0,checkForArrayOfStringsEquality
FNDA:0,isGeneratorFn
FNDA:0,arrayHasDuplicates
FNDA:0,isReadableStream
FNDA:0,(anonymous_20)
FNDA:0,(anonymous_21)
DA:8,1
DA:9,1
DA:12,1
DA:13,1
DA:14,1
DA:16,1
DA:17,1
DA:18,1
DA:20,1
DA:24,1
DA:27,0
DA:32,0
DA:33,0
DA:34,0
DA:38,0
DA:40,0
DA:43,0
DA:45,0
DA:46,0
DA:48,0
DA:50,0
DA:51,0
DA:52,0
DA:53,0
DA:55,0
DA:58,0
DA:62,0
DA:67,0
DA:68,0
DA:74,0
DA:79,0
DA:87,0
DA:91,0
DA:95,0
DA:99,2
DA:100,1
DA:102,2
DA:107,0
DA:109,0
DA:110,0
DA:111,0
DA:112,0
DA:115,0
DA:116,0
DA:124,0
DA:125,0
DA:128,0
DA:129,0
DA:131,0
DA:132,0
DA:133,0
DA:137,0
DA:142,0
DA:143,0
DA:145,0
DA:146,0
DA:152,0
DA:156,0
DA:161,0
DA:162,0
DA:200,0
DA:201,0
LF:62
LH:13
BRDA:32,1,0,0
BRDA:32,1,1,0
BRDA:45,2,0,0
BRDA:45,2,1,0
BRDA:51,3,0,0
BRDA:51,3,1,0
BRDA:74,4,0,0
BRDA:74,4,1,0
BRDA:87,5,0,0
BRDA:87,5,1,0
BRDA:95,6,0,0
BRDA:95,6,1,0
BRDA:99,7,0,1
BRDA:99,7,1,1
BRDA:110,8,0,0
BRDA:110,8,1,0
BRDA:124,9,0,0
BRDA:124,9,1,0
BRDA:132,10,0,0
BRDA:132,10,1,0
BRDA:142,11,0,0
BRDA:142,11,1,0
BRDA:146,12,0,0
BRDA:146,12,1,0
BRDA:146,12,2,0
BRDA:146,12,3,0
BRDA:146,12,4,0
BRDA:156,13,0,0
BRDA:156,13,1,0
BRDA:156,13,2,0
BRDA:161,14,0,0
BRDA:161,14,1,0
BRF:32
BRH:2
end_of_record
TN:
SF:/Users/Olegzandr/WebstormProjects/suman/lib/index.js
FN:42,Runner
FN:142,(anonymous_2)
FN:172,(anonymous_3)
FN:199,(anonymous_4)
FN:204,(anonymous_5)
FN:208,(anonymous_6)
FN:214,(anonymous_7)
FN:230,(anonymous_8)
FN:242,Server
FN:269,(anonymous_10)
FN:279,(anonymous_11)
FN:336,(anonymous_12)
FN:342,(anonymous_13)
FN:346,(anonymous_14)
FN:364,init
FN:386,(anonymous_16)
FN:492,(anonymous_17)
FN:495,(anonymous_18)
FN:504,(anonymous_19)
FN:511,(anonymous_20)
FN:527,(anonymous_21)
FN:535,(anonymous_22)
FN:547,(anonymous_23)
FN:553,(anonymous_24)
FN:561,(anonymous_25)
FN:579,(anonymous_26)
FN:591,(anonymous_27)
FN:599,(anonymous_28)
FN:615,(anonymous_29)
FN:616,(anonymous_30)
FN:617,(anonymous_31)
FN:625,start
FN:629,(anonymous_33)
FN:636,(anonymous_34)
FN:654,(anonymous_35)
FN:663,(anonymous_36)
FN:666,(anonymous_37)
FN:670,(anonymous_38)
FN:692,(anonymous_39)
FN:713,(anonymous_40)
FN:730,Writable
FN:739,(anonymous_42)
FN:752,Transform
FN:776,(anonymous_44)
FN:783,(anonymous_45)
FN:793,(anonymous_46)
FN:795,(anonymous_47)
FN:807,autoPass
FN:811,autoFail
FNF:49
FNH:0
FNDA:0,Runner
FNDA:0,(anonymous_2)
FNDA:0,(anonymous_3)
FNDA:0,(anonymous_4)
FNDA:0,(anonymous_5)
FNDA:0,(anonymous_6)
FNDA:0,(anonymous_7)
FNDA:0,(anonymous_8)
FNDA:0,Server
FNDA:0,(anonymous_10)
FNDA:0,(anonymous_11)
FNDA:0,(anonymous_12)
FNDA:0,(anonymous_13)
FNDA:0,(anonymous_14)
FNDA:0,init
FNDA:0,(anonymous_16)
FNDA:0,(anonymous_17)
FNDA:0,(anonymous_18)
FNDA:0,(anonymous_19)
FNDA:0,(anonymous_20)
FNDA:0,(anonymous_21)
FNDA:0,(anonymous_22)
FNDA:0,(anonymous_23)
FNDA:0,(anonymous_24)
FNDA:0,(anonymous_25)
FNDA:0,(anonymous_26)
FNDA:0,(anonymous_27)
FNDA:0,(anonymous_28)
FNDA:0,(anonymous_29)
FNDA:0,(anonymous_30)
FNDA:0,(anonymous_31)
FNDA:0,start
FNDA:0,(anonymous_33)
FNDA:0,(anonymous_34)
FNDA:0,(anonymous_35)
FNDA:0,(anonymous_36)
FNDA:0,(anonymous_37)
FNDA:0,(anonymous_38)
FNDA:0,(anonymous_39)
FNDA:0,(anonymous_40)
FNDA:0,Writable
FNDA:0,(anonymous_42)
FNDA:0,Transform
FNDA:0,(anonymous_44)
FNDA:0,(anonymous_45)
FNDA:0,(anonymous_46)
FNDA:0,(anonymous_47)
FNDA:0,autoPass
FNDA:0,autoFail
DA:8,1
DA:13,1
DA:14,1
DA:15,1
DA:16,1
DA:17,1
DA:18,1
DA:19,1
DA:20,1
DA:21,1
DA:24,1
DA:25,1
DA:26,1
DA:27,1
DA:28,1
DA:31,1
DA:32,1
DA:33,1
DA:34,1
DA:35,1
DA:36,1
DA:37,1
DA:38,1
DA:39,1
DA:42,1
DA:44,0
DA:45,0
DA:47,0
DA:48,0
DA:49,0
DA:51,0
DA:52,0
DA:54,0
DA:55,0
DA:58,0
DA:59,0
DA:87,0
DA:89,0
DA:92,0
DA:94,0
DA:95,0
DA:97,0
DA:98,0
DA:99,0
DA:101,0
DA:102,0
DA:103,0
DA:107,0
DA:108,0
DA:109,0
DA:112,0
DA:116,0
DA:119,0
DA:120,0
DA:121,0
DA:122,0
DA:123,0
DA:124,0
DA:127,0
DA:129,0
DA:131,0
DA:132,0
DA:133,0
DA:136,0
DA:137,0
DA:138,0
DA:142,0
DA:143,0
DA:147,0
DA:149,0
DA:151,0
DA:152,0
DA:153,0
DA:154,0
DA:158,0
DA:159,0
DA:162,0
DA:166,0
DA:167,0
DA:172,0
DA:174,0
DA:175,0
DA:178,0
DA:180,0
DA:189,0
DA:199,0
DA:200,0
DA:201,0
DA:204,0
DA:205,0
DA:208,0
DA:209,0
DA:210,0
DA:214,0
DA:215,0
DA:218,0
DA:219,0
DA:222,0
DA:223,0
DA:229,0
DA:230,0
DA:231,0
DA:237,0
DA:242,1
DA:244,0
DA:245,0
DA:246,0
DA:247,0
DA:248,0
DA:249,0
DA:252,0
DA:255,0
DA:256,0
DA:259,0
DA:260,0
DA:261,0
DA:264,0
DA:265,0
DA:267,0
DA:269,0
DA:270,0
DA:271,0
DA:272,0
DA:276,0
DA:277,0
DA:279,0
DA:280,0
DA:281,0
DA:282,0
DA:284,0
DA:285,0
DA:286,0
DA:287,0
DA:290,0
DA:291,0
DA:292,0
DA:293,0
DA:294,0
DA:313,0
DA:324,0
DA:334,0
DA:336,0
DA:337,0
DA:338,0
DA:339,0
DA:342,0
DA:343,0
DA:346,0
DA:347,0
DA:348,0
DA:349,0
DA:354,0
DA:355,0
DA:360,0
DA:364,1
DA:367,0
DA:370,0
DA:371,0
DA:372,0
DA:375,0
DA:376,0
DA:379,0
DA:380,0
DA:381,0
DA:382,0
DA:384,0
DA:385,0
DA:386,0
DA:387,0
DA:388,0
DA:390,0
DA:391,0
DA:400,0
DA:401,0
DA:403,0
DA:404,0
DA:405,0
DA:406,0
DA:407,0
DA:408,0
DA:409,0
DA:411,0
DA:412,0
DA:413,0
DA:416,0
DA:417,0
DA:421,0
DA:422,0
DA:424,0
DA:425,0
DA:426,0
DA:427,0
DA:428,0
DA:432,0
DA:435,0
DA:437,0
DA:441,0
DA:442,0
DA:446,0
DA:449,0
DA:450,0
DA:451,0
DA:452,0
DA:455,0
DA:456,0
DA:457,0
DA:458,0
DA:461,0
DA:462,0
DA:463,0
DA:465,0
DA:466,0
DA:467,0
DA:473,0
DA:474,0
DA:475,0
DA:481,0
DA:482,0
DA:483,0
DA:484,0
DA:485,0
DA:486,0
DA:487,0
DA:491,0
DA:492,0
DA:493,0
DA:495,0
DA:501,0
DA:502,0
DA:504,0
DA:505,0
DA:508,0
DA:509,0
DA:511,0
DA:512,0
DA:513,0
DA:515,0
DA:516,0
DA:517,0
DA:520,0
DA:521,0
DA:525,0
DA:527,0
DA:531,0
DA:533,0
DA:534,0
DA:535,0
DA:536,0
DA:537,0
DA:538,0
DA:543,0
DA:544,0
DA:546,0
DA:547,0
DA:548,0
DA:551,0
DA:553,0
DA:555,0
DA:557,0
DA:558,0
DA:561,0
DA:562,0
DA:563,0
DA:564,0
DA:565,0
DA:566,0
DA:569,0
DA:570,0
DA:574,0
DA:579,0
DA:584,0
DA:585,0
DA:586,0
DA:587,0
DA:590,0
DA:591,0
DA:592,0
DA:596,0
DA:597,0
DA:599,0
DA:600,0
DA:601,0
DA:602,0
DA:611,0
DA:612,0
DA:615,0
DA:616,0
DA:617,0
DA:618,0
DA:625,1
DA:627,0
DA:629,0
DA:630,0
DA:631,0
DA:632,0
DA:636,0
DA:638,0
DA:639,0
DA:640,0
DA:643,0
DA:645,0
DA:647,0
DA:648,0
DA:651,0
DA:654,0
DA:655,0
DA:656,0
DA:661,0
DA:663,0
DA:664,0
DA:666,0
DA:667,0
DA:670,0
DA:671,0
DA:672,0
DA:673,0
DA:684,0
DA:685,0
DA:686,0
DA:687,0
DA:691,0
DA:692,0
DA:693,0
DA:697,0
DA:698,0
DA:699,0
DA:700,0
DA:713,0
DA:715,0
DA:718,0
DA:720,0
DA:725,0
DA:726,0
DA:730,1
DA:732,0
DA:733,0
DA:738,0
DA:740,0
DA:745,0
DA:752,1
DA:776,0
DA:777,0
DA:778,0
DA:781,0
DA:783,0
DA:787,0
DA:788,0
DA:790,0
DA:793,0
DA:794,0
DA:795,0
DA:796,0
DA:798,0
DA:802,0
DA:807,1
DA:811,1
DA:812,0
DA:815,1
LF:358
LH:33
BRDA:54,1,0,0
BRDA:54,1,1,0
BRDA:54,2,0,0
BRDA:54,2,1,0
BRDA:58,3,0,0
BRDA:58,3,1,0
BRDA:58,4,0,0
BRDA:58,4,1,0
BRDA:89,5,0,0
BRDA:89,5,1,0
BRDA:97,6,0,0
BRDA:97,6,1,0
BRDA:101,7,0,0
BRDA:101,7,1,0
BRDA:103,8,0,0
BRDA:103,8,1,0
BRDA:136,9,0,0
BRDA:136,9,1,0
BRDA:142,10,0,0
BRDA:142,10,1,0
BRDA:153,11,0,0
BRDA:153,11,1,0
BRDA:158,12,0,0
BRDA:158,12,1,0
BRDA:166,13,0,0
BRDA:166,13,1,0
BRDA:174,14,0,0
BRDA:174,14,1,0
BRDA:178,15,0,0
BRDA:178,15,1,0
BRDA:244,16,0,0
BRDA:244,16,1,0
BRDA:248,17,0,0
BRDA:248,17,1,0
BRDA:252,18,0,0
BRDA:252,18,1,0
BRDA:259,19,0,0
BRDA:259,19,1,0
BRDA:270,20,0,0
BRDA:270,20,1,0
BRDA:280,21,0,0
BRDA:280,21,1,0
BRDA:284,22,0,0
BRDA:284,22,1,0
BRDA:292,23,0,0
BRDA:292,23,1,0
BRDA:297,24,0,0
BRDA:297,24,1,0
BRDA:370,25,0,0
BRDA:370,25,1,0
BRDA:375,26,0,0
BRDA:375,26,1,0
BRDA:380,27,0,0
BRDA:380,27,1,0
BRDA:381,28,0,0
BRDA:381,28,1,0
BRDA:387,29,0,0
BRDA:387,29,1,0
BRDA:390,30,0,0
BRDA:390,30,1,0
BRDA:403,31,0,0
BRDA:403,31,1,0
BRDA:405,32,0,0
BRDA:405,32,1,0
BRDA:406,33,0,0
BRDA:406,33,1,0
BRDA:408,34,0,0
BRDA:408,34,1,0
BRDA:409,35,0,0
BRDA:409,35,1,0
BRDA:411,36,0,0
BRDA:411,36,1,0
BRDA:413,37,0,0
BRDA:413,37,1,0
BRDA:421,38,0,0
BRDA:421,38,1,0
BRDA:422,39,0,0
BRDA:422,39,1,0
BRDA:424,40,0,0
BRDA:424,40,1,0
BRDA:432,41,0,0
BRDA:432,41,1,0
BRDA:435,42,0,0
BRDA:435,42,1,0
BRDA:441,43,0,0
BRDA:441,43,1,0
BRDA:442,44,0,0
BRDA:442,44,1,0
BRDA:449,45,0,0
BRDA:449,45,1,0
BRDA:486,46,0,0
BRDA:486,46,1,0
BRDA:486,47,0,0
BRDA:486,47,1,0
BRDA:487,48,0,0
BRDA:487,48,1,0
BRDA:491,49,0,0
BRDA:491,49,1,0
BRDA:533,50,0,0
BRDA:533,50,1,0
BRDA:536,51,0,0
BRDA:536,51,1,0
BRDA:546,52,0,0
BRDA:546,52,1,0
BRDA:551,53,0,0
BRDA:551,53,1,0
BRDA:557,54,0,0
BRDA:557,54,1,0
BRDA:562,55,0,0
BRDA:562,55,1,0
BRDA:564,56,0,0
BRDA:564,56,1,0
BRDA:569,57,0,0
BRDA:569,57,1,0
BRDA:601,58,0,0
BRDA:601,58,1,0
BRDA:630,59,0,0
BRDA:630,59,1,0
BRDA:638,60,0,0
BRDA:638,60,1,0
BRDA:643,61,0,0
BRDA:643,61,1,0
BRDA:643,62,0,0
BRDA:643,62,1,0
BRDA:647,63,0,0
BRDA:647,63,1,0
BRDA:664,64,0,0
BRDA:664,64,1,0
BRDA:684,65,0,0
BRDA:684,65,1,0
BRDA:691,66,0,0
BRDA:691,66,1,0
BRDA:698,67,0,0
BRDA:698,67,1,0
BRDA:699,68,0,0
BRDA:699,68,1,0
BRDA:725,69,0,0
BRDA:725,69,1,0
BRDA:732,70,0,0
BRDA:732,70,1,0
BRDA:787,71,0,0
BRDA:787,71,1,0
BRDA:788,72,0,0
BRDA:788,72,1,0
BRF:144
BRH:0
end_of_record
TN:
SF:/Users/Olegzandr/WebstormProjects/suman/lib/debugging-helper/we-are-debugging.js
FNF:0
FNH:0
DA:6,1
DA:7,1
DA:11,1
DA:12,1
DA:13,0
DA:16,1
DA:18,1
DA:19,0
DA:23,1
LF:9
LH:7
BRDA:12,1,0,0
BRDA:12,1,1,1
BRDA:18,2,0,0
BRDA:18,2,1,1
BRDA:23,3,0,1
BRDA:23,3,1,1
BRF:6
BRH:4
end_of_record
TN:
SF:/Users/Olegzandr/WebstormProjects/suman/lib/suman.js
FN:47,Suman
FN:64,(anonymous_2)
FN:69,(anonymous_3)
FN:98,(anonymous_4)
FN:111,(anonymous_5)
FN:117,(anonymous_6)
FN:123,(anonymous_7)
FN:136,(anonymous_8)
FN:137,(anonymous_9)
FN:148,(anonymous_10)
FN:150,(anonymous_11)
FN:159,(anonymous_12)
FN:161,(anonymous_13)
FN:167,(anonymous_14)
FN:174,(anonymous_15)
FN:180,(anonymous_16)
FN:187,(anonymous_17)
FN:191,(anonymous_18)
FN:192,(anonymous_19)
FN:199,(anonymous_20)
FN:210,complete
FN:217,(anonymous_22)
FN:260,logFatalSuite
FN:300,(anonymous_24)
FN:321,(anonymous_25)
FN:329,(anonymous_26)
FN:334,(anonymous_27)
FN:339,(anonymous_28)
FN:344,(anonymous_29)
FN:346,(anonymous_30)
FN:350,(anonymous_31)
FN:355,(anonymous_32)
FN:360,(anonymous_33)
FN:365,(anonymous_34)
FN:370,(anonymous_35)
FN:375,(anonymous_36)
FN:379,(anonymous_37)
FN:384,(anonymous_38)
FN:388,(anonymous_39)
FN:465,logData
FN:522,(anonymous_41)
FN:611,makeSuman
FN:667,(anonymous_43)
FNF:43
FNH:0
FNDA:0,Suman
FNDA:0,(anonymous_2)
FNDA:0,(anonymous_3)
FNDA:0,(anonymous_4)
FNDA:0,(anonymous_5)
FNDA:0,(anonymous_6)
FNDA:0,(anonymous_7)
FNDA:0,(anonymous_8)
FNDA:0,(anonymous_9)
FNDA:0,(anonymous_10)
FNDA:0,(anonymous_11)
FNDA:0,(anonymous_12)
FNDA:0,(anonymous_13)
FNDA:0,(anonymous_14)
FNDA:0,(anonymous_15)
FNDA:0,(anonymous_16)
FNDA:0,(anonymous_17)
FNDA:0,(anonymous_18)
FNDA:0,(anonymous_19)
FNDA:0,(anonymous_20)
FNDA:0,complete
FNDA:0,(anonymous_22)
FNDA:0,logFatalSuite
FNDA:0,(anonymous_24)
FNDA:0,(anonymous_25)
FNDA:0,(anonymous_26)
FNDA:0,(anonymous_27)
FNDA:0,(anonymous_28)
FNDA:0,(anonymous_29)
FNDA:0,(anonymous_30)
FNDA:0,(anonymous_31)
FNDA:0,(anonymous_32)
FNDA:0,(anonymous_33)
FNDA:0,(anonymous_34)
FNDA:0,(anonymous_35)
FNDA:0,(anonymous_36)
FNDA:0,(anonymous_37)
FNDA:0,(anonymous_38)
FNDA:0,(anonymous_39)
FNDA:0,logData
FNDA:0,(anonymous_41)
FNDA:0,makeSuman
FNDA:0,(anonymous_43)
DA:7,1
DA:8,1
DA:12,1
DA:18,1
DA:21,1
DA:22,1
DA:23,1
DA:24,1
DA:28,1
DA:29,1
DA:30,1
DA:31,1
DA:32,1
DA:33,1
DA:34,1
DA:35,1
DA:38,1
DA:39,1
DA:40,1
DA:41,1
DA:42,1
DA:43,1
DA:47,1
DA:48,0
DA:49,0
DA:50,0
DA:51,0
DA:52,0
DA:53,0
DA:54,0
DA:55,0
DA:56,0
DA:57,0
DA:58,0
DA:59,0
DA:60,0
DA:64,1
DA:65,0
DA:69,1
DA:71,0
DA:73,0
DA:79,0
DA:80,0
DA:81,0
DA:84,0
DA:85,0
DA:86,0
DA:88,0
DA:90,0
DA:94,0
DA:96,0
DA:98,0
DA:99,0
DA:103,0
DA:111,0
DA:113,0
DA:114,0
DA:117,0
DA:119,0
DA:120,0
DA:122,0
DA:123,0
DA:124,0
DA:125,0
DA:126,0
DA:129,0
DA:130,0
DA:131,0
DA:132,0
DA:133,0
DA:134,0
DA:136,0
DA:137,0
DA:138,0
DA:139,0
DA:142,0
DA:148,0
DA:149,0
DA:151,0
DA:159,0
DA:161,0
DA:162,0
DA:165,0
DA:168,0
DA:174,1
DA:176,0
DA:178,0
DA:181,0
DA:182,0
DA:185,0
DA:187,0
DA:188,0
DA:191,0
DA:192,0
DA:193,0
DA:200,0
DA:201,0
DA:203,0
DA:211,0
DA:217,1
DA:219,0
DA:221,0
DA:229,0
DA:234,0
DA:235,0
DA:236,0
DA:237,0
DA:240,0
DA:241,0
DA:242,0
DA:246,0
DA:260,1
DA:263,0
DA:271,0
DA:277,0
DA:279,0
DA:281,0
DA:282,0
DA:283,0
DA:286,0
DA:300,1
DA:304,0
DA:305,0
DA:306,0
DA:308,0
DA:309,0
DA:310,0
DA:311,0
DA:312,0
DA:313,0
DA:314,0
DA:315,0
DA:317,0
DA:319,0
DA:321,0
DA:322,0
DA:323,0
DA:324,0
DA:329,0
DA:330,0
DA:331,0
DA:334,0
DA:335,0
DA:340,0
DA:344,0
DA:346,0
DA:347,0
DA:351,0
DA:355,0
DA:356,0
DA:357,0
DA:360,0
DA:361,0
DA:366,0
DA:370,0
DA:371,0
DA:372,0
DA:375,0
DA:376,0
DA:380,0
DA:384,0
DA:386,0
DA:389,0
DA:392,0
DA:394,0
DA:395,0
DA:398,0
DA:404,0
DA:406,0
DA:422,0
DA:432,0
DA:433,0
DA:434,0
DA:435,0
DA:436,0
DA:437,0
DA:438,0
DA:439,0
DA:440,0
DA:441,0
DA:442,0
DA:443,0
DA:448,0
DA:449,0
DA:450,0
DA:453,0
DA:454,0
DA:455,0
DA:456,0
DA:457,0
DA:460,0
DA:465,1
DA:467,0
DA:469,0
DA:477,0
DA:479,0
DA:489,0
DA:490,0
DA:494,0
DA:497,0
DA:498,0
DA:500,0
DA:502,0
DA:503,0
DA:522,1
DA:526,0
DA:528,0
DA:530,0
DA:547,0
DA:553,0
DA:554,0
DA:555,0
DA:559,0
DA:562,0
DA:575,0
DA:578,0
DA:580,0
DA:581,0
DA:587,0
DA:588,0
DA:591,0
DA:592,0
DA:597,0
DA:611,1
DA:613,0
DA:614,0
DA:617,0
DA:618,0
DA:621,0
DA:622,0
DA:623,0
DA:647,0
DA:648,0
DA:649,0
DA:651,0
DA:652,0
DA:653,0
DA:654,0
DA:655,0
DA:658,0
DA:659,0
DA:662,0
DA:667,0
DA:669,0
DA:670,0
DA:671,0
DA:675,0
DA:678,0
DA:680,0
DA:681,0
DA:689,0
DA:707,1
LF:252
LH:33
BRDA:79,1,0,0
BRDA:79,1,1,0
BRDA:79,2,0,0
BRDA:79,2,1,0
BRDA:79,3,0,0
BRDA:79,3,1,0
BRDA:84,4,0,0
BRDA:84,4,1,0
BRDA:84,5,0,0
BRDA:84,5,1,0
BRDA:84,6,0,0
BRDA:84,6,1,0
BRDA:88,7,0,0
BRDA:88,7,1,0
BRDA:88,8,0,0
BRDA:88,8,1,0
BRDA:88,9,0,0
BRDA:88,9,1,0
BRDA:96,10,0,0
BRDA:96,10,1,0
BRDA:96,11,0,0
BRDA:96,11,1,0
BRDA:96,11,2,0
BRDA:98,12,0,0
BRDA:98,12,1,0
BRDA:114,13,0,0
BRDA:114,13,1,0
BRDA:119,14,0,0
BRDA:119,14,1,0
BRDA:122,15,0,0
BRDA:122,15,1,0
BRDA:129,16,0,0
BRDA:129,16,1,0
BRDA:132,17,0,0
BRDA:132,17,1,0
BRDA:133,18,0,0
BRDA:133,18,1,0
BRDA:138,19,0,0
BRDA:138,19,1,0
BRDA:181,20,0,0
BRDA:181,20,1,0
BRDA:200,21,0,0
BRDA:200,21,1,0
BRDA:229,22,0,0
BRDA:229,22,1,0
BRDA:235,23,0,0
BRDA:235,23,1,0
BRDA:240,24,0,0
BRDA:240,24,1,0
BRDA:271,25,0,0
BRDA:271,25,1,0
BRDA:277,26,0,0
BRDA:277,26,1,0
BRDA:281,27,0,0
BRDA:281,27,1,0
BRDA:304,28,0,0
BRDA:304,28,1,0
BRDA:305,29,0,0
BRDA:305,29,1,0
BRDA:317,30,0,0
BRDA:317,30,1,0
BRDA:322,31,0,0
BRDA:322,31,1,0
BRDA:322,32,0,0
BRDA:322,32,1,0
BRDA:330,33,0,0
BRDA:330,33,1,0
BRDA:330,34,0,0
BRDA:330,34,1,0
BRDA:335,35,0,0
BRDA:335,35,1,0
BRDA:356,36,0,0
BRDA:356,36,1,0
BRDA:356,37,0,0
BRDA:356,37,1,0
BRDA:361,38,0,0
BRDA:361,38,1,0
BRDA:361,38,2,0
BRDA:361,38,3,0
BRDA:371,39,0,0
BRDA:371,39,1,0
BRDA:371,40,0,0
BRDA:371,40,1,0
BRDA:376,41,0,0
BRDA:376,41,1,0
BRDA:376,41,2,0
BRDA:394,42,0,0
BRDA:394,42,1,0
BRDA:404,43,0,0
BRDA:404,43,1,0
BRDA:412,44,0,0
BRDA:412,44,1,0
BRDA:413,45,0,0
BRDA:413,45,1,0
BRDA:414,46,0,0
BRDA:414,46,1,0
BRDA:415,47,0,0
BRDA:415,47,1,0
BRDA:416,48,0,0
BRDA:416,48,1,0
BRDA:419,49,0,0
BRDA:419,49,1,0
BRDA:436,50,0,0
BRDA:436,50,1,0
BRDA:467,51,0,0
BRDA:467,51,1,0
BRDA:477,52,0,0
BRDA:477,52,1,0
BRDA:494,53,0,0
BRDA:494,53,1,0
BRDA:500,54,0,0
BRDA:500,54,1,0
BRDA:500,55,0,0
BRDA:500,55,1,0
BRDA:528,56,0,0
BRDA:528,56,1,0
BRDA:532,57,0,0
BRDA:532,57,1,0
BRDA:532,58,0,0
BRDA:532,58,1,0
BRDA:532,58,2,0
BRDA:559,59,0,0
BRDA:559,59,1,0
BRDA:562,60,0,0
BRDA:562,60,1,0
BRDA:580,61,0,0
BRDA:580,61,1,0
BRDA:587,62,0,0
BRDA:587,62,1,0
BRDA:591,63,0,0
BRDA:591,63,1,0
BRDA:617,64,0,0
BRDA:617,64,1,0
BRDA:621,65,0,0
BRDA:621,65,1,0
BRDA:621,66,0,0
BRDA:621,66,1,0
BRDA:651,67,0,0
BRDA:651,67,1,0
BRDA:653,68,0,0
BRDA:653,68,1,0
BRDA:658,69,0,0
BRDA:658,69,1,0
BRDA:667,70,0,0
BRDA:667,70,1,0
BRDA:669,71,0,0
BRDA:669,71,1,0
BRF:147
BRH:0
end_of_record
TN:
SF:/Users/Olegzandr/WebstormProjects/suman/lib/make-network-log.js
FN:25,makeSendTestData
FN:35,sendTestData
FN:43,createNewTestRun
FN:52,(anonymous_4)
FN:61,(anonymous_5)
FN:68,(anonymous_6)
FN:82,(anonymous_7)
FN:84,(anonymous_8)
FN:87,(anonymous_9)
FN:90,(anonymous_10)
FN:94,(anonymous_11)
FN:101,(anonymous_12)
FN:105,complete
FN:120,(anonymous_14)
FN:125,(anonymous_15)
FN:131,(anonymous_16)
FNF:16
FNH:0
FNDA:0,makeSendTestData
FNDA:0,sendTestData
FNDA:0,createNewTestRun
FNDA:0,(anonymous_4)
FNDA:0,(anonymous_5)
FNDA:0,(anonymous_6)
FNDA:0,(anonymous_7)
FNDA:0,(anonymous_8)
FNDA:0,(anonymous_9)
FNDA:0,(anonymous_10)
FNDA:0,(anonymous_11)
FNDA:0,(anonymous_12)
FNDA:0,complete
FNDA:0,(anonymous_14)
FNDA:0,(anonymous_15)
FNDA:0,(anonymous_16)
DA:7,1
DA:8,1
DA:9,1
DA:10,1
DA:13,1
DA:14,1
DA:15,1
DA:16,1
DA:17,1
DA:20,1
DA:21,1
DA:22,1
DA:25,1
DA:27,0
DA:28,0
DA:29,0
DA:30,0
DA:33,0
DA:38,0
DA:45,0
DA:48,0
DA:50,0
DA:51,0
DA:52,0
DA:53,0
DA:59,0
DA:61,0
DA:62,0
DA:63,0
DA:64,0
DA:68,0
DA:70,0
DA:71,0
DA:73,0
DA:74,0
DA:76,0
DA:78,0
DA:79,0
DA:81,0
DA:83,0
DA:84,0
DA:85,0
DA:87,0
DA:88,0
DA:90,0
DA:91,0
DA:95,0
DA:102,0
DA:106,0
DA:114,0
DA:115,0
DA:117,0
DA:119,0
DA:120,0
DA:121,0
DA:124,0
DA:125,0
DA:126,0
DA:130,0
DA:131,0
DA:132,0
DA:136,0
DA:137,0
LF:63
LH:13
BRDA:48,1,0,0
BRDA:48,1,1,0
BRDA:62,2,0,0
BRDA:62,2,1,0
BRDA:73,3,0,0
BRDA:73,3,1,0
BRDA:76,4,0,0
BRDA:76,4,1,0
BRDA:119,5,0,0
BRDA:119,5,1,0
BRDA:124,6,0,0
BRDA:124,6,1,0
BRDA:124,7,0,0
BRDA:124,7,1,0
BRDA:130,8,0,0
BRDA:130,8,1,0
BRDA:130,9,0,0
BRDA:130,9,1,0
BRF:18
BRH:0
end_of_record
TN:
SF:/Users/Olegzandr/WebstormProjects/suman/config/suman-errors.js
FN:8,SumanError
FN:16,control
FN:25,filter
FN:74,(anonymous_4)
FN:78,(anonymous_5)
FN:82,(anonymous_6)
FNF:6
FNH:0
FNDA:0,SumanError
FNDA:0,control
FNDA:0,filter
FNDA:0,(anonymous_4)
FNDA:0,(anonymous_5)
FNDA:0,(anonymous_6)
DA:6,1
DA:8,1
DA:12,1
DA:13,1
DA:16,1
DA:17,0
DA:18,0
DA:21,0
DA:25,1
DA:29,0
DA:31,0
DA:51,0
DA:53,0
DA:54,0
DA:62,0
DA:65,0
DA:66,0
DA:72,1
DA:75,0
DA:79,0
DA:83,0
LF:21
LH:7
BRDA:17,1,0,0
BRDA:17,1,1,0
BRDA:29,2,0,0
BRDA:29,2,1,0
BRDA:51,3,0,0
BRDA:51,3,1,0
BRDA:53,4,0,0
BRDA:53,4,1,0
BRDA:65,5,0,0
BRDA:65,5,1,0
BRF:10
BRH:0
end_of_record
TN:
SF:/Users/Olegzandr/WebstormProjects/suman/lib/find-suman-server.js
FN:10,findSumanServer
FN:16,badServerName
FNF:2
FNH:0
FNDA:0,findSumanServer
FNDA:0,badServerName
DA:5,1
DA:6,1
DA:7,1
DA:8,1
DA:10,1
DA:12,0
DA:13,0
DA:15,0
DA:16,0
DA:17,0
DA:21,0
DA:22,0
DA:25,0
DA:26,0
DA:30,0
DA:38,0
DA:39,0
DA:41,0
LF:18
LH:5
BRDA:15,1,0,0
BRDA:15,1,1,0
BRDA:15,2,0,0
BRDA:15,2,1,0
BRDA:16,3,0,0
BRDA:16,3,1,0
BRDA:21,4,0,0
BRDA:21,4,1,0
BRDA:21,5,0,0
BRDA:21,5,1,0
BRDA:25,6,0,0
BRDA:25,6,1,0
BRDA:25,7,0,0
BRDA:25,7,1,0
BRDA:38,8,0,0
BRDA:38,8,1,0
BRDA:39,9,0,0
BRDA:39,9,1,0
BRF:18
BRH:0
end_of_record
TN:
SF:/Users/Olegzandr/WebstormProjects/suman/lib/finalize-output.js
FN:26,makeFinalizeOutput
FN:28,reconcilePath
FN:35,(anonymous_3)
FN:55,makeComplete
FN:100,doBrowserThing
FN:105,(anonymous_6)
FN:111,(anonymous_7)
FN:139,(anonymous_8)
FN:141,(anonymous_9)
FN:152,complete
FN:169,(anonymous_11)
FN:177,openBrowser
FN:192,(anonymous_13)
FN:198,(anonymous_14)
FNF:14
FNH:1
FNDA:1,makeFinalizeOutput
FNDA:0,reconcilePath
FNDA:0,(anonymous_3)
FNDA:0,makeComplete
FNDA:0,doBrowserThing
FNDA:0,(anonymous_6)
FNDA:0,(anonymous_7)
FNDA:0,(anonymous_8)
FNDA:0,(anonymous_9)
FNDA:0,complete
FNDA:0,(anonymous_11)
FNDA:0,openBrowser
FNDA:0,(anonymous_13)
FNDA:0,(anonymous_14)
DA:7,1
DA:8,1
DA:9,1
DA:10,1
DA:11,1
DA:14,1
DA:15,1
DA:16,1
DA:17,1
DA:20,1
DA:21,1
DA:26,1
DA:28,1
DA:30,0
DA:31,0
DA:33,0
DA:35,0
DA:37,0
DA:38,0
DA:39,0
DA:40,0
DA:41,0
DA:45,0
DA:50,0
DA:51,0
DA:55,1
DA:57,0
DA:59,0
DA:61,0
DA:62,0
DA:63,0
DA:64,0
DA:65,0
DA:67,0
DA:68,0
DA:72,0
DA:74,0
DA:75,0
DA:77,0
DA:86,0
DA:88,0
DA:89,0
DA:90,0
DA:100,1
DA:102,0
DA:103,0
DA:105,0
DA:106,0
DA:109,0
DA:111,0
DA:113,0
DA:115,0
DA:116,0
DA:117,0
DA:120,0
DA:123,0
DA:125,0
DA:126,0
DA:127,0
DA:130,0
DA:132,0
DA:133,0
DA:134,0
DA:137,0
DA:139,0
DA:140,0
DA:142,0
DA:145,0
DA:146,0
DA:154,0
DA:155,0
DA:156,0
DA:159,0
DA:161,0
DA:163,0
DA:166,0
DA:169,0
DA:170,0
DA:177,1
DA:179,0
DA:181,0
DA:182,0
DA:185,0
DA:186,0
DA:190,0
DA:191,0
DA:192,0
DA:194,0
DA:198,0
DA:200,0
DA:210,1
LF:91
LH:17
BRDA:40,1,0,0
BRDA:40,1,1,0
BRDA:72,2,0,0
BRDA:72,2,1,0
BRDA:72,3,0,0
BRDA:72,3,1,0
BRDA:86,4,0,0
BRDA:86,4,1,0
BRDA:116,5,0,0
BRDA:116,5,1,0
BRDA:120,6,0,0
BRDA:120,6,1,0
BRDA:125,7,0,0
BRDA:125,7,1,0
BRDA:125,8,0,0
BRDA:125,8,1,0
BRDA:130,9,0,0
BRDA:130,9,1,0
BRDA:132,10,0,0
BRDA:132,10,1,0
BRDA:132,11,0,0
BRDA:132,11,1,0
BRDA:132,11,2,0
BRDA:137,12,0,0
BRDA:137,12,1,0
BRDA:154,13,0,0
BRDA:154,13,1,0
BRDA:159,14,0,0
BRDA:159,14,1,0
BRDA:163,15,0,0
BRDA:163,15,1,0
BRDA:181,16,0,0
BRDA:181,16,1,0
BRDA:185,17,0,0
BRDA:185,17,1,0
BRDA:190,18,0,0
BRDA:190,18,1,0
BRDA:191,19,0,0
BRDA:191,19,1,0
BRF:39
BRH:0
end_of_record
TN:
SF:/Users/Olegzandr/WebstormProjects/suman/lib/sync-logger.js
FN:21,runnerLog
FN:25,logArray
FN:26,(anonymous_3)
FNF:3
FNH:0
FNDA:0,runnerLog
FNDA:0,logArray
FNDA:0,(anonymous_3)
DA:7,1
DA:14,1
DA:15,1
DA:18,1
DA:22,0
DA:26,0
DA:27,0
LF:7
LH:4
BRF:0
BRH:0
end_of_record
TN:
SF:/Users/Olegzandr/WebstormProjects/suman/lib/ascii.js
FNF:0
FNH:0
DA:5,1
DA:7,1
LF:2
LH:2
BRF:0
BRH:0
end_of_record
TN:
SF:/Users/Olegzandr/WebstormProjects/suman/lib/dual/shared.js
FN:8,broadcastOrWrite
FNF:1
FNH:0
FNDA:0,broadcastOrWrite
DA:6,1
DA:9,0
DA:10,0
DA:13,0
DA:14,0
DA:15,0
LF:6
LH:1
BRDA:9,1,0,0
BRDA:9,1,1,0
BRDA:9,2,0,0
BRDA:9,2,1,0
BRF:4
BRH:0
end_of_record
TN:
SF:/Users/Olegzandr/WebstormProjects/suman/lib/acquire-deps.js
FN:8,acquireDependencies
FN:30,(anonymous_2)
FN:34,(anonymous_3)
FN:37,(anonymous_4)
FN:49,(anonymous_5)
FN:59,(anonymous_6)
FN:61,(anonymous_7)
FN:70,(anonymous_8)
FN:72,(anonymous_9)
FN:78,(anonymous_10)
FNF:10
FNH:0
FNDA:0,acquireDependencies
FNDA:0,(anonymous_2)
FNDA:0,(anonymous_3)
FNDA:0,(anonymous_4)
FNDA:0,(anonymous_5)
FNDA:0,(anonymous_6)
FNDA:0,(anonymous_7)
FNDA:0,(anonymous_8)
FNDA:0,(anonymous_9)
FNDA:0,(anonymous_10)
DA:6,1
DA:8,1
DA:10,0
DA:12,0
DA:13,0
DA:14,0
DA:15,0
DA:18,0
DA:19,0
DA:20,0
DA:25,0
DA:30,0
DA:32,0
DA:34,0
DA:36,0
DA:37,0
DA:38,0
DA:39,0
DA:42,0
DA:43,0
DA:44,0
DA:45,0
DA:46,0
DA:47,0
DA:49,0
DA:50,0
DA:51,0
DA:54,0
DA:59,0
DA:60,0
DA:62,0
DA:70,0
DA:72,0
DA:73,0
DA:76,0
DA:79,0
DA:80,0
DA:81,0
LF:38
LH:2
BRDA:14,1,0,0
BRDA:14,1,1,0
BRDA:18,2,0,0
BRDA:18,2,1,0
BRDA:36,3,0,0
BRDA:36,3,1,0
BRDA:36,4,0,0
BRDA:36,4,1,0
BRDA:42,5,0,0
BRDA:42,5,1,0
BRDA:45,6,0,0
BRDA:45,6,1,0
BRDA:46,7,0,0
BRDA:46,7,1,0
BRDA:50,8,0,0
BRDA:50,8,1,0
BRF:16
BRH:0
end_of_record
TN:
SF:/Users/Olegzandr/WebstormProjects/suman/lib/handle-uncaught-exception.js
FN:9,(anonymous_1)
FN:39,(anonymous_2)
FNF:2
FNH:0
FNDA:0,(anonymous_1)
FNDA:0,(anonymous_2)
DA:6,1
DA:9,1
DA:12,0
DA:13,0
DA:24,0
DA:26,0
DA:27,0
DA:30,0
DA:31,0
DA:35,0
DA:37,0
DA:39,0
DA:40,0
LF:13
LH:2
BRDA:12,1,0,0
BRDA:12,1,1,0
BRDA:26,2,0,0
BRDA:26,2,1,0
BRDA:30,3,0,0
BRDA:30,3,1,0
BRF:6
BRH:0
end_of_record
TN:
SF:/Users/Olegzandr/WebstormProjects/suman/lib/parse-cmd-line-opts/parse-opts.js
FNF:0
FNH:0
DA:7,1
DA:8,1
DA:9,1
DA:12,1
DA:13,1
DA:16,1
DA:17,1
DA:20,1
DA:195,1
DA:197,1
DA:198,1
DA:200,0
DA:201,0
DA:202,0
DA:207,1
DA:208,0
DA:209,0
DA:210,0
DA:213,0
DA:214,0
DA:218,1
DA:219,0
DA:222,1
DA:223,0
DA:226,1
DA:227,0
DA:230,1
DA:231,1
DA:234,1
LF:29
LH:18
BRDA:207,1,0,0
BRDA:207,1,1,1
BRDA:218,2,0,0
BRDA:218,2,1,1
BRDA:222,3,0,0
BRDA:222,3,1,1
BRDA:226,4,0,0
BRDA:226,4,1,1
BRF:8
BRH:4
end_of_record
TN:
SF:/Users/Olegzandr/WebstormProjects/suman/suman.conf.js
FNF:0
FNH:0
DA:6,1
DA:9,1
LF:2
LH:2
BRF:0
BRH:0
end_of_record
TN:
SF:/Users/Olegzandr/WebstormProjects/suman/lib/reporters/std-reporter.js
FN:10,onRunnerStart
FN:15,onRunnerEnd
FN:19,onRunnerEnd
FN:23,onRunnerEnd
FN:27,onTestEnd
FN:31,onTestCaseFail
FN:35,onTestCasePass
FN:39,onTestCaseStubbed
FN:43,onTestCaseStubbed
FNF:9
FNH:0
FNDA:0,onRunnerStart
FNDA:0,onRunnerEnd
FNDA:0,onRunnerEnd
FNDA:0,onRunnerEnd
FNDA:0,onTestEnd
FNDA:0,onTestCaseFail
FNDA:0,onTestCasePass
FNDA:0,onTestCaseStubbed
FNDA:0,onTestCaseStubbed
DA:7,1
DA:10,1
DA:15,1
DA:19,1
DA:23,1
DA:27,1
DA:31,1
DA:32,0
DA:35,1
DA:36,0
DA:39,1
DA:40,0
DA:43,1
DA:44,0
LF:14
LH:10
BRF:0
BRH:0
end_of_record
TN:
SF:/Users/Olegzandr/WebstormProjects/suman/lib/make-tail/tail-runner.js
FN:30,(anonymous_1)
FNF:1
FNH:0
FNDA:0,(anonymous_1)
DA:6,1
DA:7,1
DA:8,1
DA:12,1
DA:18,1
DA:20,1
DA:22,1
DA:29,0
DA:30,0
DA:32,0
DA:34,0
DA:35,0
DA:36,0
DA:39,0
DA:59,1
DA:63,1
DA:64,0
DA:67,1
DA:68,1
DA:71,1
DA:72,1
LF:21
LH:13
BRDA:22,1,0,0
BRDA:22,1,1,1
BRDA:34,2,0,0
BRDA:34,2,1,0
BRF:4
BRH:1
end_of_record
